q;1550697666789;-0.052607127,-0.058034755,-5.027364E-4,0.9969274
v;1550697666789;-0.10514294,-0.11656606,0.005132064
m;1550697666794;md=0
m;1550697666796;st
q;1550697666941;-0.04850545,-0.06540156,0.0073517654,0.9966523
v;1550697666941;-0.09587131,-0.13206673,0.021097412
q;1550697666969;-0.038843602,-0.0690232,0.009349384,0.9968147
v;1550697666969;-0.0762229,-0.1391848,0.024073645
q;1550697666998;-0.038861245,-0.070103265,0.009782055,0.9967345
v;1550697666998;-0.07617081,-0.14138818,0.025023988
q;1550697667031;-0.04035183,-0.07028043,0.011340365,0.9966463
v;1550697667031;-0.07892089,-0.14192086,0.028368644
q;1550697667063;-0.044483505,-0.06646986,0.010256914,0.9967436
v;1550697667063;-0.08742507,-0.1343345,0.0264648
q;1550697667089;-0.046427526,-0.06500043,0.0095713055,0.9967587
v;1550697667089;-0.09143717,-0.1313933,0.025224218
q;1550697667116;-0.043865453,-0.064337134,0.010720784,0.99690604
v;1550697667116;-0.08618664,-0.1300645,0.02712357
q;1550697667144;-0.04080244,-0.06315349,0.010676006,0.9971123
v;1550697667144;-0.08010642,-0.12756713,0.026532171
q;1550697667171;-0.042406097,-0.06302743,0.0106424475,0.9970537
v;1550697667171;-0.08331714,-0.1273708,0.026663315
q;1550697667202;-0.042013764,-0.0651258,0.010558829,0.9969363
v;1550697667202;-0.082488306,-0.13156506,0.026618965
q;1550697667231;-0.040479247,-0.06547027,0.0100113945,0.9969829
v;1550697667231;-0.07948701,-0.1321564,0.025345484
q;1550697667261;-0.041969724,-0.06622888,0.009909314,0.9968722
v;1550697667261;-0.08245774,-0.13372646,0.025404895
q;1550697667290;-0.04521678,-0.06551567,0.00970682,0.99677926
v;1550697667290;-0.0889878,-0.13239594,0.025379064
q;1550697667318;-0.04449796,-0.06659808,0.0090825055,0.99674577
v;1550697667318;-0.08760857,-0.13449031,0.024127718
q;1550697667347;-0.044809107,-0.06643497,0.009135222,0.99674225
v;1550697667347;-0.088226885,-0.13417836,0.024261445
q;1550697667375;-0.042716146,-0.066604756,0.009220841,0.996822
v;1550697667375;-0.08403134,-0.13445163,0.024160862
q;1550697667405;-0.044474155,-0.06621159,0.008608099,0.9967768
v;1550697667405;-0.08763383,-0.13367118,0.023140976
q;1550697667434;-0.047547337,-0.06523148,0.007309905,0.99670994
v;1550697667434;-0.09396636,-0.13168843,0.020868445
q;1550697667468;-0.047850918,-0.06876783,0.007287017,0.9964578
v;1550697667468;-0.094501205,-0.13880855,0.021199789
q;1550697667498;-0.045818053,-0.06922892,0.0066328994,0.996526
v;1550697667498;-0.09052297,-0.13960746,0.019645276
q;1550697667529;-0.04581402,-0.06943552,0.0061668283,0.9965148
v;1550697667529;-0.090576105,-0.13998075,0.018730784
q;1550697667558;-0.0464647,-0.07073253,0.0065357713,0.9963911
v;1550697667558;-0.09179832,-0.1426437,0.019681634
q;1550697667587;-0.045739796,-0.07196694,0.0060901935,0.99633914
v;1550697667587;-0.09039116,-0.14506243,0.018797142
q;1550697667616;-0.04610447,-0.07239995,0.006803296,0.9962863
v;1550697667616;-0.09100696,-0.14600982,0.020317458
q;1550697667642;-0.043935493,-0.07333723,0.0068107387,0.9963157
v;1550697667642;-0.086656705,-0.14782295,0.020092245
q;1550697667673;-0.045436617,-0.07380226,0.0047554565,0.99622595
v;1550697667673;-0.08994959,-0.14862482,0.016248066
q;1550697667699;-0.04343216,-0.074242,0.0033353977,0.9962884
v;1550697667699;-0.0861532,-0.14932877,0.013144144
q;1550697667726;-0.04324563,-0.07459126,0.0029823182,0.9962716
v;1550697667726;-0.08582921,-0.14999613,0.012440002
q;1550697667753;-0.04450631,-0.07380005,0.0012228922,0.9962787
v;1550697667753;-0.088616826,-0.14828221,0.009041419
q;1550697667779;-0.041075528,-0.07507409,-3.2944247E-4,0.9963316
v;1550697667779;-0.081990995,-0.15064359,0.005529552
q;1550697667808;-0.038385656,-0.07973662,-7.883766E-4,0.99607635
v;1550697667808;-0.07667091,-0.15993579,0.0045643426
q;1550697667836;-0.03481353,-0.08330952,-0.0028905666,0.99591124
v;1550697667836;-0.06988086,-0.166916,4.3207063E-5
q;1550697667866;-0.03895163,-0.08309804,-0.0038455788,0.9957724
v;1550697667866;-0.078293,-0.16646928,-0.001188675
q;1550697667893;-0.042288966,-0.083470196,-0.004774216,0.9956011
v;1550697667893;-0.08510559,-0.1671822,-0.0024555842
q;1550697667921;-0.039348125,-0.08399195,-0.004639338,0.9956785
v;1550697667921;-0.07921832,-0.16821,-0.0026369994
q;1550697667950;-0.038690675,-0.08337678,-0.0036971895,0.99575984
v;1550697667950;-0.077748075,-0.16703838,-9.1397826E-4
q;1550697667979;-0.04156006,-0.0836264,-0.0038657573,0.99562263
v;1550697667979;-0.08349984,-0.16756344,-7.492452E-4
q;1550697668007;-0.042930495,-0.084049925,-0.005099928,0.9955233
v;1550697668007;-0.08644152,-0.16832876,-0.0029485973
q;1550697668036;-0.04544378,-0.085636474,-0.0072439583,0.9952632
v;1550697668036;-0.09182673,-0.17135909,-0.006664126
q;1550697668066;-0.04305197,-0.08793219,-0.0062436345,0.99517614
v;1550697668066;-0.08689593,-0.17604719,-0.0048741335
q;1550697668094;-0.04374624,-0.087719895,-0.0069497153,0.9951599
v;1550697668094;-0.088403374,-0.17556518,-0.0061815027
q;1550697668122;-0.04428951,-0.087098844,-0.0072286073,0.9951884
v;1550697668122;-0.089531586,-0.17429492,-0.006699406
q;1550697668149;-0.04585131,-0.086418055,-0.007397061,0.99517584
v;1550697668149;-0.0926713,-0.1729228,-0.0068273386
q;1550697668175;-0.044042937,-0.08614004,-0.0075533963,0.9952804
v;1550697668175;-0.08908924,-0.17233345,-0.0074774977
q;1550697668204;-0.043955613,-0.08601893,-0.0069755483,0.995299
v;1550697668204;-0.08881473,-0.17213988,-0.0063485475
q;1550697668231;-0.044047423,-0.0862035,-0.0071554817,0.99527764
v;1550697668231;-0.08903005,-0.17249644,-0.0066757877
q;1550697668260;-0.04458537,-0.08679038,-0.0069402414,0.9952042
v;1550697668260;-0.09006952,-0.17370221,-0.0060995147
q;1550697668288;-0.04338097,-0.08710045,-0.0069178203,0.9952305
v;1550697668288;-0.08766547,-0.17431735,-0.0062366365
q;1550697668315;-0.044450443,-0.08806983,-0.0068030413,0.99509877
v;1550697668315;-0.089784026,-0.17628968,-0.005733034
q;1550697668343;-0.043501824,-0.0888725,-0.0069918144,0.9950681
v;1550697668343;-0.087930575,-0.17788024,-0.006206448
q;1550697668371;-0.043810934,-0.0897174,-0.007279775,0.9949766
v;1550697668371;-0.08860384,-0.17955947,-0.006651346
q;1550697668400;-0.04509396,-0.08905208,-0.0069303107,0.9949815
v;1550697668400;-0.091095574,-0.17826319,-0.0057836524
q;1550697668427;-0.040980205,-0.089379184,-0.006414049,0.9951336
v;1550697668427;-0.082802705,-0.1789257,-0.005458846
q;1550697668455;-0.041104954,-0.09048479,-0.0061381212,0.9950303
v;1550697668455;-0.083007455,-0.18117554,-0.004793008
q;1550697668483;-0.042237453,-0.090752766,-0.0057930644,0.9949605
v;1550697668483;-0.085203715,-0.18175626,-0.0038754782
q;1550697668512;-0.043257885,-0.09078191,-0.0064355377,0.99491006
v;1550697668512;-0.08735493,-0.18177149,-0.004970468
q;1550697668543;-0.045596134,-0.09152363,-0.005898974,0.994741
v;1550697668543;-0.09192187,-0.1833418,-0.0034040322
q;1550697668571;-0.0413745,-0.09242965,-0.004589762,0.99484867
v;1550697668571;-0.08326738,-0.1852226,-0.0014889345
q;1550697668599;-0.040835254,-0.09367983,-0.0046224343,0.99475384
v;1550697668599;-0.08220065,-0.18773013,-0.0015507255
q;1550697668626;-0.040037435,-0.09467703,-0.0044841906,0.9946925
v;1550697668626;-0.080586165,-0.18973847,-0.0013438923
q;1550697668655;-0.0407371,-0.095907375,-0.0051547782,0.99454296
v;1550697668655;-0.08211059,-0.19217217,-0.0024475688
q;1550697668685;-0.041210197,-0.095895134,-0.005648397,0.994522
v;1550697668685;-0.08314798,-0.19211328,-0.0033427502
q;1550697668713;-0.041174483,-0.09619771,-0.005156019,0.99449694
v;1550697668713;-0.082982995,-0.1927628,-0.0023415675
q;1550697668741;-0.039119188,-0.0960374,-0.004825185,0.994597
v;1550697668741;-0.07882405,-0.1924389,-0.0020909125
q;1550697668773;-0.041475948,-0.09611005,-0.005494137,0.99449104
v;1550697668773;-0.08364852,-0.19256242,-0.0029656016
q;1550697668800;-0.04168305,-0.0970585,-0.0055091223,0.9943902
v;1550697668800;-0.08406684,-0.19447477,-0.002875204
q;1550697668827;-0.039434984,-0.09791568,-0.004801445,0.9944015
v;1550697668827;-0.079452254,-0.19622827,-0.0018323042
q;1550697668854;-0.03887463,-0.09940984,-0.0046343147,0.9942761
v;1550697668854;-0.078305624,-0.1992435,-0.0014911054
q;1550697668881;-0.040322702,-0.100362025,-0.0056334035,0.9941176
v;1550697668881;-0.08139161,-0.20110303,-0.0031171192
q;1550697668909;-0.04027568,-0.10079438,-0.005093392,0.9940787
v;1550697668909;-0.08119034,-0.20201707,-0.0020139748
q;1550697668937;-0.038550764,-0.10068545,-0.004555822,0.9941607
v;1550697668937;-0.077646725,-0.20181489,-0.001299351
q;1550697668963;-0.039148,-0.10107225,-0.004928095,0.99409634
v;1550697668963;-0.078911826,-0.20257398,-0.0018903329
q;1550697668991;-0.038375434,-0.10192007,-0.004989799,0.9940396
v;1550697668991;-0.07738774,-0.20426685,-0.002103961
q;1550697669019;-0.037754573,-0.102418065,-0.00496312,0.9940123
v;1550697669019;-0.07614721,-0.20526388,-0.002139506
q;1550697669046;-0.03921047,-0.10257294,-0.0053144745,0.9939382
v;1550697669046;-0.07911833,-0.20556888,-0.002528565
q;1550697669073;-0.03972027,-0.102515034,-0.0054143583,0.99392337
v;1550697669073;-0.08015372,-0.20545135,-0.002627504
q;1550697669100;-0.038271762,-0.10401485,-0.005510783,0.9938238
v;1550697669100;-0.07729413,-0.20844716,-0.003000795
q;1550697669129;-0.03899414,-0.10447835,-0.0055922866,0.9937467
v;1550697669129;-0.07875052,-0.2093847,-0.0029757724
q;1550697669159;-0.040556528,-0.10485595,-0.0056716306,0.99364394
v;1550697669159;-0.08187836,-0.21016145,-0.002775278
q;1550697669191;-0.03916994,-0.10502303,-0.005533139,0.9936827
v;1550697669191;-0.07908963,-0.21048968,-0.0027775639
q;1550697669222;-0.038583998,-0.10556322,-0.0055776844,0.9936482
v;1550697669222;-0.0779343,-0.21156713,-0.0029473584
q;1550697669250;-0.03766807,-0.10559126,-0.005782754,0.9936791
v;1550697669250;-0.07615475,-0.21159616,-0.003547856
q;1550697669280;-0.039173298,-0.10610894,-0.006185714,0.99356335
v;1550697669280;-0.07923792,-0.21262798,-0.003991056
q;1550697669310;-0.038184237,-0.10650544,-0.006154897,0.9935596
v;1550697669310;-0.07726454,-0.21341725,-0.004109127
q;1550697669339;-0.0380717,-0.106028736,-0.0060394173,0.9936156
v;1550697669339;-0.07701408,-0.21246365,-0.0039400193
q;1550697669371;-0.037696004,-0.10633694,-0.0059667015,0.99359745
v;1550697669371;-0.07625213,-0.21308576,-0.0038512442
q;1550697669401;-0.036807634,-0.10787631,-0.0058348016,0.9934656
v;1550697669401;-0.0744619,-0.21618775,-0.0036621625
q;1550697669429;-0.038079057,-0.10843367,-0.0064590136,0.9933531
v;1550697669429;-0.077129096,-0.21728046,-0.0045877136
q;1550697669457;-0.037847072,-0.108812764,-0.0063719973,0.9933211
v;1550697669457;-0.07665034,-0.21804863,-0.0044354275
q;1550697669488;-0.03673093,-0.10900842,-0.0062062796,0.9933426
v;1550697669488;-0.074394464,-0.21844198,-0.0043339636
q;1550697669516;-0.03758412,-0.10932372,-0.0065218383,0.99327403
v;1550697669516;-0.07616225,-0.21906447,-0.0047520665
q;1550697669545;-0.039128445,-0.109115764,-0.0070984745,0.99323326
v;1550697669545;-0.07935973,-0.21861923,-0.00557941
q;1550697669572;-0.038522355,-0.10835484,-0.0070063774,0.9933409
v;1550697669572;-0.07812947,-0.21708485,-0.0055883527
q;1550697669599;-0.038290083,-0.109256834,-0.0068330974,0.99325234
v;1550697669599;-0.07763452,-0.21891437,-0.005222827
q;1550697669627;-0.038536303,-0.110561356,-0.0070183813,0.9930971
v;1550697669627;-0.0781721,-0.22153403,-0.005435243
q;1550697669655;-0.038352102,-0.111038774,-0.0070047444,0.9930511
v;1550697669655;-0.07780527,-0.22249585,-0.005411395
q;1550697669681;-0.03925864,-0.11169132,-0.0071736276,0.99294126
v;1550697669681;-0.0796497,-0.22381003,-0.0054937275
q;1550697669707;-0.03874048,-0.11309634,-0.0068227504,0.99280506
v;1550697669707;-0.07854748,-0.2266654,-0.004799325
q;1550697669734;-0.038796797,-0.11296645,-0.0068809525,0.9928172
v;1550697669734;-0.07867202,-0.2263996,-0.0049127983
q;1550697669760;-0.039135106,-0.11327136,-0.0067253136,0.9927703
v;1550697669760;-0.07931103,-0.22703132,-0.0045017763
q;1550697669787;-0.04023935,-0.11368409,-0.0070138876,0.992677
v;1550697669787;-0.08157453,-0.22785637,-0.004791855
q;1550697669813;-0.039897487,-0.113651484,-0.007308252,0.99269235
v;1550697669813;-0.080961466,-0.22776252,-0.005458784
q;1550697669842;-0.039882243,-0.11464241,-0.0074141165,0.99257827
v;1550697669842;-0.080960855,-0.22975369,-0.005592135
q;1550697669868;-0.039715167,-0.11550864,-0.0072393967,0.9924858
v;1550697669868;-0.08059312,-0.23151371,-0.005212048
q;1550697669895;-0.040355634,-0.11638856,-0.007212998,0.9923574
v;1550697669895;-0.08186485,-0.2333008,-0.004938434
q;1550697669922;-0.039911047,-0.116279304,-0.007058346,0.99238926
v;1550697669922;-0.080944434,-0.23308636,-0.004743144
q;1550697669950;-0.039342407,-0.11646584,-0.006740851,0.99239224
v;1550697669950;-0.07974084,-0.23347986,-0.004228494
q;1550697669978;-0.03987752,-0.11777577,-0.0069179246,0.9922151
v;1550697669978;-0.08085174,-0.23611811,-0.0043491484
q;1550697670006;-0.041254282,-0.11890424,-0.0069617517,0.99202394
v;1550697670006;-0.08360339,-0.23841435,-0.0040158676
q;1550697670034;-0.04163177,-0.119514704,-0.006906027,0.99193513
v;1550697670034;-0.08434274,-0.23965801,-0.0037628296
q;1550697670062;-0.041112505,-0.120216794,-0.006800803,0.9918727
v;1550697670062;-0.08328815,-0.24107628,-0.0036187877
q;1550697670089;-0.040688124,-0.12152227,-0.0065020574,0.9917331
v;1550697670089;-0.08237695,-0.24373052,-0.0030178234
q;1550697670118;-0.042089533,-0.121287934,-0.0066180243,0.99170256
v;1550697670118;-0.08518898,-0.24327198,-0.0029269366
q;1550697670144;-0.04162756,-0.122467674,-0.006281419,0.99157923
v;1550697670144;-0.08419202,-0.24567522,-0.0022690275
q;1550697670175;-0.040888112,-0.12381454,-0.006221255,0.9914431
v;1550697670175;-0.08271131,-0.2483881,-0.0022185405
q;1550697670202;-0.042495314,-0.12373497,-0.0066514094,0.99138266
v;1550697670202;-0.08601027,-0.24822143,-0.002681787
q;1550697670229;-0.043855205,-0.12294138,-0.00622117,0.991425
v;1550697670229;-0.088603854,-0.24668072,-0.001558521
q;1550697670255;-0.041942835,-0.12366625,-0.0066414587,0.99141484
v;1550697670255;-0.08491014,-0.24807316,-0.0028051652
q;1550697670281;-0.03780036,-0.12533008,-0.0068595815,0.99137104
v;1550697670281;-0.076743096,-0.25134882,-0.0041379277
q;1550697670307;-0.036817886,-0.12804268,-0.006022745,0.99106675
v;1550697670307;-0.074589446,-0.2568763,-0.0025163624
q;1550697670334;-0.034619525,-0.13365154,-0.0048393,0.9904117
v;1550697670334;-0.0699257,-0.26825866,-3.3270667E-4
q;1550697670362;-0.03265258,-0.13990527,-0.0050337305,0.9896136
v;1550697670362;-0.066083446,-0.28085846,-8.2816737E-4
q;1550697670390;-0.030175136,-0.14358282,-0.005154103,0.98916477
v;1550697670390;-0.06121467,-0.28825068,-0.0015341257
q;1550697670417;-0.02720588,-0.14518854,-0.00421625,0.98902094
v;1550697670417;-0.0550665,-0.29150623,-4.4062186E-4
q;1550697670444;-0.020546926,-0.14894724,-0.0036738364,0.9886248
v;1550697670444;-0.041732933,-0.29904887,-0.0011442724
q;1550697670470;-0.013777685,-0.15487655,-0.0028877244,0.98783356
v;1550697670470;-0.028118307,-0.31101587,-0.0014380704
q;1550697670496;-0.002240832,-0.15678675,-2.2472868E-4,0.98762995
v;1550697670496;-0.00449671,-0.31487402,2.5877057E-4
q;1550697670523;0.014861069,-0.15539387,0.0034285255,0.98773485
v;1550697670523;0.03042783,-0.31205612,0.00215531
q;1550697670551;0.027495623,-0.14977938,0.0061144205,0.98831815
v;1550697670551;0.056210067,-0.30070212,0.0038555304
q;1550697670577;0.039196275,-0.1481017,0.008854688,0.9881554
v;1550697670577;0.08017268,-0.2973022,0.005908558
q;1550697670603;0.06523625,-0.14785516,0.015431784,0.9867345
v;1550697670603;0.13370304,-0.2967185,0.011263881
q;1550697670630;0.11221541,-0.15190037,0.026754439,0.9816406
v;1550697670630;0.23047338,-0.30485535,0.018937195
q;1550697670658;0.14533338,-0.1520972,0.033290595,0.97705495
v;1550697670658;0.29853904,-0.305579,0.021810267
q;1550697670686;0.16176239,-0.15498613,0.035296097,0.97394377
v;1550697670686;0.33210716,-0.3123189,0.019687982
q;1550697670715;0.18990669,-0.16068836,0.039988864,0.9677374
v;1550697670715;0.39024076,-0.3255906,0.017697219
q;1550697670742;0.2348779,-0.17108013,0.047875147,0.9556526
v;1550697670742;0.48397842,-0.35117942,0.012583651
q;1550697670769;0.2713012,-0.17423877,0.05153282,0.9451883
v;1550697670769;0.5595672,-0.36361834,0.003391281
q;1550697670796;0.28779295,-0.17461413,0.05008378,0.9403068
v;1550697670796;0.5928392,-0.36954167,-0.007617031
q;1550697670823;0.31152636,-0.17716628,0.054014888,0.9320117
v;1550697670823;0.64329076,-0.3797373,-0.012122043
q;1550697670854;0.35079256,-0.17197114,0.06325797,0.91835123
v;1550697670854;0.72891223,-0.372518,-0.005987894
q;1550697670882;0.37462738,-0.17482652,0.066178255,0.9081357
v;1550697670882;0.78040105,-0.38661587,-0.015186975
q;1550697670909;0.39257115,-0.1791464,0.06696743,0.8996165
v;1550697670909;0.8187916,-0.40594193,-0.02952455
q;1550697670935;0.4082841,-0.17805195,0.064760976,0.8929768
v;1550697670935;0.8514523,-0.414092,-0.04513878
q;1550697670963;0.43597415,-0.17256704,0.06646411,0.8807552
v;1550697670963;0.9122979,-0.41375273,-0.05459595
q;1550697670990;0.46411318,-0.1690371,0.07126395,0.8665719
v;1550697670990;0.9763653,-0.41698158,-0.059663586
q;1550697671018;0.48924667,-0.16546743,0.0778406,0.85275966
v;1550697671018;1.0356222,-0.41589636,-0.05718935
q;1550697671046;0.5076572,-0.16396177,0.08221614,0.8418083
v;1550697671046;1.0793699,-0.4203665,-0.059482463
q;1550697671073;0.5214423,-0.16470592,0.083191,0.83309615
v;1550697671073;1.11119,-0.43683383,-0.074815944
q;1550697671100;0.53568554,-0.16214243,0.08336935,0.8245001
v;1550697671100;1.1442038,-0.44484565,-0.08769372
q;1550697671126;0.5497412,-0.15675196,0.084525965,0.8161304
v;1550697671126;1.1779424,-0.43960825,-0.08992053
q;1550697671152;0.56563306,-0.15540732,0.084022455,0.805511
v;1550697671152;1.2149811,-0.4621202,-0.1163655
q;1550697671179;0.58235264,-0.15009096,0.08508896,0.79441684
v;1550697671179;1.2558198,-0.4666151,-0.12824088
q;1550697671207;0.5944674,-0.1450407,0.086329825,0.78620535
v;1550697671207;1.2862517,-0.46317384,-0.13110317
q;1550697671233;0.6033227,-0.14085107,0.086058415,0.7802286
v;1550697671233;1.3081337,-0.46291506,-0.13779925
q;1550697671258;0.61388195,-0.13481782,0.088346235,0.7727665
v;1550697671258;1.3361475,-0.444119,-0.12498006
q;1550697671284;0.62259024,-0.12943177,0.08917746,0.76660043
v;1550697671284;1.3589325,-0.4286517,-0.11648281
q;1550697671312;0.6285694,-0.12508135,0.08776549,0.7625959
v;1550697671312;1.3737268,-0.42336574,-0.11972248
q;1550697671340;0.63025576,-0.121179156,0.08618649,0.7620139
v;1550697671340;1.377703,-0.40744367,-0.11173614
q;1550697671367;0.6314173,-0.11916888,0.086508796,0.7613325
v;1550697671367;1.3810669,-0.3929091,-0.09967376
q;1550697671395;0.63514256,-0.11942187,0.08633435,0.75820756
v;1550697671395;1.3903304,-0.4092616,-0.116040446
q;1550697671422;0.6373726,-0.1177967,0.08751877,0.7564526
v;1550697671422;1.396814,-0.395241,-0.10273728
q;1550697671449;0.6372014,-0.11709413,0.08756914,0.75670004
v;1550697671449;1.3964975,-0.3880088,-0.09643689
q;1550697671476;0.63621384,-0.117448375,0.08719379,0.757519
v;1550697671476;1.3937585,-0.39021075,-0.09863368
q;1550697671504;0.636963,-0.11774135,0.08748956,0.75680953
v;1550697671504;1.3957683,-0.3934539,-0.10105805
q;1550697671533;0.6359093,-0.11714492,0.087276444,0.75781214
v;1550697671533;1.3930664,-0.38591948,-0.094650306
q;1550697671560;0.6332622,-0.117859535,0.085556515,0.7601107
v;1550697671560;1.3854151,-0.39432222,-0.104393885
q;1550697671588;0.62937856,-0.11902045,0.08346535,0.7633808
v;1550697671588;1.3744158,-0.40372908,-0.11498284
q;1550697671613;0.62639105,-0.11966629,0.08209401,0.7658818
v;1550697671613;1.3661393,-0.4070212,-0.11919621
q;1550697671646;0.6243073,-0.11661749,0.08307951,0.7679444
v;1550697671646;1.361819,-0.37184435,-0.0869187
q;1550697671675;0.62316704,-0.11655148,0.08199837,0.76899606
v;1550697671675;1.3584546,-0.37431645,-0.09098775
q;1550697671703;0.61660486,-0.118682176,0.0786197,0.7742945
v;1550697671703;1.3401943,-0.38970715,-0.10788333
q;1550697671729;0.61304766,-0.11980454,0.077635966,0.7770406
v;1550697671729;1.330755,-0.39277485,-0.11059327
q;1550697671757;0.6124469,-0.11782297,0.0791597,0.7776634
v;1550697671757;1.3302536,-0.37064475,-0.08911337
q;1550697671787;0.6122057,-0.11702276,0.078837305,0.7780068
v;1550697671787;1.3295957,-0.36632547,-0.086397894
q;1550697671814;0.60664356,-0.11681213,0.076938525,0.78257203
v;1550697671814;1.314989,-0.361455,-0.08430743
q;1550697671840;0.5990889,-0.114161514,0.07732762,0.78872055
v;1550697671840;1.2967478,-0.3289639,-0.054736592
q;1550697671867;0.5954837,-0.11242929,0.080531985,0.79137444
v;1550697671867;1.2891872,-0.2996635,-0.023167484
q;1550697671895;0.5930819,-0.110047944,0.081367694,0.7934246
v;1550697671895;1.2835944,-0.27937874,-0.005000989
q;1550697671922;0.58893436,-0.11030076,0.0772132,0.7968866
v;1550697671922;1.271897,-0.29228076,-0.023296524
q;1550697671950;0.58415866,-0.11333231,0.07392454,0.8002809
v;1550697671950;1.2588503,-0.31480095,-0.04591634
q;1550697671977;0.57477987,-0.11305349,0.073008955,0.8071659
v;1550697671977;1.2357445,-0.30447638,-0.036809918
q;1550697672004;0.57044363,-0.11152417,0.07209802,0.81052965
v;1550697672004;1.2249955,-0.29495442,-0.030573675
q;1550697672032;0.56865597,-0.11193749,0.07097274,0.8118271
v;1550697672032;1.2202631,-0.29862356,-0.035163563
q;1550697672059;0.56868976,-0.11123001,0.06968333,0.8120124
v;1550697672059;1.2199086,-0.29940405,-0.038828686
q;1550697672086;0.56614196,-0.10957404,0.06813625,0.81414634
v;1550697672086;1.2133025,-0.29359984,-0.0375113
q;1550697672113;0.56244355,-0.10993889,0.06616401,0.8168189
v;1550697672113;1.2037098,-0.2974105,-0.043426584
q;1550697672141;0.55526006,-0.105705895,0.06652014,0.82224554
v;1550697672141;1.1868225,-0.27011263,-0.02134858
q;1550697672168;0.5431459,-0.09783774,0.06546502,0.8313451
v;1550697672168;1.1577274,-0.23011398,0.0063965763
q;1550697672195;0.5342883,-0.09747815,0.059570216,0.8375473
v;1550697672195;1.1351488,-0.23834102,-0.010372547
q;1550697672224;0.5382828,-0.11021962,0.053949438,0.8337822
v;1550697672224;1.142113,-0.3072561,-0.069086224
q;1550697672251;0.5430159,-0.11262426,0.05337959,0.8304217
v;1550697672251;1.1527604,-0.32357246,-0.08300456
q;1550697672278;0.55293685,-0.10877695,0.055609938,0.8242184
v;1550697672278;1.1773142,-0.31233653,-0.074726805
q;1550697672305;0.56323045,-0.106876135,0.058735892,0.8172509
v;1550697672305;1.2030951,-0.30668834,-0.06789585
q;1550697672332;0.5712522,-0.10576594,0.061937567,0.8115715
v;1550697672332;1.2235864,-0.30107978,-0.059706304
q;1550697672359;0.5734339,-0.102396935,0.06661482,0.81009316
v;1550697672359;1.2306684,-0.27161795,-0.02850239
q;1550697672387;0.57179075,-0.09799024,0.072757356,0.81127036
v;1550697672387;1.2285788,-0.22781286,0.017856643
q;1550697672414;0.57136285,-0.09474116,0.07749872,0.81151867
v;1550697672414;1.2286236,-0.19558722,0.052239414
q;1550697672442;0.56846184,-0.09180075,0.0812024,0.8135293
v;1550697672442;1.2221314,-0.16775586,0.08131642
q;1550697672468;0.5627802,-0.09062234,0.08137156,0.8175847
v;1550697672468;1.2082283,-0.16025092,0.08767195
q;1550697672495;0.55419713,-0.09247143,0.07956761,0.8233976
v;1550697672495;1.1873066,-0.1721376,0.07634324
q;1550697672523;0.5475809,-0.094688565,0.07767652,0.82774127
v;1550697672523;1.1712067,-0.18532507,0.06402894
q;1550697672549;0.54107344,-0.09672862,0.07741251,0.8317995
v;1550697672549;1.155769,-0.19251394,0.05982709
q;1550697672576;0.53274846,-0.09524397,0.079871185,0.83709514
v;1550697672576;1.1364298,-0.17761412,0.07667839
q;1550697672604;0.5198271,-0.09485272,0.08086569,0.84512925
v;1550697672604;1.1061563,-0.17100202,0.08506076
q;1550697672630;0.5056655,-0.0945207,0.08071589,0.853729
v;1550697672630;1.073051,-0.1678418,0.08855985
q;1550697672658;0.48957327,-0.09504284,0.07898486,0.8631606
v;1550697672658;1.0356119,-0.17090288,0.084989324
q;1550697672685;0.47337103,-0.096118316,0.077125914,0.87219995
v;1550697672685;0.99834347,-0.17563146,0.08046256
q;1550697672713;0.45345294,-0.10212447,0.074772954,0.88224715
v;1550697672713;0.9533982,-0.19537248,0.067970954
q;1550697672741;0.43610948,-0.108531564,0.072289705,0.8903952
v;1550697672741;0.91458744,-0.21508811,0.05587001
q;1550697672768;0.41953838,-0.11334936,0.071403086,0.8977979
v;1550697672768;0.87807095,-0.22682042,0.051855937
q;1550697672797;0.39908084,-0.11243502,0.0713953,0.90719104
v;1550697672797;0.8332783,-0.22040522,0.05921647
q;1550697672824;0.37642768,-0.11012232,0.07310988,0.916968
v;1550697672824;0.78446454,-0.2090974,0.07236473
q;1550697672851;0.3597703,-0.11844564,0.073189415,0.92259383
v;1550697672851;0.74937546,-0.22857776,0.06810449
q;1550697672879;0.34451035,-0.12271645,0.07208859,0.9279313
v;1550697672879;0.7169078,-0.23847665,0.06535518
q;1550697672908;0.32388416,-0.122064315,0.07332763,0.9353194
v;1550697672908;0.673559,-0.23348384,0.07440286
q;1550697672935;0.3013617,-0.11774067,0.072261706,0.94344926
v;1550697672935;0.6256882,-0.22217819,0.08075472
q;1550697672962;0.28137532,-0.111463435,0.07318641,0.9502882
v;1550697672962;0.5836705,-0.2059712,0.0916504
q;1550697672990;0.26288405,-0.1061102,0.07303508,0.9561896
v;1550697672990;0.5447841,-0.19357793,0.098237425
q;1550697673017;0.24438281,-0.10664709,0.070960864,0.96118057
v;1550697673017;0.5062803,-0.196016,0.096526876
q;1550697673044;0.22192305,-0.10991266,0.066740386,0.966548
v;1550697673044;0.45968944,-0.20547226,0.08964482
q;1550697673070;0.19926286,-0.11300321,0.062351625,0.97140974
v;1550697673070;0.41285235,-0.21418892,0.08317986
q;1550697673097;0.18178046,-0.11404878,0.05962108,0.9748816
v;1550697673097;0.37688756,-0.21755314,0.08051516
q;1550697673123;0.16322646,-0.1139616,0.05918004,0.9781961
v;1550697673123;0.3392962,-0.21765989,0.08342353
q;1550697673150;0.14831324,-0.11450695,0.059926465,0.98045915
v;1550697673150;0.30947033,-0.21881719,0.08782471
q;1550697673176;0.13256463,-0.1149704,0.058690343,0.9827329
v;1550697673176;0.27759814,-0.22056991,0.08836533
q;1550697673201;0.11727475,-0.111057945,0.058911316,0.9851103
v;1550697673201;0.24663508,-0.21299455,0.092962585
q;1550697673227;0.09965094,-0.10683106,0.057940293,0.9875726
v;1550697673227;0.21076162,-0.20541432,0.09540137
q;1550697673253;0.0828867,-0.105638444,0.05391982,0.98947614
v;1550697673253;0.17633323,-0.20469335,0.09072195
q;1550697673279;0.067505725,-0.106675185,0.048230447,0.99082655
v;1550697673279;0.14456594,-0.20854974,0.08212159
q;1550697673306;0.053813603,-0.10583748,0.045767017,0.99187094
v;1550697673306;0.11670477,-0.20792769,0.08002815
q;1550697673334;0.046155717,-0.10565678,0.043816555,0.99236405
v;1550697673334;0.1010374,-0.20821053,0.077684514
q;1550697673360;0.04179574,-0.10722207,0.042399637,0.99245095
v;1550697673360;0.0921833,-0.21175231,0.07558885
q;1550697673388;0.045596655,-0.11477091,0.04339504,0.9913957
v;1550697673388;0.10053893,-0.2266807,0.0760338
q;1550697673415;0.044016633,-0.11577006,0.04284086,0.9913751
v;1550697673415;0.09734705,-0.22883768,0.07517749
q;1550697673442;0.0390543,-0.118494295,0.04062103,0.9913545
v;1550697673442;0.0871704,-0.2348018,0.07161716
q;1550697673468;0.0361844,-0.123101965,0.038576327,0.9909836
v;1550697673468;0.08130348,-0.24441804,0.06782413
q;1550697673495;0.030639673,-0.12567875,0.035142407,0.99097484
v;1550697673495;0.06961581,-0.25013527,0.06213936
q;1550697673522;0.027079672,-0.12968044,0.033960126,0.99060404
v;1550697673522;0.06249907,-0.2584514,0.060413294
q;1550697673549;0.029004192,-0.13422099,0.033145156,0.9899722
v;1550697673549;0.06637295,-0.26759166,0.057999767
q;1550697673574;0.02896171,-0.13558055,0.031124452,0.98985374
v;1550697673574;0.06582298,-0.27047127,0.05390681
q;1550697673604;0.026566718,-0.13945475,0.028767103,0.9894539
v;1550697673604;0.06063365,-0.27853233,0.04962927
q;1550697673632;0.02354059,-0.14221875,0.0269756,0.98918754
v;1550697673632;0.054271627,-0.28432018,0.046757884
q;1550697673657;0.023240343,-0.14176314,0.026787492,0.98926514
v;1550697673657;0.05360234,-0.28341824,0.046494115
q;1550697673685;0.023415567,-0.14065033,0.026134644,0.98943734
v;1550697673685;0.05371399,-0.2811968,0.045210946
q;1550697673713;0.021063475,-0.14114536,0.02466084,0.9894575
v;1550697673713;0.04866356,-0.28234196,0.042919654
q;1550697673739;0.018792197,-0.1389681,0.023799665,0.98983246
v;1550697673739;0.04383107,-0.27804825,0.0419449
q;1550697673767;0.01731697,-0.1350401,0.024160415,0.9903942
v;1550697673767;0.04083785,-0.27014542,0.04322919
q;1550697673793;0.018093724,-0.1342588,0.024245499,0.9904844
v;1550697673793;0.04236612,-0.26853913,0.043223325
q;1550697673820;0.01519899,-0.13473625,0.022902967,0.9905002
v;1550697673820;0.03628889,-0.26964754,0.04131402
q;1550697673846;0.01357181,-0.13140842,0.022425642,0.9909817
v;1550697673846;0.032798547,-0.26299924,0.040913317
q;1550697673873;0.013854049,-0.120021075,0.022539219,0.99241877
v;1550697673873;0.03291434,-0.24002466,0.041445438
q;1550697673900;0.006071313,-0.10378501,0.022224346,0.9943329
v;1550697673900;0.016687695,-0.20764141,0.04295576
q;1550697673926;-0.0014403836,-0.079401545,0.019309675,0.9966546
v;1550697673926;1.9530603E-4,-0.15899652,0.038728572
q;1550697673953;-0.0037617146,-0.049432196,0.017982358,0.9986085
v;1550697673953;-0.0057351766,-0.099025495,0.036295135
q;1550697673979;-2.291635E-4,-0.019430412,0.01908523,0.999629
v;1550697673979;2.8351077E-4,-0.03886494,0.03817448
q;1550697674005;-9.0184243E-4,0.013336678,0.017890556,0.9997506
v;1550697674005;-0.0022804379,0.026637653,0.03575584
q;1550697674030;-0.004697247,0.047949713,0.01724909,0.9986898
v;1550697674030;-0.011036588,0.09576385,0.034011148
q;1550697674056;-0.0029518227,0.07658895,0.018498486,0.9968868
v;1550697674056;-0.008718937,0.15319614,0.036439084
q;1550697674081;5.3504587E-4,0.10395965,0.017588804,0.99442583
v;1550697674081;-0.0025929273,0.20828252,0.035100088
q;1550697674107;0.0020730468,0.13141055,0.017693253,0.991168
v;1550697674107;-5.4068584E-4,0.2636159,0.03562635
q;1550697674132;-0.010002266,0.15827394,0.014925257,0.9872318
v;1550697674132;-0.024476111,0.3176143,0.026314097
q;1550697674158;-0.02285125,0.18643786,0.010545041,0.98214436
v;1550697674158;-0.04883785,0.37489247,0.012207689
q;1550697674183;-0.027469324,0.21440783,0.008160405,0.9763238
v;1550697674183;-0.057168353,0.4322324,0.0041619292
q;1550697674208;-0.03453459,0.24169698,0.0053764116,0.96972215
v;1550697674208;-0.0696331,0.488752,-0.006281825
q;1550697674234;-0.04419754,0.27432165,0.0037569527,0.96061444
v;1550697674234;-0.08708485,0.5570755,-0.017096339
q;1550697674259;-0.045958,0.30350092,0.0029401204,0.9517176
v;1550697674259;-0.089381695,0.6184075,-0.022391507
q;1550697674290;-0.042299267,0.3382257,0.0029350447,0.9401094
v;1550697674290;-0.08160784,0.6916548,-0.02317406
q;1550697674316;-0.045703117,0.37423712,-7.5780344E-4,0.9262058
v;1550697674316;-0.08419322,0.7694983,-0.03574557
q;1550697674342;-0.04881024,0.40801558,-6.105258E-4,0.9116691
v;1550697674342;-0.0886153,0.843449,-0.04111674
q;1550697674369;-0.045332227,0.43705502,-1.7933438E-4,0.89829165
v;1550697674369;-0.08137615,0.90727615,-0.04009091
q;1550697674397;-0.046160072,0.46270844,0.0022560412,0.88530505
v;1550697674397;-0.08391773,0.96484476,-0.038869277
q;1550697674424;-0.044635024,0.4849175,0.0056953314,0.8734016
v;1550697674424;-0.08358944,1.0150616,-0.03346304
q;1550697674451;-0.045511987,0.5011978,0.007186372,0.8641052
v;1550697674451;-0.08596371,1.0526301,-0.033330668
q;1550697674479;-0.042805493,0.514651,0.00895058,0.8562839
v;1550697674479;-0.0826141,1.0835425,-0.028833615
q;1550697674506;-0.041420896,0.5266174,0.011242954,0.8490183
v;1550697674506;-0.08226844,1.1113896,-0.024620742
q;1550697674532;-0.047073092,0.536105,0.012701879,0.842742
v;1550697674532;-0.09309444,1.1345053,-0.029193977
q;1550697674557;-0.05114665,0.5454363,0.014319623,0.8364677
v;1550697674557;-0.10135939,1.1572832,-0.0320084
q;1550697674582;-0.054818075,0.5551121,0.013798218,0.82985246
v;1550697674582;-0.106502175,1.1811695,-0.03818497
q;1550697674607;-0.060944095,0.5651314,0.013665366,0.8226333
v;1550697674607;-0.11597454,1.2065796,-0.046730477
q;1550697674633;-0.06242666,0.572209,0.01496363,0.8175915
v;1550697674633;-0.119487785,1.224111,-0.047328927
q;1550697674658;-0.06220139,0.5783225,0.017321596,0.81324905
v;1550697674658;-0.12150413,1.2389917,-0.044110794
q;1550697674684;-0.06672901,0.5845094,0.018183446,0.80843395
v;1550697674684;-0.12951052,1.2551914,-0.04903739
q;1550697674709;-0.071186796,0.5881406,0.017915795,0.80542046
v;1550697674709;-0.136165,1.2652328,-0.05541724
q;1550697674735;-0.073595814,0.5909944,0.018845383,0.8030904
v;1550697674735;-0.14094946,1.2728795,-0.057319842
q;1550697674760;-0.07327872,0.5941451,0.019573947,0.80077386
v;1550697674760;-0.14108649,1.2806562,-0.056316797
q;1550697674786;-0.07512039,0.5963068,0.020237243,0.7989778
v;1550697674786;-0.14467847,1.2865016,-0.05788818
q;1550697674813;-0.076758996,0.59589934,0.020466588,0.79912025
v;1550697674813;-0.1476068,1.2858764,-0.059451856
q;1550697674840;-0.07830799,0.59491074,0.021382065,0.79968244
v;1550697674840;-0.15126003,1.283739,-0.05969137
q;1550697674868;-0.07801999,0.5956839,0.022490362,0.79910445
v;1550697674868;-0.152072,1.285549,-0.057703793
q;1550697674894;-0.07785455,0.59592116,0.022319488,0.7989484
v;1550697674894;-0.1515847,1.2861125,-0.05782098
q;1550697674921;-0.08039979,0.5939411,0.021830224,0.8001833
v;1550697674921;-0.15522346,1.2818255,-0.061344676
q;1550697674950;-0.08077532,0.59297425,0.021807715,0.80086285
v;1550697674950;-0.15587315,1.2794985,-0.061651397
q;1550697674975;-0.078866616,0.5918813,0.022848895,0.80183196
v;1550697674975;-0.15413277,1.2761981,-0.057429414
q;1550697675001;-0.07707823,0.58978385,0.02390125,0.803519
v;1550697675001;-0.15265296,1.2704315,-0.053151578
q;1550697675028;-0.07814392,0.5884826,0.023480242,0.804382
v;1550697675028;-0.15395804,1.2674698,-0.054874778
q;1550697675054;-0.07981475,0.5862676,0.023001445,0.8058479
v;1550697675054;-0.156242,1.2623935,-0.05724241
q;1550697675079;-0.079163864,0.58107924,0.023460224,0.80964786
v;1550697675079;-0.15608725,1.2492841,-0.054703902
q;1550697675105;-0.072385095,0.57640237,0.025201173,0.8135636
v;1550697675105;-0.14736459,1.2359723,-0.04291858
q;1550697675131;-0.07366601,0.5694117,0.024630938,0.8183746
v;1550697675131;-0.14917573,1.2190759,-0.04408159
q;1550697675158;-0.075292066,0.5559025,0.023642411,0.82749295
v;1550697675158;-0.15147161,1.1865078,-0.04511391
q;1550697675184;-0.072224,0.5400107,0.02463019,0.8381918
v;1550697675184;-0.14821838,1.1474113,-0.037129357
q;1550697675210;-0.07539129,0.5221871,0.026457796,0.84907997
v;1550697675210;-0.15629384,1.1054378,-0.034230996
q;1550697675236;-0.076104455,0.50319326,0.02779813,0.8603673
v;1550697675236;-0.15960804,1.0607535,-0.029131647
q;1550697675263;-0.071115166,0.47923833,0.025377637,0.8744308
v;1550697675263;-0.14924791,1.0044994,-0.024049908
q;1550697675289;-0.06630412,0.45006528,0.025794653,0.8901571
v;1550697675289;-0.14173478,0.9372251,-0.013899598
q;1550697675316;-0.070295855,0.4172295,0.025827033,0.9057102
v;1550697675316;-0.14944257,0.86427486,-0.012009525
q;1550697675342;-0.06894021,0.3835557,0.028561337,0.92049795
v;1550697675342;-0.14938332,0.7896328,-3.0692885E-4
q;1550697675369;-0.06426589,0.35273325,0.033056244,0.9329289
v;1550697675369;-0.14372543,0.72176933,0.016511802
q;1550697675395;-0.05877841,0.32141763,0.035089627,0.9444599
v;1550697675395;-0.13398509,0.6541192,0.028758334
q;1550697675421;-0.054654956,0.28500023,0.03748618,0.9562335
v;1550697675421;-0.12622789,0.5767402,0.04087422
q;1550697675448;-0.05216736,0.2451939,0.039532535,0.96726197
v;1550697675448;-0.12059738,0.49342936,0.05128924
q;1550697675474;-0.051982205,0.21067165,0.04323594,0.9752159
v;1550697675474;-0.119891934,0.42173508,0.06291926
q;1550697675499;-0.0538048,0.17643909,0.044916075,0.9818131
v;1550697675499;-0.12180337,0.35136202,0.06978507
q;1550697675526;-0.05786559,0.1357531,0.0430316,0.98811483
v;1550697675526;-0.12637515,0.2686352,0.0699438
q;1550697675554;-0.05220982,0.092852905,0.04920823,0.99309164
v;1550697675554;-0.11307735,0.18143065,0.08872313
q;1550697675579;-0.05537179,0.056456827,0.049008764,0.995663
v;1550697675579;-0.1160574,0.1079306,0.092088915
q;1550697675606;-0.055000134,0.014605233,0.052494228,0.9969985
v;1550697675606;-0.11143396,0.023496293,0.10389682
q;1550697675632;-0.046919215,-0.032485746,0.057099737,0.9967361
v;1550697675632;-0.08994352,-0.07046045,0.11762052
q;1550697675658;-0.042391796,-0.085206755,0.062480073,0.9934984
v;1550697675658;-0.073651485,-0.17598446,0.13211295
q;1550697675684;-0.028146993,-0.12830372,0.07170479,0.9887388
v;1550697675684;-0.03726869,-0.26088256,0.14967914
q;1550697675711;-0.0257733,-0.16959903,0.07940162,0.98197114
v;1550697675711;-0.023686616,-0.34401563,0.1654829
q;1550697675737;-0.03267531,-0.2079562,0.08103232,0.9742281
v;1550697675737;-0.029968552,-0.4231925,0.17240787
q;1550697675763;-0.03179266,-0.2554236,0.083154425,0.9627218
v;1550697675763;-0.018736864,-0.5203438,0.1773089
q;1550697675789;-0.02272465,-0.29663333,0.08862457,0.9505987
v;1550697675789;0.009374092,-0.6040876,0.18300234
q;1550697675816;-0.01710921,-0.32309052,0.09489872,0.94144255
v;1550697675816;0.029111197,-0.65839595,0.19097826
q;1550697675842;-0.014348827,-0.34921426,0.09843052,0.93174833
v;1550697675842;0.042020064,-0.71307385,0.19484809
q;1550697675869;-0.015119183,-0.35166892,0.09854311,0.93080056
v;1550697675869;0.041174848,-0.7184318,0.19548923
q;1550697675896;-0.029233046,-0.36573228,0.09638595,0.92525405
v;1550697675896;0.01640766,-0.751202,0.20112604
q;1550697675922;-0.030993013,-0.38558382,0.09889209,0.9168342
v;1550697675922;0.019432696,-0.79419184,0.20674455
q;1550697675948;-0.032308567,-0.40106317,0.10101181,0.9098907
v;1550697675948;0.022231529,-0.8279649,0.2113569
q;1550697675974;-0.03406082,-0.4215904,0.10322145,0.90024817
v;1550697675974;0.025710793,-0.87315077,0.21632344
q;1550697676000;-0.03679305,-0.4467255,0.10573993,0.8876383
v;1550697676000;0.029159743,-0.92926925,0.22251593
q;1550697676028;-0.037578836,-0.47139782,0.10715317,0.87457997
v;1550697676028;0.03529948,-0.9847296,0.2248869
q;1550697676053;-0.040041752,-0.4929262,0.10719132,0.862514
v;1550697676053;0.036609855,-1.0342352,0.22646452
q;1550697676080;-0.039657783,-0.51917845,0.106498905,0.8470768
v;1550697676080;0.043411136,-1.0948343,0.22367379
q;1550697676105;-0.040073927,-0.5478947,0.10791855,0.8285886
v;1550697676105;0.05186967,-1.1626105,0.224945
q;1550697676132;-0.046581607,-0.57131773,0.10300196,0.81290644
v;1550697676132;0.041973017,-1.2205228,0.22271894
q;1550697676158;-0.057045255,-0.5953781,0.09629814,0.7956114
v;1550697676158;0.023898179,-1.2821834,0.22306728
q;1550697676186;-0.060073145,-0.61617005,0.09711178,0.77929133
v;1550697676186;0.026048722,-1.3350892,0.22741903
q;1550697676214;-0.05583935,-0.63380456,0.09987694,0.7649826
v;1550697676214;0.04118431,-1.3791157,0.22569162
q;1550697676240;-0.06354305,-0.6525243,0.09316754,0.7493292
v;1550697676240;0.026361896,-1.4299333,0.22451179
q;1550697676268;-0.07129917,-0.6688688,0.08426345,0.73513997
v;1550697676268;0.00789272,-1.4755875,0.22107363
q;1550697676295;-0.06706688,-0.67510587,0.08649577,0.72955644
v;1550697676295;0.01893059,-1.4912299,0.21853574
q;1550697676322;-0.077077165,-0.67865264,0.08562234,0.7253678
v;1550697676322;0.004397101,-1.5037662,0.23088059
q;1550697676348;-0.08384618,-0.6899891,0.08434092,0.71398276
v;1550697676348;-0.0033408094,-1.5370201,0.23839486
q;1550697676376;-0.0927637,-0.70333374,0.08136889,0.70006835
v;1550697676376;-0.0154234925,-1.577364,0.24694657
q;1550697676402;-0.09432461,-0.7131563,0.08113083,0.6898761
v;1550697676402;-0.014427164,-1.6057848,0.24906965
q;1550697676429;-0.10049133,-0.72365695,0.0798889,0.67811495
v;1550697676429;-0.020666499,-1.6384181,0.2566528
q;1550697676456;-0.09777369,-0.7358254,0.086770885,0.6644336
v;1550697676456;-0.0022318084,-1.6729718,0.26219007
q;1550697676482;-0.09155232,-0.74860775,0.09172908,0.6502233
v;1550697676482;0.01828034,-1.7088482,0.2593012
q;1550697676508;-0.0979454,-0.76007724,0.08808367,0.6363416
v;1550697676508;0.009247465,-1.7463251,0.26406404
q;1550697676534;-0.10618676,-0.76943195,0.082745515,0.6243813
v;1550697676534;-0.005267987,-1.7789004,0.2700091
q;1550697676561;-0.09998671,-0.7795564,0.08864488,0.6119122
v;1550697676561;0.01584185,-1.8084682,0.2675916
q;1550697676587;-0.09870305,-0.7867771,0.09072878,0.6025013
v;1550697676587;0.023831485,-1.8313279,0.26791167
q;1550697676614;-0.100491405,-0.79245377,0.090035275,0.59482116
v;1550697676614;0.023150843,-1.8506728,0.26970875
q;1550697676641;-0.104189426,-0.80048686,0.08586249,0.58394605
v;1550697676641;0.015782245,-1.8789576,0.27039894
q;1550697676668;-0.10149631,-0.8088427,0.08439547,0.5730179
v;1550697676668;0.02020831,-1.9061711,0.26401916
q;1550697676694;-0.09341327,-0.8152118,0.084862486,0.56524515
v;1550697676694;0.032764867,-1.9249307,0.25100002
q;1550697676721;-0.09722347,-0.81677955,0.08127559,0.5628616
v;1550697676721;0.023323832,-1.9318478,0.25307497
q;1550697676747;-0.10217273,-0.8153736,0.078843266,0.5643673
v;1550697676747;0.0132479,-1.9289839,0.25850287
q;1550697676773;-0.10044948,-0.8147036,0.07901249,0.5656192
v;1550697676773;0.0151117835,-1.925917,0.25586665
q;1550697676800;-0.10332523,-0.81371266,0.07616301,0.566917
v;1550697676800;0.0067959875,-1.923692,0.25734735
q;1550697676827;-0.10650512,-0.8130128,0.07450513,0.56755257
v;1550697676827;2.5274605E-4,-1.9226794,0.26069403
q;1550697676852;-0.103381425,-0.81128573,0.07389132,0.5706732
v;1550697676852;0.001899929,-1.9153163,0.2548288
q;1550697676879;-0.09779719,-0.80981815,0.075904295,0.57347095
v;1550697676879;0.010769859,-1.9079036,0.24800234
q;1550697676905;-0.09721611,-0.80867803,0.07419247,0.57539934
v;1550697676905;0.008119568,-1.9037468,0.24506734
q;1550697676933;-0.10219902,-0.8049033,0.072182804,0.58006525
v;1550697676933;-0.0023638478,-1.8929696,0.25088653
q;1550697676959;-0.10571858,-0.7989709,0.07036487,0.58780766
v;1550697676959;-0.011845694,-1.8745277,0.25440732
q;1550697676985;-0.10634337,-0.7900417,0.06886636,0.5998188
v;1550697676985;-0.018760039,-1.8452253,0.25339314
q;1550697677010;-0.10581382,-0.7796067,0.06831646,0.6134735
v;1550697677010;-0.02331012,-1.8111343,0.25151813
q;1550697677036;-0.103772685,-0.7680983,0.067864835,0.6282122
v;1550697677036;-0.026131773,-1.7737429,0.2472782
q;1550697677063;-0.10132104,-0.75374925,0.06732046,0.645805
v;1550697677063;-0.029386012,-1.7283225,0.24215634
q;1550697677088;-0.10531673,-0.73576695,0.064968824,0.6658336
v;1550697677088;-0.04465784,-1.6759843,0.24415348
q;1550697677113;-0.1113661,-0.7156902,0.06171073,0.6867146
v;1550697677113;-0.06466697,-1.6201493,0.24718343
q;1550697677139;-0.10659351,-0.6941879,0.06280931,0.7090811
v;1550697677139;-0.06400766,-1.5572861,0.23984501
q;1550697677166;-0.10854758,-0.6687937,0.06172146,0.73288673
v;1550697677166;-0.07662329,-1.4885979,0.23861288
q;1550697677192;-0.109372,-0.64801586,0.058197133,0.7514827
v;1550697677192;-0.08907475,-1.4335977,0.23221149
q;1550697677219;-0.115863755,-0.62318695,0.05500609,0.77148426
v;1550697677219;-0.110440336,-1.3718554,0.23278433
q;1550697677245;-0.11351177,-0.597371,0.05512676,0.79197484
v;1550697677245;-0.11418262,-1.3054601,0.22632368
q;1550697677271;-0.11272092,-0.57465005,0.052445166,0.8089011
v;1550697677271;-0.12239023,-1.248748,0.21772805
q;1550697677298;-0.114989,-0.554264,0.043982074,0.8231856
v;1550697677298;-0.14102621,-1.1995908,0.20328072
q;1550697677324;-0.112817585,-0.53143096,0.042317234,0.83848834
v;1550697677324;-0.1447197,-1.143914,0.19410755
q;1550697677350;-0.11779965,-0.51398987,0.041269682,0.84866625
v;1550697677350;-0.15817958,-1.1046057,0.19479002
q;1550697677376;-0.12864238,-0.49790564,0.03864801,0.8567657
v;1550697677376;-0.18296577,-1.0711913,0.19893639
q;1550697677404;-0.13778658,-0.4690015,0.037023596,0.87159723
v;1550697677404;-0.20693429,-1.0080788,0.19932523
q;1550697677430;-0.1424121,-0.44565472,0.033087496,0.8831851
v;1550697677430;-0.22392803,-0.95621324,0.19128938
q;1550697677456;-0.13180017,-0.4213651,0.032967232,0.89665675
v;1550697677456;-0.21011926,-0.8970962,0.17491046
q;1550697677482;-0.11644251,-0.39787102,0.032460038,0.9094428
v;1550697677482;-0.1870547,-0.8393713,0.15501252
q;1550697677507;-0.1173218,-0.37458572,0.027695166,0.91932267
v;1550697677507;-0.19622152,-0.78783965,0.1420085
q;1550697677531;-0.13163969,-0.34653407,0.02181366,0.92849845
v;1550697677531;-0.23139559,-0.73022056,0.13576733
q;1550697677557;-0.13373436,-0.3182002,0.016266026,0.9384025
v;1550697677557;-0.24302684,-0.6684403,0.11942138
q;1550697677585;-0.118234746,-0.2908058,0.010803873,0.9493871
v;1550697677585;-0.21998751,-0.60459423,0.091613695
q;1550697677612;-0.12050568,-0.2700364,0.0036920167,0.95527226
v;1550697677612;-0.23026705,-0.55956435,0.07415916
q;1550697677638;-0.124367826,-0.24953832,-0.0015955113,0.9603441
v;1550697677638;-0.24202396,-0.5158388,0.060813386
q;1550697677664;-0.12429468,-0.22757506,-0.003274846,0.9657897
v;1550697677664;-0.24398921,-0.46918243,0.051803928
q;1550697677689;-0.12247815,-0.20455371,-0.0059150467,0.9711447
v;1550697677689;-0.24268304,-0.42004716,0.039794285
q;1550697677713;-0.11193023,-0.18973875,-0.007786676,0.9754026
v;1550697677713;-0.2231565,-0.38738385,0.02798213
q;1550697677738;-0.11277291,-0.17984569,-0.010788883,0.97714967
v;1550697677738;-0.22619665,-0.36629915,0.019989228
q;1550697677765;-0.11593929,-0.18028791,-0.010965755,0.9766955
v;1550697677765;-0.23251827,-0.36751673,0.020949764
q;1550697677792;-0.10810069,-0.17990701,-0.010409292,0.9776704
v;1550697677792;-0.21681376,-0.36602697,0.018988095
q;1550697677818;-0.107309416,-0.17712587,-0.008849445,0.97828054
v;1550697677818;-0.21473894,-0.36051962,0.021188272
q;1550697677844;-0.104757406,-0.18353376,-0.0046833446,0.97740436
v;1550697677844;-0.20799628,-0.37435648,0.029947858
q;1550697677870;-0.09971912,-0.19012538,-0.002821561,0.9766783
v;1550697677870;-0.19713427,-0.38779044,0.033052824
q;1550697677895;-0.092672706,-0.1963085,-6.35698E-4,0.97615284
v;1550697677895;-0.18218112,-0.40017945,0.035742793
q;1550697677922;-0.08806333,-0.20022716,0.002003223,0.97578174
v;1550697677922;-0.17190439,-0.40820193,0.039771277
q;1550697677948;-0.09267616,-0.20531628,0.003909268,0.97429
v;1550697677948;-0.17995128,-0.41958115,0.04643968
q;1550697677973;-0.09547912,-0.20849834,0.004648729,0.9733399
v;1550697677973;-0.18498193,-0.42665422,0.04973267
q;1550697678000;-0.09413583,-0.20911455,0.0057012253,0.973333
v;1550697678000;-0.1818675,-0.42793593,0.051337566
q;1550697678025;-0.08993172,-0.21045828,0.0072361925,0.97343063
v;1550697678025;-0.17289892,-0.43042362,0.052752245
q;1550697678051;-0.087501206,-0.2153843,0.0075668637,0.9725718
v;1550697678051;-0.16772819,-0.44035375,0.05318246
q;1550697678080;-0.09019598,-0.2210474,0.0073830136,0.9710552
v;1550697678080;-0.17276472,-0.4524139,0.055060882
q;1550697678105;-0.08817865,-0.21904412,0.0061263624,0.971703
v;1550697678105;-0.16949339,-0.4477922,0.051293217
q;1550697678129;-0.0860948,-0.21898822,0.005434092,0.97190654
v;1550697678129;-0.16572982,-0.4473018,0.04896049
q;1550697678154;-0.08626159,-0.22025353,0.0047975946,0.9716091
v;1550697678154;-0.16627687,-0.4498446,0.04800185
q;1550697678179;-0.08624694,-0.2211224,0.0048662648,0.9714127
v;1550697678179;-0.16617438,-0.45165354,0.048280124
q;1550697678205;-0.08299651,-0.21781595,0.00487472,0.9724423
v;1550697678205;-0.15997654,-0.4444105,0.04624344
q;1550697678233;-0.085317455,-0.21596642,0.003491042,0.97265995
v;1550697678233;-0.1652124,-0.44064972,0.044259507
q;1550697678258;-0.08601823,-0.21641666,0.0022441242,0.97250175
v;1550697678258;-0.16711114,-0.4414704,0.04219656
q;1550697678283;-0.081059225,-0.21467324,0.0020591218,0.9733142
v;1550697678283;-0.15755922,-0.43727034,0.03930773
q;1550697678307;-0.08189441,-0.21306919,0.0010184359,0.97359836
v;1550697678307;-0.1597086,-0.4338912,0.037365552
q;1550697678333;-0.0837969,-0.21593703,4.5228275E-4,0.9728048
v;1550697678333;-0.16356914,-0.43994483,0.037580006
q;1550697678359;-0.0821419,-0.21676904,9.5357595E-4,0.9727605
v;1550697678359;-0.16007815,-0.44155863,0.03796118
q;1550697678384;-0.08094577,-0.21593623,0.0012366369,0.97304565
v;1550697678384;-0.15764594,-0.43974727,0.037843045
q;1550697678411;-0.08161287,-0.21880628,0.0013458288,0.9723484
v;1550697678411;-0.15878978,-0.44577327,0.038830183
q;1550697678436;-0.08124264,-0.22043657,0.0013578816,0.9720111
v;1550697678436;-0.15799534,-0.44910762,0.03895234
q;1550697678462;-0.07562558,-0.22144137,9.83525E-4,0.9722364
v;1550697678462;-0.14714673,-0.4505282,0.03580014
q;1550697678488;-0.07640473,-0.22121285,1.626367E-5,0.972228
v;1550697678488;-0.14911038,-0.45000237,0.034221377
q;1550697678514;-0.077789426,-0.2220021,-1.13801056E-4,0.9719382
v;1550697678514;-0.15184641,-0.45176047,0.03472406
q;1550697678541;-0.076280676,-0.22055486,-1.041689E-4,0.9723872
v;1550697678541;-0.14894477,-0.44861224,0.033826455
q;1550697678568;-0.07414753,-0.2211795,-1.9388813E-4,0.97241026
v;1550697678568;-0.14479482,-0.44967663,0.03277149
q;1550697678594;-0.07371785,-0.22203214,-6.3233863E-4,0.97224844
v;1550697678594;-0.14412335,-0.45133772,0.031841327
q;1550697678620;-0.07558808,-0.22271818,-8.62112E-4,0.97194767
v;1550697678620;-0.14785749,-0.4529111,0.0323524
q;1550697678647;-0.075503685,-0.2207783,-0.0016880383,0.97239566
v;1550697678647;-0.14812535,-0.44877684,0.03039372
q;1550697678673;-0.07529564,-0.22061953,-0.0018708059,0.9724475
v;1550697678673;-0.14780517,-0.44840297,0.029915443
q;1550697678700;-0.07426723,-0.22088131,-0.0014072714,0.97246796
v;1550697678700;-0.14558037,-0.44890764,0.030397613
q;1550697678726;-0.07377377,-0.22009395,-0.0020985128,0.9726827
v;1550697678726;-0.14494771,-0.4471392,0.028696774
q;1550697678753;-0.07317492,-0.22114827,-0.0019154373,0.9724892
v;1550697678753;-0.14366452,-0.4492862,0.028941687
q;1550697678777;-0.0734976,-0.22086005,-0.0017267852,0.9725307
v;1550697678777;-0.14421953,-0.44874644,0.029416246
q;1550697678802;-0.0729611,-0.22031122,-0.002025087,0.972695
v;1550697678802;-0.14332023,-0.4475215,0.028504789
q;1550697678827;-0.070602596,-0.22129734,-0.0023780484,0.9726444
v;1550697678827;-0.13884059,-0.4492954,0.026884254
q;1550697678851;-0.06825032,-0.22229326,-0.0022709721,0.97258544
v;1550697678851;-0.13417037,-0.45115685,0.026163846
q;1550697678878;-0.06776014,-0.22267519,-0.0017329061,0.97253346
v;1550697678878;-0.13296118,-0.45196947,0.027048394
q;1550697678903;-0.06838718,-0.22379558,-0.0017771078,0.9722323
v;1550697678903;-0.13417411,-0.45433396,0.027403675
q;1550697678928;-0.06856921,-0.22325888,-0.002171547,0.972342
v;1550697678928;-0.13472225,-0.453192,0.0266389
q;1550697678952;-0.068165265,-0.22223927,-0.0015927621,0.9726051
v;1550697678952;-0.13370171,-0.45112237,0.02744812
q;1550697678977;-0.07015806,-0.22136861,7.6422584E-4,0.972663
v;1550697678977;-0.13656604,-0.44980446,0.03286005
q;1550697679003;-0.06710018,-0.21882714,6.4252364E-4,0.9734536
v;1550697679003;-0.13072866,-0.44425982,0.030886032
q;1550697679029;-0.065321356,-0.22107615,2.1364591E-4,0.9730665
v;1550697679029;-0.12737374,-0.44869006,0.029541353
q;1550697679054;-0.068349525,-0.22397184,0.0016401054,0.9721946
v;1550697679054;-0.13255121,-0.4551182,0.034111522
q;1550697679080;-0.0648221,-0.22184461,0.0054685134,0.9729096
v;1550697679080;-0.12402349,-0.45084396,0.03971704
q;1550697679105;-0.05974837,-0.2201005,0.00420301,0.9736366
v;1550697679105;-0.11474788,-0.44664115,0.034720965
q;1550697679130;-0.064075775,-0.22083747,0.0037747351,0.97319627
v;1550697679130;-0.12336206,-0.44850105,0.035928484
q;1550697679155;-0.061023656,-0.21631916,0.007718797,0.9743832
v;1550697679155;-0.1158403,-0.4393466,0.041735042
q;1550697679180;-0.052554067,-0.2108133,0.010937642,0.97605133
v;1550697679180;-0.09813678,-0.42758462,0.043733895
q;1550697679206;-0.053296648,-0.21073788,0.010639375,0.97603065
v;1550697679206;-0.09971928,-0.4274668,0.043461487
q;1550697679232;-0.058840293,-0.21256456,0.008421024,0.9753375
v;1550697679232;-0.111428715,-0.43149486,0.041712113
q;1550697679258;-0.06342307,-0.2148015,0.0076884306,0.9745659
v;1550697679258;-0.12060915,-0.43644738,0.042554386
q;1550697679283;-0.058722343,-0.21793576,0.008260502,0.9741599
v;1550697679283;-0.11103742,-0.44251746,0.04196014
q;1550697679309;-0.05933652,-0.21679838,0.008467538,0.97437465
v;1550697679309;-0.112195745,-0.44025487,0.042509224
q;1550697679334;-0.059684426,-0.21712069,0.007220355,0.9742917
v;1550697679334;-0.11340765,-0.44081926,0.040256314
q;1550697679359;-0.057536814,-0.21970634,0.007744687,0.9738371
v;1550697679359;-0.10887482,-0.44600153,0.040618133
q;1550697679386;-0.056182526,-0.21857579,0.0079040835,0.97416925
v;1550697679386;-0.10620685,-0.44356912,0.040197365
q;1550697679412;-0.058217958,-0.21936938,0.008817754,0.9738634
v;1550697679412;-0.10974414,-0.44547936,0.042988822
q;1550697679438;-0.057785217,-0.22005895,0.008941434,0.97373253
v;1550697679438;-0.10881401,-0.44687146,0.0431137
q;1550697679465;-0.0564675,-0.22314358,0.009405751,0.9731032
v;1550697679465;-0.10589757,-0.45314828,0.043765314
q;1550697679492;-0.054921158,-0.22371624,0.010289461,0.9730513
v;1550697679492;-0.10245753,-0.45426968,0.044848002
q;1550697679519;-0.049410492,-0.22467557,0.011432441,0.97311294
v;1550697679519;-0.091152966,-0.45585126,0.044652928
q;1550697679545;-0.048507642,-0.22813031,0.010534097,0.9723644
v;1550697679545;-0.08964794,-0.4628124,0.042802982
q;1550697679570;-0.05304168,-0.2300154,0.011335625,0.9716743
v;1550697679570;-0.09802063,-0.46717343,0.046670757
q;1550697679595;-0.05640207,-0.22684254,0.010631723,0.9722388
v;1550697679595;-0.10504217,-0.4608849,0.04653512
q;1550697679619;-0.062029853,-0.22519508,0.009700187,0.9722887
v;1550697679619;-0.11651645,-0.45795012,0.04713735
q;1550697679644;-0.0557297,-0.22752197,0.009667535,0.97212887
v;1550697679644;-0.10414189,-0.4621286,0.04441077
q;1550697679671;-0.0527549,-0.22638321,0.011859786,0.9725363
v;1550697679671;-0.097396314,-0.45970735,0.047194898
q;1550697679697;-0.052959412,-0.22464256,0.011961842,0.9729275
v;1550697679697;-0.09783305,-0.4561502,0.047313698
q;1550697679723;-0.055202756,-0.22547683,0.009957108,0.97263235
v;1550697679723;-0.103076205,-0.45789143,0.04451398
q;1550697679749;-0.0560601,-0.22645785,0.0072461604,0.9723794
v;1550697679749;-0.10593953,-0.45972967,0.039715573
q;1550697679774;-0.056574903,-0.22666256,0.0065476815,0.9723068
v;1550697679774;-0.1072536,-0.4601289,0.03861094
q;1550697679799;-0.05470644,-0.22654808,0.0070536793,0.97243685
v;1550697679799;-0.103385195,-0.4597773,0.038722172
q;1550697679826;-0.048363138,-0.22672796,0.0072831735,0.9727294
v;1550697679826;-0.09091107,-0.45964092,0.0362573
q;1550697679851;-0.052980732,-0.22075078,0.00655973,0.97386813
v;1550697679851;-0.10046528,-0.44764295,0.036359005
q;1550697679877;-0.053804196,-0.21964839,0.005416405,0.97407925
v;1550697679877;-0.10261971,-0.44533348,0.0343756
q;1550697679903;-0.062127,-0.22193266,0.005616967,0.97306454
v;1550697679903;-0.11869247,-0.45078558,0.038789935
q;1550697679929;-0.067095794,-0.22159554,0.0044142054,0.9728176
v;1550697679929;-0.1289446,-0.45042777,0.038655147
q;1550697679954;-0.06294749,-0.22467378,0.00430484,0.9723892
v;1550697679954;-0.12077797,-0.45637053,0.036934655
q;1550697679980;-0.06058116,-0.22644125,0.005302798,0.9721246
v;1550697679980;-0.11564089,-0.45990753,0.03800906
q;1550697680006;-0.061852746,-0.22884986,0.005382439,0.97147983
v;1550697680006;-0.11798741,-0.46500754,0.039049186
q;1550697680031;-0.063878976,-0.2302763,0.00417083,0.9710175
v;1550697680031;-0.12244,-0.46801394,0.037811533
q;1550697680056;-0.06127841,-0.2296244,0.0032828753,0.9713428
v;1550697680056;-0.11780936,-0.4663251,0.03476758
q;1550697680080;-0.06263608,-0.22963375,0.003593812,0.97125286
v;1550697680080;-0.12031045,-0.4665036,0.036015786
q;1550697680105;-0.059955508,-0.2309934,0.0041815764,0.9710973
v;1550697680105;-0.11476519,-0.4691291,0.036065098
q;1550697680129;-0.056923423,-0.23295954,0.0038585851,0.97081137
v;1550697680129;-0.10894138,-0.47288758,0.034223147
q;1550697680156;-0.05849103,-0.23385458,0.003310691,0.970505
v;1550697680156;-0.11221862,-0.4748184,0.03400326
q;1550697680183;-0.05743329,-0.234053,0.0032115723,0.9705206
v;1550697680183;-0.110199936,-0.4751258,0.033326954
q;1550697680209;-0.058674593,-0.23443411,0.0027262887,0.97035587
v;1550697680209;-0.11283146,-0.4759719,0.0330175
q;1550697680236;-0.059818823,-0.2356141,0.0020239023,0.9700019
v;1550697680236;-0.115350656,-0.47843885,0.03233517
q;1550697680263;-0.0569741,-0.23554072,0.0016686015,0.9701916
v;1550697680263;-0.10998717,-0.47800526,0.030264627
q;1550697680288;-0.057415225,-0.23431312,0.0013559024,0.9704633
v;1550697680288;-0.111031316,-0.47547293,0.029725377
q;1550697680313;-0.05650422,-0.23324205,7.2585716E-4,0.9707754
v;1550697680313;-0.109586425,-0.473121,0.027938813
q;1550697680337;-0.055140074,-0.23440246,7.253838E-4,0.9705744
v;1550697680337;-0.106898494,-0.47540957,0.027417935
q;1550697680364;-0.057399146,-0.23389982,3.5211814E-4,0.97056484
v;1550697680364;-0.11148526,-0.47451463,0.027710356
q;1550697680390;-0.057621542,-0.23378189,-7.2154915E-4,0.97057986
v;1550697680390;-0.112426676,-0.47417822,0.025706207
q;1550697680418;-0.05761642,-0.23352017,-4.849848E-4,0.97064334
v;1550697680418;-0.11231246,-0.47366133,0.026135312
q;1550697680442;-0.056749262,-0.23390056,-5.1797443E-4,0.9706028
v;1550697680442;-0.11062983,-0.4743752,0.02570181
q;1550697680468;-0.055984978,-0.23540059,-7.1956124E-4,0.97028434
v;1550697680468;-0.109198354,-0.47739518,0.02511364
q;1550697680494;-0.059726197,-0.23358946,-0.0018691199,0.9704974
v;1550697680494;-0.11706868,-0.473828,0.0244446
q;1550697680521;-0.06142925,-0.23495696,-0.0024014565,0.97005975
v;1550697680521;-0.1206007,-0.47673717,0.024386879
q;1550697680547;-0.061948735,-0.23461261,-0.0024618488,0.97010994
v;1550697680547;-0.12164915,-0.47606105,0.024474679
q;1550697680573;-0.057399813,-0.23470128,-0.0025453297,0.970368
v;1550697680573;-0.11283193,-0.47587234,0.022146426
q;1550697680599;-0.055967126,-0.23495115,-0.0030445212,0.9703898
v;1550697680599;-0.110273845,-0.4762302,0.020516384
q;1550697680625;-0.056011885,-0.23701769,-0.0033407116,0.96988356
v;1550697680625;-0.110458106,-0.4804764,0.020195857
q;1550697680652;-0.05558079,-0.23536228,-0.002767719,0.97031325
v;1550697680652;-0.10938237,-0.47707957,0.020918662
q;1550697680678;-0.053586856,-0.23858811,-0.0018714211,0.9696394
v;1550697680678;-0.105005726,-0.48369092,0.02206448
