q;1551010783802;-0.14593086,-0.0014715064,-0.016302194,0.98915935
v;1551010783802;-0.29291648,0.0019290441,-0.03324329
bq;1551010783806;-0.14593086,-0.0014715064,-0.016302194,0.98915935
r;1551010783808;90.0,90.0
q;1551010783839;-0.14420082,-0.0017892246,-0.014988751,0.98943335
v;1551010783839;-0.28943193,8.160876E-4,-0.030414263
r;1551010783842;89.79858,90.05444
q;1551010783866;-0.14543432,-0.0019498273,-0.015315044,0.98924744
v;1551010783866;-0.29192966,6.233147E-4,-0.03105218
r;1551010783870;89.941246,90.06973
q;1551010783897;-0.14784446,-0.0021186946,-0.015359035,0.9888891
v;1551010783897;-0.29680738,3.6724654E-4,-0.031115618
r;1551010783901;90.22014,90.09293
q;1551010783924;-0.14731647,-0.0015583398,-0.014839654,0.98897684
v;1551010783924;-0.29572284,0.0013484617,-0.03020871
r;1551010783927;90.15975,90.03715
q;1551010783951;-0.1483991,-0.0017916661,-0.014631266,0.9888177
v;1551010783951;-0.2979192,8.3610124E-4,-0.029716767
r;1551010783953;90.28471,90.06936
q;1551010783975;-0.14976215,-0.0020458053,-0.015336867,0.98860097
v;1551010783975;-0.30068314,5.7457254E-4,-0.031111967
r;1551010783978;90.44245,90.088875
q;1551010784000;-0.1486877,-0.0027073778,-0.015034994,0.9887662
v;1551010784000;-0.29853067,-9.237479E-4,-0.030270366
r;1551010784002;90.31672,90.16683
q;1551010784025;-0.14484446,-0.002057801,-0.015043088,0.9893379
v;1551010784025;-0.29074094,2.986282E-4,-0.030451788
r;1551010784028;89.872665,90.085304
q;1551010784051;-0.14419025,-0.0012064931,-0.016781578,0.98940694
v;1551010784051;-0.28938848,0.0025584414,-0.034292042
r;1551010784054;89.79916,89.95874
q;1551010784076;-0.1468993,-0.002365896,-0.016692892,0.9890078
v;1551010784076;-0.29490408,2.3470189E-4,-0.033788502
r;1551010784079;90.11065,90.09662
q;1551010784102;-0.14461319,-0.0022932158,-0.015208914,0.98936874
v;1551010784102;-0.29028082,-1.449155E-4,-0.030721078
r;1551010784104;89.84553,90.10878
q;1551010784126;-0.14474407,-0.001667517,-0.014460837,0.98936206
v;1551010784126;-0.2905266,9.2546776E-4,-0.029365957
r;1551010784129;89.8615,90.05051
q;1551010784152;-0.14666815,-0.002279392,-0.015584633,0.98906034
v;1551010784152;-0.29443407,6.544205E-5,-0.03152111
r;1551010784154;90.08366,90.10502
q;1551010784176;-0.14569752,-9.924741E-4,-0.015184314,0.98921216
v;1551010784176;-0.2924318,0.0025702182,-0.031075912
r;1551010784181;89.973335,89.96392
q;1551010784207;-0.14736667,-0.0015474785,-0.013556667,0.9889878
v;1551010784207;-0.29582554,9.771733E-4,-0.027559116
r;1551010784210;90.16517,90.05768
q;1551010784235;-0.1512731,-0.0024090577,-0.014019046,0.9883897
v;1551010784235;-0.30375046,-5.457504E-4,-0.028282015
r;1551010784239;90.6166,90.15586
q;1551010784264;-0.1482771,-0.0012326773,-0.015937487,0.9888167
v;1551010784264;-0.29765275,0.002393809,-0.032591596
r;1551010784267;90.27206,89.983574
q;1551010784291;-0.14461277,-2.0734647E-4,-0.016812196,0.9893455
v;1551010784291;-0.29020742,0.0046465555,-0.034662236
r;1551010784294;89.84998,89.84573
q;1551010784319;-0.14769939,-0.0018945099,-0.016813546,0.98888755
v;1551010784319;-0.2965054,0.001275443,-0.03419218
r;1551010784322;90.20428,90.04263
q;1551010784346;-0.14810272,-0.0032978684,-0.016731303,0.98882496
v;1551010784346;-0.297369,-0.0016380186,-0.033592194
r;1551010784350;90.24829,90.20378
q;1551010784374;-0.14575835,-0.0023966786,-0.017349657,0.9891652
v;1551010784374;-0.29259855,3.3033194E-4,-0.035124466
r;1551010784376;89.97869,90.08705
q;1551010784403;-0.14249387,-0.0023465883,-0.018457739,0.9896208
v;1551010784403;-0.28599945,6.4183574E-4,-0.03739074
r;1551010784406;89.6013,90.05755
q;1551010784430;-0.14323135,-0.0013053338,-0.019952046,0.98948723
v;1551010784430;-0.28744534,0.003266313,-0.04079529
r;1551010784433;89.68976,89.916145
q;1551010784455;-0.14237797,-0.002719669,-0.02019395,0.9896026
v;1551010784455;-0.28577915,3.8310187E-4,-0.04086169
r;1551010784458;89.58791,90.07134
q;1551010784487;-0.13781725,-0.0017890738,-0.020215053,0.99024975
v;1551010784487;-0.27653024,0.0021088251,-0.04111597
r;1551010784490;89.06233,89.95889
q;1551010784535;-0.142347,-0.0015537393,-0.019807946,0.9896174
v;1551010784535;-0.2856693,0.002672291,-0.040410493
r;1551010784540;89.58675,89.945366
q;1551010784574;-0.14313465,-0.0017136327,-0.02016477,0.98949635
v;1551010784574;-0.28726622,0.0024830396,-0.04111112
r;1551010784581;89.67778,89.95882
q;1551010784607;-0.14021122,4.6418214E-4,-0.022459617,0.98986673
v;1551010784607;-0.28125337,0.0075123794,-0.046434753
r;1551010784610;89.34645,89.67064
q;1551010784636;-0.138105,6.6261116E-4,-0.024609717,0.9901116
v;1551010784636;-0.2769739,0.008430992,-0.05087588
r;1551010784639;89.10556,89.61151
q;1551010784665;-0.12902413,0.0055615865,-0.027487114,0.99124485
v;1551010784665;-0.25834754,0.018741827,-0.057880156
r;1551010784668;88.07406,89.00343
q;1551010784693;-0.10617317,0.018489694,-0.022669477,0.9939172
v;1551010784693;-0.21179628,0.042531133,-0.050130077
r;1551010784696;85.46042,87.57294
q;1551010784721;-0.10321324,0.0143497,-0.018558603,0.99438256
v;1551010784721;-0.20619221,0.033075694,-0.040744964
r;1551010784724;85.09958,88.08944
q;1551010784752;-0.14414403,-0.0029877967,-0.018625505,0.9893769
v;1551010784752;-0.28935787,-5.661394E-4,-0.037564047
r;1551010784754;89.79106,90.13017
q;1551010784778;-0.15628454,-0.0058407397,-0.019874802,0.9874948
v;1551010784778;-0.31402838,-0.0055968845,-0.03936146
r;1551010784782;91.191956,90.4501
q;1551010784806;-0.13870601,-0.0036853969,-0.017508531,0.99017197
v;1551010784806;-0.27839693,-0.0025390384,-0.035005208
r;1551010784809;89.15987,90.21837
q;1551010784835;-0.12549914,2.282461E-4,-0.023674756,0.9918112
v;1551010784835;-0.2515775,0.006602979,-0.048566375
r;1551010784838;87.64655,89.66208
q;1551010784865;-0.11987144,0.0026710844,-0.027737811,0.9923983
v;1551010784865;-0.24007167,0.012304689,-0.05737017
r;1551010784870;87.00918,89.32232
q;1551010784896;-0.1181431,4.485211E-4,-0.02705387,0.99262786
v;1551010784896;-0.23672475,0.0074918927,-0.05538703
r;1551010784899;86.80212,89.58339
q;1551010784927;-0.108868286,0.0023200698,-0.024016425,0.9937633
v;1551010784927;-0.21798955,0.010079152,-0.049427845
r;1551010784930;85.73401,89.401794
q;1551010784956;-0.09910312,0.0059781624,-0.023365831,0.99478483
v;1551010784956;-0.1981881,0.016855963,-0.048643872
r;1551010784958;84.61768,88.981865
q;1551010784983;-0.09796251,-0.003983024,-0.023746146,0.9948988
v;1551010784983;-0.19637445,-0.0033370908,-0.047398023
r;1551010784986;84.46088,90.112206
q;1551010785010;-0.09650663,-0.0024129448,-0.024725497,0.99502224
v;1551010785010;-0.19337474,-3.0078902E-5,-0.049685236
r;1551010785013;84.298355,89.920845
q;1551010785040;-0.10197792,-0.0057057077,-0.026757142,0.9944104
v;1551010785040;-0.20454447,-0.0060157976,-0.0531847
r;1551010785042;84.92022,90.27741
q;1551010785067;-0.08965267,-0.010039286,-0.02723854,0.99555
v;1551010785067;-0.18002519,-0.015353931,-0.053321123
r;1551010785070;83.48871,90.759224
q;1551010785094;-0.08033298,-0.009317145,-0.028726276,0.99631053
v;1551010785094;-0.16130711,-0.014134156,-0.05650687
r;1551010785096;82.4201,90.65804
q;1551010785124;-0.08810305,-0.015170252,-0.03197492,0.9954825
v;1551010785124;-0.17730781,-0.024963185,-0.061998956
r;1551010785126;83.293365,91.29627
q;1551010785153;-0.08112244,-0.021586979,-0.025977034,0.9961317
v;1551010785153;-0.16346583,-0.03932656,-0.04892214
r;1551010785155;82.47271,92.0854
q;1551010785180;-0.06677159,-0.019481154,-0.02284086,0.9973166
v;1551010785180;-0.13447972,-0.036141623,-0.04336253
r;1551010785184;80.833786,91.86014
q;1551010785210;-0.0639025,-0.025902197,-0.02296275,0.99735564
v;1551010785210;-0.12901421,-0.049160853,-0.04286287
r;1551010785212;80.48678,92.590904
q;1551010785237;-0.0691035,-0.03506982,-0.028692529,0.99657995
v;1551010785237;-0.1402057,-0.066636965,-0.05288526
r;1551010785239;81.04338,93.598755
q;1551010785263;-0.08128745,-0.043671984,-0.026111986,0.995391
v;1551010785263;-0.16485198,-0.083931305,-0.045515884
r;1551010785267;82.420815,94.60786
q;1551010785294;-0.07919401,-0.05899968,-0.022841293,0.99484956
v;1551010785294;-0.16096166,-0.11552053,-0.036583405
r;1551010785296;82.14631,96.38988
q;1551010785321;-0.08512244,-0.07896846,-0.028774183,0.9928193
v;1551010785321;-0.1744504,-0.15486355,-0.04437908
r;1551010785324;82.71865,98.62018
q;1551010785349;-0.1033959,-0.104774475,-0.030553292,0.98863447
v;1551010785349;-0.21243821,-0.206942,-0.039647
r;1551010785353;84.68789,101.54363
q;1551010785377;-0.1102294,-0.11749763,-0.021195265,0.98670894
v;1551010785377;-0.22438772,-0.23520412,-0.016333917
r;1551010785380;85.520615,103.11387
q;1551010785405;-0.10693167,-0.097248286,-0.024041021,0.98920697
v;1551010785405;-0.2179525,-0.19298902,-0.027417235
r;1551010785407;85.18907,100.759544
q;1551010785433;-0.07066826,-0.06998133,-0.018182302,0.99487597
v;1551010785433;-0.1436507,-0.1385408,-0.026564049
r;1551010785437;81.16615,97.680016
q;1551010785461;-0.061223473,-0.07671978,-0.021762898,0.99493325
v;1551010785461;-0.12549497,-0.15176824,-0.034186617
r;1551010785464;80.03976,98.417114
q;1551010785488;-0.07791884,-0.08344273,-0.022144334,0.9932148
v;1551010785488;-0.15914682,-0.1651289,-0.03138636
r;1551010785491;81.92828,99.19465
q;1551010785515;-0.07939994,-0.075409554,-0.01664977,0.993847
v;1551010785515;-0.1610289,-0.14973596,-0.021398058
r;1551010785518;82.164345,98.32484
q;1551010785543;-0.06855739,-0.068748176,-0.011474226,0.9952095
v;1551010785543;-0.13847774,-0.1369999,-0.01354217
r;1551010785545;80.974144,97.58864
q;1551010785569;-0.0668607,-0.07090867,-0.01412564,0.99513924
v;1551010785569;-0.13548882,-0.14099365,-0.018805392
r;1551010785572;80.75635,97.81294
q;1551010785597;-0.057109542,-0.06772605,-0.015172542,0.9959526
v;1551010785597;-0.11607241,-0.13447799,-0.022640923
r;1551010785600;79.63864,97.42545
q;1551010785626;-0.05323868,-0.06543657,-0.012186046,0.996361
v;1551010785626;-0.10789394,-0.13022219,-0.01741805
r;1551010785629;79.22009,97.174805
q;1551010785654;-0.05159628,-0.061159313,-0.011050878,0.9967323
v;1551010785654;-0.10439662,-0.121740215,-0.01580505
r;1551010785656;79.04662,96.68778
q;1551010785681;-0.05014084,-0.05479344,-0.011945748,0.99716645
v;1551010785681;-0.101480715,-0.108852156,-0.018424848
r;1551010785683;78.88488,95.94995
q;1551010785710;-0.048116073,-0.051038913,-0.009716853,0.9974896
v;1551010785710;-0.09713511,-0.1015387,-0.014542396
r;1551010785712;78.67074,95.52758
q;1551010785736;-0.054830033,-0.044162657,-0.010087701,0.9974676
v;1551010785736;-0.11049809,-0.08764139,-0.015375803
r;1551010785739;79.44805,94.75325
q;1551010785764;-0.057642963,-0.042240996,-0.015805561,0.99731797
v;1551010785764;-0.116575874,-0.08309216,-0.026841935
r;1551010785767;79.74968,94.50233
q;1551010785791;-0.055137,-0.048087176,-0.017183853,0.9971721
v;1551010785791;-0.11184786,-0.094740205,-0.029154027
r;1551010785794;79.443985,95.15911
q;1551010785821;-0.043529034,-0.0471304,-0.018192036,0.997774
v;1551010785821;-0.08869531,-0.09296596,-0.032332707
r;1551010785824;78.11122,95.0273
q;1551010785847;-0.050979324,-0.037297737,-0.022155493,0.9977571
v;1551010785847;-0.10356772,-0.07262183,-0.040637646
r;1551010785850;78.97509,93.88835
q;1551010785878;-0.057026904,-0.03439099,-0.018757578,0.99760383
v;1551010785878;-0.115326166,-0.06697239,-0.033733275
r;1551010785880;79.68603,93.58348
q;1551010785904;-0.07691954,-0.032473724,-0.013003831,0.9964235
v;1551010785904;-0.15475035,-0.063515864,-0.0211735
r;1551010785907;81.990486,93.44117
q;1551010785931;-0.08059809,-0.025564797,-0.013899105,0.99632186
v;1551010785931;-0.16202188,-0.049367394,-0.023890145
r;1551010785934;82.42293,92.6508
q;1551010785960;-0.078420825,-0.021172771,-0.016968528,0.99655104
v;1551010785960;-0.15767175,-0.040045433,-0.030887224
r;1551010785963;82.17536,92.11731
q;1551010785990;-0.06917588,-0.018878521,-0.016252628,0.9972934
v;1551010785990;-0.13903847,-0.0357589,-0.030100381
r;1551010785992;81.11905,91.84566
q;1551010786017;-0.065918475,-0.017866803,-0.0178453,0.9975054
v;1551010786017;-0.13253342,-0.03359266,-0.033546492
r;1551010786019;80.74512,91.71233
q;1551010786045;-0.067566134,-0.01277503,-0.019794894,0.99743664
v;1551010786045;-0.1357078,-0.023023332,-0.038121633
r;1551010786047;80.944046,91.11768
q;1551010786075;-0.073357075,-0.012165667,-0.020801479,0.9970146
v;1551010786075;-0.14731455,-0.021440675,-0.040139295
r;1551010786077;81.610176,91.04754
q;1551010786102;-0.06896449,-0.015219195,-0.019108986,0.99732
v;1551010786102;-0.13858415,-0.027993133,-0.036373045
r;1551010786106;81.09947,91.404434
q;1551010786131;-0.06986863,-0.017327689,-0.017121408,0.9972587
v;1551010786131;-0.14040844,-0.032493304,-0.03204845
r;1551010786134;81.200645,91.662636
q;1551010786160;-0.0731055,-0.01524316,-0.01638664,0.99707305
v;1551010786160;-0.14680941,-0.028309451,-0.0307846
r;1551010786162;81.57737,91.435844
q;1551010786189;-0.076226704,-0.014642598,-0.015659392,0.99686
v;1551010786189;-0.15302987,-0.027126202,-0.029335104
r;1551010786192;81.93779,91.37898
q;1551010786216;-0.06824621,-0.017046629,-0.014494843,0.99741757
v;1551010786216;-0.13706286,-0.032335617,-0.026843023
r;1551010786218;81.017975,91.6483
q;1551010786245;-0.06741068,-0.016311308,-0.012482329,0.9975139
v;1551010786245;-0.13530585,-0.03114831,-0.022914905
r;1551010786247;80.92577,91.57809
q;1551010786275;-0.06863676,-0.013933906,-0.012362629,0.9974678
v;1551010786275;-0.13770524,-0.026352672,-0.02296933
r;1551010786278;81.070305,91.30992
q;1551010786302;-0.06862633,-0.011595188,-0.011698408,0.9975065
v;1551010786302;-0.13761567,-0.021734083,-0.02195633
r;1551010786305;81.073105,91.04776
q;1551010786331;-0.0698167,-0.011137399,-0.01206107,0.9974247
v;1551010786331;-0.13999934,-0.020737672,-0.022729183
r;1551010786333;81.21019,90.99529
q;1551010786357;-0.07155483,-0.01103493,-0.011719963,0.99730676
v;1551010786357;-0.14347461,-0.020545714,-0.022025662
r;1551010786361;81.41024,90.99032
q;1551010786387;-0.07389496,-0.011373863,-0.011811944,0.9971312
v;1551010786387;-0.1481763,-0.02117033,-0.022119343
r;1551010786390;81.678535,91.03368
q;1551010786414;-0.07604469,-0.013084523,-0.012477284,0.9969405
v;1551010786414;-0.15254147,-0.02447797,-0.02315917
r;1551010786417;81.92246,91.22828
q;1551010786443;-0.074726194,-0.014984576,-0.011024752,0.99703056
v;1551010786443;-0.14989974,-0.028556552,-0.019969799
r;1551010786445;81.769806,91.45487
q;1551010786469;-0.07364073,-0.015235608,-0.009969694,0.99711865
v;1551010786469;-0.14769728,-0.029237507,-0.017833102
r;1551010786471;81.64611,91.48986
q;1551010786495;-0.07603961,-0.014309585,-0.010473828,0.9969471
v;1551010786495;-0.15250517,-0.027258657,-0.018928321
r;1551010786497;81.92229,91.38563
q;1551010786521;-0.07682388,-0.0135207195,-0.010637459,0.99689627
v;1551010786521;-0.15406732,-0.025629437,-0.019361995
r;1551010786523;82.01325,91.29597
q;1551010786548;-0.07726966,-0.013962374,-0.010938459,0.99685246
v;1551010786548;-0.15497799,-0.02646669,-0.019890005
r;1551010786551;82.06356,91.34484
q;1551010786582;-0.07716088,-0.014667737,-0.010544216,0.996855
v;1551010786582;-0.1547628,-0.027953707,-0.01898661
r;1551010786585;82.05058,91.42864
q;1551010786610;-0.07586684,-0.015901307,-0.010406692,0.99693686
v;1551010786610;-0.15218665,-0.030483145,-0.018552348
r;1551010786612;81.90045,91.56765
q;1551010786636;-0.075987145,-0.016703045,-0.0104428185,0.9969142
v;1551010786636;-0.15244393,-0.0320936,-0.018498322
r;1551010786638;81.91317,91.659225
q;1551010786663;-0.07641915,-0.016681777,-0.010879483,0.99687684
v;1551010786663;-0.15332396,-0.031977065,-0.019369822
r;1551010786666;81.96221,91.65403
q;1551010786691;-0.07622617,-0.016804611,-0.010027853,0.99689853
v;1551010786691;-0.15291174,-0.032359373,-0.01763831
r;1551010786693;81.94112,91.67502
q;1551010786716;-0.07584896,-0.018237622,-0.009877035,0.9969036
v;1551010786716;-0.15217511,-0.035278905,-0.017125025
r;1551010786718;81.896194,91.83913
q;1551010786742;-0.0751029,-0.019851696,-0.009866874,0.99692935
v;1551010786742;-0.15070616,-0.03854575,-0.016883474
r;1551010786744;81.80845,92.02181
q;1551010786767;-0.07588767,-0.020135127,-0.0105803,0.9968569
v;1551010786767;-0.1523126,-0.038999125,-0.018250363
r;1551010786770;81.89693,92.04995
q;1551010786793;-0.077540815,-0.020667741,-0.010742916,0.9967171
v;1551010786793;-0.15564422,-0.040028173,-0.018433971
r;1551010786796;82.08585,92.113266
q;1551010786819;-0.07482882,-0.023111619,-0.009374703,0.99688447
v;1551010786819;-0.15018868,-0.04520027,-0.015406194
r;1551010786821;81.77384,92.39787
q;1551010786846;-0.074795485,-0.024351873,-0.009484637,0.9968564
v;1551010786846;-0.15014616,-0.0476862,-0.015441152
r;1551010786848;81.7682,92.53859
q;1551010786873;-0.07497038,-0.025884803,-0.009909397,0.99680054
v;1551010786873;-0.150542,-0.050713204,-0.01605648
r;1551010786875;81.78527,92.71059
q;1551010786899;-0.07631343,-0.025510203,-0.009389553,0.9967133
v;1551010786899;-0.15320288,-0.050026175,-0.015000088
r;1551010786901;81.941345,92.67551
q;1551010786925;-0.07567283,-0.02499463,-0.009667237,0.9967725
v;1551010786925;-0.1519242,-0.048947938,-0.015670372
r;1551010786927;81.86773,92.612625
q;1551010786951;-0.07553786,-0.026367808,-0.010063407,0.99674344
v;1551010786951;-0.15169556,-0.0516595,-0.016265228
r;1551010786953;81.84942,92.76582
q;1551010786978;-0.07780595,-0.025795916,-0.010348312,0.996581
v;1551010786978;-0.15624876,-0.050440717,-0.016817363
r;1551010786980;82.11007,92.703316
q;1551010787004;-0.07956662,-0.025428137,-0.009937154,0.9964556
v;1551010787004;-0.15975323,-0.049748417,-0.015961315
r;1551010787007;82.313896,92.66913
q;1551010787033;-0.0794096,-0.025680427,-0.009817481,0.9964629
v;1551010787033;-0.1594363,-0.05027857,-0.015686553
r;1551010787035;82.295815,92.69866
q;1551010787061;-0.07719325,-0.026893826,-0.008623405,0.99661607
v;1551010787061;-0.15494716,-0.052932873,-0.013194862
r;1551010787063;82.0427,92.8425
q;1551010787088;-0.07708745,-0.02722294,-0.008337028,0.99661773
v;1551010787088;-0.15472394,-0.053642593,-0.012571065
r;1551010787091;82.03093,92.882355
q;1551010787116;-0.079583734,-0.025956625,-0.008901542,0.9964504
v;1551010787116;-0.15974313,-0.050983056,-0.013784369
r;1551010787118;82.31779,92.73894
q;1551010787143;-0.079009645,-0.025318708,-0.009390658,0.99650806
v;1551010787143;-0.15860718,-0.0496196,-0.014902484
r;1551010787146;82.25138,92.66022
q;1551010787170;-0.07672946,-0.025258474,-0.009134362,0.9966901
v;1551010787170;-0.15402067,-0.049554646,-0.014504318
r;1551010787172;81.9901,92.649994
q;1551010787197;-0.077739365,-0.025545843,-0.009012343,0.99660563
v;1551010787197;-0.15604393,-0.050147094,-0.0141642345
r;1551010787200;82.10608,92.68641
q;1551010787224;-0.08018228,-0.025567882,-0.00847633,0.9964162
v;1551010787224;-0.16091686,-0.050263453,-0.012959508
r;1551010787227;82.38813,92.6999
q;1551010787251;-0.08139943,-0.026568415,-0.008607359,0.9962902
v;1551010787251;-0.16337812,-0.05225779,-0.012999009
r;1551010787253;82.526474,92.81608
q;1551010787276;-0.0783519,-0.027010296,-0.007945377,0.99652815
v;1551010787276;-0.15723607,-0.053269994,-0.011748162
r;1551010787279;82.17753,92.86478
q;1551010787302;-0.07681672,-0.027161006,-0.0071091973,0.99664986
v;1551010787302;-0.15411428,-0.053709906,-0.010118013
r;1551010787305;82.0033,92.88531
q;1551010787328;-0.081149586,-0.026302528,-0.0065741003,0.9963331
v;1551010787328;-0.16276763,-0.052056435,-0.008949517
r;1551010787331;82.50354,92.80385
q;1551010787355;-0.08699737,-0.024631126,-0.008093355,0.9958711
v;1551010787355;-0.17456019,-0.048404872,-0.012017099
r;1551010787357;83.17362,92.61405
q;1551010787381;-0.08940215,-0.023251388,-0.00899229,0.99568355
v;1551010787381;-0.1794116,-0.04543892,-0.013974252
r;1551010787383;83.44971,92.45361
q;1551010787407;-0.08942729,-0.024200017,-0.009276969,0.9956561
v;1551010787407;-0.17948887,-0.04730792,-0.0143765025
r;1551010787410;83.45074,92.55906
q;1551010787434;-0.08594024,-0.027432945,-0.009947253,0.99587286
v;1551010787434;-0.17257218,-0.05375365,-0.015325442
r;1551010787436;83.043755,92.9131
q;1551010787460;-0.0904127,-0.027259216,-0.010588813,0.99547493
v;1551010787460;-0.18158062,-0.05325734,-0.016423369
r;1551010787463;83.55661,92.89714
q;1551010787487;-0.09474482,-0.024642015,-0.012167145,0.9951222
v;1551010787487;-0.1903117,-0.047615428,-0.019906888
r;1551010787490;84.05518,92.59125
q;1551010787515;-0.09518399,-0.02396758,-0.013086101,0.9950851
v;1551010787515;-0.19122288,-0.046064004,-0.021881465
r;1551010787517;84.104836,92.50524
q;1551010787542;-0.09108371,-0.024796875,-0.012879854,0.99545115
v;1551010787542;-0.18299718,-0.047838584,-0.021485727
r;1551010787544;83.632126,92.59381
q;1551010787570;-0.09103109,-0.024742259,-0.013788756,0.99544513
v;1551010787570;-0.18293382,-0.047559917,-0.02333878
r;1551010787572;83.624176,92.578026
q;1551010787597;-0.090440564,-0.022946322,-0.014280994,0.9955351
v;1551010787597;-0.18172751,-0.043840308,-0.024692994
r;1551010787600;83.55849,92.36681
q;1551010787626;-0.09181546,-0.02110858,-0.014389933,0.9954483
v;1551010787626;-0.18444663,-0.04007283,-0.025202794
r;1551010787628;83.7198,92.15854
q;1551010787652;-0.09020237,-0.020366695,-0.014737316,0.9956061
v;1551010787652;-0.18120237,-0.038536035,-0.026101125
r;1551010787655;83.53502,92.06723
q;1551010787678;-0.08368711,-0.02123361,-0.014296557,0.99616325
v;1551010787678;-0.16813017,-0.040493302,-0.025288695
r;1551010787681;82.78496,92.15829
q;1551010787705;-0.079969354,-0.02203758,-0.014287293,0.99645126
v;1551010787705;-0.1606915,-0.042189546,-0.025276821
r;1551010787707;82.35619,92.24309
q;1551010787732;-0.073150225,-0.020809466,-0.013386464,0.9970139
v;1551010787732;-0.14694902,-0.03997761,-0.023908475
r;1551010787734;81.57642,92.097145
q;1551010787758;-0.07050747,-0.021065503,-0.013006321,0.997204
v;1551010787758;-0.14164178,-0.040596712,-0.023203796
r;1551010787761;81.27313,92.124084
q;1551010787786;-0.064460255,-0.022101171,-0.013373196,0.9975859
v;1551010787786;-0.12956259,-0.042742703,-0.024036285
r;1551010787788;80.5764,92.22721
q;1551010787813;-0.058690976,-0.022878734,-0.014582814,0.99790746
v;1551010787813;-0.11807779,-0.044272594,-0.026607433
r;1551010787816;79.91061,92.29628
q;1551010787841;-0.050082132,-0.022812394,-0.01507234,0.99837077
v;1551010787841;-0.100859664,-0.044280175,-0.027956277
r;1551010787843;78.922134,92.269424
q;1551010787867;-0.0395546,-0.024551678,-0.01586646,0.9987897
v;1551010787867;-0.079877466,-0.047959987,-0.02985185
r;1551010787870;77.71017,92.44535
q;1551010787894;-0.0291831,-0.027534097,-0.015748067,0.9990707
v;1551010787894;-0.059213776,-0.054219402,-0.02991669
r;1551010787896;76.51599,92.7689
q;1551010787920;-0.013827943,-0.026877854,-0.017164478,0.9993957
v;1551010787920;-0.02856575,-0.053295482,-0.033584896
r;1551010787921;74.75474,92.66371
q;1551010787945;0.009827903,-0.030304898,-0.017364841,0.99934155
v;1551010787945;0.018591454,-0.060959477,-0.035315923
r;1551010787947;72.03761,93.01707
q;1551010787972;0.023553036,-0.029787691,-0.018983362,0.99909836
v;1551010787972;0.045948826,-0.060516667,-0.039387424
r;1551010787973;70.46234,92.939125
q;1551010787997;0.03901181,-0.030024555,-0.019579723,0.99859565
v;1551010787997;0.076813824,-0.061713487,-0.04158164
r;1551010788000;68.68874,92.94548
q;1551010788024;0.062490407,-0.028082395,-0.02074898,0.9974346
v;1551010788024;0.12381091,-0.059100468,-0.045263078
r;1551010788026;65.99741,92.69708
q;1551010788052;0.08446109,-0.027200906,-0.022526179,0.99580073
v;1551010788052;0.16777334,-0.058838136,-0.050183386
r;1551010788053;63.472435,92.584076
q;1551010788078;0.10102132,-0.02592807,-0.02385687,0.9942602
v;1551010788078;0.20099646,-0.05756872,-0.053786684
r;1551010788080;61.56822,92.43541
q;1551010788105;0.13004608,-0.024331613,-0.026846206,0.99084574
v;1551010788105;0.2593008,-0.05714052,-0.061627284
r;1551010788107;58.221684,92.27013
q;1551010788132;0.15678015,-0.023461586,-0.027711833,0.9869659
v;1551010788132;0.31327197,-0.057846975,-0.0652791
r;1551010788134;55.128986,92.17096
q;1551010788157;0.17633323,-0.022906832,-0.02632514,0.9837118
v;1551010788157;0.35300186,-0.05795545,-0.06384884
r;1551010788160;52.859657,92.070946
q;1551010788185;0.19639471,-0.022414597,-0.026310135,0.97991556
v;1551010788185;0.3938224,-0.058795273,-0.065418564
r;1551010788187;50.521763,92.00311
q;1551010788215;0.21621932,-0.023213672,-0.026518641,0.97570854
v;1551010788215;0.43421996,-0.06261512,-0.0681607
r;1551010788218;48.197994,92.08635
q;1551010788242;0.22829427,-0.02627335,-0.026760468,0.97286963
v;1551010788242;0.45871347,-0.0707013,-0.07151238
r;1551010788245;46.76954,92.42756
q;1551010788271;0.2444792,-0.02800539,-0.025524268,0.9689139
v;1551010788271;0.4919312,-0.075802356,-0.07171281
r;1551010788273;44.857277,92.57595
q;1551010788297;0.25475797,-0.028779117,-0.025990874,0.96622705
v;1551010788297;0.5130216,-0.07911362,-0.07454642
r;1551010788300;43.638264,92.667564
q;1551010788325;0.26427972,-0.030048154,-0.027830426,0.9635761
v;1551010788325;0.5324372,-0.084384836,-0.08077248
r;1551010788327;42.502487,92.85685
q;1551010788352;0.2768631,-0.03251674,-0.029181253,0.9599156
v;1551010788352;0.5581674,-0.092779316,-0.0873855
r;1551010788354;40.995255,93.16503
q;1551010788378;0.29310632,-0.033821676,-0.030832887,0.95498383
v;1551010788378;0.59165806,-0.09976934,-0.094979964
r;1551010788381;39.04695,93.3564
q;1551010788404;0.3052542,-0.03299146,-0.031883214,0.951165
v;1551010788404;0.6169995,-0.100985415,-0.09922128
r;1551010788406;37.59002,93.29901
q;1551010788429;0.32099918,-0.032528628,-0.031339355,0.9460017
v;1551010788429;0.65013355,-0.10277352,-0.10089622
r;1551010788431;35.69267,93.22669
q;1551010788455;0.34415522,-0.03433198,-0.031550273,0.9377543
v;1551010788455;0.6988004,-0.1127054,-0.108365454
r;1551010788457;32.872265,93.42576
q;1551010788480;0.36175153,-0.03356863,-0.03172169,0.9311298
v;1551010788480;0.7362926,-0.11559938,-0.112742275
r;1551010788482;30.719963,93.34823
q;1551010788507;0.37768087,-0.030630503,-0.03043301,0.92492855
v;1551010788507;0.77091414,-0.1112749,-0.110971674
r;1551010788509;28.767746,92.97887
q;1551010788535;0.3935114,-0.028507818,-0.027431035,0.9184681
v;1551010788535;0.80566496,-0.10697912,-0.10533766
r;1551010788537;26.810963,92.61831
q;1551010788562;0.40583497,-0.030773746,-0.028708715,0.9129769
v;1551010788562;0.8319842,-0.11832195,-0.11519029
r;1551010788564;25.26159,92.91176
q;1551010788588;0.42130572,-0.03171033,-0.030619955,0.9058468
v;1551010788588;0.8653696,-0.12875679,-0.12711361
r;1551010788591;23.310038,93.098206
q;1551010788616;0.4332198,-0.0325397,-0.030670743,0.9001784
v;1551010788616;0.8914031,-0.13595006,-0.13314678
r;1551010788618;21.79664,93.18626
q;1551010788642;0.44269657,-0.033062153,-0.02990659,0.8955625
v;1551010788642;0.9123557,-0.14051713,-0.13580121
r;1551010788644;20.586893,93.20084
q;1551010788669;0.45060694,-0.03628856,-0.030389706,0.89146674
v;1551010788669;0.92929214,-0.15450355,-0.14571296
r;1551010788671;19.56083,93.555115
q;1551010788695;0.46020913,-0.03759126,-0.032789804,0.8864081
v;1551010788695;0.94997495,-0.1672252,-0.16009408
r;1551010788697;18.31673,93.81231
q;1551010788721;0.46806493,-0.037131984,-0.033961605,0.88226026
v;1551010788721;0.9673557,-0.17233409,-0.16763838
r;1551010788723;17.301908,93.828575
q;1551010788747;0.47744697,-0.03660343,-0.034626532,0.87721467
v;1551010788747;0.98833644,-0.17778726,-0.1748686
r;1551010788749;16.084929,93.81322
q;1551010788773;0.4878976,-0.036946416,-0.034030862,0.8714544
v;1551010788773;1.0119104,-0.18512513,-0.18083553
r;1551010788775;14.71572,93.81714
q;1551010788802;0.50100166,-0.03597638,-0.03305918,0.86406606
v;1551010788802;1.0420066,-0.1900407,-0.18576662
r;1551010788804;12.993244,93.667816
q;1551010788830;0.51396096,-0.04008595,-0.032499127,0.8562599
v;1551010788830;1.0707552,-0.21449335,-0.20341961
r;1551010788832;11.249793,94.04166
q;1551010788862;0.5250112,-0.04203277,-0.029304568,0.8495515
v;1551010788862;1.0964348,-0.225629,-0.2071099
r;1551010788864;9.771857,94.03763
q;1551010788892;0.53635764,-0.043179285,-0.026245303,0.84247684
v;1551010788892;1.1231567,-0.23529774,-0.2107362
r;1551010788895;8.2610235,93.95314
q;1551010788922;0.54604065,-0.04432449,-0.028183926,0.8361104
v;1551010788922;1.1447386,-0.2566267,-0.23327205
r;1551010788924;6.9283533,94.17487
q;1551010788953;0.5555442,-0.047430985,-0.029116899,0.8296223
v;1551010788953;1.1655914,-0.2855731,-0.2591315
r;1551010788956;5.627128,94.52225
q;1551010788982;0.56436837,-0.048592806,-0.028587252,0.8235957
v;1551010788982;1.1859188,-0.30378664,-0.2749614
r;1551010788983;4.434666,94.58902
q;1551010789008;0.57100666,-0.047941983,-0.028523881,0.81904787
v;1551010789008;1.2016304,-0.3130031,-0.28506625
r;1551010789010;3.52313,94.516045
q;1551010789034;0.5802218,-0.049862016,-0.026680868,0.8124928
v;1551010789034;1.2231915,-0.33497697,-0.30169088
r;1551010789036;2.3916996,94.562195
q;1551010789060;0.58703667,-0.0502293,-0.028056636,0.80751336
v;1551010789060;1.2383946,-0.3570877,-0.3252914
r;1551010789062;1.5172993,94.67921
q;1551010789087;0.5906877,-0.04824358,-0.029780146,0.8049061
v;1551010789087;1.2469635,-0.36251998,-0.33606192
r;1551010789090;0.93781126,94.60782
q;1551010789115;0.5963278,-0.045262992,-0.031413954,0.80084807
v;1551010789115;1.2606604,-0.3686047,-0.34878102
r;1551010789117;0.33642426,94.44017
q;1551010789142;0.5966155,-0.04361885,-0.029494261,0.80079806
v;1551010789142;1.2628698,-0.35395962,-0.33374494
r;1551010789144;0.407149,94.15713
q;1551010789168;0.5995567,-0.04406995,-0.028136922,0.7986225
v;1551010789168;1.2701961,-0.35936412,-0.33657402
r;1551010789172;0.78620744,94.10324
q;1551010789195;0.60605687,-0.04164608,-0.029780574,0.79377186
v;1551010789195;1.2857949,-0.37206513,-0.35511273
r;1551010789197;1.5257466,93.99165
q;1551010789221;0.6087853,-0.039126333,-0.029133193,0.7918339
v;1551010789221;1.2936269,-0.3640661,-0.34979677
r;1551010789223;1.8967279,93.71621
q;1551010789247;0.6097559,-0.04005626,-0.029691601,0.7910194
v;1551010789247;1.2952577,-0.37472248,-0.3599243
r;1551010789249;2.042249,93.83961
q;1551010789273;0.6101944,-0.040727913,-0.029673932,0.7906475
v;1551010789273;1.2959992,-0.37986773,-0.36408612
r;1551010789275;2.1110227,93.89926
q;1551010789298;0.61044246,-0.04076875,-0.029182103,0.7904722
v;1551010789298;1.2967958,-0.37886864,-0.36232746
r;1551010789301;2.149802,93.86841
q;1551010789325;0.61387134,-0.042196058,-0.029598897,0.7877216
v;1551010789325;1.3040041,-0.40062493,-0.3826499
r;1551010789327;2.6568177,94.02575
q;1551010789351;0.61641896,-0.043192554,-0.031370252,0.78560674
v;1551010789351;1.3085723,-0.42353392,-0.40666974
r;1551010789353;3.0274622,94.24009
q;1551010789379;0.61585605,-0.040744763,-0.031656485,0.7861673
v;1551010789379;1.3083266,-0.40844715,-0.39548278
r;1551010789381;2.9323664,94.03944
q;1551010789405;0.6213976,-0.04004521,-0.030854443,0.7818628
v;1551010789405;1.3220598,-0.4225954,-0.40949643
r;1551010789408;3.736418,93.91907
q;1551010789431;0.6216658,-0.040804308,-0.030561863,0.7816218
v;1551010789431;1.322453,-0.42695576,-0.41235822
r;1551010789433;3.778526,93.96632
q;1551010789457;0.6189509,-0.03937832,-0.031144701,0.78382343
v;1551010789457;1.3165121,-0.41006085,-0.39832202
r;1551010789459;3.37785,93.87984
q;1551010789482;0.61817175,-0.037750773,-0.029998535,0.7845627
v;1551010789482;1.3160374,-0.39219803,-0.3811451
r;1551010789484;3.2555504,93.651764
q;1551010789508;0.61897844,-0.037092127,-0.027513858,0.7840491
v;1551010789508;1.3194476,-0.3798834,-0.3662299
r;1551010789510;3.3656251,93.415855
q;1551010789535;0.6154038,-0.037030008,-0.028223565,0.78683573
v;1551010789535;1.3106527,-0.36998475,-0.3574243
r;1551010789537;2.8447254,93.46111
q;1551010789565;0.6092438,-0.037741978,-0.027509646,0.7916064
v;1551010789565;1.2960206,-0.35092196,-0.33631346
r;1551010789567;1.9577155,93.47666
q;1551010789592;0.6076182,-0.036239352,-0.027370466,0.7929298
v;1551010789592;1.292823,-0.33698887,-0.32432413
r;1551010789597;1.7127004,93.33061
q;1551010789621;0.5984495,-0.032647405,-0.028450103,0.7999893
v;1551010789621;1.2718549,-0.29734892,-0.29134607
r;1551010789623;0.47653526,93.07661
q;1551010789647;0.58958346,-0.028917782,-0.028264921,0.8066946
v;1551010789647;1.2519346,-0.2579987,-0.2570636
r;1551010789649;1.0287335,92.71683
q;1551010789673;0.57674587,-0.026065653,-0.027226226,0.8160536
v;1551010789673;1.2223132,-0.21828313,-0.21994969
r;1551010789676;2.779204,92.375145
q;1551010789701;0.5641572,-0.025435751,-0.02563057,0.82487744
v;1551010789701;1.1928306,-0.1932775,-0.19355802
r;1551010789703;4.501164,92.20593
q;1551010789726;0.553269,-0.026241828,-0.023692477,0.832252
v;1551010789726;1.1672522,-0.17895147,-0.17527147
r;1551010789728;5.985439,92.15655
q;1551010789752;0.54258126,-0.02604892,-0.024697859,0.839236
v;1551010789752;1.1418892,-0.17040128,-0.1684458
r;1551010789754;7.451748,92.2009
q;1551010789778;0.52802634,-0.026918782,-0.027196728,0.8483654
v;1551010789778;1.1072097,-0.16714995,-0.16755383
r;1551010789780;9.426061,92.43643
q;1551010789804;0.5074168,-0.026997633,-0.026494643,0.8608701
v;1551010789804;1.0597011,-0.1505696,-0.14983438
r;1551010789806;12.181995,92.399536
q;1551010789830;0.4943593,-0.022296112,-0.026073296,0.86858046
v;1551010789830;1.030622,-0.12576953,-0.13131222
r;1551010789833;13.933365,91.906746
q;1551010789856;0.4785897,-0.021063212,-0.026362035,0.8773901
v;1551010789856;0.9949086,-0.11445616,-0.12227161
r;1551010789859;16.006742,91.794975
q;1551010789882;0.44610944,-0.019289056,-0.025627121,0.8944035
v;1551010789882;0.9223367,-0.09513224,-0.104588345
r;1551010789884;20.207285,91.56813
q;1551010789907;0.40485755,-0.018210886,-0.02563142,0.91383904
v;1551010789907;0.8316081,-0.0802981,-0.091552325
r;1551010789909;25.432295,91.45216
q;1551010789934;0.38733643,-0.014926747,-0.0240231,0.9215045
v;1551010789934;0.79397774,-0.0658382,-0.079737835
r;1551010789937;27.62819,91.03353
q;1551010789961;0.3759678,-0.014400821,-0.022170193,0.9262555
v;1551010789961;0.7695971,-0.06039424,-0.07232657
r;1551010789962;29.035788,90.89868
q;1551010789986;0.33955747,-0.01263813,-0.021261794,0.94026005
v;1551010789986;0.6919076,-0.0496359,-0.06311209
r;1551010789988;33.507034,90.686676
q;1551010790012;0.29183963,-0.010304406,-0.023926986,0.95611244
v;1551010790012;0.5914555,-0.040571064,-0.062402096
r;1551010790014;39.27946,90.54708
q;1551010790038;0.28173962,-0.012903787,-0.02339988,0.9591187
v;1551010790038;0.5702466,-0.045084562,-0.06200163
r;1551010790040;40.47756,90.81879
q;1551010790064;0.26857233,-0.015559733,-0.021557273,0.9628926
v;1551010790064;0.5428073,-0.048537,-0.058277424
r;1551010790066;42.03746,91.0615
q;1551010790090;0.2381234,-0.018992381,-0.021281492,0.97081596
v;1551010790090;0.47972995,-0.05301821,-0.056805175
r;1551010790092;45.635044,91.46152
q;1551010790115;0.20599845,-0.017896473,-0.022294957,0.97813463
v;1551010790115;0.41390803,-0.048290823,-0.055719823
r;1551010790117;49.41267,91.39589
q;1551010790142;0.18883066,-0.017757045,-0.022695562,0.9815868
v;1551010790142;0.37890288,-0.046764165,-0.055203013
r;1551010790144;51.4194,91.40503
q;1551010790167;0.18123798,-0.022645459,-0.021262001,0.9829486
v;1551010790167;0.3632695,-0.0559009,-0.053524215
r;1551010790169;52.2934,91.93313
q;1551010790192;0.1600907,-0.025455065,-0.02171159,0.9865352
v;1551010790192;0.3202089,-0.06027469,-0.053745158
r;1551010790194;54.745403,92.28461
q;1551010790218;0.13743347,-0.02210197,-0.023466887,0.9899863
v;1551010790218;0.2745119,-0.052188423,-0.05460973
r;1551010790220;57.376835,91.95914
q;1551010790244;0.12276841,-0.022558289,-0.025757521,0.99184453
v;1551010790244;0.24481025,-0.052667018,-0.058407534
r;1551010790246;59.068287,92.057526
q;1551010790269;0.11323233,-0.024082262,-0.027477013,0.99289656
v;1551010790269;0.22543725,-0.055476442,-0.061614495
r;1551010790271;60.162544,92.26029
q;1551010790295;0.09176362,-0.019802244,-0.028237356,0.9951834
v;1551010790295;0.18253693,-0.04536503,-0.06088546
r;1551010790297;62.648144,91.791466
q;1551010790321;0.07044114,-0.016020363,-0.030031819,0.99693507
v;1551010790321;0.13994458,-0.03653873,-0.062791236
r;1551010790323;65.11143,91.38247
q;1551010790346;0.060243323,-0.016606482,-0.031228011,0.9975569
v;1551010790346;0.119438894,-0.037167672,-0.06481107
r;1551010790348;66.280235,91.459694
q;1551010790373;0.054064296,-0.019805482,-0.03220651,0.9978214
v;1551010790373;0.10682032,-0.043267153,-0.066844724
r;1551010790375;66.97753,91.83224
q;1551010790400;0.03562645,-0.019239247,-0.031880785,0.99867123
v;1551010790400;0.06998862,-0.040810175,-0.06525364
r;1551010790401;69.09359,91.76544
q;1551010790426;0.010209695,-0.02214454,-0.03198757,0.99919075
v;1551010790426;0.018987307,-0.044929616,-0.06443172
r;1551010790429;71.99488,92.09854
q;1551010790453;-0.010157854,-0.020599395,-0.033055127,0.9991896
v;1551010790453;-0.021662772,-0.040514447,-0.065700844
r;1551010790454;74.332924,91.91979
q;1551010790480;-0.019465677,-0.019593572,-0.03286094,0.9990783
v;1551010790480;-0.04019402,-0.037911396,-0.06499671
r;1551010790482;75.40291,91.80355
q;1551010790505;-0.034047745,-0.020430926,-0.032340925,0.99868786
v;1551010790505;-0.06938331,-0.03870874,-0.06340063
r;1551010790507;77.07062,91.8995
q;1551010790530;-0.05536805,-0.020095821,-0.03294967,0.9977198
v;1551010790530;-0.11204218,-0.036689512,-0.06396818
r;1551010790532;79.5158,91.8552
q;1551010790556;-0.056303613,-0.021390826,-0.032689027,0.99764913
v;1551010790556;-0.11398767,-0.039264888,-0.063268095
r;1551010790558;79.618324,92.004906
q;1551010790581;-0.05248818,-0.02272209,-0.03099116,0.9978819
v;1551010790581;-0.10636281,-0.042346474,-0.059839416
r;1551010790583;79.177025,92.16809
q;1551010790606;-0.06259126,-0.020690046,-0.030421635,0.99736094
v;1551010790606;-0.12644769,-0.037773114,-0.058593716
r;1551010790608;80.343735,91.94001
q;1551010790631;-0.05961164,-0.021250363,-0.030782782,0.99752057
v;1551010790631;-0.120527565,-0.039018214,-0.059344474
r;1551010790633;79.99959,92.00135
q;1551010790656;-0.052662514,-0.02453895,-0.03558347,0.99767643
v;1551010790656;-0.1070309,-0.045491956,-0.06886519
r;1551010790658;79.18628,92.34829
q;1551010790681;-0.06609842,-0.033029515,-0.031422008,0.99677116
v;1551010790681;-0.13424858,-0.06229225,-0.058837753
r;1551010790683;80.69985,93.34411
q;1551010790706;-0.06650781,-0.030664515,-0.034985334,0.99670076
v;1551010790706;-0.13513328,-0.05702357,-0.06631366
r;1551010790708;80.74983,93.04631
q;1551010790733;-0.0564985,-0.02319357,-0.032062102,0.99761814
v;1551010790733;-0.11446493,-0.042947896,-0.0617941
r;1551010790735;79.634346,92.21523
q;1551010790759;-0.047772218,-0.017447839,-0.034018103,0.9981263
v;1551010790759;-0.09670315,-0.031733617,-0.06660185
r;1551010790761;78.65471,91.54752
q;1551010790787;-0.042301267,-0.0092741195,-0.03617118,0.9984068
v;1551010790787;-0.08524185,-0.015515471,-0.071764424
r;1551010790789;78.06135,90.602715
q;1551010790812;-0.05246874,-0.005679941,-0.035097476,0.9979895
v;1551010790812;-0.105319805,-0.007696724,-0.06990171
r;1551010790814;79.24025,90.193016
q;1551010790840;-0.05183739,0.0038487508,-0.03618138,0.99799246
v;1551010790840;-0.10337216,0.011494759,-0.073071234
r;1551010790841;79.20798,89.096344
q;1551010790867;-0.045710918,0.015479063,-0.035956595,0.99818736
v;1551010790867;-0.090265505,0.034335736,-0.07356352
r;1551010790869;78.55146,87.76858
q;1551010790892;-0.04438816,0.027962869,-0.036263965,0.99796426
v;1551010790892;-0.086675994,0.05928843,-0.07521572
r;1551010790894;78.45052,86.33792
q;1551010790917;-0.04810535,0.04686972,-0.03552389,0.9971094
v;1551010790917;-0.09273547,0.09745857,-0.075749375
r;1551010790919;78.94398,84.17516
q;1551010790944;-0.05160719,0.066866644,-0.034575794,0.99582636
v;1551010790944;-0.09831798,0.13784353,-0.07620597
r;1551010790946;79.40886,81.888115
q;1551010790971;-0.043897808,0.08584068,-0.03678616,0.99466133
v;1551010790971;-0.08110028,0.17546728,-0.08107093
r;1551010790973;78.619774,79.69723
q;1551010790997;-0.03685289,0.10342597,-0.037341177,0.9932525
v;1551010790997;-0.06553125,0.21020083,-0.08206958
r;1551010790999;77.889725,77.672615
q;1551010791025;-0.03281387,0.12373919,-0.038883496,0.9910096
v;1551010791025;-0.055443294,0.25080788,-0.08542351
r;1551010791027;77.53179,75.32554
q;1551010791051;-0.029652102,0.14474803,-0.038944915,0.98825705
v;1551010791051;-0.04735109,0.2928998,-0.08576043
r;1551010791053;77.25673,72.897644
q;1551010791076;-0.024079954,0.16255279,-0.04011959,0.98558974
v;1551010791076;-0.03442961,0.32841596,-0.08707296
r;1551010791078;76.72169,70.83197
q;1551010791102;-0.020947076,0.18491891,-0.040612232,0.9816908
v;1551010791102;-0.026110133,0.373517,-0.08762626
r;1551010791103;76.47218,68.23013
q;1551010791126;-0.020187002,0.21184862,-0.042342357,0.97617614
v;1551010791126;-0.021473449,0.42839175,-0.09136848
r;1551010791128;76.54377,65.07818
q;1551010791151;-0.019714195,0.2398782,-0.04487406,0.9695649
v;1551010791151;-0.01670054,0.4858831,-0.09663845
r;1551010791154;76.68585,61.775784
q;1551010791179;-0.021392006,0.27021194,-0.049290653,0.9613003
v;1551010791179;-0.014490946,0.5488111,-0.10653959
r;1551010791181;77.152756,58.168697
q;1551010791206;-0.02083804,0.29803407,-0.05230778,0.95289314
v;1551010791206;-0.008533956,0.60673714,-0.11234862
r;1551010791208;77.33772,54.837864
q;1551010791231;-0.015434853,0.3237659,-0.052487206,0.94455415
v;1551010791231;0.0048290454,0.66017646,-0.10936775
r;1551010791234;76.895584,51.747242
q;1551010791257;-0.012350179,0.34658483,-0.05165057,0.9365141
v;1551010791257;0.012670714,0.708231,-0.105507836
r;1551010791259;76.65256,48.980343
q;1551010791283;-0.013838963,0.36855426,-0.051528383,0.9280738
v;1551010791283;0.012295161,0.7553852,-0.106051795
r;1551010791287;76.92052,46.28085
q;1551010791311;-0.01298543,0.39179197,-0.05232698,0.9184728
v;1551010791311;0.017149894,0.80548334,-0.10651392
r;1551010791313;76.98934,43.40365
q;1551010791337;-0.009365214,0.4125589,-0.051115446,0.9094475
v;1551010791337;0.025144573,0.8504787,-0.10090401
r;1551010791338;76.66435,40.81594
q;1551010791362;-0.0054307254,0.4358939,-0.049115453,0.8986405
v;1551010791362;0.033063736,0.9017055,-0.09319441
r;1551010791364;76.28156,37.875805
q;1551010791388;-0.0027958364,0.45933253,-0.046283845,0.8870533
v;1551010791388;0.037568077,0.95400625,-0.08484246
r;1551010791390;75.98393,34.87966
q;1551010791414;-0.004578986,0.48142728,-0.044610348,0.8753381
v;1551010791414;0.03494406,1.0042261,-0.08265163
r;1551010791416;76.17708,32.00461
q;1551010791439;-0.008687287,0.49906182,-0.04662586,0.8652675
v;1551010791439;0.031509936,1.0449181,-0.08952258
r;1551010791441;76.78355,29.67575
q;1551010791465;-0.008138814,0.5181489,-0.04237947,0.8542011
v;1551010791465;0.03001789,1.0892845,-0.08096025
r;1551010791467;76.55986,27.135927
q;1551010791492;-0.006136876,0.5368231,-0.037666105,0.84283125
v;1551010791492;0.030099913,1.1332055,-0.07017051
r;1551010791494;76.14957,24.620678
q;1551010791519;-0.0032628453,0.5497272,-0.03607106,0.8345588
v;1551010791519;0.03421909,1.163846,-0.063874975
r;1551010791521;75.82352,22.864664
q;1551010791544;-0.00493214,0.5619764,-0.031779606,0.8265279
v;1551010791544;0.027569165,1.1934481,-0.05813176
r;1551010791546;75.74534,21.172766
q;1551010791573;0.001452674,0.5773628,-0.029843891,0.81594086
v;1551010791573;0.036840428,1.2307544,-0.047073573
r;1551010791575;75.07234,19.03415
q;1551010791599;0.004808259,0.58937985,-0.028460117,0.8073403
v;1551010791599;0.0413232,1.2603564,-0.040331572
r;1551010791602;74.7118,17.344034
q;1551010791625;0.0045208135,0.60094625,-0.03054438,0.7986928
v;1551010791625;0.04394669,1.2891321,-0.04341316
r;1551010791627;74.92627,15.702469
q;1551010791651;-0.0046428503,0.6118608,-0.026648216,0.7905028
v;1551010791651;0.025272315,1.3167837,-0.04784606
r;1551010791653;75.51409,14.113407
q;1551010791676;-0.0028598667,0.62261426,-0.028166845,0.7820166
v;1551010791676;0.03060601,1.3440669,-0.047655415
r;1551010791678;75.49319,12.545061
q;1551010791703;6.095126E-4,0.6355263,-0.027224395,0.7715989
v;1551010791703;0.035551727,1.3772569,-0.0412757
r;1551010791704;75.15723,10.645433
q;1551010791728;-0.002694896,0.64571804,-0.029080804,0.76301724
v;1551010791728;0.03344973,1.403847,-0.0479037
r;1551010791729;75.615074,9.121462
q;1551010791753;-0.0036143146,0.65553784,-0.032270603,0.75446385
v;1551010791753;0.03686381,1.4297191,-0.05349448
r;1551010791755;75.96648,7.6444216
q;1551010791780;-0.0052723093,0.6615976,-0.03138175,0.74918354
v;1551010791780;0.033630665,1.4458797,-0.054054543
r;1551010791782;76.05938,6.7147565
q;1551010791806;-0.0046224874,0.6676084,-0.032068882,0.74380726
v;1551010791806;0.03595018,1.461956,-0.053939153
r;1551010791808;76.07582,5.7979355
q;1551010791832;-0.007726774,0.6725544,-0.030544164,0.7393768
v;1551010791832;0.029663576,1.4753879,-0.055613752
r;1551010791834;76.233696,5.026019
q;1551010791858;-0.005778343,0.67504704,-0.033674683,0.7369831
v;1551010791858;0.03695532,1.4820632,-0.057507586
r;1551010791860;76.32188,4.6509376
q;1551010791883;-0.005854831,0.67415315,-0.03369079,0.7377996
v;1551010791883;0.036794424,1.4796419,-0.057679202
r;1551010791885;76.326675,4.7887692
q;1551010791910;-0.006368659,0.6710147,-0.03474549,0.7406021
v;1551010791910;0.037204757,1.4711652,-0.060089804
r;1551010791911;76.44199,5.2746596
q;1551010791935;-0.0068558487,0.6650776,-0.0360429,0.74587244
v;1551010791935;0.03772442,1.4552076,-0.06297253
r;1551010791937;76.56402,6.1885977
q;1551010791960;-0.009987145,0.655416,-0.036972225,0.7542965
v;1551010791960;0.033404052,1.4295888,-0.06896059
r;1551010791963;76.8705,7.647421
q;1551010791987;-0.009043574,0.6393926,-0.03674053,0.76794887
v;1551010791987;0.033099283,1.3874809,-0.06808434
r;1551010791989;76.71932,10.058516
q;1551010792012;-0.008563872,0.6207078,-0.03910522,0.7830193
v;1551010792012;0.03514171,1.3392955,-0.071978144
r;1551010792014;76.78559,12.81857
q;1551010792038;-0.014021449,0.5988046,-0.04152629,0.79969496
v;1551010792038;0.027309898,1.2843155,-0.08333642
r;1551010792039;77.37062,15.969567
q;1551010792063;-0.020765156,0.57472646,-0.043918632,0.8169024
v;1551010792063;0.016556945,1.2254069,-0.095782526
r;1551010792065;78.07342,19.363588
q;1551010792089;-0.025043435,0.5507816,-0.04502589,0.8330577
v;1551010792089;0.007873691,1.1679515,-0.10278935
r;1551010792090;78.470856,22.678179
q;1551010792116;-0.02857517,0.52445126,-0.04417378,0.8498135
v;1551010792116;-0.002233142,1.1059675,-0.10524598
r;1551010792118;78.675125,26.261515
q;1551010792142;-0.026338449,0.49737403,-0.04134231,0.8661502
v;1551010792142;-0.004500941,1.0427394,-0.09797508
r;1551010792144;78.20644,29.883875
q;1551010792166;-0.023928141,0.47295558,-0.0379644,0.8799427
v;1551010792166;-0.0061998763,0.9866451,-0.08956832
r;1551010792168;77.70377,33.096767
q;1551010792192;-0.024640169,0.4476349,-0.03645087,0.89313334
v;1551010792192;-0.011380792,0.92970496,-0.087287016
r;1551010792194;77.62408,36.371735
q;1551010792218;-0.025230639,0.4222497,-0.034638908,0.9054661
v;1551010792218;-0.01643918,0.8734001,-0.08414659
r;1551010792220;77.525185,39.609795
q;1551010792244;-0.02888745,0.39522436,-0.03394075,0.91750276
v;1551010792244;-0.026183197,0.814597,-0.08524791
r;1551010792246;77.80526,43.009766
q;1551010792271;-0.031217104,0.36517948,-0.032918435,0.9298311
v;1551010792271;-0.03401756,0.7498923,-0.08416482
r;1551010792272;77.93452,46.738663
q;1551010792296;-0.02932177,0.33298665,-0.03159088,0.9419459
v;1551010792296;-0.034207035,0.6809504,-0.079170264
r;1551010792298;77.601006,50.67687
q;1551010792322;-0.030429283,0.29991457,-0.029869098,0.9530127
v;1551010792322;-0.040093374,0.61128926,-0.075315274
r;1551010792324;77.57945,54.67912
q;1551010792347;-0.030502684,0.2666672,-0.028184734,0.9628935
v;1551010792347;-0.043723714,0.54189044,-0.07067223
r;1551010792349;77.45603,58.65697
q;1551010792372;-0.035115838,0.23608537,-0.029373987,0.9706533
v;1551010792372;-0.05432779,0.47918633,-0.07378025
r;1551010792374;77.932465,62.27698
q;1551010792397;-0.039308712,0.20265533,-0.031673193,0.97794807
v;1551010792397;-0.06409015,0.4111715,-0.07812139
r;1551010792399;78.37768,66.194916
q;1551010792422;-0.041400142,0.1670694,-0.03508198,0.9844507
v;1551010792422;-0.06984733,0.33912188,-0.08320497
r;1551010792424;78.58678,70.32625
q;1551010792448;-0.047423728,0.12856545,-0.037728183,0.9898477
v;1551010792448;-0.0842832,0.26200566,-0.08730479
r;1551010792449;79.18916,74.77188
q;1551010792474;-0.0491931,0.08682346,-0.04112185,0.9941583
v;1551010792474;-0.09079548,0.17835319,-0.09080374
r;1551010792475;79.27908,79.55948
q;1551010792500;-0.055118535,0.05528437,-0.041802354,0.9960714
v;1551010792500;-0.10537688,0.11564011,-0.08999056
r;1551010792501;79.8298,83.17082
q;1551010792526;-0.059001748,0.026404364,-0.040874846,0.99707115
v;1551010792526;-0.11575768,0.05789703,-0.08529964
r;1551010792528;80.14225,86.481186
q;1551010792553;-0.058789328,-0.002815002,-0.038540266,0.99752223
v;1551010792553;-0.117776394,-0.0010921073,-0.07716919
r;1551010792555;79.982376,89.83998
q;1551010792580;-0.059642646,-0.02169615,-0.036549862,0.99731445
v;1551010792580;-0.12084483,-0.03921185,-0.070891306
r;1551010792581;79.99813,92.01286
q;1551010792606;-0.06356562,-0.026797881,-0.03306364,0.9970698
v;1551010792606;-0.12888734,-0.049667504,-0.06309148
r;1551010792608;80.43035,92.61949
q;1551010792632;-0.061603975,-0.028007908,-0.030526403,0.99724054
v;1551010792632;-0.12490243,-0.05253336,-0.05791684
r;1551010792634;80.20418,92.77636
q;1551010792660;-0.063879356,-0.023189694,-0.028593931,0.99727833
v;1551010792660;-0.12909545,-0.04297072,-0.054550286
r;1551010792661;80.484535,92.23943
q;1551010792685;-0.06997278,-0.021088945,-0.027762404,0.9969395
v;1551010792685;-0.14115652,-0.038556524,-0.05295476
r;1551010792687;81.19179,92.007645
q;1551010792711;-0.07205197,-0.01605225,-0.027597157,0.9968898
v;1551010792711;-0.14504986,-0.02832903,-0.05329407
r;1551010792714;81.44693,91.43408
q;1551010792738;-0.066686936,-0.013336193,-0.029801318,0.99723965
v;1551010792738;-0.13420306,-0.022831298,-0.058215447
r;1551010792740;80.83962,91.10424
q;1551010792765;-0.06397701,-0.014345357,-0.031680595,0.99734527
v;1551010792765;-0.12887976,-0.024768816,-0.06191009
r;1551010792766;80.52517,91.20527
q;1551010792792;-0.06426952,-0.018612767,-0.032476723,0.9972303
v;1551010792792;-0.12975578,-0.03323334,-0.06295149
r;1551010792794;80.542854,91.68745
q;1551010792818;-0.06609253,-0.026015462,-0.031922136,0.9969634
v;1551010792818;-0.13384385,-0.048101883,-0.060792353
r;1551010792819;80.72469,92.538025
q;1551010792844;-0.06804842,-0.03626112,-0.031126296,0.99653685
v;1551010792844;-0.13832353,-0.06874512,-0.057684634
r;1551010792846;80.912155,93.715836
q;1551010792870;-0.068323426,-0.048521686,-0.02992487,0.9960332
v;1551010792870;-0.13946043,-0.09361349,-0.05352698
r;1551010792872;80.90173,95.128044
q;1551010792896;-0.064968266,-0.061864432,-0.0290608,0.9955438
v;1551010792896;-0.133348,-0.12076427,-0.050291628
r;1551010792898;80.47155,96.662605
q;1551010792922;-0.06725914,-0.080135494,-0.025949735,0.9941736
v;1551010792922;-0.13833429,-0.15800625,-0.04122275
r;1551010792925;80.68841,98.78051
q;1551010792949;-0.069843724,-0.103974484,-0.022377992,0.9918722
v;1551010792949;-0.14369962,-0.20671746,-0.030183928
r;1551010792951;80.9351,101.54588
q;1551010792975;-0.066337235,-0.12806365,-0.02029657,0.9893367
v;1551010792975;-0.13688532,-0.25585282,-0.023390416
r;1551010792976;80.48066,104.333244
q;1551010792999;-0.066066444,-0.15351543,-0.019064559,0.9857509
v;1551010792999;-0.13652726,-0.3077929,-0.017464768
r;1551010793001;80.385155,107.28149
q;1551010793025;-0.06355956,-0.17931004,-0.018708654,0.981559
v;1551010793025;-0.13186604,-0.3604448,-0.014056053
r;1551010793027;80.02119,110.27408
q;1551010793050;-0.06396189,-0.20822734,-0.017892897,0.9758228
v;1551010793050;-0.13267139,-0.4199115,-0.008356902
r;1551010793052;79.98346,113.65
q;1551010793076;-0.066931285,-0.24120109,-0.015099069,0.9680466
v;1551010793076;-0.1373,-0.48859292,0.0030836172
r;1551010793078;80.26748,117.53981
q;1551010793102;-0.06632913,-0.2769474,-0.013370332,0.9584998
v;1551010793102;-0.13496806,-0.56331354,0.011210621
r;1551010793103;80.12085,121.783264
q;1551010793126;-0.06559079,-0.30682927,-0.012578125,0.94941854
v;1551010793126;-0.1326536,-0.6262593,0.016512347
r;1551010793128;79.954094,125.359665
q;1551010793151;-0.060891375,-0.33591872,-0.01207478,0.9398431
v;1551010793151;-0.122877955,-0.6876684,0.018351706
r;1551010793153;79.349174,128.87567
q;1551010793176;-0.055435196,-0.3630848,-0.012710274,0.9300187
v;1551010793176;-0.11257901,-0.7453589,0.016720386
r;1551010793178;78.63181,132.18727
q;1551010793204;-0.055731915,-0.39897096,-0.011729799,0.91519326
v;1551010793204;-0.111602165,-0.8234966,0.023146812
r;1551010793206;78.56304,136.63022
q;1551010793230;-0.058327492,-0.4274602,-0.011142934,0.9020818
v;1551010793230;-0.11501205,-0.8867602,0.0299641
r;1551010793232;78.74305,140.20444
q;1551010793256;-0.05085666,-0.4506012,-0.009596814,0.8912239
v;1551010793256;-0.099461935,-0.9376694,0.028873015
r;1551010793258;77.94753,143.16945
q;1551010793283;-0.04488706,-0.4746701,-0.010755331,0.8789526
v;1551010793283;-0.08923605,-0.9913922,0.02380319
r;1551010793284;77.181786,146.27031
q;1551010793308;-0.044039026,-0.4988323,-0.0140306465,0.8654652
v;1551010793308;-0.090349235,-1.0466256,0.019731857
r;1551010793310;76.81722,149.40591
q;1551010793334;-0.044846863,-0.52187365,-0.014192516,0.85172486
v;1551010793334;-0.09133471,-1.1004868,0.022729237
r;1551010793335;76.78291,152.45877
q;1551010793359;-0.037614178,-0.54653054,-0.016647013,0.83642834
v;1551010793359;-0.08120857,-1.1580781,0.01331079
r;1551010793361;75.813774,155.78896
q;1551010793384;-0.031904135,-0.56750387,-0.016248504,0.8225919
v;1551010793384;-0.07098996,-1.2081642,0.009503745
r;1551010793385;75.19525,158.6943
q;1551010793409;-0.03116667,-0.58943933,-0.017501233,0.80702144
v;1551010793409;-0.07099581,-1.261965,0.008515543
r;1551010793411;74.946594,161.75243
q;1551010793434;-0.028635625,-0.61040723,-0.01884804,0.79134554
v;1551010793434;-0.068384595,-1.3142318,0.0051401975
r;1551010793436;74.524536,164.73586
q;1551010793459;-0.022973878,-0.6299549,-0.020241933,0.7760279
v;1551010793459;-0.061197944,-1.3636755,-0.002476234
r;1551010793461;73.823654,167.59238
q;1551010793484;-0.01818665,-0.6477527,-0.022488546,0.7613015
v;1551010793484;-0.056855705,-1.4096694,-0.010697716
r;1551010793486;73.15695,170.2324
q;1551010793509;-0.016019983,-0.6634058,-0.02416319,0.74769807
v;1551010793509;-0.05604556,-1.4510504,-0.014901991
r;1551010793511;72.774994,172.57584
q;1551010793535;-0.016230123,-0.6795413,-0.025601901,0.7330108
v;1551010793535;-0.058622383,-1.4946717,-0.01550211
r;1551010793537;72.61098,174.96407
q;1551010793563;-0.01449549,-0.69351244,-0.025767777,0.71983784
v;1551010793563;-0.05663963,-1.533066,-0.017019747
r;1551010793565;72.38708,177.03775
q;1551010793596;-0.011173424,-0.70781714,-0.028065195,0.7057495
v;1551010793596;-0.055529866,-1.5730598,-0.023835508
r;1551010793598;71.86486,178.60707
q;1551010793626;-0.00790907,-0.72129947,-0.027813813,0.69201946
v;1551010793626;-0.051092863,-1.6115316,-0.027124502
r;1551010793627;71.5613,177.80894
q;1551010793652;-0.0076762303,-0.7318207,-0.028252676,0.6808681
v;1551010793652;-0.051827986,-1.6421937,-0.027277445
r;1551010793654;71.46251,176.17635
q;1551010793679;-0.0059634647,-0.74151844,-0.028612088,0.6702957
v;1551010793679;-0.050448745,-1.6708604,-0.029554982
r;1551010793681;71.25778,174.6044
q;1551010793709;-0.0034056148,-0.74764967,-0.029160295,0.6634441
v;1551010793709;-0.04814083,-1.6891929,-0.033645358
r;1551010793712;70.989075,173.59262
q;1551010793738;-0.0028757057,-0.7482247,-0.028723566,0.6628172
v;1551010793738;-0.04681259,-1.690913,-0.03381708
r;1551010793740;70.98319,173.5055
q;1551010793769;-0.004328737,-0.7453772,-0.028290724,0.66602844
v;1551010793769;-0.04795902,-1.6823671,-0.03127282
r;1551010793771;71.14273,173.9805
q;1551010793797;-0.0053884373,-0.73942864,-0.028179,0.6726234
v;1551010793797;-0.04894103,-1.6646135,-0.029979357
r;1551010793799;71.25767,174.97185
q;1551010793822;-0.00456169,-0.73101205,-0.027043108,0.68181324
v;1551010793822;-0.0457741,-1.6397218,-0.03024368
r;1551010793824;71.31954,176.40327
q;1551010793848;-0.0077754874,-0.71957177,-0.026008377,0.6938873
v;1551010793848;-0.04823912,-1.6065334,-0.024935309
r;1551010793850;71.70486,178.1384
q;1551010793874;-0.010600974,-0.7065917,-0.024986766,0.7071007
v;1551010793874;-0.050324034,-1.5695633,-0.020382412
r;1551010793875;72.06928,178.82393
q;1551010793900;-0.013630486,-0.6910339,-0.025149092,0.72225606
v;1551010793900;-0.054474097,-1.5261427,-0.01751679
r;1551010793902;72.37405,176.73576
q;1551010793926;-0.014378332,-0.67546105,-0.02539887,0.73681784
v;1551010793926;-0.055528853,-1.4834597,-0.01803345
r;1551010793928;72.48694,174.39467
q;1551010793952;-0.0158001,-0.6606414,-0.024193397,0.7501453
v;1551010793952;-0.055699855,-1.4436507,-0.015445295
r;1551010793954;72.76576,172.16277
q;1551010793978;-0.020043518,-0.6440965,-0.022869714,0.7643396
v;1551010793978;-0.060136955,-1.4001869,-0.009157216
r;1551010793981;73.30992,169.66821
q;1551010794004;-0.026625112,-0.6247245,-0.023034377,0.7800512
v;1551010794004;-0.070376255,-1.3504559,-0.0026758942
r;1551010794006;73.98175,166.76808
q;1551010794029;-0.031071646,-0.6050048,-0.022404492,0.7952998
v;1551010794029;-0.07660711,-1.3007355,0.0019661796
r;1551010794031;74.53373,163.90607
q;1551010794055;-0.034485333,-0.584617,-0.019823981,0.8103337
v;1551010794055;-0.07915075,-1.250283,0.0082191685
r;1551010794056;75.12869,161.03247
q;1551010794079;-0.035871375,-0.5648598,-0.017331075,0.82422465
v;1551010794079;-0.0787929,-1.2020874,0.011992699
r;1551010794081;75.51724,158.30275
q;1551010794104;-0.040180866,-0.5427989,-0.016569586,0.83873737
v;1551010794104;-0.08549441,-1.1494344,0.015883876
r;1551010794106;76.0853,155.27211
q;1551010794129;-0.04325953,-0.52222115,-0.016137596,0.85155934
v;1551010794129;-0.09065502,-1.1010206,0.017771749
r;1551010794131;76.511635,152.49318
q;1551010794154;-0.043650318,-0.50258964,-0.014660589,0.863298
v;1551010794154;-0.090225354,-1.0552596,0.018640371
r;1551010794155;76.72637,149.89719
q;1551010794179;-0.046092805,-0.48170564,-0.014152844,0.87500566
v;1551010794179;-0.094438255,-1.0074126,0.019727867
r;1551010794181;77.09365,147.15678
q;1551010794205;-0.051153827,-0.45879024,-0.013668097,0.88696563
v;1551010794205;-0.103469476,-0.95589876,0.022815483
r;1551010794207;77.7377,144.18541
q;1551010794232;-0.056516565,-0.4321692,-0.011166196,0.89995056
v;1551010794232;-0.11160715,-0.89700484,0.028935418
r;1551010794234;78.53288,140.80252
q;1551010794259;-0.059403952,-0.4061768,-0.009931524,0.9118075
v;1551010794259;-0.1166623,-0.8399226,0.030356718
r;1551010794261;79.001564,137.54039
q;1551010794286;-0.06463988,-0.37882766,-0.007651502,0.92317533
v;1551010794286;-0.12547407,-0.7810057,0.035130747
r;1551010794287;79.764084,134.15994
q;1551010794311;-0.066999614,-0.3557282,-0.0050233365,0.9321713
v;1551010794311;-0.12884025,-0.7316029,0.0386318
r;1551010794313;80.20775,131.34567
q;1551010794337;-0.07492215,-0.33640948,-0.0018578594,0.93872887
v;1551010794337;-0.14239389,-0.6916008,0.047418498
r;1551010794339;81.249794,129.02406
q;1551010794364;-0.08017315,-0.31638995,0.0022196635,0.9452326
v;1551010794364;-0.1507301,-0.65019757,0.055586707
r;1551010794366;82.02948,126.648384
q;1551010794389;-0.081182376,-0.29565743,0.0051316866,0.9518244
v;1551010794389;-0.152094,-0.60680294,0.058481336
r;1551010794391;82.29168,124.19097
q;1551010794414;-0.074596435,-0.2711688,0.005349897,0.9596219
v;1551010794414;-0.14073138,-0.55441,0.05125312
r;1551010794416;81.620834,121.262886
q;1551010794439;-0.07080884,-0.24352776,0.0031272946,0.9673007
v;1551010794439;-0.1358815,-0.4960544,0.04092647
r;1551010794441;81.18253,117.96599
q;1551010794463;-0.06938808,-0.21367729,-6.3814886E-4,0.9744367
v;1551010794463;-0.1359194,-0.43368444,0.02867803
r;1551010794465;80.977936,114.42711
q;1551010794488;-0.057636555,-0.18239813,-0.0024264245,0.98153096
v;1551010794488;-0.11427785,-0.3684052,0.016369877
r;1551010794490;79.66551,110.73879
q;1551010794515;-0.046743512,-0.15070456,-0.00692425,0.9874489
v;1551010794515;-0.09454146,-0.3029225,4.160918E-4
r;1551010794517;78.39729,107.009865
q;1551010794542;-0.03844954,-0.12031452,-0.010723151,0.991933
v;1551010794542;-0.078941,-0.24093053,-0.0120590655
r;1551010794543;77.448166,103.4632
q;1551010794568;-0.028970424,-0.090488866,-0.025597544,0.9951469
v;1551010794568;-0.062332593,-0.17993318,-0.04580858
r;1551010794569;76.27759,99.96067
q;1551010794593;-0.029490829,-0.061996296,-0.020598708,0.99742794
v;1551010794593;-0.061422653,-0.122999996,-0.037514333
r;1551010794596;76.45539,96.70455
q;1551010794621;-0.026315607,-0.037247963,-0.023883408,0.998674
v;1551010794621;-0.054367423,-0.07331402,-0.045826796
r;1551010794623;76.143616,93.852776
q;1551010794647;-0.023682594,-0.016638668,-0.0219543,0.99933994
v;1551010794647;-0.04808303,-0.03225837,-0.04315478
r;1551010794649;75.90043,91.49396
q;1551010794674;-0.023321968,-0.004263491,-0.024758756,0.9994123
v;1551010794674;-0.04684477,-0.0073752822,-0.049363717
r;1551010794676;75.89258,90.068344
q;1551010794700;-0.024661332,0.0093250815,-0.028936617,0.9992335
v;1551010794700;-0.04876451,0.020088326,-0.058391362
r;1551010794701;76.09489,88.50099
q;1551010794725;-0.027779412,0.019716019,-0.030525176,0.9989534
v;1551010794725;-0.054323718,0.041159023,-0.062213693
r;1551010794726;76.49185,87.306786
q;1551010794749;-0.014268702,0.02169994,-0.028907323,0.99924463
v;1551010794749;-0.02726465,0.04422288,-0.058445215
r;1551010794751;74.94484,87.078964
q;1551010794774;-0.014389323,0.021101493,-0.02671632,0.99931675
v;1551010794774;-0.027634991,0.042972635,-0.05405034
r;1551010794776;74.94785,87.15124
q;1551010794798;-0.017815681,0.024254529,-0.025637997,0.9992182
v;1551010794798;-0.0343666,0.049433958,-0.052154552
r;1551010794800;75.34499,86.79435
q;1551010794823;-0.01943056,0.026724136,-0.025958797,0.99911684
v;1551010794823;-0.037448093,0.054474965,-0.052972164
r;1551010794825;75.5384,86.51187
q;1551010794848;-0.017868923,0.026395848,-0.026124382,0.9991504
v;1551010794848;-0.03433508,0.053737987,-0.05320414
r;1551010794850;75.3594,86.54797
q;1551010794873;-0.017224068,0.024345098,-0.026630016,0.99920046
v;1551010794873;-0.033130035,0.049616184,-0.054112174
r;1551010794875;75.28176,86.781525
q;1551010794898;-0.015826046,0.019948425,-0.025565565,0.9993488
v;1551010794898;-0.030616278,0.04071039,-0.051776625
r;1551010794900;75.10454,87.286415
q;1551010794926;-0.013610944,0.015871173,-0.023744207,0.99949944
v;1551010794926;-0.026457652,0.032389816,-0.047931805
r;1551010794928;74.83325,87.75481
q;1551010794954;-0.015505152,0.013972673,-0.022449981,0.9995301
v;1551010794954;-0.030373028,0.02864552,-0.045348607
r;1551010794956;75.04135,87.97652
q;1551010794980;-0.019323079,0.0134746805,-0.02215432,0.99947697
v;1551010794980;-0.03803807,0.027815148,-0.044853684
r;1551010794981;75.47661,88.03855
q;1551010795006;-0.018451286,0.012919132,-0.022101568,0.99950194
v;1551010795006;-0.036321115,0.026661737,-0.044702224
r;1551010795007;75.37521,88.1013
q;1551010795030;-0.01809265,0.011983611,-0.021442605,0.99953455
v;1551010795030;-0.0356621,0.024750233,-0.043339994
r;1551010795032;75.3301,88.20944
q;1551010795055;-0.018057654,0.009964963,-0.020114347,0.999585
v;1551010795055;-0.035707027,0.020662729,-0.040608924
r;1551010795056;75.318184,88.44345
q;1551010795080;-0.01668033,0.0071997116,-0.019859962,0.9996377
v;1551010795080;-0.03306863,0.015065553,-0.03997822
r;1551010795081;75.15362,88.75884
q;1551010795105;-0.014905014,0.005970259,-0.019888788,0.99967325
v;1551010795105;-0.029567113,0.01253531,-0.039970662
r;1551010795107;74.94751,88.89715
q;1551010795131;-0.016290043,0.0063203317,-0.019800456,0.99965125
v;1551010795131;-0.032324057,0.013288688,-0.03982434
r;1551010795132;75.10682,88.85915
q;1551010795156;-0.017040685,0.006371566,-0.0201692,0.99963105
v;1551010795156;-0.033818223,0.01343391,-0.040574998
r;1551010795157;75.19361,88.85362
q;1551010795181;-0.019610899,0.006544793,-0.019711304,0.99959195
v;1551010795181;-0.038957633,0.013868325,-0.039703768
r;1551010795182;75.48765,88.838356
q;1551010795205;-0.023643633,0.006774384,-0.019347146,0.9995103
v;1551010795205;-0.047019303,0.014473507,-0.03904875
r;1551010795206;75.94958,88.818855
q;1551010795231;-0.024591498,0.006051339,-0.019373573,0.9994915
v;1551010795231;-0.04894305,0.01306539,-0.0390818
r;1551010795232;76.05666,88.903015
q;1551010795256;-0.024123782,0.0047392864,-0.019136094,0.9995146
v;1551010795256;-0.04806126,0.01040945,-0.03853629
r;1551010795258;75.99983,89.053276
q;1551010795282;-0.029897263,0.0057307403,-0.018976865,0.9993564
v;1551010795282;-0.059573773,0.012611523,-0.038349386
r;1551010795283;76.66336,88.949005
q;1551010795307;-0.03581792,0.006626771,-0.018986138,0.999156
v;1551010795307;-0.071384355,0.01464025,-0.038522553
r;1551010795309;77.34392,88.855515
q;1551010795332;-0.04680761,0.006383602,-0.01912039,0.99870056
v;1551010795332;-0.09338513,0.014604724,-0.0389683
r;1551010795334;78.60371,88.89983
q;1551010795358;-0.0623022,0.0056377496,-0.01967049,0.99784756
v;1551010795358;-0.124435276,0.0138094695,-0.040281054
r;1551010795360;80.380775,89.00561
q;1551010795384;-0.07656503,0.0050840303,-0.021026516,0.99682987
v;1551010795384;-0.15302736,0.013513946,-0.043216553
r;1551010795385;82.01963,89.078835
q;1551010795410;-0.096867256,0.004319236,-0.020015294,0.99508667
v;1551010795410;-0.19382098,0.012712046,-0.041458637
r;1551010795412;84.35116,89.205696
q;1551010795436;-0.123468764,0.0019438041,-0.020545347,0.99213386
v;1551010795436;-0.24743225,0.0092111,-0.042555984
r;1551010795437;87.41296,89.509125
q;1551010795464;-0.15920307,0.0019060547,-0.01835576,0.98707336
v;1551010795464;-0.31963515,0.010120167,-0.038819313
r;1551010795466;91.54658,89.6056
q;1551010795490;-0.18912727,0.003958989,-0.018298581,0.9817741
v;1551010795490;-0.38031784,0.015826669,-0.040318698
r;1551010795492;95.032524,89.42732
q;1551010795516;-0.2271064,0.0046538697,-0.019228786,0.973669
v;1551010795516;-0.45790952,0.019841928,-0.04411658
r;1551010795518;99.48411,89.39281
q;1551010795543;-0.25756085,-0.002169771,-0.019805858,0.96605664
v;1551010795543;-0.5209712,0.00692953,-0.042844784
r;1551010795544;103.06608,90.18219
q;1551010795569;-0.30758202,-0.005624974,-0.017474093,0.9513445
v;1551010795569;-0.6254097,5.7796165E-5,-0.036750127
r;1551010795571;109.03305,90.70847
q;1551010795595;-0.3573666,-9.4707817E-4,-0.015953228,0.93382746
v;1551010795595;-0.7308029,0.012937488,-0.03911379
r;1551010795597;115.09215,90.33812
q;1551010795621;-0.39262882,0.006402449,-0.016722169,0.9195227
v;1551010795621;-0.80646914,0.035995852,-0.05172499
r;1551010795623;119.465744,89.585976
q;1551010795647;-0.4031752,0.007876621,-0.015151387,0.9149635
v;1551010795647;-0.8294241,0.039445944,-0.05048377
r;1551010795649;120.78393,89.523186
q;1551010795673;-0.4311195,0.012679826,-0.018993286,0.9020058
v;1551010795673;-0.8903038,0.0624258,-0.0718974
r;1551010795675;124.321175,88.89341
q;1551010795700;-0.48934668,0.015615322,-0.018018272,0.87176335
v;1551010795700;-1.020991,0.085958965,-0.089489825
r;1551010795701;131.84236,88.756775
q;1551010795727;-0.5125445,0.024531147,-0.015414891,0.85817176
v;1551010795727;-1.0736481,0.121715575,-0.10841433
r;1551010795729;134.91458,88.07819
q;1551010795755;-0.52549404,0.029764235,-0.01865514,0.85007185
v;1551010795755;-1.1024255,0.15616031,-0.14000861
r;1551010795757;136.66452,87.40948
q;1551010795782;-0.55290776,0.030515697,-0.02018598,0.83243877
v;1551010795782;-1.1662772,0.18688677,-0.17197423
r;1551010795783;140.40112,87.31756
q;1551010795808;-0.57055026,0.03915556,-0.022340037,0.82002455
v;1551010795808;-1.2053965,0.25377446,-0.22959062
r;1551010795810;142.85345,86.41133
q;1551010795834;-0.5938541,0.049686715,-0.027016673,0.8025825
v;1551010795834;-1.254999,0.36839372,-0.33592814
r;1551010795836;146.15678,85.19542
q;1551010795861;-0.5989698,0.040438384,-0.024201829,0.79938364
v;1551010795861;-1.2718794,0.32361028,-0.30038896
r;1551010795862;146.87611,86.25451
q;1551010795887;-0.6140544,0.034046765,-0.020564662,0.7882608
v;1551010795887;-1.3118868,0.31339762,-0.2941698
r;1551010795889;149.03049,87.134254
q;1551010795914;-0.6280762,0.03987676,-0.02245365,0.776805
v;1551010795914;-1.3422407,0.4092535,-0.38445106
r;1551010795916;151.08258,86.51943
q;1551010795941;-0.63935816,0.04467949,-0.024684198,0.76721287
v;1551010795941;-1.3647228,0.5112966,-0.48286727
r;1551010795942;152.7577,85.96946
q;1551010795967;-0.6416695,0.04191217,-0.024051752,0.7654575
v;1551010795967;-1.372103,0.50229496,-0.47691068
r;1551010795969;153.10332,86.26677
q;1551010795993;-0.6567226,0.042123646,-0.022436887,0.7526205
v;1551010795993;-1.4071237,0.6064942,-0.5785586
r;1551010795994;155.35051,86.41917
q;1551010796021;-0.66146916,0.047799956,-0.026218574,0.74798816
v;1551010796021;-1.4095982,0.7229993,-0.69237816
r;1551010796022;156.0872,85.661415
q;1551010796047;-0.6547811,0.046858475,-0.026865331,0.7538861
v;1551010796047;-1.395891,0.6537751,-0.6253911
r;1551010796049;155.08316,85.67003
q;1551010796073;-0.65252745,0.04415632,-0.024479238,0.7560813
v;1551010796073;-1.3948755,0.59928966,-0.57135314
r;1551010796075;154.72868,86.07542
q;1551010796100;-0.6581214,0.045537855,-0.026050359,0.7510818
v;1551010796100;-1.4046745,0.6700652,-0.6424095
r;1551010796101;155.58517,85.856804
q;1551010796126;-0.6464984,0.047281846,-0.02980225,0.76086533
v;1551010796126;-1.3754381,0.60548645,-0.5806475
r;1551010796127;153.86435,85.386536
q;1551010796150;-0.6164014,0.041011415,-0.027658021,0.7858769
v;1551010796150;-1.3114687,0.39449272,-0.37544802
r;1551010796151;149.41353,86.01117
q;1551010796175;-0.5896883,0.03318089,-0.024012476,0.8065917
v;1551010796175;-1.2522187,0.26437932,-0.25124687
r;1551010796176;145.55615,86.910194
q;1551010796200;-0.5816938,0.03295626,-0.025992012,0.81232417
v;1551010796200;-1.2325399,0.2552346,-0.24524307
r;1551010796202;144.43681,86.7794
q;1551010796226;-0.561111,0.03280851,-0.027181828,0.82664335
v;1551010796226;-1.1833944,0.22624895,-0.21813996
r;1551010796227;141.5689,86.6715
q;1551010796252;-0.52047193,0.027118722,-0.025381863,0.8530705
v;1551010796252;-1.0899892,0.15782246,-0.15529343
r;1551010796253;136.01546,87.252205
q;1551010796278;-0.48160145,0.018228559,-0.022255102,0.8759181
v;1551010796278;-1.0026047,0.099343345,-0.10527553
r;1551010796279;130.8416,88.24499
q;1551010796303;-0.46530625,0.01883014,-0.026386501,0.884556
v;1551010796303;-0.9652393,0.10183823,-0.11303387
r;1551010796305;128.73367,87.935936
q;1551010796328;-0.45104337,0.022779766,-0.02922003,0.8917327
v;1551010796328;-0.9324613,0.112657204,-0.12224959
r;1551010796330;126.91315,87.36717
q;1551010796353;-0.41158104,0.018106433,-0.029839559,0.9107046
v;1551010796353;-0.84591323,0.08689338,-0.10463966
r;1551010796355;121.88943,87.77888
q;1551010796378;-0.3670821,0.012478661,-0.028779477,0.9296595
v;1551010796378;-0.7502265,0.06063672,-0.0857766
r;1551010796380;116.334114,88.38342
q;1551010796403;-0.34838447,0.011851624,-0.03192109,0.93673307
v;1551010796403;-0.71012676,0.05864691,-0.08987804
r;1551010796405;114.04461,88.3106
q;1551010796429;-0.32884434,0.01319879,-0.033175357,0.94370896
v;1551010796429;-0.6684762,0.05958246,-0.09097592
r;1551010796430;111.67286,88.10943
q;1551010796454;-0.2891419,0.0100780865,-0.033445623,0.9566487
v;1551010796454;-0.58540905,0.04635624,-0.08386622
r;1551010796456;106.87999,88.429596
q;1551010796480;-0.23927903,0.006287041,-0.03198298,0.9704036
v;1551010796480;-0.4824967,0.03105763,-0.07353502
r;1551010796481;100.940994,88.881615
q;1551010796504;-0.18685403,0.0013353971,-0.031004876,0.9818974
v;1551010796504;-0.37563163,0.01527479,-0.06603512
r;1551010796506;94.77555,89.44645
q;1551010796530;-0.16346939,5.771002E-4,-0.032783687,0.9860034
v;1551010796530;-0.32818443,0.012525086,-0.06854758
r;1551010796531;92.0548,89.49279
q;1551010796558;-0.13991158,0.0036483794,-0.03398457,0.9895739
v;1551010796558;-0.2803143,0.017410764,-0.07111469
r;1551010796560;89.3383,89.12412
q;1551010796585;-0.10014938,0.0013929702,-0.034509186,0.9943728
v;1551010796585;-0.20041442,0.009880329,-0.07037451
r;1551010796586;84.74363,89.37789
q;1551010796610;-0.062006053,-0.0038665324,-0.0336827,0.99749976
v;1551010796610;-0.12428222,-0.003564166,-0.067286834
r;1551010796612;80.339386,89.99252
q;1551010796637;-0.030843258,-0.006272684,-0.031752992,0.9990001
v;1551010796637;-0.062063023,-0.010594687,-0.06321928
r;1551010796639;76.75511,90.280075
q;1551010796664;-0.014242378,-0.005608704,-0.030236054,0.9994256
v;1551010796664;-0.028811552,-0.01035418,-0.06033924
r;1551010796666;74.85388,90.206
q;1551010796691;-0.017035175,9.3626743E-4,-0.029174367,0.99942875
v;1551010796691;-0.034002807,0.002867107,-0.05841426
r;1551010796692;75.19433,89.45873
q;1551010796717;0.0060258224,0.008238254,-0.030175041,0.9994925
v;1551010796717;0.012543037,0.01610645,-0.06026138
r;1551010796719;72.580414,88.615456
q;1551010796744;0.025863327,0.008245055,-0.034749746,0.9990273
v;1551010796744;0.052273173,0.014697186,-0.069154896
r;1551010796746;70.32298,88.62539
q;1551010796769;0.01217418,0.010438917,-0.035048757,0.99925697
v;1551010796769;0.025064634,0.020016562,-0.06987002
r;1551010796771;71.900154,88.369095
q;1551010796794;-0.006400933,0.013246274,-0.034912687,0.99928206
v;1551010796794;-0.011868027,0.026925623,-0.07000691
r;1551010796796;74.037186,88.040436
q;1551010796819;-0.0075552803,0.015050988,-0.033596687,0.9992936
v;1551010796819;-0.0140890265,0.030596182,-0.06743111
r;1551010796821;74.171455,87.834366
q;1551010796844;0.010100091,0.016012784,-0.03389943,0.99924594
v;1551010796844;0.021272203,0.031328853,-0.067490764
r;1551010796846;72.1555,87.72818
q;1551010796869;0.03747982,0.015571509,-0.036618333,0.9985048
v;1551010796869;0.07606129,0.028437598,-0.072231375
r;1551010796870;69.03087,87.7994
q;1551010796894;0.022390394,0.005857535,-0.035618477,0.99909747
v;1551010796894;0.045173008,0.01011997,-0.0710425
r;1551010796896;70.713585,88.89974
q;1551010796920;0.015816929,1.3340451E-4,-0.03371722,0.99930626
v;1551010796920;0.03162618,-8.0038205E-4,-0.06746832
r;1551010796921;71.438286,89.548965
q;1551010796945;-3.4096395E-4,-0.0015816,-0.028399775,0.99959534
v;1551010796945;-7.7148614E-4,-0.0031425594,-0.056806047
r;1551010796946;73.27262,89.74196
q;1551010796970;-0.0014977345,-0.0035450584,-0.02468351,0.9996879
v;1551010796970;-0.0031695485,-0.007014058,-0.049361285
r;1551010796971;73.394264,89.96804
q;1551010796994;0.0031012692,-0.00879949,-0.026812831,0.99959695
v;1551010796994;0.0057281917,-0.017759418,-0.053685293
r;1551010796996;72.85376,90.56716
q;1551010797019;0.007656779,-0.01258946,-0.028191771,0.99949396
v;1551010797019;0.01459649,-0.025603421,-0.056584015
r;1551010797021;72.320625,91.00009
q;1551010797044;0.00516256,-0.012086109,-0.027690118,0.9995302
v;1551010797044;0.009651087,-0.024450338,-0.05551009
r;1551010797046;72.60779,90.94314
q;1551010797069;5.906546E-4,-0.010862172,-0.027300691,0.99956805
v;1551010797069;5.8770954E-4,-0.021748926,-0.054617785
r;1551010797071;73.13521,90.80501
q;1551010797098;-0.004988625,-0.008099738,-0.026895462,0.999593
v;1551010797098;-0.010409071,-0.015926076,-0.053716954
r;1551010797099;73.78265,90.49158
q;1551010797123;-0.0068748314,-0.010088785,-0.025855392,0.9995912
v;1551010797123;-0.014266225,-0.019817129,-0.051579036
r;1551010797124;73.99216,90.72139
q;1551010797147;-0.007121943,-0.010550428,-0.025916755,0.99958307
v;1551010797147;-0.014785351,-0.020726653,-0.05169028
r;1551010797149;74.01912,90.774414
q;1551010797173;-0.0030130541,-0.013238602,-0.027009796,0.99954295
v;1551010797173;-0.006738549,-0.02630597,-0.0539425
r;1551010797174;73.540535,91.07931
q;1551010797198;-0.0055502565,-0.015881479,-0.025860414,0.999524
v;1551010797198;-0.011916914,-0.031468198,-0.051546395
r;1551010797199;73.82326,91.38431
q;1551010797224;-0.016938396,-0.017574219,-0.023797989,0.9994188
v;1551010797224;-0.034700528,-0.03434924,-0.047018576
r;1551010797225;75.12401,91.59002
q;1551010797249;-0.0197079,-0.017255263,-0.024572443,0.99935484
v;1551010797249;-0.040249243,-0.033553183,-0.04849131
r;1551010797250;75.44175,91.55426
q;1551010797274;-0.0072567333,-0.01750222,-0.02571584,0.9994897
v;1551010797274;-0.015406838,-0.03462438,-0.05117983
r;1551010797275;74.014,91.571335
q;1551010797298;-0.009341617,-0.020906774,-0.026995046,0.9993733
v;1551010797298;-0.01980158,-0.04130282,-0.053601813
r;1551010797300;74.24173,91.96161
q;1551010797323;-0.023721011,-0.019843392,-0.02617155,0.999179
v;1551010797323;-0.0484607,-0.0384672,-0.051441763
r;1551010797324;75.89297,91.84978
q;1551010797347;-0.027834296,-0.01774144,-0.024837883,0.99914646
v;1551010797347;-0.056532502,-0.034131043,-0.048742857
r;1551010797349;76.37138,91.6158
q;1551010797371;-0.023424268,-0.015747018,-0.02232248,0.99935234
v;1551010797371;-0.04753912,-0.030466989,-0.043942086
r;1551010797373;75.87288,91.390526
q;1551010797396;-0.019369604,-0.01621111,-0.021638464,0.99944675
v;1551010797396;-0.039429553,-0.03159583,-0.04267108
r;1551010797398;75.40749,91.4408
q;1551010797421;-0.0167497,-0.018708961,-0.022335177,0.9994351
v;1551010797421;-0.034322955,-0.036678392,-0.04405858
r;1551010797423;75.100464,91.72266
q;1551010797445;-0.021491993,-0.017755885,-0.021860115,0.9993723
v;1551010797445;-0.043747246,-0.034589827,-0.042983912
r;1551010797447;75.64665,91.61973
q;1551010797470;-0.021742731,-0.016974675,-0.021479258,0.9993887
v;1551010797470;-0.04420248,-0.033032827,-0.04224793
r;1551010797471;75.67763,91.53145
q;1551010797494;-0.01806084,-0.02015265,-0.023858426,0.99934906
v;1551010797494;-0.037068278,-0.039454587,-0.04700743
r;1551010797496;75.24548,91.886375
q;1551010797518;-0.024844209,-0.020609627,-0.022998583,0.99921423
v;1551010797518;-0.050618973,-0.040106207,-0.045009788
r;1551010797520;76.02233,91.947266
q;1551010797543;-0.027376877,-0.018466366,-0.01993026,0.9992559
v;1551010797543;-0.055477545,-0.03587687,-0.03888937
r;1551010797544;76.321045,91.7138
q;1551010797568;-0.030165005,-0.019082401,-0.018431189,0.9991928
v;1551010797568;-0.0610226,-0.03709959,-0.035755534
r;1551010797569;76.64086,91.79327
q;1551010797592;-0.02633904,-0.021078013,-0.020309335,0.9992245
v;1551010797592;-0.05351893,-0.04112393,-0.039543726
r;1551010797594;76.19557,92.01047
q;1551010797619;-0.026655441,-0.018875705,-0.01988557,0.99926865
v;1551010797619;-0.05404892,-0.036725555,-0.038802158
r;1551010797621;76.23747,91.75985
q;1551010797645;-0.022972072,-0.018926937,-0.020108115,0.99935466
v;1551010797645;-0.04669263,-0.036954273,-0.039373767
r;1551010797646;75.81502,91.760155
q;1551010797671;-0.023936976,-0.021254428,-0.020992141,0.99926704
v;1551010797671;-0.048750523,-0.04153399,-0.040996153
r;1551010797673;75.91903,92.0257
q;1551010797697;-0.02337219,-0.021853505,-0.022893203,0.99922574
v;1551010797697;-0.0477269,-0.04266455,-0.0447954
r;1551010797699;75.85047,92.08861
q;1551010797722;-0.02423373,-0.018864186,-0.02305576,0.99926233
v;1551010797722;-0.049321555,-0.036635824,-0.04523362
r;1551010797724;75.95697,91.74651
q;1551010797746;-0.024869125,-0.018979818,-0.022755446,0.9992515
v;1551010797746;-0.05058638,-0.036854878,-0.04460463
r;1551010797749;76.02973,91.761246
q;1551010797773;-0.026993098,-0.018677352,-0.022017403,0.9992186
v;1551010797773;-0.05479388,-0.0361991,-0.04307001
r;1551010797775;76.27457,91.73103
q;1551010797799;-0.026538452,-0.017038565,-0.021268154,0.9992763
v;1551010797799;-0.053789187,-0.032977283,-0.041673485
r;1551010797801;76.22719,91.54505
q;1551010797823;-0.027494786,-0.018069532,-0.020550594,0.9992473
v;1551010797823;-0.055719685,-0.03504334,-0.040149692
r;1551010797825;76.33489,91.66655
q;1551010797848;-0.028286152,-0.019491684,-0.020471623,0.9992001
v;1551010797848;-0.057356548,-0.037865363,-0.039883953
r;1551010797850;76.42229,91.83074
q;1551010797875;-0.026539957,-0.018944226,-0.020215522,0.99926376
v;1551010797875;-0.053832766,-0.036849227,-0.039463118
r;1551010797876;76.22373,91.76655
q;1551010797900;-0.025066175,-0.017946772,-0.020141723,0.99932176
v;1551010797900;-0.05084321,-0.034911644,-0.03941754
r;1551010797901;76.05724,91.65054
q;1551010797924;-0.025258454,-0.018763669,-0.020495564,0.9992947
v;1551010797924;-0.051272884,-0.0365216,-0.040077716
r;1551010797926;76.07701,91.74337
q;1551010797949;-0.029438704,-0.020971205,-0.019734189,0.9991517
v;1551010797949;-0.059690602,-0.04082897,-0.03827767
r;1551010797951;76.551796,92.00418
q;1551010797975;-0.029076997,-0.02135549,-0.020607151,0.9991365
v;1551010797975;-0.059018183,-0.041560013,-0.040017143
r;1551010797976;76.5083,92.04482
q;1551010797998;-0.025416834,-0.02176289,-0.02191135,0.9991998
v;1551010797998;-0.051769823,-0.04244671,-0.042751625
r;1551010798000;76.08619,92.083115
q;1551010798024;-0.025536152,-0.022493456,-0.022237632,0.9991734
v;1551010798024;-0.052053988,-0.04388751,-0.043362007
r;1551010798025;76.09757,92.166
q;1551010798048;-0.032796495,-0.021824174,-0.022045827,0.9989805
v;1551010798048;-0.06653746,-0.042263877,-0.04272269
r;1551010798050;76.931595,92.09782
q;1551010798075;-0.028170487,-0.021441197,-0.023681853,0.9990925
v;1551010798075;-0.057336792,-0.041589536,-0.046205048
r;1551010798076;76.40051,92.04364
q;1551010798099;-0.02498786,-0.023177724,-0.024411464,0.9991209
v;1551010798099;-0.05108561,-0.04516898,-0.04770198
r;1551010798101;76.03012,92.23763
q;1551010798125;-0.029073348,-0.02325132,-0.023322942,0.99903464
v;1551010798125;-0.05920973,-0.04519615,-0.04534383
r;1551010798126;76.49947,92.25303
q;1551010798152;-0.03018668,-0.020431219,-0.023014674,0.9990704
v;1551010798152;-0.06129605,-0.039519466,-0.0448523
r;1551010798153;76.635025,91.93206
q;1551010798176;-0.02257509,-0.019071607,-0.023284346,0.999292
v;1551010798176;-0.0460226,-0.037112724,-0.045738995
r;1551010798178;75.76617,91.76804
q;1551010798201;-0.026327863,-0.02082574,-0.02287799,0.99917454
v;1551010798201;-0.053590816,-0.040481597,-0.044700656
r;1551010798203;76.1919,91.973854
q;1551010798226;-0.033972953,-0.021903584,-0.022791956,0.99892277
v;1551010798226;-0.06892572,-0.042324457,-0.04416574
r;1551010798228;77.0653,92.10531
q;1551010798251;-0.029934367,-0.020004021,-0.022818996,0.99909115
v;1551010798251;-0.06076465,-0.038686562,-0.044495672
r;1551010798253;76.607445,91.88354
q;1551010798276;-0.025313826,-0.0185687,-0.023223653,0.99923724
v;1551010798276;-0.051474232,-0.03598874,-0.045547847
r;1551010798278;76.0814,91.71325
q;1551010798301;-0.022834297,-0.020554544,-0.023609737,0.9992491
v;1551010798301;-0.046621762,-0.040054213,-0.046312172
r;1551010798304;75.79155,91.93736
q;1551010798328;-0.02369738,-0.021869615,-0.023798719,0.9991966
v;1551010798328;-0.048416536,-0.04263902,-0.046594128
r;1551010798330;75.886635,92.08833
q;1551010798355;-0.023655824,-0.021961227,-0.022708653,0.9992209
v;1551010798355;-0.048290975,-0.042876955,-0.04440925
r;1551010798356;75.882904,92.10173
q;1551010798381;-0.026352234,-0.021555925,-0.022464741,0.9991678
v;1551010798381;-0.053654846,-0.041964665,-0.043833088
r;1551010798382;76.19324,92.05878
q;1551010798405;-0.028631996,-0.011418892,-0.023056379,0.9992588
v;1551010798405;-0.05778025,-0.021538163,-0.04551633
r;1551010798407;76.480774,90.89799
q;1551010798431;-0.022816775,-0.019699663,-0.022636771,0.9992892
v;1551010798431;-0.046509754,-0.038389254,-0.044404987
r;1551010798432;75.79278,91.84193
q;1551010798456;-0.029971933,-0.021147886,-0.022670725,0.9990698
v;1551010798456;-0.060884595,-0.04098485,-0.044127647
r;1551010798457;76.60889,92.01513
q;1551010798490;-0.02839845,-0.019194942,-0.022263663,0.99916434
v;1551010798490;-0.05763604,-0.03716355,-0.04348579
r;1551010798491;76.434074,91.79109
