q;1551030545021;-0.06098373,0.0014496294,-0.0027285642,0.998134
v;1551030545021;-0.12203463,0.0032508268,-0.0056659207
m;1551030545028;md=0
bq;1551030545043;-0.06098373,0.0014496294,-0.0027285642,0.998134
r;1551030545045;90.0,90.0,90.0
m;1551030545046;st
q;1551030545240;-0.06285041,0.006568873,-0.0047753095,0.99798995
v;1551030545240;-0.1257163,0.013821109,-0.010439712
r;1551030545246;90.21681,89.40035,90.21681
q;1551030545290;-0.061681278,0.0055838586,-0.004208599,0.99807143
v;1551030545290;-0.12339052,0.011755004,-0.009159571
r;1551030545297;90.08186,89.5169,90.08186
q;1551030545332;-0.061431356,0.0047057453,-0.0037046159,0.99809337
v;1551030545332;-0.12290276,0.009923721,-0.008033951
r;1551030545346;90.052635,89.62084,90.052635
q;1551030545381;-0.061079778,0.0051804567,-0.0036286616,0.99811286
v;1551030545381;-0.1221953,0.010865871,-0.007935726
r;1551030545387;90.01244,89.567,90.01244
q;1551030545425;-0.061397623,0.0048164693,-0.0033428078,0.99809617
v;1551030545425;-0.122837946,0.010101365,-0.0073195454
r;1551030545432;90.04871,89.61072,90.04871
q;1551030545463;-0.061139613,0.004423245,-0.0025435167,0.9981162
v;1551030545463;-0.12233127,0.009209799,-0.005660654
r;1551030545469;90.01879,89.66123,90.01879
q;1551030545496;-0.060979147,0.004666151,-0.0026854635,0.99812454
v;1551030545496;-0.122006975,0.009714681,-0.0059743766
r;1551030545500;90.000465,89.6324,90.000465
q;1551030545526;-0.0622436,0.0045879697,-0.002967769,0.99804604
v;1551030545526;-0.12453841,0.009601972,-0.006545827
r;1551030545535;90.145676,89.63975,90.145676
q;1551030545567;-0.061331883,0.0053033493,-0.0027100472,0.9980997
v;1551030545567;-0.122709654,0.011001915,-0.0061062765
r;1551030545571;90.04116,89.55946,90.04116
q;1551030545595;-0.060693517,0.0046511204,-0.002312591,0.99814296
v;1551030545595;-0.12143836,0.009636803,-0.005219642
r;1551030545599;89.96759,89.63662,89.96759
q;1551030545623;-0.060345616,0.0042982316,-0.0021014845,0.9981661
v;1551030545623;-0.12074501,0.00889924,-0.0047486117
r;1551030545627;89.92753,89.678314,89.92753
q;1551030545652;-0.060365327,0.004827108,-0.0016332407,0.99816334
v;1551030545652;-0.12078664,0.009906,-0.0038714786
r;1551030545656;89.92981,89.62106,89.92981
q;1551030545682;-0.06112494,0.0043294257,-0.0010962364,0.9981201
v;1551030545682;-0.12231534,0.008842769,-0.0027380832
r;1551030545694;90.016846,89.6821,90.016846
q;1551030545742;-0.06043477,0.0037862717,-6.678318E-4,0.9981648
v;1551030545742;-0.12093725,0.00769565,-0.0018040347
r;1551030545749;89.937515,89.74684,89.937515
q;1551030545787;-0.061271492,0.0032015413,-6.186948E-4,0.99811584
v;1551030545787;-0.12261514,0.0065157996,-0.0016396958
r;1551030545793;90.03353,89.81453,90.03353
q;1551030545822;-0.062169757,0.005349023,-0.001183497,0.9980506
v;1551030545822;-0.124405116,0.010908868,-0.0030510589
r;1551030545827;90.13694,89.56539,90.13694
q;1551030545852;-0.0608624,0.0058652963,-0.0012151011,0.9981282
v;1551030545852;-0.12178352,0.011945298,-0.0031630376
r;1551030545856;89.986916,89.50546,89.986916
q;1551030545885;-0.060834397,0.0047166543,-6.6553656E-4,0.9981365
v;1551030545885;-0.12173625,0.009567657,-0.0019166482
r;1551030545889;89.98345,89.64066,89.98345
q;1551030545916;-0.06157336,0.0037386888,-3.8396026E-4,0.9980955
v;1551030545916;-0.12322091,0.0075678723,-0.0012362389
r;1551030545926;90.06821,89.75491,90.06821
q;1551030545977;-0.0613089,0.0038230962,-5.056352E-4,0.9981114
v;1551030545977;-0.12268995,0.007752101,-0.0014893361
r;1551030545984;90.03786,89.744255,90.03786
q;1551030546020;-0.062021498,0.003999814,-8.8085816E-4,0.9980664
v;1551030546020;-0.12411451,0.008156255,-0.0022719374
r;1551030546025;90.11972,89.72178,90.11972
q;1551030546057;-0.06192757,0.0042028455,-0.0014607739,0.9980708
v;1551030546057;-0.12392083,0.008636734,-0.0034630175
r;1551030546062;90.10903,89.6944,90.10903
q;1551030546087;-0.061723705,0.0046455245,-0.0019233229,0.9980806
v;1551030546087;-0.12350635,0.009583793,-0.0044466257
r;1551030546091;90.085785,89.640396,90.085785
q;1551030546115;-0.061771188,0.0042708996,-0.0017872119,0.9980796
v;1551030546115;-0.123604365,0.008813546,-0.004126692
r;1551030546120;90.09113,89.68423,90.09113
q;1551030546145;-0.06240006,0.0044593047,-0.0018825644,0.9980395
v;1551030546145;-0.124862865,0.009207885,-0.0043481337
r;1551030546155;90.16339,89.66227,90.16339
q;1551030546202;-0.061969813,0.0036531466,-0.002134939,0.9980691
v;1551030546202;-0.12400225,0.007615335,-0.0047508995
r;1551030546209;90.113846,89.752495,90.113846
q;1551030546238;-0.06292797,0.004960932,-0.0028195318,0.99800175
v;1551030546238;-0.1259089,0.010338918,-0.0063020876
r;1551030546242;90.224335,89.598366,90.224335
q;1551030546267;-0.06271027,0.0037296396,-0.0028565146,0.9980207
v;1551030546267;-0.12548003,0.007864696,-0.006218426
r;1551030546271;90.19896,89.738846,90.19896
q;1551030546296;-0.061578486,0.0037702413,-0.002984479,0.9980907
v;1551030546296;-0.12321084,0.007954027,-0.006470993
r;1551030546300;90.069046,89.732956,90.069046
q;1551030546324;-0.062113054,0.003759519,-0.0029169887,0.9980578
v;1551030546324;-0.124282606,0.007928033,-0.00633861
r;1551030546328;90.13041,89.73482,90.13041
q;1551030546354;-0.062016316,0.0034052953,-0.003022434,0.99806476
v;1551030546354;-0.12409024,0.0072279316,-0.0065056067
r;1551030546358;90.119194,89.77455,90.119194
q;1551030546382;-0.06188948,0.0023652527,-0.0032037843,0.99807507
v;1551030546382;-0.12384185,0.0051574823,-0.00673967
r;1551030546386;90.10426,89.89218,90.10426
q;1551030546411;-0.061548725,0.002451789,-0.0033255655,0.9980955
v;1551030546411;-0.123157814,0.0053441124,-0.0069933
r;1551030546415;90.06517,89.88134,90.06517
q;1551030546438;-0.062246587,0.0028973967,-0.0036248863,0.99805003
v;1551030546438;-0.1245512,0.0062834835,-0.0076557207
r;1551030546442;90.14547,89.82841,90.14547
q;1551030546467;-0.06202082,0.0030680427,-0.0037069179,0.99806327
v;1551030546467;-0.12409693,0.006635086,-0.007840415
r;1551030546471;90.11963,89.80826,90.11963
q;1551030546496;-0.062048458,0.0027057366,-0.0038656148,0.99806195
v;1551030546496;-0.1241542,0.005926347,-0.008114567
r;1551030546500;90.12265,89.84857,90.12265
q;1551030546526;-0.062295746,0.0023363552,-0.003824888,0.9980477
v;1551030546526;-0.124652945,0.0051803538,-0.007987995
r;1551030546536;90.15088,89.89116,90.15088
q;1551030546581;-0.06279849,0.0029823452,-0.0045505576,0.9980114
v;1551030546581;-0.12565045,0.0065762573,-0.0095328875
r;1551030546585;90.20892,89.81215,90.20892
q;1551030546611;-0.06267908,0.0027804137,-0.004959887,0.99801755
v;1551030546611;-0.12541054,0.006220458,-0.010329965
r;1551030546620;90.19513,89.83229,90.19513
q;1551030546663;-0.06268565,0.0029239643,-0.0050125928,0.9980165
v;1551030546663;-0.1254219,0.0065159933,-0.010454189
r;1551030546668;90.19597,89.81549,90.19597
q;1551030546692;-0.06342982,0.0026277287,-0.005317604,0.9979687
v;1551030546692;-0.12691443,0.005967401,-0.01103594
r;1551030546696;90.28125,89.84719,90.28125
q;1551030546726;-0.062861994,0.0024238129,-0.00519387,0.99800575
v;1551030546726;-0.12577948,0.005534704,-0.01075694
r;1551030546731;90.21593,89.87139,90.21593
q;1551030546758;-0.06288474,0.0021801554,-0.005148616,0.99800515
v;1551030546758;-0.12582791,0.00503901,-0.010635167
r;1551030546767;90.2184,89.89959,90.2184
q;1551030546817;-0.06331998,0.0027946082,-0.005782579,0.9979726
v;1551030546817;-0.12668951,0.006361214,-0.011992013
r;1551030546824;90.268776,89.82473,90.268776
q;1551030546859;-0.06328005,0.0019380635,-0.005962491,0.9979761
v;1551030546859;-0.12661892,0.00466022,-0.012244455
r;1551030546863;90.26362,89.92139,90.26362
q;1551030546888;-0.063498504,0.0028770037,-0.006350485,0.9979576
v;1551030546888;-0.12704255,0.006602002,-0.013146726
r;1551030546892;90.289375,89.811165,90.289375
q;1551030546917;-0.06363547,0.0027846375,-0.0061888774,0.99795014
v;1551030546917;-0.12731928,0.0063973474,-0.012810826
r;1551030546921;90.30502,89.8229,90.30502
q;1551030546951;-0.06348431,0.0022006591,-0.0061927023,0.9979612
v;1551030546951;-0.12702383,0.0052207084,-0.012742573
r;1551030546954;90.28725,89.88966,90.28725
q;1551030546978;-0.06407584,0.002727109,-0.006517251,0.99792004
v;1551030546978;-0.12820047,0.006330059,-0.0134678
r;1551030546983;90.35557,89.82703,90.35557
q;1551030547008;-0.06395616,0.0026597967,-0.00670296,0.99792665
v;1551030547008;-0.12796035,0.0062168217,-0.013831869
r;1551030547012;90.34179,89.833374,90.34179
q;1551030547036;-0.06440454,0.0023893546,-0.0068964423,0.9978972
v;1551030547036;-0.12886159,0.0057043107,-0.014189772
r;1551030547039;90.393074,89.86281,90.393074
q;1551030547063;-0.063997656,0.0027049156,-0.0068082525,0.9979232
v;1551030547063;-0.12804224,0.0063218134,-0.014049915
r;1551030547067;90.346596,89.82744,90.346596
q;1551030547091;-0.06359719,0.0025607646,-0.006906612,0.99794847
v;1551030547091;-0.12724112,0.0060383556,-0.014226083
r;1551030547095;90.30051,89.84327,90.30051
q;1551030547119;-0.06425981,0.002200551,-0.006761723,0.9979079
v;1551030547119;-0.12857495,0.0053047203,-0.013893089
r;1551030547122;90.376305,89.885414,90.376305
q;1551030547146;-0.06411905,0.0022568302,-0.0064235744,0.997919
v;1551030547146;-0.12829389,0.005372191,-0.013218844
r;1551030547151;90.360176,89.881485,90.360176
q;1551030547174;-0.06433876,0.0023827844,-0.0065938104,0.99790347
v;1551030547174;-0.12873158,0.0056508407,-0.01357936
r;1551030547178;90.385506,89.86581,90.385506
q;1551030547202;-0.064609855,0.0022151575,-0.006997691,0.9978836
v;1551030547202;-0.129275,0.0053700134,-0.014372424
r;1551030547206;90.41652,89.88194,90.41652
q;1551030547229;-0.06346329,0.002009386,-0.0067620496,0.99795926
v;1551030547229;-0.12698135,0.004908393,-0.013863605
r;1551030547234;90.2847,89.9074,90.2847
q;1551030547258;-0.06421261,0.0015554134,-0.006680101,0.99791265
v;1551030547258;-0.12848963,0.0039951704,-0.013644969
r;1551030547261;90.370384,89.9598,90.370384
q;1551030547286;-0.06433266,0.0014430828,-0.006625625,0.9979055
v;1551030547286;-0.12873197,0.0037637604,-0.013521461
r;1551030547290;90.38409,89.97303,90.38409
q;1551030547315;-0.064361624,0.0018300953,-0.0063077924,0.997905
v;1551030547315;-0.12878619,0.0045017786,-0.012932187
r;1551030547320;90.38772,89.931114,90.38772
q;1551030547346;-0.06335425,0.0017474263,-0.0062509156,0.99797
v;1551030547346;-0.1267687,0.004314436,-0.012800932
r;1551030547351;90.27199,89.941086,90.27199
q;1551030547376;-0.0641405,0.00101627,-0.00630051,0.99792045
v;1551030547376;-0.12835357,0.0028600798,-0.012810914
r;1551030547380;90.36173,90.024254,90.36173
q;1551030547413;-0.06425189,0.0011150372,-0.0061007277,0.99791443
v;1551030547413;-0.12857614,0.0030344424,-0.012422151
r;1551030547420;90.37462,90.01442,90.37462
q;1551030547447;-0.064420976,0.0013772945,-0.0060240203,0.9979037
v;1551030547447;-0.128912,0.0035544618,-0.012302627
r;1551030547451;90.394226,89.98498,90.394226
q;1551030547476;-0.0644687,0.0018045309,-0.006139208,0.99789923
v;1551030547476;-0.12900186,0.0044298763,-0.012590237
r;1551030547480;90.4,89.93527,90.4
q;1551030547505;-0.06430973,0.0017608382,-0.005849346,0.99791133
v;1551030547505;-0.12868509,0.004302246,-0.012000244
r;1551030547509;90.38173,89.94241,90.38173
q;1551030547536;-0.06460875,9.0786937E-4,-0.0056340788,0.9978944
v;1551030547536;-0.12929513,0.002561319,-0.011457629
r;1551030547545;90.41552,90.041534,90.41552
q;1551030547594;-0.06489758,0.0022975558,-0.005997094,0.9978713
v;1551030547594;-0.12985596,0.005409293,-0.012371339
r;1551030547598;90.44959,89.87991,90.44959
q;1551030547629;-0.06519492,0.0015651799,-0.0058033657,0.9978545
v;1551030547629;-0.1304617,0.003913611,-0.011887208
r;1551030547634;90.483246,89.96509,90.483246
q;1551030547664;-0.064855255,0.0012275475,-0.0052937353,0.9978799
v;1551030547664;-0.1297866,0.0031631521,-0.010815421
r;1551030547668;90.44408,90.0075,90.44408
q;1551030547693;-0.06493875,7.6052453E-4,-0.005473365,0.99787396
v;1551030547693;-0.12995856,0.0022476378,-0.011116199
r;1551030547697;90.45334,90.05956,90.45334
q;1551030547723;-0.06526016,6.732678E-4,-0.005094236,0.99785507
v;1551030547723;-0.13060448,0.002025803,-0.010342761
r;1551030547731;90.490265,90.07237,90.490265
q;1551030547781;-0.06460369,6.092901E-4,-0.0048868475,0.9978989
v;1551030547781;-0.12928982,0.0018629865,-0.009914795
r;1551030547785;90.41488,90.08121,90.41488
q;1551030547813;-0.06463068,8.9113903E-4,-0.004721695,0.9978977
v;1551030547813;-0.12934151,0.0024089883,-0.009619223
r;1551030547817;90.418175,90.0502,90.418175
q;1551030547842;-0.06506677,5.3786125E-4,-0.0046424936,0.99786997
v;1551030547842;-0.13021907,0.0016919007,-0.009415054
r;1551030547846;90.46807,90.09122,90.46807
q;1551030547871;-0.06516931,4.3378508E-4,-0.004455617,0.9978642
v;1551030547871;-0.13042584,0.0014588472,-0.009025519
r;1551030547875;90.47983,90.10452,90.47983
q;1551030547898;-0.0656212,8.7956333E-4,-0.004255163,0.99783516
v;1551030547898;-0.13132799,0.0023338757,-0.00868221
r;1551030547902;90.53199,90.0551,90.53199
q;1551030547926;-0.06503962,2.1965601E-4,-0.004266708,0.99787354
v;1551030547926;-0.13016804,0.0010018639,-0.008616847
r;1551030547930;90.464874,90.1304,90.464874
q;1551030547954;-0.065655895,-4.0077008E-4,-0.0041720076,0.99783355
v;1551030547954;-0.13140853,-2.5416113E-4,-0.008345358
r;1551030547957;90.535355,90.20213,90.535355
q;1551030547982;-0.066019185,2.4177371E-4,-0.0040286216,0.99781024
v;1551030547982;-0.13213143,0.0010233414,-0.008142588
r;1551030547986;90.57743,90.12979,90.57743
q;1551030548011;-0.065640815,7.1864453E-4,-0.0039983955,0.99783504
v;1551030548011;-0.1313692,0.001976122,-0.008144086
r;1551030548016;90.53422,90.07543,90.53422
q;1551030548046;-0.06563719,-3.0826646E-5,-0.0035140382,0.9978374
v;1551030548046;-0.13136825,4.0325793E-4,-0.007069805
r;1551030548054;90.533585,90.16477,90.533585
q;1551030548102;-0.0659378,-3.0609785E-4,-0.003194185,0.9978186
v;1551030548102;-0.13197263,-1.9128855E-4,-0.006389673
r;1551030548113;90.5681,90.19873,90.5681
q;1551030548163;-0.06623724,2.2340467E-4,-0.0032254488,0.9977987
v;1551030548163;-0.13256939,8.808444E-4,-0.006523579
r;1551030548172;90.602684,90.138016,90.602684
q;1551030548221;-0.066714264,-4.092216E-4,-0.0031932672,0.9977669
v;1551030548221;-0.13352965,-3.9405038E-4,-0.0063744583
r;1551030548227;90.657234,90.21071,90.657234
q;1551030548256;-0.06639346,2.8070086E-4,-0.002953835,0.99778914
v;1551030548256;-0.13288242,9.608621E-4,-0.005984678
r;1551030548260;90.62072,90.13357,90.62072
q;1551030548285;-0.066730395,1.3243675E-4,-0.0031555342,0.9977661
v;1551030548285;-0.13355854,6.91581E-4,-0.0063714297
r;1551030548290;90.6593,90.14906,90.6593
q;1551030548313;-0.0670279,-1.01404876E-4,-0.0034731377,0.99774504
v;1551030548313;-0.13415626,2.6562848E-4,-0.00697979
r;1551030548317;90.69328,90.17343,90.69328
q;1551030548341;-0.06676581,2.99661E-4,-0.0034290554,0.99776274
v;1551030548341;-0.13362814,0.0010653663,-0.006944749
r;1551030548344;90.66336,90.12786,90.66336
q;1551030548368;-0.067133896,3.9059433E-4,-0.0038794598,0.9977364
v;1551030548368;-0.13436477,0.0013121337,-0.007864769
r;1551030548372;90.70556,90.11408,90.70556
q;1551030548396;-0.070193045,9.919945E-5,-0.0045424486,0.9975231
v;1551030548396;-0.14049926,8.439199E-4,-0.009166775
r;1551030548399;91.056625,90.14254,91.056625
q;1551030548423;-0.07305347,6.77795E-4,-0.004763511,0.9973164
v;1551030548423;-0.14622897,0.0020700279,-0.009704203
r;1551030548427;91.38551,90.07478,91.38551
q;1551030548451;-0.07332021,7.2789815E-4,-0.004781552,0.99729675
v;1551030548451;-0.14676335,0.0021764287,-0.009748949
r;1551030548454;91.41618,90.068924,91.41618
q;1551030548478;-0.07357173,1.8530135E-4,-0.005321969,0.9972757
v;1551030548478;-0.14727242,0.0011653006,-0.010758877
r;1551030548481;91.44464,90.12639,91.44464
q;1551030548505;-0.06971193,8.121355E-4,-0.0058789765,0.99754953
v;1551030548505;-0.13952492,0.0024639068,-0.011958868
r;1551030548508;91.00151,90.05032,91.00151
q;1551030548532;-0.06641496,9.7170286E-4,-0.00667079,0.9977693
v;1551030548532;-0.13291164,0.0028502939,-0.013560905
r;1551030548535;90.62284,90.026276,90.62284
q;1551030548559;-0.06842741,-2.7560355E-4,-0.0067961942,0.9976329
v;1551030548559;-0.13696241,3.8378363E-4,-0.013650751
r;1551030548562;90.85297,90.16757,90.85297
q;1551030548587;-0.06958966,-7.0960197E-4,-0.0066670636,0.99755317
v;1551030548587;-0.13929829,-4.925855E-4,-0.01333227
r;1551030548595;90.98615,90.218,90.98615
q;1551030548646;-0.05931013,-7.300763E-4,-0.0072582285,0.99821293
v;1551030548646;-0.1186974,-6.0079753E-4,-0.01450649
r;1551030548655;89.80559,90.21804,89.80559
q;1551030548695;-0.05580678,-0.0016916775,-0.008188217,0.9984066
v;1551030548695;-0.11169552,-0.0024795008,-0.016263584
r;1551030548701;89.40229,90.322914,89.40229
q;1551030548739;-0.041440565,-0.002327935,-0.008964513,0.99909806
v;1551030548739;-0.082943186,-0.003922175,-0.017781977
r;1551030548744;87.7532,90.39687,87.7532
q;1551030548775;-0.027310323,0.0010025201,-0.010644982,0.99956983
v;1551030548775;-0.054602936,0.0025894758,-0.021369034
r;1551030548783;86.13653,90.01596,86.13653
q;1551030548831;-0.006339355,0.0015980704,-0.011421156,0.9999134
v;1551030548831;-0.012641445,0.0033409426,-0.022864414
r;1551030548838;83.73399,89.9594,83.73399
q;1551030548872;0.0076005985,0.0022049441,-0.010056108,0.99991816
v;1551030548872;0.015244888,0.004257169,-0.020080732
r;1551030548877;82.13722,89.89793,82.13722
q;1551030548906;0.022422986,0.0014648543,-0.009834972,0.9996991
v;1551030548906;0.044876356,0.002490278,-0.01961934
r;1551030548910;80.437706,89.9896,80.437706
q;1551030548936;0.0383092,0.001953427,-0.0101254145,0.99921274
v;1551030548936;0.07667274,0.0031372071,-0.020145763
r;1551030548945;78.61712,89.942406,78.61712
q;1551030548994;0.07454821,3.6105E-4,-0.009285564,0.99717414
v;1551030548994;0.14923513,-6.718526E-4,-0.018673444
r;1551030549000;74.45591,90.13526,74.45591
q;1551030549036;0.10626887,-6.0233916E-4,-0.008501133,0.99430096
v;1551030549036;0.21292141,-0.0030740479,-0.01742781
r;1551030549047;70.80508,90.24748,70.80508
q;1551030549094;0.1533233,0.0018950965,-0.0075021395,0.98814577
v;1551030549094;0.307881,0.0015160462,-0.014948743
r;1551030549100;65.36899,89.95942,65.36899
q;1551030549135;0.18635209,0.0029487768,-0.006308819,0.98245835
v;1551030549135;0.37492588,0.0036997919,-0.012140933
r;1551030549143;61.528908,89.8213,61.528908
q;1551030549191;0.23678996,-0.0065361955,-0.0076938006,0.97150844
v;1551030549191;0.47797978,-0.01840749,-0.02032358
r;1551030549197;55.60691,90.918495,55.60691
q;1551030549226;0.25754482,-0.010210351,-0.009323942,0.96616745
v;1551030549226;0.52068263,-0.028283946,-0.026835224
r;1551030549230;53.14792,91.37266,53.14792
q;1551030549254;0.28098822,-0.017348152,-0.013050856,0.9594657
v;1551030549254;0.5689459,-0.04823907,-0.04131052
r;1551030549258;50.34592,92.27804,50.34592
q;1551030549282;0.30295,-0.019233339,-0.015209503,0.95269096
v;1551030549282;0.6146228,-0.056165136,-0.04975595
r;1551030549285;47.708176,92.56241,47.708176
q;1551030549309;0.3198893,-0.020597842,-0.017483579,0.94706964
v;1551030549309;0.65001035,-0.06310206,-0.058185946
r;1551030549312;45.658875,92.79893,45.658875
q;1551030549336;0.34317523,-0.021946525,-0.018594155,0.93883085
v;1551030549336;0.6991285,-0.070570745,-0.06534088
r;1551030549339;42.826057,92.998245,42.826057
q;1551030549365;0.36418548,-0.023368975,-0.02018234,0.93081445
v;1551030549365;0.7437262,-0.07917028,-0.074248835
r;1551030549369;40.24605,93.22602,40.24605
q;1551030549394;0.3834126,-0.023295939,-0.021089701,0.9230424
v;1551030549394;0.7850063,-0.08375599,-0.080378555
r;1551030549397;37.86857,93.26806,37.86857
q;1551030549421;0.4079322,-0.02084138,-0.021572324,0.91251934
v;1551030549421;0.83842784,-0.08330558,-0.08441268
r;1551030549424;34.81295,93.04728,34.81295
q;1551030549448;0.42373392,-0.020217402,-0.023862366,0.9052466
v;1551030549448;0.87291056,-0.08854724,-0.09403257
r;1551030549451;32.819836,93.10439,32.819836
q;1551030549475;0.43663883,-0.017409021,-0.024638213,0.89913094
v;1551030549475;0.9016203,-0.085253276,-0.09607718
r;1551030549478;31.189447,92.865585,31.189447
q;1551030549502;0.4529819,-0.017269976,-0.025554067,0.8909861
v;1551030549502;0.9379012,-0.09129725,-0.1036249
r;1551030549505;29.098825,92.917534,29.098825
q;1551030549529;0.46816647,-0.017376166,-0.026675884,0.88306665
v;1551030549529;0.9718274,-0.098896466,-0.11266104
r;1551030549532;27.13847,93.00695,27.13847
q;1551030549555;0.4792165,-0.013102399,-0.02694529,0.8771852
v;1551030549555;0.9973148,-0.09008735,-0.11049784
r;1551030549558;25.720308,92.60617,25.720308
q;1551030549583;0.49099383,-0.010616119,-0.02746696,0.87066525
v;1551030549583;1.0243938,-0.08759637,-0.11234557
r;1551030549592;24.19243,92.40588,24.19243
q;1551030549641;0.5122466,-0.009604519,-0.030725757,0.8582348
v;1551030549641;1.0730602,-0.100631475,-0.13145213
r;1551030549647;21.400215,92.53551,21.400215
q;1551030549703;0.52930486,-0.010818857,-0.03028135,0.8478221
v;1551030549703;1.112613,-0.1141952,-0.14245868
r;1551030549707;19.106588,92.66417,19.106588
q;1551030549734;0.53364366,-0.009190464,-0.030399503,0.8451129
v;1551030549734;1.1230371,-0.111047655,-0.1418107
r;1551030549738;18.535168,92.52244,18.535168
q;1551030549762;0.54233474,-0.011603814,-0.029287526,0.8395717
v;1551030549762;1.1432314,-0.12391744,-0.14950927
r;1551030549766;17.33346,92.70463,17.33346
q;1551030549790;0.54734355,-0.012908984,-0.029944701,0.8362725
v;1551030549790;1.1547244,-0.13493381,-0.15955748
r;1551030549793;16.644064,92.88042,16.644064
q;1551030549817;0.5502115,-0.012627601,-0.029557778,0.83440655
v;1551030549817;1.1616321,-0.13513537,-0.1595888
r;1551030549821;16.252708,92.83433,16.252708
q;1551030549845;0.55625105,-0.009984704,-0.02897745,0.8304489
v;1551030549845;1.1765791,-0.12745461,-0.15484561
r;1551030549849;15.444185,92.556435,15.444185
q;1551030549875;0.555184,-0.008156383,-0.029644167,0.83115906
v;1551030549875;1.174272,-0.12062545,-0.1516222
r;1551030549882;15.61138,92.42251,15.61138
q;1551030549934;0.55036545,-0.008212979,-0.025626978,0.83449006
v;1551030549934;1.1633307,-0.10597017,-0.13111804
r;1551030549940;16.24671,92.16405,16.24671
q;1551030549982;0.53735,-0.010145918,-0.024934992,0.8429296
v;1551030549982;1.1322985,-0.10358668,-0.12501496
r;1551030549986;18.003288,92.28621,18.003288
q;1551030550039;0.5105019,-0.007349744,-0.024184361,0.85950506
v;1551030550039;1.0700042,-0.077822745,-0.10239746
r;1551030550047;21.62285,91.92657,21.62285
q;1551030550094;0.4822157,-9.791192E-4,-0.017175071,0.8758836
v;1551030550094;1.0059971,-0.03415797,-0.05800775
r;1551030550100;25.362293,90.85366,25.362293
q;1551030550128;0.46189174,0.0046261717,-0.013657891,0.8868191
v;1551030550128;0.96028537,-0.0076956674,-0.034807395
r;1551030550132;28.012712,90.07288,28.012712
q;1551030550159;0.44947016,0.0025226707,-0.014558148,0.89317316
v;1551030550159;0.93228316,-0.014397326,-0.039839525
r;1551030550168;29.60554,90.320335,29.60554
q;1551030550218;0.41514203,-0.004678091,-0.015794275,0.9096075
v;1551030550218;0.8557836,-0.03298843,-0.04977035
r;1551030550226;33.947384,91.091866,33.947384
q;1551030550271;0.3902854,-0.008334041,-0.017249012,0.9204946
v;1551030550271;0.8012461,-0.0414123,-0.05501464
r;1551030550276;37.05046,91.521255,37.05046
q;1551030550320;0.34273016,-0.019467492,-0.021743935,0.93898046
v;1551030550320;0.6981312,-0.06723181,-0.07078401
r;1551030550325;42.87908,92.85482,42.87908
q;1551030550356;0.32630837,-0.010154031,-0.0178972,0.9450394
v;1551030550356;0.6641437,-0.039215248,-0.051396135
r;1551030550363;44.900177,91.68589,44.900177
q;1551030550398;0.2935721,-0.010649395,-0.017805217,0.9557118
v;1551030550398;0.5953051,-0.037219428,-0.048675176
r;1551030550407;48.844685,91.70621,48.844685
q;1551030550466;0.23427345,-0.006318989,-0.014531575,0.9720416
v;1551030550466;0.47266808,-0.021446265,-0.03506204
r;1551030550472;55.899956,91.077934,55.899956
q;1551030550513;0.21595667,-0.014616118,-0.011200248,0.9762293
v;1551030550513;0.4348993,-0.036808886,-0.031078473
r;1551030550520;58.04652,91.90979,58.04652
q;1551030550567;0.16030532,-0.025174921,-0.008034252,0.9867137
v;1551030550567;0.321454,-0.055105887,-0.025220778
r;1551030550572;64.53987,93.03265,64.53987
q;1551030550605;0.14429086,-0.019278986,-0.0057406547,0.9893308
v;1551030550605;0.28930005,-0.041540973,-0.017657014
r;1551030550610;66.40485,92.32975,66.40485
q;1551030550638;0.13572712,-0.018096397,-0.0063114967,0.99056095
v;1551030550638;0.2720053,-0.039008144,-0.018081933
r;1551030550641;67.3948,92.20746,67.3948
q;1551030550664;0.10354694,-0.016420348,-0.0050815465,0.994476
v;1551030550664;0.20726377,-0.034455746,-0.013803358
r;1551030550668;71.11198,92.00912,71.11198
q;1551030550691;0.079657756,-0.011339108,-0.0036851445,0.99675095
v;1551030550691;0.15938833,-0.023491532,-0.009270476
r;1551030550694;73.86505,91.4226,73.86505
q;1551030550718;0.07735661,-0.010364914,-0.0028269126,0.9969456
v;1551030550718;0.15479957,-0.021360902,-0.007327833
r;1551030550723;74.1311,91.30452,74.1311
q;1551030550747;0.080109976,-0.008399681,-0.0026002321,0.99674726
v;1551030550747;0.1603413,-0.017385192,-0.0066142343
r;1551030550751;73.815346,91.076706,73.815346
q;1551030550775;0.061036214,-0.007182515,-0.0037044527,0.99810284
v;1551030550775;0.12209071,-0.014901459,-0.008333768
r;1551030550778;76.005455,90.95382,76.005455
q;1551030550802;0.023072276,-0.006593684,-0.010495611,0.999657
v;1551030550802;0.046006545,-0.013682065,-0.021312447
r;1551030550805;80.35372,90.91484,80.35372
q;1551030550828;0.021180445,-0.0034549972,-0.008612346,0.9997326
v;1551030550828;0.042302668,-0.0072795497,-0.01738287
r;1551030550831;80.57519,90.54969,80.57519
q;1551030550855;0.031996533,0.0015974873,-0.0065922216,0.999465
v;1551030550855;0.06402362,0.002777102,-0.013102379
r;1551030550859;79.34022,89.96703,79.34022
q;1551030550884;0.033492737,0.0034087116,-0.0064826645,0.9994121
v;1551030550884;0.0670405,0.006393577,-0.012758379
r;1551030550889;79.17003,89.75932,79.17003
q;1551030550914;0.039315633,0.0029402256,-0.00567828,0.99920636
v;1551030550914;0.07868342,0.005446171,-0.011151085
r;1551030550918;78.50186,89.80988,78.50186
q;1551030550946;0.04578369,0.0035656374,-0.0035152263,0.99893886
v;1551030550946;0.09162343,0.0068305302,-0.0067247534
r;1551030550949;77.76001,89.72693,77.76001
q;1551030550974;0.052489128,0.0056563374,-0.0029931513,0.998601
v;1551030550974;0.10505841,0.011043746,-0.0054140114
r;1551030550978;76.99137,89.48288,76.99137
q;1551030551003;0.05627735,0.00510006,-0.0021154743,0.9983999
v;1551030551003;0.11263418,0.010009281,-0.0036734282
r;1551030551007;76.55616,89.53974,76.55616
q;1551030551031;0.056782912,0.0041273544,5.3071057E-7,0.99837804
v;1551030551031;0.11362596,0.008294965,4.7283518E-4
r;1551030551035;76.49759,89.63706,76.49759
q;1551030551058;0.055041015,0.004085832,3.2730165E-4,0.9984757
v;1551030551058;0.11013406,0.008245286,0.0011101081
r;1551030551061;76.69748,89.640884,76.69748
q;1551030551085;0.05531058,0.0026161682,4.4365425E-4,0.9984657
v;1551030551085;0.11067492,0.005305873,0.0011825862
r;1551030551089;76.66661,89.80811,76.66661
q;1551030551113;0.04996514,0.0016635284,4.1352396E-4,0.9987495
v;1551030551113;0.09997038,0.0033811077,9.972297E-4
r;1551030551117;77.28005,89.9211,77.28005
q;1551030551141;0.042264383,0.0050351727,6.671485E-4,0.99909353
v;1551030551141;0.08454611,0.010154054,0.0017650098
r;1551030551145;78.16322,89.53931,78.16322
q;1551030551170;0.030792076,0.007624151,-0.0013235317,0.99949586
v;1551030551170;0.06161226,0.015188509,-0.002180341
r;1551030551174;79.47959,89.25805,79.47959
q;1551030551199;0.013616906,0.004667649,-0.005544187,0.999881
v;1551030551199;0.027285716,0.0091867475,-0.010964238
r;1551030551203;81.44886,89.61173,81.44886
q;1551030551227;-0.0032426561,0.0064587877,-0.006813483,0.9999507
v;1551030551227;-0.0063970224,0.012961753,-0.0136688845
r;1551030551231;83.38266,89.406166,83.38266
q;1551030551256;-0.024038216,0.009295688,-0.0074981716,0.99963975
v;1551030551256;-0.04793807,0.018968089,-0.015456214
r;1551030551260;85.7686,89.076485,85.7686
q;1551030551288;-0.054255266,0.013252211,-0.007989826,0.9984072
v;1551030551288;-0.10833773,0.027493816,-0.017495664
r;1551030551292;89.237656,88.61471,89.237656
q;1551030551316;-0.07589501,0.016842153,-0.008073476,0.9969409
v;1551030551316;-0.15163416,0.035218038,-0.018871678
r;1551030551322;91.72555,88.1991,91.72555
q;1551030551346;-0.10155268,0.018039847,-0.0080381045,0.99463415
v;1551030551346;-0.20311934,0.038315542,-0.020067805
r;1551030551349;94.67794,88.058624,94.67794
q;1551030551372;-0.1313022,0.021165362,-0.007416054,0.9910887
v;1551030551372;-0.26297072,0.045479625,-0.020980816
r;1551030551375;98.11082,87.709404,98.11082
q;1551030551398;-0.16757716,0.022063415,-0.006632746,0.98558974
v;1551030551398;-0.33633748,0.04844629,-0.02168564
r;1551030551401;102.313126,87.62485,102.313126
q;1551030551424;-0.20204449,0.02168068,-0.0093012545,0.9790922
v;1551030551424;-0.40632588,0.050330788,-0.02936967
r;1551030551427;106.33742,87.6135,106.33742
q;1551030551450;-0.21897793,0.017810589,-0.012255895,0.9754903
v;1551030551450;-0.44093487,0.044372957,-0.035072327
r;1551030551453;108.32475,87.97125,108.32475
q;1551030551476;-0.23541725,0.01463729,-0.014428984,0.97167706
v;1551030551476;-0.4747057,0.03963036,-0.039285228
r;1551030551479;110.25855,88.25841,110.25855
q;1551030551502;-0.2613935,0.016694691,-0.014836665,0.9649739
v;1551030551502;-0.5282011,0.04630066,-0.043270536
r;1551030551505;113.33494,87.99816,113.33494
q;1551030551528;-0.29180312,0.016517876,-0.015859924,0.9562043
v;1551030551528;-0.59139884,0.04922098,-0.048166577
r;1551030551531;116.96248,87.960686,116.96248
q;1551030551554;-0.31675676,0.012091017,-0.017097464,0.9482756
v;1551030551554;-0.6439161,0.042229075,-0.050144162
r;1551030551557;119.958466,88.376045,119.958466
q;1551030551580;-0.33248672,0.009549789,-0.018206988,0.94288385
v;1551030551580;-0.6772406,0.038654126,-0.05222989
r;1551030551583;121.859924,88.59056,121.859924
q;1551030551606;-0.3559628,0.010050194,-0.01931348,0.9342465
v;1551030551606;-0.7271268,0.043554164,-0.057913274
r;1551030551609;124.72681,88.459816,124.72681
q;1551030551633;-0.3793713,0.008021246,-0.018780189,0.92501915
v;1551030551633;-0.77757037,0.040831037,-0.05732717
r;1551030551636;127.606026,88.66377,127.606026
q;1551030551659;-0.41422966,0.0033004016,-0.019282933,0.9099622
v;1551030551659;-0.8537337,0.033454943,-0.057593066
r;1551030551662;131.9446,89.07978,131.9446
q;1551030551685;-0.432868,0.0026538852,-0.020487268,0.90122056
v;1551030551685;-0.8948422,0.036002867,-0.062736206
r;1551030551692;134.29861,89.05279,134.29861
q;1551030551756;-0.44760498,0.0175493,-0.02397999,0.89373755
v;1551030551756;-0.9260314,0.08802567,-0.09761403
r;1551030551762;136.225,87.31717,136.225
q;1551030551817;-0.4859519,0.019057004,-0.024676569,0.87342924
v;1551030551817;-1.0121033,0.10825789,-0.116525665
r;1551030551823;141.19981,87.067825,141.19981
q;1551030551874;-0.49090344,0.020502156,-0.028023284,0.87052184
v;1551030551874;-1.0227332,0.121613026,-0.13266183
r;1551030551879;141.85983,86.72762,141.85983
q;1551030551917;-0.50480443,0.023830984,-0.031792585,0.8623189
v;1551030551917;-1.0533587,0.14852314,-0.16017023
r;1551030551921;143.71524,86.15508,143.71524
q;1551030551949;-0.5038109,0.025530891,-0.032908,0.8628093
v;1551030551949;-1.0505668,0.15596974,-0.16676576
r;1551030551952;143.59209,85.92418,143.59209
q;1551030551976;-0.5017773,0.027340887,-0.034050573,0.86389387
v;1551030551976;-1.0453551,0.16302519,-0.1728513
r;1551030551979;143.33197,85.682884,143.33197
q;1551030552002;-0.4954239,0.021992508,-0.031963028,0.86778444
v;1551030552002;-1.0322134,0.13658588,-0.15121363
r;1551030552005;142.4671,86.34723,142.4671
q;1551030552028;-0.49120235,0.01895569,-0.031011252,0.8702869
v;1551030552028;-1.023238,0.122199565,-0.13990848
r;1551030552031;141.89758,86.71324,141.89758
q;1551030552054;-0.4808986,0.018861035,-0.031137621,0.87602013
v;1551030552054;-0.99983007,0.116823815,-0.13491812
r;1551030552057;140.54645,86.73892,140.54645
q;1551030552080;-0.46182072,0.016726404,-0.030381488,0.886295
v;1551030552080;-0.95723474,0.10039842,-0.12065576
r;1551030552083;138.05867,87.03968,138.05867
q;1551030552106;-0.4493929,0.016369745,-0.029629653,0.8926926
v;1551030552106;-0.9295811,0.09351611,-0.113275625
r;1551030552110;136.45705,87.14411,136.45705
q;1551030552133;-0.41909903,0.018505145,-0.029854752,0.9072609
v;1551030552133;-0.86232805,0.09018637,-0.107299864
r;1551030552136;132.61157,86.98078,132.61157
q;1551030552159;-0.3859117,0.019323844,-0.029608348,0.921858
v;1551030552159;-0.79001987,0.08318412,-0.098912105
r;1551030552162;128.4597,86.97982,128.4597
q;1551030552185;-0.35197154,0.019593574,-0.0315631,0.9352732
v;1551030552185;-0.7170211,0.0781798,-0.096776396
r;1551030552188;124.27966,86.94767,124.27966
q;1551030552212;-0.31736776,0.02229407,-0.03332611,0.9474545
v;1551030552212;-0.6433725,0.07932365,-0.09676761
r;1551030552215;120.085045,86.67607,120.085045
q;1551030552239;-0.2867465,0.01825013,-0.030955978,0.95733225
v;1551030552239;-0.579844,0.063033834,-0.083459236
r;1551030552242;116.386314,87.27883,116.386314
q;1551030552266;-0.24709292,0.014933562,-0.027562616,0.9684846
v;1551030552266;-0.49813515,0.048451632,-0.06922958
r;1551030552269;111.65616,87.84448,111.65616
q;1551030552292;-0.21565911,0.007900568,-0.030032253,0.9759748
v;1551030552292;-0.43397558,0.03127913,-0.06841997
r;1551030552301;107.93432,88.64269,107.93432
q;1551030552363;-0.09296833,-0.00793591,-0.025700614,0.99530566
v;1551030552363;-0.1865519,-0.011213413,-0.050583184
r;1551030552367;93.649055,90.83528,93.649055
q;1551030552406;-0.030834723,-0.01433297,-0.025751056,0.99908996
v;1551030552406;-0.062391974,-0.027107853,-0.05069163
r;1551030552410;86.49786,91.71667,86.49786
q;1551030552436;0.017722026,-0.012975945,-0.02957018,0.99932134
v;1551030552436;0.034659535,-0.02700186,-0.059631273
r;1551030552439;80.93529,91.68162,80.93529
q;1551030552464;0.0549025,-0.014904345,-0.030817393,0.9979048
v;1551030552464;0.10887126,-0.03333363,-0.06356107
r;1551030552467;76.66576,92.00937,76.66576
q;1551030552491;0.06003988,-0.01520779,-0.03397233,0.9975018
v;1551030552491;0.11902735,-0.034671195,-0.07015456
r;1551030552494;76.072136,92.079834,76.072136
q;1551030552518;0.07727737,-0.01910767,-0.032764662,0.9962879
v;1551030552518;0.15332897,-0.04366337,-0.06910431
r;1551030552521;74.079956,92.56807,74.079956
q;1551030552544;0.08451814,-0.016462209,-0.032772224,0.9957468
v;1551030552544;0.16802788,-0.03888132,-0.069075346
r;1551030552547;73.25764,92.28705,73.25764
q;1551030552569;0.080829576,-0.015770663,-0.032206863,0.9960826
v;1551030552569;0.16070081,-0.03711086,-0.06763317
r;1551030552572;73.68468,92.1921,73.68468
q;1551030552595;0.076174565,-0.01076094,-0.031938374,0.99652475
v;1551030552595;0.15171362,-0.026621766,-0.066101015
r;1551030552598;74.23794,91.6041,74.23794
q;1551030552621;0.06856798,-0.0062950617,-0.03214916,0.99710846
v;1551030552621;0.13676058,-0.017123235,-0.06563519
r;1551030552624;75.12784,91.07334,75.12784
q;1551030552648;0.067364015,-0.0071150116,-0.032549664,0.997172
v;1551030552648;0.13428707,-0.018744983,-0.06652132
r;1551030552655;75.263,91.16659,75.263
q;1551030552704;0.060727835,-0.0014955318,-0.032691818,0.9976177
v;1551030552704;0.12136628,-0.0070061362,-0.06594199
r;1551030552709;76.045845,90.50511,76.045845
q;1551030552743;0.05433008,0.0032106536,-0.031078953,0.9980341
v;1551030552743;0.10886101,0.0030496968,-0.062094063
r;1551030552748;76.79588,89.937164,76.79588
q;1551030552778;0.051594093,0.0068948125,-0.031942915,0.99813336
v;1551030552778;0.103621386,0.010524398,-0.0634377
r;1551030552781;77.12438,89.51286,77.12438
q;1551030552806;0.041950613,0.019744331,-0.03080393,0.99844956
v;1551030552806;0.0850902,0.03698516,-0.060109302
r;1551030552809;78.27488,88.007416,78.27488
q;1551030552834;0.045861326,0.031599782,-0.030039646,0.9979959
v;1551030552834;0.093573816,0.060619753,-0.05734262
r;1551030552837;77.86732,86.65795,77.86732
q;1551030552861;0.048083358,0.044749416,-0.030094946,0.99738646
v;1551030552861;0.09876935,0.08690315,-0.056031436
r;1551030552863;77.66165,85.159355,77.66165
q;1551030552888;0.030130344,0.051146448,-0.027351387,0.99786174
v;1551030552888;0.0629713,0.10079599,-0.051628906
r;1551030552892;79.72213,84.36246,79.72213
q;1551030552919;0.0048604165,0.08509561,-0.028496075,0.9959534
v;1551030552919;0.01453179,0.17006192,-0.05596945
r;1551030552922;82.73203,80.39934,82.73203
q;1551030552946;-0.018227939,0.115082525,-0.026460698,0.9928361
v;1551030552946;-0.03010893,0.23165111,-0.05679395
r;1551030552949;85.43062,76.890335,85.43062
q;1551030552973;-0.026805358,0.14338589,-0.024738204,0.9889944
v;1551030552973;-0.045942638,0.28925985,-0.05670911
r;1551030552976;86.45264,73.60689,86.45264
q;1551030553000;-0.0024287957,0.16673903,-0.021225568,0.98576957
v;1551030553000;0.0022897965,0.33507127,-0.04267004
r;1551030553003;83.686134,70.94815,83.686134
q;1551030553026;2.8636577E-4,0.19320126,-0.020857062,0.9809374
v;1551030553026;0.008621142,0.38875738,-0.040821142
r;1551030553029;83.43578,67.87082,83.43578
q;1551030553054;0.002926539,0.22195184,-0.020669185,0.97483414
v;1551030553054;0.014881458,0.4474405,-0.039013166
r;1551030553056;83.20505,64.50843,83.20505
q;1551030553082;0.005314719,0.24245599,-0.020937784,0.9699219
v;1551030553082;0.020464135,0.48952037,-0.03805601
r;1551030553085;82.99747,62.09866,82.99747
q;1551030553132;0.02285139,0.27667305,-0.018614268,0.96051204
v;1551030553132;0.054224774,0.56028295,-0.02314982
r;1551030553135;81.08178,58.077396,81.08178
q;1551030553170;0.019961197,0.30737022,-0.019869816,0.9511731
v;1551030553170;0.050208982,0.6244709,-0.02556331
r;1551030553174;81.53142,54.399693,81.53142
q;1551030553211;0.027902564,0.33965802,-0.020323355,0.93991536
v;1551030553211;0.06630665,0.6928973,-0.019293396
r;1551030553216;80.79399,50.523647,80.79399
q;1551030553271;0.027337283,0.3740968,-0.0228955,0.9267039
v;1551030553271;0.06784945,0.766611,-0.022033593
r;1551030553277;81.08827,46.32002,81.08827
q;1551030553317;0.03327243,0.39708197,-0.025982829,0.9168117
v;1551030553317;0.0817347,0.8165719,-0.021291647
r;1551030553321;80.69958,43.52555,80.69958
q;1551030553353;0.028444098,0.41607383,-0.027668705,0.9084646
v;1551030553353;0.074775025,0.8579702,-0.026680099
r;1551030553357;81.371315,41.137043,81.371315
q;1551030553382;0.01609057,0.42881086,-0.030683177,0.9027297
v;1551030553382;0.055393748,0.8857677,-0.041673575
r;1551030553385;82.85511,39.475918,82.85511
q;1551030553408;0.015494288,0.4416292,-0.032451473,0.8964767
v;1551030553408;0.056473587,0.91420525,-0.04458434
r;1551030553411;83.06328,37.85592,83.06328
q;1551030553435;0.026655266,0.45242524,-0.034965802,0.89071786
v;1551030553435;0.07920626,0.9384304,-0.038299706
r;1551030553438;82.110214,36.58024,82.110214
q;1551030553462;0.029154375,0.4644688,-0.03332183,0.884482
v;1551030553462;0.08262091,0.96577734,-0.031977035
r;1551030553465;81.836525,35.046886,81.836525
q;1551030553491;0.025204668,0.481247,-0.03307029,0.8755983
v;1551030553491;0.07604154,1.0038198,-0.033757176
r;1551030553494;82.31117,32.846073,82.31117
q;1551030553519;0.024249244,0.49371916,-0.031891726,0.86869806
v;1551030553519;0.07368833,1.0324719,-0.03155478
r;1551030553521;82.405716,31.204096,82.405716
q;1551030553545;0.022125594,0.5086135,-0.027633319,0.8602669
v;1551030553545;0.06622559,1.0670571,-0.025094943
r;1551030553548;82.44157,29.192503,82.44157
q;1551030553582;0.021317445,0.5316073,-0.025751328,0.84633106
v;1551030553582;0.06350509,1.1210301,-0.020967076
r;1551030553586;82.51233,26.108536,82.51233
q;1551030553614;0.0225488,0.54628503,-0.025530702,0.83690643
v;1551030553614;0.065683775,1.1560067,-0.018137578
r;1551030553617;82.447075,24.13993,82.447075
q;1551030553641;0.018723464,0.5624686,-0.02448701,0.8262439
v;1551030553641;0.058520038,1.1948148,-0.019436255
r;1551030553644;82.81533,21.885923,82.81533
q;1551030553667;0.012654204,0.5776592,-0.024559343,0.8158104
v;1551030553667;0.049040377,1.2316316,-0.025485296
r;1551030553671;83.45099,19.727978,83.45099
q;1551030553721;0.016612435,0.5910198,-0.02292375,0.80616015
v;1551030553721;0.053907447,1.2647647,-0.017349947
r;1551030553724;83.02654,17.886667,83.02654
q;1551030553774;0.015001578,0.5992404,-0.025346903,0.80002713
v;1551030553774;0.05440796,1.2851384,-0.022612704
r;1551030553778;83.374306,16.739607,83.374306
q;1551030553813;0.0169064,0.60123307,-0.026559148,0.7984533
v;1551030553813;0.058968578,1.2901804,-0.02212336
r;1551030553816;83.293045,16.499945,83.293045
q;1551030553845;0.017142244,0.59709626,-0.027598944,0.80151147
v;1551030553845;0.06047472,1.2798187,-0.023816383
r;1551030553847;83.32453,17.098465,83.32453
q;1551030553874;0.018188722,0.5859298,-0.029496934,0.8096205
v;1551030553874;0.06406199,1.2520736,-0.026505487
r;1551030553877;83.30488,18.696545,83.30488
q;1551030553903;0.02008323,0.5689487,-0.030519417,0.8215611
v;1551030553903;0.06777905,1.2104506,-0.027360704
r;1551030553906;83.11213,21.078518,83.11213
q;1551030553930;0.022813983,0.54588544,-0.032497916,0.8369185
v;1551030553930;0.07373396,1.1548288,-0.029573219
r;1551030553932;82.860214,24.271872,82.860214
q;1551030553956;0.02588973,0.5230199,-0.03507823,0.8512047
v;1551030553956;0.08085622,1.1006241,-0.03274865
r;1551030553958;82.59535,27.394638,82.59535
q;1551030553981;0.027135707,0.49852467,-0.03804437,0.86561507
v;1551030553981;0.08501262,1.043393,-0.038958434
r;1551030553984;82.50274,30.66399,82.50274
q;1551030554007;0.030377107,0.46980616,-0.03918479,0.88137615
v;1551030554007;0.09048927,0.97761,-0.040708125
r;1551030554010;82.06482,34.427937,82.06482
q;1551030554035;0.03362545,0.43522018,-0.03882988,0.8988576
v;1551030554035;0.094388165,0.89992,-0.040728617
r;1551030554037;81.497025,38.85641,81.497025
q;1551030554060;0.035617724,0.39892942,-0.039508205,0.9154375
v;1551030554060;0.09688507,0.8197916,-0.044137925
r;1551030554063;81.09439,43.41738,81.09439
q;1551030554086;0.034768365,0.3591163,-0.04165773,0.9317142
v;1551030554086;0.09485046,0.73326516,-0.052916862
r;1551030554088;81.02781,48.324093,81.02781
q;1551030554111;0.028010808,0.32668254,-0.04297902,0.9437408
v;1551030554111;0.08103955,0.6639365,-0.06306948
r;1551030554114;81.60386,52.219894,81.60386
q;1551030554137;0.016954523,0.29349944,-0.04309018,0.9548371
v;1551030554137;0.057703525,0.5943365,-0.07252006
r;1551030554140;82.61485,56.13607,82.61485
q;1551030554162;0.0058498485,0.24896191,-0.04196135,0.96758616
v;1551030554162;0.032219592,0.50241464,-0.07841064
r;1551030554165;83.56566,61.36541,83.56566
q;1551030554188;0.0046710586,0.19038709,-0.040085748,0.98087925
v;1551030554188;0.02442954,0.38248855,-0.07695883
r;1551030554190;83.36522,68.23048,83.36522
q;1551030554215;0.0026211832,0.12426706,-0.037450884,0.99153835
v;1551030554215;0.014506339,0.24882022,-0.07369094
r;1551030554221;83.2492,75.887314,83.2492
q;1551030554269;0.009870158,0.01071251,-0.026089117,0.9995535
v;1551030554269;0.020291854,0.020906273,-0.051977564
r;1551030554272;81.909256,88.9426,81.909256
q;1551030554306;0.0017973763,-0.014744351,-0.01962607,0.999697
v;1551030554306;0.003014921,-0.029554756,-0.03930355
r;1551030554310;82.76697,91.839096,82.76697
q;1551030554334;-0.009045533,-0.009915288,-0.022968983,0.99964607
v;1551030554334;-0.018541211,-0.019412577,-0.045766167
r;1551030554337;84.016945,91.26474,84.016945
q;1551030554360;0.0010784706,-0.009819202,-0.024466708,0.99965185
v;1551030554360;0.0016757039,-0.019685637,-0.048957177
r;1551030554363;82.856155,91.27408,82.856155
q;1551030554386;0.01230357,-0.0049738684,-0.02925102,0.999484
v;1551030554386;0.024305856,-0.01066574,-0.05864517
r;1551030554388;81.58308,90.74977,81.58308
q;1551030554412;0.022360655,-8.392665E-4,-0.031265564,0.9992606
v;1551030554412;0.044650596,-0.0030786023,-0.06262573
r;1551030554415;80.44575,90.30842,80.44575
q;1551030554438;0.025953442,0.003531049,-0.030014718,0.99920624
v;1551030554438;0.052101217,0.005506021,-0.059915595
r;1551030554441;80.048645,89.81472,80.048645
q;1551030554466;0.018394694,0.013274239,-0.029939467,0.9992943
v;1551030554466;0.03756711,0.025448991,-0.059425198
r;1551030554471;80.94823,88.67746,80.94823
q;1551030554519;0.02266017,0.015033817,-0.03680203,0.9989525
v;1551030554519;0.04639606,0.028402636,-0.07298889
r;1551030554523;80.482185,88.50606,80.482185
q;1551030554562;0.020402126,0.011987382,-0.037622415,0.9990118
v;1551030554562;0.041677985,0.022437282,-0.074816026
r;1551030554569;80.729515,88.848755,80.729515
q;1551030554603;0.013442139,0.013295203,-0.037464213,0.9991191
v;1551030554603;0.02786039,0.025572497,-0.074603096
r;1551030554606;81.53178,88.673096,81.53178
q;1551030554633;0.012339926,0.007427916,-0.037636966,0.99918765
v;1551030554633;0.025221607,0.013919764,-0.07512397
r;1551030554636;81.63292,89.341286,81.63292
q;1551030554661;0.00955102,-0.0010946367,-0.035711244,0.9993159
v;1551030554661;0.019011939,-0.0028704563,-0.071468264
r;1551030554663;81.91431,90.305016,81.91431
q;1551030554688;0.0065551773,-0.008176834,-0.03492791,0.99933493
v;1551030554688;0.012530763,-0.016802818,-0.06997914
r;1551030554691;82.22863,91.10532,82.22863
q;1551030554715;-3.295557E-4,-0.021064537,-0.0328182,0.99923927
v;1551030554715;-0.0020412118,-0.04208791,-0.06561981
r;1551030554718;82.96937,92.558815,82.96937
q;1551030554741;-0.0016820581,-0.035600387,-0.032105755,0.99884886
v;1551030554741;-0.005646228,-0.071071744,-0.06406266
r;1551030554744;83.07204,94.22054,83.07204
q;1551030554766;-0.0025544872,-0.05115059,-0.030568171,0.9982198
v;1551030554766;-0.008227132,-0.10214386,-0.0608057
r;1551030554768;83.12276,96.00152,83.12276
q;1551030554791;-0.008051453,-0.07181771,-0.026692249,0.99702805
v;1551030554791;-0.019890312,-0.14329687,-0.05210324
r;1551030554794;83.708435,98.361725,83.708435
q;1551030554819;-0.012046646,-0.09628706,-0.023182977,0.9950107
v;1551030554819;-0.028441362,-0.19231533,-0.04384652
r;1551030554821;84.12499,101.17018,84.12499
q;1551030554846;-0.015163629,-0.11864988,-0.020367794,0.9926114
v;1551030554846;-0.03494357,-0.23729292,-0.036867138
r;1551030554848;84.45456,103.74544,84.45456
q;1551030554873;-0.011156832,-0.14073336,-0.018127883,0.9898187
v;1551030554873;-0.02719223,-0.28202313,-0.03276433
r;1551030554876;83.97918,106.30814,83.97918
q;1551030554900;-0.0035233584,-0.16296528,-0.014456246,0.98651963
v;1551030554900;-0.011663721,-0.32726762,-0.027379652
r;1551030554902;83.13384,108.90012,83.13384
q;1551030554926;-0.0024424738,-0.18541592,-0.010055083,0.9826057
v;1551030554926;-0.008528826,-0.37293002,-0.018856417
r;1551030554928;83.06696,111.51583,83.06696
q;1551030554952;-0.0076028183,-0.20530513,-0.008992963,0.9786272
v;1551030554952;-0.018574318,-0.41344547,-0.014482723
r;1551030554954;83.64662,113.8372,83.64662
q;1551030554982;-0.006563927,-0.22989343,-0.004154034,0.9731848
v;1551030554982;-0.0146863265,-0.4639134,-0.005067846
r;1551030554985;83.628876,116.72875,83.628876
q;1551030555010;-4.0832974E-4,-0.24733418,-8.3029293E-4,0.9689298
v;1551030555010;-0.0012020057,-0.49985534,-0.0014070048
r;1551030555012;83.02941,118.78626,83.02941
q;1551030555067;-0.0011676897,-0.28568056,8.048526E-4,0.9583239
v;1551030555067;-0.0017781893,-0.5794356,0.0022097966
r;1551030555072;83.162674,123.345985,83.162674
q;1551030555122;-0.009568581,-0.32722938,0.0040599573,0.9448878
v;1551030555122;-0.015426009,-0.66688496,0.013936759
r;1551030555127;84.19657,128.35666,84.19657
q;1551030555162;3.7036333E-4,-0.36664322,0.011069469,0.9302957
v;1551030555162;0.008806301,-0.7507556,0.020326365
r;1551030555165;83.438934,133.15504,83.438934
q;1551030555196;-0.0038026003,-0.39701676,0.012465175,0.9177188
v;1551030555196;0.0029183351,-0.81656396,0.02590145
r;1551030555198;83.98004,136.92981,83.98004
q;1551030555223;-0.0052197184,-0.4158849,0.013771322,0.909298
v;1551030555223;0.0019620128,-0.85790163,0.029390361
r;1551030555226;84.21355,139.29874,84.21355
q;1551030555250;-0.0052398057,-0.42883828,0.014392469,0.9032514
v;1551030555250;0.0028783644,-0.88648033,0.03049895
r;1551030555252;84.26325,140.93544,84.26325
q;1551030555277;-0.011738165,-0.44281453,0.014097328,0.89642555
v;1551030555277;-0.008559884,-0.9177897,0.03567895
r;1551030555282;84.93293,142.73282,84.93293
q;1551030555322;-0.018331543,-0.46368775,0.0142906485,0.8856937
v;1551030555322;-0.019220648,-0.9649957,0.042334963
r;1551030555326;85.63047,145.43115,85.63047
q;1551030555363;-0.021284066,-0.480151,0.016041674,0.87678087
v;1551030555363;-0.021919828,-1.0025755,0.048599992
r;1551030555366;86.03203,147.58015,86.03203
q;1551030555407;-0.023070674,-0.4995387,0.016488433,0.8658274
v;1551030555407;-0.02347938,-1.0472027,0.051638834
r;1551030555411;86.24359,150.13315,86.24359
q;1551030555461;-0.02016356,-0.5158573,0.014657867,0.8563118
v;1551030555461;-0.019411074,-1.0848364,0.045931246
r;1551030555464;85.85499,152.29445,85.85499
q;1551030555495;-0.009545152,-0.524181,0.016123727,0.85140073
v;1551030555495;6.500036E-4,-1.1037103,0.037471056
r;1551030555497;84.91233,153.38239,84.91233
q;1551030555522;-0.008035222,-0.52973187,0.016363215,0.8479693
v;1551030555522;0.0037089952,-1.1167089,0.036272228
r;1551030555524;84.78715,154.12404,84.78715
q;1551030555547;-0.0095585035,-0.5290327,0.015026294,0.84841454
v;1551030555547;-3.2034516E-4,-1.1151241,0.035618108
r;1551030555548;84.85214,154.03702,84.85214
q;1551030555571;-0.010307982,-0.52560645,0.014207589,0.85054684
v;1551030555571;-0.0025996447,-1.1070913,0.035011586
r;1551030555573;84.87174,153.57808,84.87174
q;1551030555596;-0.009317016,-0.5214595,0.015295351,0.853088
v;1551030555596;5.5342913E-5,-1.0973161,0.035821117
r;1551030555598;84.83698,153.01651,84.83698
q;1551030555622;-0.007766507,-0.51369864,0.014991569,0.85780454
v;1551030555622;0.0020780084,-1.0791161,0.033705413
r;1551030555624;84.658455,151.97217,84.658455
q;1551030555649;-0.01003859,-0.5029573,0.013537361,0.86414695
v;1551030555649;-0.003732214,-1.0542617,0.033501
r;1551030555651;84.785576,150.55162,84.785576
q;1551030555677;-0.009609011,-0.48614326,0.013553608,0.8737212
v;1551030555677;-0.0036132117,-1.0155551,0.03303308
r;1551030555682;84.72867,148.33391,84.72867
q;1551030555712;-0.012321352,-0.45977747,0.014606375,0.8878285
v;1551030555712;-0.00844723,-0.9558358,0.037276037
r;1551030555716;85.034904,144.91263,85.034904
q;1551030555764;-0.008395048,-0.40530345,0.00929279,0.9140965
v;1551030555764;-0.007815047,-0.83478403,0.023797069
r;1551030555769;84.32125,137.97716,84.32125
q;1551030555819;-0.010827546,-0.3298794,0.004851727,0.9439485
v;1551030555819;-0.017241178,-0.6725415,0.016306276
r;1551030555822;84.36304,128.6801,84.36304
q;1551030555860;-0.014900491,-0.27544054,0.0021679213,0.9612002
v;1551030555860;-0.027453888,-0.5583308,0.012380992
r;1551030555863;84.71713,122.13306,84.71713
q;1551030555913;-0.007932688,-0.19915044,-0.0030516377,0.97993207
v;1551030555913;-0.016763248,-0.40097287,-0.0028215984
r;1551030555915;83.82768,113.12284,83.82768
q;1551030555939;-0.018548058,-0.17531642,-0.0033997644,0.98433155
v;1551030555939;-0.03771589,-0.35251406,-1.8956675E-4
r;1551030555941;85.03035,110.34182,85.03035
q;1551030555965;-0.027793096,-0.1516749,-0.0037365335,0.9880326
v;1551030555965;-0.05608384,-0.30467528,0.0010490465
r;1551030555967;86.08914,107.59343,86.08914
q;1551030555990;-0.034705747,-0.120458014,-0.0051763933,0.9920981
v;1551030555990;-0.07016765,-0.24158482,-0.0019145213
r;1551030555992;86.882744,103.97646,86.882744
q;1551030556015;-0.034188528,-0.09281499,-0.007267052,0.9950697
v;1551030556015;-0.06944472,-0.18572895,-0.0081357295
r;1551030556017;86.82952,100.7845,86.82952
q;1551030556040;-0.030017946,-0.07626056,-0.012905739,0.9965524
v;1551030556040;-0.061836712,-0.1520958,-0.021186193
r;1551030556043;86.32253,98.86413,86.32253
q;1551030556066;-0.030608581,-0.055800553,-0.018306445,0.99780476
v;1551030556066;-0.06316779,-0.11068157,-0.033188835
r;1551030556068;86.3908,96.4957,86.3908
q;1551030556090;-0.025070015,-0.036478765,-0.021023247,0.9987987
v;1551030556090;-0.051636547,-0.07197375,-0.0402314
r;1551030556092;85.78909,94.28144,85.78909
q;1551030556115;-0.026778718,-0.020799194,-0.023232061,0.9991549
v;1551030556115;-0.054505575,-0.04038993,-0.045393884
r;1551030556117;86.01906,92.474785,86.01906
q;1551030556139;-0.024517272,-0.0042181513,-0.02310887,0.9994234
v;1551030556139;-0.04922109,-0.0073072203,-0.046056293
r;1551030556142;85.80465,90.580574,85.80465
q;1551030556164;-0.023061221,0.005383026,-0.025480699,0.99939483
v;1551030556164;-0.04583625,0.0119476,-0.051255077
r;1551030556167;85.665215,89.47753,85.665215
q;1551030556191;-0.021278339,0.016330646,-0.028232949,0.9992414
v;1551030556191;-0.041614283,0.033873815,-0.057198722
r;1551030556193;85.49855,88.22091,85.49855
q;1551030556216;-0.021273578,0.02546553,-0.032495957,0.9989209
v;1551030556216;-0.040857553,0.052326232,-0.06610853
r;1551030556219;85.54115,87.16427,85.54115
q;1551030556266;-0.029963184,0.01216985,-0.035224516,0.998856
v;1551030556266;-0.059034746,0.026471937,-0.07128216
r;1551030556268;86.492874,88.651436,86.492874
q;1551030556320;-0.049116675,0.008862765,-0.037561618,0.9980472
v;1551030556320;-0.09753026,0.02148446,-0.076283276
r;1551030556323;88.678215,88.952324,88.678215
q;1551030556357;-0.01548988,0.0044222884,-0.03645189,0.9992056
v;1551030556357;-0.030637542,0.009971665,-0.07308217
r;1551030556359;84.805336,89.58548,84.805336
q;1551030556384;-0.014139005,-0.0030508519,-0.037598513,0.99918824
v;1551030556384;-0.028488323,-0.005035604,-0.07515089
r;1551030556386;84.619774,90.44425,84.619774
q;1551030556408;-0.01881112,-0.007407239,-0.037154313,0.99910504
v;1551030556408;-0.038148247,-0.013413552,-0.07408505
r;1551030556410;85.136185,90.92689,85.136185
q;1551030556433;-0.01949463,-0.013115117,-0.035292897,0.9991008
v;1551030556433;-0.039890524,-0.02485293,-0.070124164
r;1551030556435;85.19183,91.58229,85.19183
q;1551030556458;-0.019152481,-0.012032246,-0.035953816,0.99909747
v;1551030556458;-0.0391456,-0.022684885,-0.07149746
r;1551030556460;85.156494,91.45797,85.156494
q;1551030556484;-0.018531099,-0.009164999,-0.037253976,0.999092
v;1551030556484;-0.037720352,-0.016945504,-0.07422149
r;1551030556486;85.09657,91.12899,85.09657
q;1551030556509;-0.01578594,-0.008061369,-0.03848524,0.99910194
v;1551030556509;-0.03216956,-0.0149014685,-0.076761894
r;1551030556511;84.78653,91.01036,84.78653
q;1551030556535;-0.013132175,-0.005589095,-0.037270952,0.99920326
v;1551030556535;-0.026663205,-0.010194186,-0.07443086
r;1551030556537;84.49354,90.73914,84.49354
q;1551030556561;-0.008900911,-0.0033677483,-0.03687556,0.99927455
v;1551030556561;-0.01803826,-0.0060751843,-0.073716395
r;1551030556562;84.01837,90.50055,84.01837
q;1551030556586;-0.008374807,-0.0025345262,-0.035844278,0.9993191
v;1551030556586;-0.016920714,-0.004465877,-0.07166888
r;1551030556588;83.9613,90.408005,83.9613
q;1551030556611;-0.007416917,-0.003970113,-0.034471516,0.9993703
v;1551030556611;-0.0150987785,-0.0074247955,-0.06890308
r;1551030556613;83.845535,90.57694,83.845535
q;1551030556637;-0.00940577,-0.0046398668,-0.032328237,0.99942225
v;1551030556637;-0.019101832,-0.008667919,-0.06458852
r;1551030556639;84.07067,90.6494,84.07067
q;1551030556663;-0.010458879,-0.0059463247,-0.031458635,0.9994327
v;1551030556663;-0.021281624,-0.011230635,-0.06281269
r;1551030556664;84.186615,90.796875,84.186615
q;1551030556689;-0.009215715,-0.005342272,-0.030945774,0.99946433
v;1551030556689;-0.018753298,-0.010110395,-0.061810136
r;1551030556691;84.04647,90.731926,84.04647
q;1551030556713;-0.009128615,-0.003892372,-0.030868176,0.9994742
v;1551030556713;-0.018488986,-0.007218379,-0.061682466
r;1551030556715;84.04164,90.56618,84.04164
q;1551030556738;-0.012272658,-0.0052971486,-0.030767689,0.9994372
v;1551030556738;-0.024860024,-0.009836329,-0.061428312
r;1551030556740;84.39681,90.7181,84.39681
q;1551030556763;-0.0153694395,-0.0072529367,-0.030350707,0.99939483
v;1551030556763;-0.031165583,-0.013571153,-0.06050801
r;1551030556765;84.744804,90.93389,84.744804
q;1551030556787;-0.016267229,-0.0059465193,-0.030520355,0.9993841
v;1551030556787;-0.032883327,-0.010898858,-0.06088014
r;1551030556790;84.85215,90.781364,84.85215
q;1551030556812;-0.020476727,0.0034398716,-0.029759437,0.9993414
v;1551030556812;-0.040733006,0.008100772,-0.05970551
r;1551030556814;85.36656,89.69599,85.36656
q;1551030556837;-0.020686721,0.005459716,-0.029264621,0.9993427
v;1551030556837;-0.04103821,0.012133544,-0.05880001
r;1551030556839;85.39697,89.46523,85.39697
q;1551030556862;-0.021781614,0.0024892162,-0.028222233,0.9993612
v;1551030556862;-0.043408528,0.0062105944,-0.056600355
r;1551030556864;85.511826,89.805084,85.511826
q;1551030556886;-0.020141192,7.9344393E-4,-0.027847065,0.99940896
v;1551030556886;-0.040225234,0.0027098912,-0.05576716
r;1551030556888;85.31825,90.00444,85.31825
q;1551030556910;-0.021856532,0.0025752285,-0.027537799,0.9993785
v;1551030556910;-0.043557834,0.0063570896,-0.055234376
r;1551030556912;85.520256,89.796745,85.520256
q;1551030556935;-0.020290257,0.002846206,-0.026522709,0.9994382
v;1551030556935;-0.040417746,0.006771101,-0.053199634
r;1551030556938;85.340996,89.772,85.340996
q;1551030556961;-0.02205596,0.0034944406,-0.025248276,0.9994318
v;1551030556961;-0.04392452,0.008106567,-0.050692584
r;1551030556963;85.54439,89.69673,85.54439
