q;1551035597099;-0.029102316,-0.028658323,0.008251325,0.99913144
v;1551035597099;-0.057713177,-0.05787574,0.018187648
m;1551035597104;md=0
bq;1551035597106;-0.029102316,-0.028658323,0.008251325,0.99913144
r;1551035597109;90.0,90.0,90.0
m;1551035597110;st
q;1551035597222;-0.028842073,-0.030504512,0.009181584,0.99907625
v;1551035597222;-0.057101723,-0.061621662,0.020140015
r;1551035597227;89.96927,90.214874,90.09961
q;1551035597258;-0.02902007,-0.031282574,0.009354392,0.99904543
v;1551035597258;-0.057431042,-0.06319453,0.020541878
r;1551035597262;89.99004,90.30448,90.11738
q;1551035597326;-0.0285431,-0.02989519,0.00927931,0.99910235
v;1551035597326;-0.05651021,-0.060399495,0.020282324
r;1551035597331;89.934006,90.1456,90.11185
q;1551035597367;-0.029558433,-0.03043994,0.00929091,0.9990563
v;1551035597367;-0.05852886,-0.06151573,0.02040014
r;1551035597373;90.05095,90.20731,90.11456
q;1551035597401;-0.028749336,-0.031452663,0.009785701,0.99904376
v;1551035597401;-0.05685875,-0.06355325,0.021397384
r;1551035597405;89.957954,90.32561,90.1654
q;1551035597431;-0.02923841,-0.031893894,0.009982119,0.99901366
v;1551035597431;-0.05781461,-0.06446086,0.021847839
r;1551035597436;90.01397,90.3765,90.18789
q;1551035597463;-0.0296103,-0.033209004,0.010546121,0.99895406
v;1551035597463;-0.058491554,-0.06713824,0.023078348
r;1551035597468;90.05667,90.52889,90.24914
q;1551035597495;-0.029250797,-0.03180937,0.010139792,0.99901444
v;1551035597495;-0.057831082,-0.06430095,0.022159347
r;1551035597501;90.01483,90.36734,90.20626
q;1551035597529;-0.03007643,-0.031610057,0.010356978,0.998994
v;1551035597529;-0.05947263,-0.063936025,0.022636501
r;1551035597533;90.10857,90.34473,90.23424
q;1551035597560;-0.03051727,-0.033081744,0.010415137,0.99893236
v;1551035597560;-0.060316842,-0.06689999,0.022870744
r;1551035597566;90.160805,90.51331,90.23711
q;1551035597591;-0.029521406,-0.0333148,0.010151392,0.9989573
v;1551035597591;-0.05833795,-0.06732478,0.022288373
r;1551035597596;90.04768,90.53973,90.20333
q;1551035597621;-0.029977007,-0.03323683,0.010176898,0.998946
v;1551035597621;-0.059248988,-0.06718206,0.02236613
r;1551035597626;90.09973,90.53059,90.20778
q;1551035597654;-0.029898787,-0.03401871,0.010416565,0.99891955
v;1551035597654;-0.059058573,-0.06876075,0.022886755
r;1551035597659;90.09112,90.62107,90.23235
q;1551035597688;-0.029631345,-0.033927016,0.010631761,0.99892837
v;1551035597688;-0.058511157,-0.06858241,0.023293305
r;1551035597692;90.059784,90.61146,90.256584
q;1551035597723;-0.031190712,-0.03371693,0.010515463,0.99888927
v;1551035597723;-0.061642066,-0.0681972,0.02315692
r;1551035597728;90.23853,90.58606,90.24823
q;1551035597755;-0.029952401,-0.034215733,0.010736094,0.99890786
v;1551035597755;-0.059139155,-0.06917586,0.023541747
r;1551035597759;90.09668,90.64472,90.26842
q;1551035597787;-0.029577844,-0.034792315,0.010500499,0.9989016
v;1551035597787;-0.058393214,-0.07030701,0.023077471
r;1551035597791;90.0551,90.71021,90.238495
q;1551035597818;-0.029939322,-0.035055496,0.010735049,0.99887913
v;1551035597818;-0.05909327,-0.07085807,0.023588466
r;1551035597824;90.09628,90.74097,90.2654
q;1551035597856;-0.02983163,-0.03506167,0.010834029,0.9988811
v;1551035597856;-0.05887078,-0.07087325,0.023779135
r;1551035597860;90.0837,90.74208,90.27644
q;1551035597888;-0.029861573,-0.034984943,0.010760278,0.99888366
v;1551035597888;-0.058937695,-0.070716016,0.023629166
r;1551035597892;90.08721,90.73302,90.26833
q;1551035597922;-0.030650679,-0.03637265,0.010742217,0.9988104
v;1551035597922;-0.06048386,-0.073517784,0.023734191
r;1551035597926;90.17951,90.89154,90.26346
q;1551035597953;-0.03182369,-0.037176333,0.0105132945,0.9987466
v;1551035597953;-0.06282723,-0.07514744,0.023414738
r;1551035597958;90.31553,90.98214,90.237175
q;1551035597984;-0.031520132,-0.037027348,0.010492329,0.99876195
v;1551035597984;-0.06222536,-0.074838996,0.023340179
r;1551035597989;90.280594,90.96517,90.234604
q;1551035598016;-0.031810828,-0.036052752,0.0100701265,0.9987927
v;1551035598016;-0.06286012,-0.072867386,0.02245591
r;1551035598021;90.313675,90.851746,90.19047
q;1551035598046;-0.03139859,-0.036503144,0.010094462,0.99878913
v;1551035598046;-0.06202394,-0.07376036,0.022501934
r;1551035598051;90.26692,90.903725,90.19063
q;1551035598077;-0.030699916,-0.03690791,0.009868312,0.99879825
v;1551035598077;-0.06063476,-0.07453889,0.022021288
r;1551035598082;90.18786,90.94976,90.16163
q;1551035598108;-0.03231264,-0.036597867,0.009658574,0.9987608
v;1551035598108;-0.063881665,-0.07394729,0.021704331
r;1551035598114;90.372826,90.91237,90.14257
q;1551035598146;-0.031278428,-0.03739083,0.010039255,0.99876064
v;1551035598146;-0.06176784,-0.07553272,0.022437345
r;1551035598152;90.254364,91.00534,90.180855
q;1551035598182;-0.031410474,-0.03702481,0.010088955,0.99876964
v;1551035598182;-0.062036354,-0.07480582,0.022524245
r;1551035598186;90.268936,90.96348,90.18816
q;1551035598213;-0.030514052,-0.037452564,0.010081085,0.99878156
v;1551035598213;-0.060235042,-0.07563824,0.022465894
r;1551035598221;90.16673,91.01306,90.18366
q;1551035598250;-0.030943196,-0.040004894,0.01041383,0.998666
v;1551035598250;-0.06100847,-0.080785505,0.023321131
r;1551035598255;90.2184,91.306526,90.21376
q;1551035598285;-0.031023746,-0.03933132,0.010171377,0.9986927
v;1551035598285;-0.06120448,-0.079422936,0.022801235
r;1551035598289;90.22727,91.22839,90.18854
q;1551035598317;-0.03119134,-0.03950977,0.009944383,0.99868274
v;1551035598317;-0.061553564,-0.079771295,0.022371521
r;1551035598321;90.247154,91.247925,90.162254
q;1551035598351;-0.03144207,-0.04030062,0.010284858,0.9986398
v;1551035598351;-0.062009353,-0.08138441,0.023122502
r;1551035598355;90.2762,91.339645,90.19893
q;1551035598382;-0.03117181,-0.041103393,0.010702072,0.9986112
v;1551035598382;-0.06141586,-0.083011456,0.023984466
r;1551035598387;90.24545,91.433334,90.243324
q;1551035598413;-0.030586472,-0.041844614,0.010550087,0.9986001
v;1551035598413;-0.060240816,-0.08447091,0.023675552
r;1551035598418;90.17957,91.51812,90.22223
q;1551035598443;-0.030253513,-0.041916985,0.010751985,0.9986051
v;1551035598443;-0.05955644,-0.08461838,0.02405521
r;1551035598448;90.14115,91.52733,90.24451
q;1551035598475;-0.03163566,-0.04199451,0.010600183,0.9985606
v;1551035598475;-0.062330298,-0.08480491,0.023875527
r;1551035598479;90.29994,91.53484,90.22932
q;1551035598505;-0.03076314,-0.042025775,0.010800136,0.9985844
v;1551035598505;-0.06056844,-0.08485426,0.024202123
r;1551035598509;90.19963,91.539665,90.25055
q;1551035598536;-0.03091951,-0.04280736,0.011220595,0.9985418
v;1551035598536;-0.060825698,-0.08645107,0.025104688
r;1551035598540;90.21788,91.63068,90.29623
q;1551035598567;-0.030306717,-0.04348992,0.011134369,0.998532
v;1551035598567;-0.05959125,-0.08779544,0.024918927
r;1551035598571;90.14868,91.70896,90.28296
q;1551035598597;-0.030503003,-0.0441408,0.011417594,0.99849427
v;1551035598597;-0.059942074,-0.089123,0.025542302
r;1551035598601;90.17163,91.78447,90.313446
q;1551035598626;-0.031509977,-0.043791123,0.011377242,0.9984789
v;1551035598626;-0.061967302,-0.08845085,0.025531357
r;1551035598631;90.28665,91.743706,90.31162
q;1551035598656;-0.030729344,-0.043253157,0.011046683,0.9985304
v;1551035598656;-0.06044957,-0.08732835,0.024766944
r;1551035598660;90.19695,91.68127,90.27443
q;1551035598686;-0.03129948,-0.04405001,0.011272652,0.99847525
v;1551035598686;-0.061549243,-0.088956855,0.025319053
r;1551035598690;90.26302,91.773125,90.29839
q;1551035598718;-0.029889636,-0.044830184,0.0114879375,0.9984813
v;1551035598718;-0.058692165,-0.09048999,0.02566791
r;1551035598723;90.10216,91.86408,90.318214
q;1551035598751;-0.030178376,-0.04518004,0.011270061,0.99845934
v;1551035598751;-0.05928011,-0.09118736,0.025279406
r;1551035598756;90.136024,91.90328,90.29247
q;1551035598783;-0.030498244,-0.04611869,0.011607859,0.99840283
v;1551035598783;-0.059864137,-0.093099065,0.026041305
r;1551035598788;90.17353,92.01192,90.32835
q;1551035598814;-0.029651314,-0.046226338,0.012162128,0.9984168
v;1551035598814;-0.05811703,-0.09332026,0.027076103
r;1551035598818;90.07592,92.026596,90.390366
q;1551035598847;-0.029828029,-0.04828202,0.012359199,0.99831176
v;1551035598847;-0.058395073,-0.09745838,0.02760754
r;1551035598853;90.09892,92.26292,90.40616
q;1551035598880;-0.0290326,-0.048208307,0.012705483,0.9983344
v;1551035598880;-0.05677396,-0.09730378,0.02821707
r;1551035598884;90.0073,92.25598,90.44524
q;1551035598912;-0.029527605,-0.047855888,0.012513379,0.9983393
v;1551035598912;-0.057791624,-0.09660301,0.027861448
r;1551035598916;90.06371,92.21471,90.42494
q;1551035598942;-0.02972641,-0.049011383,0.012161999,0.9982817
v;1551035598942;-0.058191344,-0.098905705,0.027245546
r;1551035598946;90.08851,92.345924,90.38099
q;1551035598972;-0.029046971,-0.049755383,0.012323994,0.9982629
v;1551035598972;-0.05679719,-0.10038396,0.027543552
r;1551035598977;90.01155,92.43211,90.396416
q;1551035599004;-0.029488567,-0.050003093,0.012305741,0.9982378
v;1551035599004;-0.057674523,-0.10089427,0.02756647
r;1551035599008;90.06254,92.46026,90.393875
q;1551035599034;-0.029208772,-0.051146068,0.012508372,0.99818563
v;1551035599034;-0.05706301,-0.10318791,0.028008424
r;1551035599041;90.031975,92.592155,90.41303
q;1551035599068;-0.029034555,-0.05102843,0.012730499,0.9981939
v;1551035599068;-0.056695364,-0.10295871,0.028427685
r;1551035599073;90.01169,92.57948,90.43874
q;1551035599100;-0.02952843,-0.051792532,0.012697637,0.99814045
v;1551035599100;-0.05766371,-0.10450584,0.028457887
r;1551035599105;90.06945,92.66681,90.432755
q;1551035599131;-0.031004172,-0.052346423,0.012553532,0.99806863
v;1551035599131;-0.060611423,-0.10565921,0.028360358
r;1551035599135;90.23952,92.72922,90.41524
q;1551035599168;-0.02927403,-0.05286677,0.012344691,0.99809605
v;1551035599168;-0.057162464,-0.10663077,0.027786577
r;1551035599176;90.04203,92.78893,90.388565
q;1551035599206;-0.030578436,-0.053375676,0.012012417,0.99803394
v;1551035599206;-0.05978991,-0.10767609,0.027294042
r;1551035599211;90.19241,92.845535,90.3494
q;1551035599240;-0.02896425,-0.053206995,0.012222049,0.99808854
v;1551035599240;-0.056547306,-0.10729552,0.027527045
r;1551035599248;90.00705,92.82769,90.37322
q;1551035599285;-0.030190427,-0.054341752,0.011555753,0.99799895
v;1551035599285;-0.0590384,-0.10957342,0.026395505
r;1551035599292;90.14941,92.95494,90.29357
q;1551035599325;-0.031015934,-0.054874253,0.01150541,0.99794513
v;1551035599325;-0.06067893,-0.11066568,0.026419176
r;1551035599330;90.24477,93.01539,90.28621
q;1551035599358;-0.03037335,-0.055174954,0.011333661,0.9979503
v;1551035599358;-0.059406456,-0.111237295,0.02602139
r;1551035599363;90.17153,93.04964,90.2653
q;1551035599391;-0.031542636,-0.056335315,0.010889272,0.9978541
v;1551035599391;-0.06176225,-0.11357591,0.025336752
r;1551035599396;90.30712,93.18045,90.2105
q;1551035599427;-0.031109381,-0.05648024,0.010751657,0.997861
v;1551035599427;-0.060908824,-0.11384422,0.025020454
r;1551035599434;90.25764,93.196846,90.19417
q;1551035599466;-0.03059337,-0.057021163,0.0105736,0.9978481
v;1551035599466;-0.05988502,-0.11490207,0.024637286
r;1551035599472;90.19915,93.2586,90.171814
q;1551035599503;-0.030710557,-0.05795897,0.010315134,0.9977932
v;1551035599503;-0.06012608,-0.11677142,0.024190713
r;1551035599509;90.21369,93.36519,90.13891
q;1551035599537;-0.030083317,-0.05856648,0.010373469,0.9977762
v;1551035599537;-0.05885173,-0.11797386,0.024268944
r;1551035599544;90.14251,93.43553,90.143524
q;1551035599571;-0.029737644,-0.058502294,0.010379167,0.9977903
v;1551035599571;-0.058162235,-0.11783463,0.024235252
r;1551035599577;90.102806,93.42843,90.14444
q;1551035599607;-0.030404288,-0.05932389,0.010093584,0.9977246
v;1551035599607;-0.059507746,-0.1194867,0.02379299
r;1551035599612;90.18013,93.52122,90.10878
q;1551035599641;-0.03092123,-0.060326096,0.00964831,0.99765307
v;1551035599641;-0.06057026,-0.121486545,0.023026302
r;1551035599648;90.24037,93.63423,90.054115
q;1551035599679;-0.029669942,-0.06003103,0.009731634,0.997708
v;1551035599679;-0.058068104,-0.12086159,0.023021722
r;1551035599683;90.096634,93.60165,90.06506
q;1551035599713;-0.029653443,-0.060714707,0.009764512,0.99766684
v;1551035599713;-0.05801535,-0.12223449,0.023125224
r;1551035599717;90.09551,93.68022,90.066505
q;1551035599748;-0.029743753,-0.0609796,0.009851903,0.99764717
v;1551035599748;-0.058178827,-0.1227737,0.023326544
r;1551035599753;90.10619,93.71085,90.07558
q;1551035599781;-0.030350162,-0.06182103,0.00981997,0.99757737
v;1551035599781;-0.059373986,-0.124478586,0.023388255
r;1551035599785;90.176636,93.80683,90.06874
q;1551035599811;-0.029624155,-0.062235877,0.009570998,0.9975758
v;1551035599811;-0.057945784,-0.1252742,0.022823246
r;1551035599815;90.09372,93.85414,90.03917
q;1551035599842;-0.030328523,-0.06272952,0.00943071,0.9975251
v;1551035599842;-0.059358604,-0.12627771,0.022661572
r;1551035599846;90.17491,93.90972,90.020996
q;1551035599871;-0.030517956,-0.063438445,0.009452395,0.99747425
v;1551035599871;-0.05971795,-0.12770724,0.022771623
r;1551035599875;90.197395,93.991005,90.02088
q;1551035599901;-0.030312208,-0.062915675,0.009680353,0.99751145
v;1551035599901;-0.059290186,-0.12666547,0.023169532
r;1551035599905;90.17341,93.931984,90.04895
q;1551035599929;-0.030036818,-0.06271869,0.009719241,0.99753183
v;1551035599929;-0.05873998,-0.12626407,0.023200335
r;1551035599934;90.14165,93.90973,90.05426
q;1551035599960;-0.02940596,-0.06315332,0.009639777,0.99752396
v;1551035599960;-0.05748038,-0.12711221,0.022985969
r;1551035599964;90.06975,93.95984,90.04407
q;1551035599989;-0.03001242,-0.0639641,0.009679172,0.99745387
v;1551035599989;-0.058667418,-0.12875986,0.023190461
r;1551035599993;90.14018,94.05254,90.04539
q;1551035600017;-0.031164316,-0.06433999,0.010041394,0.9973908
v;1551035600017;-0.060911536,-0.12957196,0.024087604
r;1551035600023;90.27295,94.096085,90.08467
q;1551035600050;-0.031823937,-0.0650019,0.010071972,0.99732673
v;1551035600050;-0.062208444,-0.13092354,0.024276664
r;1551035600054;90.34934,94.17167,90.085236
q;1551035600079;-0.033954464,-0.06586706,0.010502631,0.99719524
v;1551035600079;-0.06638365,-0.13275905,0.025478177
r;1551035600083;90.59502,94.271095,90.12936
q;1551035600110;-0.03447085,-0.066500455,0.010839284,0.9971319
v;1551035600110;-0.06735323,-0.13407108,0.026263606
r;1551035600113;90.65533,94.34479,90.1649
q;1551035600138;-0.03874628,-0.06572724,0.010754807,0.9970271
v;1551035600138;-0.07592132,-0.13266698,0.026618851
r;1551035600143;91.14453,94.25295,90.15431
q;1551035600169;-0.0421281,-0.06446902,0.010442667,0.9969754
v;1551035600169;-0.082749315,-0.13024019,0.02634727
r;1551035600172;91.53058,94.10497,90.12155
q;1551035600198;-0.051394325,-0.0651907,0.009822054,0.9965
v;1551035600198;-0.10132155,-0.13199258,0.026414745
r;1551035600203;92.59379,94.17835,90.039185
q;1551035600229;-0.06484116,-0.06351732,0.009507661,0.9958267
v;1551035600229;-0.12828489,-0.12915456,0.027401602
r;1551035600233;94.135216,93.97588,90.00467
q;1551035600259;-0.075064145,-0.059401035,0.008573305,0.995371
v;1551035600259;-0.14896514,-0.121174246,0.026279036
r;1551035600263;95.304955,93.49067,89.92721
q;1551035600289;-0.09158299,-0.0586834,0.008776734,0.9940281
v;1551035600289;-0.18204589,-0.12055253,0.028675152
r;1551035600294;97.20384,93.401535,89.95627
q;1551035600319;-0.10875008,-0.056621265,0.0084657995,0.9924192
v;1551035600319;-0.21658191,-0.11722607,0.029819341
r;1551035600322;99.17897,93.15522,89.94659
q;1551035600347;-0.122517444,-0.053167697,0.007927527,0.99100953
v;1551035600347;-0.24441518,-0.11083611,0.02962514
r;1551035600350;100.76403,92.749916,89.93745
q;1551035600377;-0.14343338,-0.050110992,0.007212168,0.98836416
v;1551035600377;-0.28671825,-0.10562494,0.02985468
r;1551035600381;103.17984,92.38679,89.92069
q;1551035600405;-0.16850133,-0.05107744,0.006682463,0.9843545
v;1551035600405;-0.3374134,-0.109168686,0.032189324
r;1551035600409;106.08943,92.48452,89.86837
q;1551035600435;-0.19342482,-0.049333632,0.006379115,0.9798532
v;1551035600435;-0.38809577,-0.107318945,0.03413025
r;1551035600438;108.99213,92.28321,89.89646
q;1551035600463;-0.21876091,-0.05061928,0.0051962133,0.97445077
v;1551035600463;-0.43986508,-0.11177598,0.035676915
r;1551035600467;111.96142,92.40451,89.76074
q;1551035600493;-0.24529041,-0.051521484,0.0049864175,0.9680668
v;1551035600493;-0.4942837,-0.11635655,0.039689478
r;1551035600498;115.08785,92.50759,89.73839
q;1551035600524;-0.28587788,-0.05592528,0.0035870227,0.95662606
v;1551035600524;-0.5782452,-0.13059185,0.0463952
r;1551035600529;119.916016,92.968285,89.47438
q;1551035600557;-0.30700213,-0.052616306,0.0030922124,0.9502482
v;1551035600557;-0.6225776,-0.1257602,0.047019307
r;1551035600561;122.44931,92.59978,89.54361
q;1551035600587;-0.32944804,-0.049658984,2.168283E-4,0.94286686
v;1551035600587;-0.67031103,-0.11996991,0.042289004
r;1551035600591;125.16308,92.18697,89.35891
q;1551035600617;-0.36862755,-0.04684882,-0.0030631928,0.9283908
v;1551035600617;-0.7542577,-0.11652587,0.039599597
r;1551035600621;129.95683,91.77887,89.167725
q;1551035600645;-0.39156055,-0.04040934,-0.0057755895,0.9192465
v;1551035600645;-0.80430406,-0.100758664,0.030319871
r;1551035600649;132.80183,90.99574,89.20223
q;1551035600673;-0.40643087,-0.041071266,-0.0066000638,0.9127341
v;1551035600673;-0.83674836,-0.10410099,0.031857412
r;1551035600677;134.66132,91.04116,89.11713
q;1551035600704;-0.43861026,-0.047150284,-0.0049451604,0.89742607
v;1551035600704;-0.90707785,-0.13070172,0.05275614
r;1551035600708;138.72614,91.78563,89.04661
q;1551035600733;-0.4618858,-0.046913356,-0.0064562038,0.8856743
v;1551035600733;-0.9592593,-0.13476089,0.055593096
r;1551035600736;141.71376,91.709145,88.93092
q;1551035600762;-0.47453645,-0.05246504,-0.003589273,0.87866366
v;1551035600762;-0.98684824,-0.16175684,0.07895713
r;1551035600766;143.3499,92.440796,88.93161
q;1551035600790;-0.4939579,-0.05848202,-0.0026840013,0.86751264
v;1551035600790;-1.0300864,-0.1931704,0.10337791
r;1551035600794;145.88667,93.1177,88.68397
q;1551035600819;-0.5148967,-0.056835573,-0.003263678,0.85535985
v;1551035600819;-1.0784261,-0.19990216,0.11223864
r;1551035600823;148.66512,92.94589,88.709145
q;1551035600848;-0.5244282,-0.057226893,-0.002735153,0.849525
v;1551035600848;-1.1002986,-0.20968749,0.122458845
r;1551035600851;149.94287,93.02846,88.73118
q;1551035600876;-0.53009474,-0.05345296,-0.0048685824,0.84623796
v;1551035600876;-1.1145055,-0.19483468,0.110136166
r;1551035600880;150.70912,92.539474,88.749214
q;1551035600905;-0.5506831,-0.05147963,-0.008304155,0.8330841
v;1551035600905;-1.1639811,-0.1948891,0.10853553
r;1551035600908;153.50854,92.16473,88.53905
q;1551035600933;-0.56801856,-0.052547365,-0.0081544025,0.82129604
v;1551035600933;-1.2051136,-0.2171757,0.12984747
r;1551035600936;155.89857,92.29979,88.48358
q;1551035600961;-0.59102327,-0.0543557,-0.008712166,0.8047739
v;1551035600961;-1.2604483,-0.25553012,0.16522333
r;1551035600965;159.11649,92.4636,88.30165
q;1551035600989;-0.6081982,-0.05793299,-0.007210175,0.79163545
v;1551035600989;-1.3008229,-0.3162753,0.22326967
r;1551035600993;161.55424,92.91835,88.17615
q;1551035601018;-0.6045433,-0.059903078,-0.0063025933,0.7942917
v;1551035601018;-1.2910391,-0.3226026,0.2280149
r;1551035601021;161.02429,93.15649,88.12701
q;1551035601050;-0.6077629,-0.057775103,-0.008623781,0.79196715
v;1551035601050;-1.3003544,-0.3081567,0.21335395
r;1551035601054;161.48401,92.804756,88.0591
q;1551035601080;-0.61954886,-0.05851302,-0.008391723,0.78272927
v;1551035601080;-1.328794,-0.3456812,0.25033057
r;1551035601083;163.17958,92.9019,88.012405
q;1551035601108;-0.6102337,-0.06006328,-0.0061881165,0.78991705
v;1551035601108;-1.304725,-0.33858654,0.2440224
r;1551035601111;161.84016,93.186195,88.11678
q;1551035601138;-0.59780514,-0.057033453,-0.008037591,0.79956967
v;1551035601138;-1.2761003,-0.2847585,0.19169249
r;1551035601141;160.06898,92.76539,88.175316
q;1551035601166;-0.60085493,-0.055247538,-0.009084085,0.7973949
v;1551035601166;-1.2843041,-0.27667525,0.18472272
r;1551035601169;160.50789,92.53336,88.199455
q;1551035601194;-0.5948223,-0.056146048,-0.006865368,0.8018647
v;1551035601194;-1.2686664,-0.27875838,0.18858972
r;1551035601197;159.6551,92.75993,88.347046
q;1551035601221;-0.57442874,-0.05625821,-0.005481236,0.8166007
v;1551035601221;-1.219056,-0.25103408,0.16232431
r;1551035601225;156.78766,92.83359,88.48795
q;1551035601250;-0.5506928,-0.055188105,-0.004234205,0.83287084
v;1551035601250;-1.1624515,-0.22157083,0.13572611
r;1551035601254;153.50957,92.77699,88.69385
q;1551035601279;-0.5308633,-0.05433251,-0.0028491488,0.8457092
v;1551035601279;-1.1157063,-0.20360002,0.12056945
r;1551035601283;150.81476,92.74912,88.89155
q;1551035601310;-0.49501193,-0.05596071,0.003412782,0.8670755
v;1551035601310;-1.0314479,-0.19680448,0.11968479
r;1551035601313;146.0359,93.21393,89.4336
q;1551035601340;-0.43737698,-0.053836543,0.0062527163,0.89764357
v;1551035601340;-0.9019604,-0.1654466,0.09419124
r;1551035601344;138.56714,93.036064,89.86336
q;1551035601370;-0.40037823,-0.04863938,0.0053113704,0.9150428
v;1551035601370;-0.8215607,-0.13737214,0.071518935
r;1551035601374;133.89186,92.37819,90.00733
q;1551035601400;-0.35860494,-0.041223988,0.006137423,0.93255854
v;1551035601400;-0.73196703,-0.109498985,0.055163614
r;1551035601404;128.70552,91.54843,90.36885
q;1551035601430;-0.29736093,-0.034347035,0.01138132,0.9540793
v;1551035601430;-0.6024101,-0.087868765,0.051170025
r;1551035601434;121.24897,90.87561,91.06651
q;1551035601460;-0.23040895,-0.01949697,0.01199174,0.97282463
v;1551035601460;-0.46433398,-0.048625916,0.036150977
r;1551035601464;113.25953,89.11406,91.35127
q;1551035601491;-0.17196117,-0.0091799665,0.013626108,0.9849667
v;1551035601491;-0.34532437,-0.024201166,0.03188725
r;1551035601495;106.39484,87.889046,91.47944
q;1551035601521;-0.12333876,-0.0045307376,0.01832819,0.99218506
v;1551035601521;-0.2470903,-0.013935494,0.038671404
r;1551035601526;100.729675,87.362915,91.80544
q;1551035601558;-0.08317059,-0.005901356,0.028749555,0.99610305
v;1551035601558;-0.16611657,-0.016770586,0.05910422
r;1551035601564;96.052505,87.56479,92.73672
q;1551035601592;-0.0719575,-0.015324251,0.031177336,0.9968025
v;1551035601592;-0.14298601,-0.03540603,0.06507017
r;1551035601598;94.78948,88.637146,92.87234
q;1551035601626;-0.06310703,-0.02069488,0.03425642,0.99720395
v;1551035601626;-0.12476674,-0.045971084,0.07155
r;1551035601633;93.78275,89.2535,93.14431
q;1551035601660;-0.06442483,-0.026918523,0.038459267,0.9968178
v;1551035601660;-0.12670788,-0.059129383,0.08087801
r;1551035601664;93.94596,89.999405,93.5853
q;1551035601691;-0.08191179,-0.032792244,0.03879766,0.9953441
v;1551035601691;-0.16121373,-0.07264005,0.08378941
r;1551035601694;95.979324,90.72715,93.62811
q;1551035601729;-0.07793675,-0.03243956,0.03908401,0.99566364
v;1551035601729;-0.15326114,-0.07158949,0.08396722
r;1551035601736;95.52042,90.67698,93.65336
q;1551035601766;-0.07201127,-0.036884133,0.038179133,0.9959901
v;1551035601766;-0.14109631,-0.079848595,0.082273684
r;1551035601771;94.86301,91.15942,93.49748
q;1551035601798;-0.081317745,-0.043826535,0.037906714,0.9950024
v;1551035601798;-0.15917131,-0.09471708,0.08371707
r;1551035601802;95.96364,91.978165,93.422554
q;1551035601830;-0.07419139,-0.04587106,0.036918607,0.99550414
v;1551035601830;-0.14483453,-0.09798881,0.081250876
r;1551035601837;95.15543,92.183075,93.282196
q;1551035601873;-0.0650401,-0.05633154,0.037935168,0.99556893
v;1551035601873;-0.12555957,-0.11830339,0.08361665
r;1551035601877;94.149864,93.36352,93.30961
q;1551035601906;-0.055387177,-0.062354654,0.038978722,0.9957534
v;1551035601906;-0.1056393,-0.12958023,0.08511029
r;1551035601910;93.06937,94.034546,93.39064
q;1551035601941;-0.04231209,-0.06818151,0.03978979,0.9959808
v;1551035601941;-0.07894016,-0.1400745,0.08539891
r;1551035601948;91.59731,94.67177,93.4639
q;1551035601976;-0.031553462,-0.07554276,0.04100716,0.99579924
v;1551035601976;-0.056676574,-0.15389152,0.0866846
r;1551035601980;90.40073,95.49233,93.590614
q;1551035602005;-0.006688033,-0.07538652,0.040867135,0.9962942
v;1551035602005;-0.0071648974,-0.15134186,0.08253554
r;1551035602009;87.552475,95.40681,93.62882
q;1551035602035;0.03245948,-0.07591813,0.042312868,0.99568695
v;1551035602035;0.07112353,-0.14936547,0.07961737
r;1551035602040;83.07768,95.36202,93.88027
q;1551035602067;0.06308742,-0.078218214,0.041607574,0.9940678
v;1551035602067;0.13232107,-0.15217027,0.07356111
r;1551035602071;79.57841,95.55188,93.88328
q;1551035602097;0.089710936,-0.07936307,0.044225566,0.99181527
v;1551035602097;0.1860445,-0.15270983,0.07484798
r;1551035602101;76.53928,95.59104,94.26017
q;1551035602139;0.15695809,-0.074112915,0.044656422,0.98380756
v;1551035602139;0.32093328,-0.13934985,0.068130024
r;1551035602150;68.76266,94.81482,94.39219
q;1551035602176;0.2094955,-0.07498019,0.046388637,0.97382635
v;1551035602176;0.42792183,-0.13959867,0.064818926
r;1551035602180;62.668938,94.74635,94.72012
q;1551035602206;0.24126615,-0.077024125,0.047642946,0.96622366
v;1551035602206;0.4933436,-0.14338629,0.06237434
r;1551035602210;58.967068,94.86041,94.99017
q;1551035602237;0.27513307,-0.08078994,0.04924762,0.95673895
v;1551035602237;0.5638196,-0.15141493,0.058927953
r;1551035602242;55.008755,95.135925,95.37535
q;1551035602270;0.31100762,-0.081078514,0.05027494,0.9456072
v;1551035602270;0.6389271,-0.15265349,0.055649266
r;1551035602276;50.748295,95.02674,95.61041
q;1551035602305;0.34422436,-0.07989994,0.050102044,0.93413883
v;1551035602305;0.70904994,-0.15181504,0.05087636
r;1551035602309;46.741936,94.80679,95.65392
q;1551035602340;0.3732023,-0.07968968,0.056172,0.9226128
v;1551035602340;0.77203554,-0.14724402,0.06168564
r;1551035602344;43.273342,94.43628,96.38791
q;1551035602369;0.40052283,-0.077135995,0.05873535,0.91114306
v;1551035602369;0.83147854,-0.139239,0.06719845
r;1551035602373;39.921276,93.94923,96.62576
q;1551035602398;0.4200342,-0.07507844,0.05737063,0.9025758
v;1551035602398;0.87390316,-0.13648994,0.06312893
r;1551035602401;37.46919,93.72637,96.438644
q;1551035602428;0.4350299,-0.07375189,0.060803384,0.8953282
v;1551035602428;0.9074853,-0.12892263,0.0726761
r;1551035602431;35.62307,93.362465,96.76873
q;1551035602456;0.45397133,-0.07282022,0.06251356,0.88583255
v;1551035602456;0.94995546,-0.12452983,0.07680753
r;1551035602459;33.25936,93.10213,96.94224
q;1551035602484;0.4681892,-0.07458686,0.06465574,0.87809753
v;1551035602484;0.9824805,-0.12728362,0.0788378
r;1551035602487;31.528841,93.105,97.289024
q;1551035602511;0.4684117,-0.08140221,0.06426654,0.8774018
v;1551035602511;0.98348486,-0.14969172,0.065945655
r;1551035602515;31.612848,93.81244,97.61851
q;1551035602541;0.46653143,-0.07834169,0.060705453,0.8789345
v;1551035602541;0.97841364,-0.14571793,0.060240883
r;1551035602544;31.743076,93.70508,97.08493
q;1551035602570;0.4722064,-0.072955206,0.05748641,0.87658083
v;1551035602570;0.990394,-0.13464548,0.05817547
r;1551035602574;30.895256,93.31388,96.48291
q;1551035602599;0.4650052,-0.07369416,0.057854593,0.8803364
v;1551035602599;0.97419363,-0.13558981,0.05935236
r;1551035602603;31.8229,93.39497,96.540474
q;1551035602629;0.44683585,-0.08010379,0.05961601,0.8890259
v;1551035602629;0.934073,-0.15051198,0.05791321
r;1551035602633;34.22654,94.02605,97.00289
q;1551035602661;0.426635,-0.08479166,0.05847227,0.8985399
v;1551035602661;0.8892717,-0.16340615,0.051976264
r;1551035602665;36.794292,94.65209,97.04889
q;1551035602689;0.4064917,-0.08507821,0.058310434,0.90781397
v;1551035602689;0.8449827,-0.16201232,0.05532492
r;1551035602693;39.283623,94.77578,96.96979
q;1551035602717;0.3771431,-0.08704508,0.05620581,0.9203408
v;1551035602717;0.7809934,-0.16667403,0.053248636
r;1551035602721;42.877876,95.19971,96.72308
q;1551035602745;0.33689305,-0.09732781,0.05168091,0.93507195
v;1551035602745;0.6946264,-0.1927791,0.040454738
r;1551035602749;47.81258,96.645996,96.47651
q;1551035602774;0.28735405,-0.105902866,0.045937985,0.95084274
v;1551035602774;0.5897906,-0.21215467,0.031888135
r;1551035602778;53.74303,97.96946,95.87733
q;1551035602804;0.22479182,-0.111881696,0.04514063,0.9669092
v;1551035602804;0.46095923,-0.22070052,0.041316483
r;1551035602808;61.134747,98.868416,95.56586
q;1551035602833;0.16443518,-0.1118806,0.0429901,0.979079
v;1551035602833;0.33800918,-0.21897939,0.050250478
r;1551035602837;68.120056,99.10847,94.92862
q;1551035602862;0.097897284,-0.114792205,0.042742983,0.9876295
v;1551035602862;0.20461032,-0.2249194,0.063314915
r;1551035602866;75.7895,99.64102,94.50513
q;1551035602891;0.043858636,-0.11969427,0.04407582,0.9908618
v;1551035602891;0.09762192,-0.23665379,0.07729141
r;1551035602895;82.0103,100.3551,94.31954
q;1551035602922;0.0036334423,-0.122036785,0.044659473,0.99151367
v;1551035602922;0.018106401,-0.24413532,0.08780126
r;1551035602925;86.621475,100.747604,94.09527
q;1551035602950;-0.025541777,-0.12090134,0.04318436,0.9913958
v;1551035602950;-0.04021276,-0.2445543,0.09200568
r;1551035602953;89.93718,100.70285,93.71032
q;1551035602978;-0.035565477,-0.117292486,0.04405869,0.99148196
v;1551035602978;-0.060225952,-0.23840068,0.096031286
r;1551035602982;91.07242,100.31898,93.75182
q;1551035603007;-0.044395175,-0.12195419,0.04008542,0.9907318
v;1551035603007;-0.078270145,-0.24850999,0.09065744
r;1551035603011;92.073906,100.86395,93.210335
q;1551035603037;-0.044017117,-0.12180671,0.041307975,0.9907166
v;1551035603037;-0.07723055,-0.24826321,0.09298283
r;1551035603040;92.039444,100.85185,93.35369
q;1551035603065;-0.04203719,-0.11440662,0.04142496,0.9916794
v;1551035603065;-0.073963664,-0.2331298,0.092161246
r;1551035603069;91.78076,99.99378,93.42006
q;1551035603095;-0.04578763,-0.107320175,0.040210284,0.9923553
v;1551035603095;-0.08233745,-0.21916875,0.09006003
r;1551035603099;92.17089,99.18151,93.29532
q;1551035603124;-0.049368855,-0.10065086,0.03959401,0.99290705
v;1551035603124;-0.09018925,-0.20607029,0.089043416
r;1551035603128;92.54869,98.41988,93.24324
q;1551035603157;-0.04854013,-0.085247725,0.03683475,0.9944948
v;1551035603157;-0.090388685,-0.17473017,0.081965774
r;1551035603161;92.37715,96.63202,93.02032
q;1551035603185;-0.055573158,-0.07468057,0.03527112,0.99503285
v;1551035603185;-0.10552181,-0.15400068,0.079013534
r;1551035603189;93.13682,95.42561,92.886734
q;1551035603215;-0.0580498,-0.05630807,0.03287174,0.99618226
v;1551035603215;-0.11218968,-0.11700325,0.07254916
r;1551035603219;93.347275,93.30894,92.73023
q;1551035603243;-0.057756793,-0.029810611,0.031477384,0.99738896
v;1551035603243;-0.1135793,-0.063553594,0.06671292
r;1551035603247;93.21535,90.264984,92.74501
q;1551035603273;-0.059758414,-0.003544653,0.030375492,0.9977443
v;1551035603273;-0.11931478,-0.010780551,0.061513443
r;1551035603276;93.34944,87.256996,92.801384
q;1551035603302;-0.06751259,0.022864701,0.029023403,0.9970341
v;1551035603302;-0.13637424,0.042077854,0.055328995
r;1551035603306;94.14462,84.24478,92.89253
q;1551035603332;-0.07624353,0.046755724,0.026867496,0.99562997
v;1551035603332;-0.15495245,0.090207465,0.04695008
r;1551035603335;95.07051,81.51632,92.92803
q;1551035603362;-0.07997984,0.07204347,0.027154298,0.9938187
v;1551035603362;-0.16361248,0.14120087,0.0430367
r;1551035603365;95.38805,78.63645,93.22679
q;1551035603393;-0.085889794,0.0967884,0.02564219,0.9912605
v;1551035603393;-0.17615163,0.19159713,0.034754615
r;1551035603397;95.97607,75.80556,93.374695
q;1551035603421;-0.0895695,0.121268496,0.02411737,0.9882761
v;1551035603421;-0.18392335,0.24175927,0.026393494
r;1551035603425;96.310844,72.99349,93.50565
q;1551035603449;-0.09317385,0.13762303,0.0223841,0.9858385
v;1551035603449;-0.1910296,0.27560288,0.018832143
r;1551035603453;96.67883,71.1072,93.54975
q;1551035603477;-0.09255106,0.15394148,0.023383642,0.983458
v;1551035603477;-0.19038767,0.30884,0.017821707
r;1551035603480;96.50708,69.23788,93.81064
q;1551035603505;-0.09617861,0.17415386,0.025375046,0.97968173
v;1551035603505;-0.19858995,0.35020766,0.016545104
r;1551035603508;96.757416,66.94437,94.3284
q;1551035603535;-0.09399519,0.19562827,0.026419275,0.9758056
v;1551035603535;-0.19501247,0.39423755,0.015070128
r;1551035603538;96.364044,64.462074,94.60001
q;1551035603564;-0.096741706,0.22134002,0.029083017,0.96995044
v;1551035603564;-0.20191295,0.44730553,0.013874856
r;1551035603567;96.429276,61.52355,95.23308
q;1551035603595;-0.09983144,0.24844903,0.029601146,0.963032
v;1551035603595;-0.20849784,0.5041696,0.007571701
r;1551035603598;96.56863,58.386936,95.66727
q;1551035603623;-0.09794079,0.26669383,0.030981919,0.9582913
v;1551035603623;-0.2056842,0.5421132,0.007292781
r;1551035603628;96.18307,56.254776,95.93321
q;1551035603655;-0.08934889,0.29035404,0.031251445,0.95222616
v;1551035603655;-0.18943974,0.5911931,0.007770346
r;1551035603658;95.073,53.40668,95.854675
q;1551035603684;-0.0851477,0.31315076,0.028019555,0.9454636
v;1551035603684;-0.17951949,0.63971543,-3.508384E-4
r;1551035603688;94.59359,50.624752,95.532135
q;1551035603712;-0.086703934,0.3310629,0.029137405,0.93916494
v;1551035603712;-0.18317382,0.6780646,-0.002724847
r;1551035603715;94.58255,48.510128,95.868126
q;1551035603740;-0.0844972,0.3488621,0.028367693,0.9329259
v;1551035603740;-0.17839682,0.7162368,-0.0061230497
r;1551035603742;94.25415,46.341633,95.83406
q;1551035603768;-0.083836995,0.36405233,0.026163235,0.9272285
v;1551035603768;-0.17541997,0.749382,-0.012719046
r;1551035603771;94.17765,44.467808,95.695206
q;1551035603798;-0.08650925,0.3778947,0.027849013,0.92137736
v;1551035603798;-0.18145747,0.77973694,-0.0142991105
r;1551035603801;94.26894,42.83513,96.11331
q;1551035603828;-0.087011926,0.39172918,0.025492696,0.9156022
v;1551035603828;-0.1802841,0.81051797,-0.021843608
r;1551035603832;94.3319,41.115456,96.01014
q;1551035603856;-0.08868256,0.40458632,0.024253337,0.9098666
v;1551035603856;-0.18200697,0.83938164,-0.028092558
r;1551035603860;94.46683,39.536034,96.07835
q;1551035603887;-0.09003018,0.41447878,0.023682298,0.90528506
v;1551035603887;-0.1836685,0.8616897,-0.032301567
r;1551035603890;94.55573,38.32347,96.177025
q;1551035603916;-0.093002155,0.42080292,0.023556449,0.9020647
v;1551035603916;-0.18873161,0.87641,-0.03642702
r;1551035603919;94.81137,37.574768,96.38077
q;1551035603946;-0.09331783,0.4230036,0.023430029,0.9010054
v;1551035603946;-0.18910682,0.8814165,-0.037401743
r;1551035603949;94.831894,37.304596,96.40505
q;1551035603974;-0.09227806,0.41976246,0.02443063,0.90260035
v;1551035603974;-0.18819955,0.87381923,-0.03397385
r;1551035603977;94.69966,37.71049,96.42053
q;1551035604002;-0.09542235,0.40724596,0.024242293,0.9079965
v;1551035604002;-0.19425079,0.8465762,-0.034349553
r;1551035604005;95.131134,39.28163,96.45615
q;1551035604031;-0.09609451,0.38577133,0.024003725,0.9172623
v;1551035604031;-0.19606134,0.79924107,-0.030698465
r;1551035604034;95.386154,41.90819,96.26489
q;1551035604061;-0.0893515,0.35217762,0.023472423,0.93136257
v;1551035604061;-0.18400683,0.72483,-0.019543681
r;1551035604065;94.96507,45.91126,95.57417
q;1551035604090;-0.0854429,0.3168829,0.026033066,0.94424945
v;1551035604090;-0.17880899,0.64801896,-0.0050682016
r;1551035604093;94.6834,50.155212,95.36441
q;1551035604120;-0.087989606,0.26979,0.029404411,0.9584397
v;1551035604120;-0.18559514,0.5479358,0.009042693
r;1551035604123;95.14087,55.80157,95.422
q;1551035604150;-0.08231117,0.21670519,0.030321546,0.9722882
v;1551035604150;-0.17407992,0.43653092,0.02364762
r;1551035604153;94.8283,61.998425,94.87228
q;1551035604178;-0.07661333,0.15517583,0.037148915,0.9842108
v;1551035604178;-0.16305816,0.30866694,0.050031893
r;1551035604181;94.380104,69.17231,94.9764
q;1551035604206;-0.056031417,0.10017371,0.0440254,0.992415
v;1551035604206;-0.12032334,0.19656971,0.07678724
r;1551035604209;92.25008,75.46218,94.949394
q;1551035604234;-0.031833656,0.052854866,0.048673633,0.9969072
v;1551035604234;-0.06866963,0.10270598,0.09404092
r;1551035604237;89.71587,80.8104,94.905426
q;1551035604261;-0.021146318,0.0044922545,0.05673646,0.9981551
v;1551035604261;-0.04273737,0.006574449,0.11341995
r;1551035604264;88.7254,86.326775,95.6008
q;1551035604290;-0.013109005,-0.0382559,0.06325264,0.9971779
v;1551035604290;-0.021306058,-0.07805116,0.12752551
r;1551035604292;88.077576,91.193436,96.239075
q;1551035604318;-0.0020930558,-0.06794544,0.06590401,0.9955078
v;1551035604318;0.0047884653,-0.1359765,0.13188381
r;1551035604321;87.03871,94.539154,96.51396
q;1551035604346;-0.01135421,-0.09058102,0.07017058,0.993349
v;1551035604346;-0.009845301,-0.18257196,0.14194778
r;1551035604349;88.287865,97.19282,96.957695
q;1551035604374;-0.029663472,-0.10373575,0.07848372,0.99105966
v;1551035604374;-0.042526215,-0.21204865,0.16258006
r;1551035604376;90.5347,98.83923,97.787926
q;1551035604402;-0.041137524,-0.11106876,0.08056758,0.98968697
v;1551035604402;-0.06357227,-0.22892813,0.16976717
r;1551035604405;91.923996,99.771866,97.923386
q;1551035604432;-0.047281217,-0.10954774,0.08055997,0.98958266
v;1551035604432;-0.07600016,-0.22702593,0.17112616
r;1551035604436;92.61204,99.64154,97.89129
q;1551035604461;-0.04673099,-0.102309935,0.07945465,0.99047256
v;1551035604461;-0.07638779,-0.21230204,0.1682382
r;1551035604464;92.477585,98.80009,97.81081
q;1551035604489;-0.04524752,-0.10306943,0.07938612,0.9904682
v;1551035604489;-0.073333606,-0.21354698,0.16782172
r;1551035604491;92.31439,98.87645,97.80688
q;1551035604516;-0.04645107,-0.10415994,0.078061186,0.9904037
v;1551035604516;-0.075821556,-0.21586068,0.16552913
r;1551035604519;92.45367,99.00428,97.64191
q;1551035604544;-0.049179967,-0.10500872,0.07599249,0.9903432
v;1551035604544;-0.081540674,-0.21790254,0.16209099
r;1551035604547;92.760445,99.11069,97.38398
q;1551035604572;-0.051353354,-0.11208997,0.074398376,0.9895775
v;1551035604572;-0.08506016,-0.23240377,0.16001639
r;1551035604575;93.05781,99.93168,97.14329
q;1551035604601;-0.050794467,-0.11358548,0.07558498,0.98934585
v;1551035604601;-0.08343264,-0.23540883,0.16237327
r;1551035604604;93.01457,100.10627,97.273285
q;1551035604630;-0.049623474,-0.1163137,0.07428639,0.98918664
v;1551035604630;-0.08098119,-0.24057946,0.15970922
r;1551035604632;92.89403,100.40605,97.11558
q;1551035604657;-0.05169229,-0.1253532,0.07507374,0.98791623
v;1551035604657;-0.08341052,-0.25922292,0.16257057
r;1551035604659;93.21099,101.46521,97.131485
q;1551035604685;-0.05409247,-0.13925312,0.07591021,0.98586017
v;1551035604685;-0.085618325,-0.28777575,0.16610725
r;1551035604688;93.60733,103.08951,97.11062
q;1551035604712;-0.05553262,-0.16264856,0.07487601,0.9822704
v;1551035604712;-0.084840894,-0.33527547,0.16652636
r;1551035604715;93.94954,105.80072,96.80787
q;1551035604740;-0.0604489,-0.19537306,0.074206054,0.9760475
v;1551035604740;-0.08912422,-0.40271062,0.16996594
r;1551035604743;94.754234,109.63405,96.404396
q;1551035604769;-0.0575318,-0.2236982,0.07689809,0.9699154
v;1551035604769;-0.07727491,-0.46018085,0.17634489
r;1551035604772;94.69054,112.9463,96.52749
q;1551035604797;-0.05381882,-0.25087705,0.077123396,0.9634398
v;1551035604797;-0.06505128,-0.5152512,0.1769048
r;1551035604800;94.48747,116.126015,96.40978
q;1551035604825;-0.043705456,-0.2885211,0.07957182,0.95315987
v;1551035604825;-0.037409004,-0.5912013,0.17797107
r;1551035604828;93.71354,120.54293,96.64551
q;1551035604853;-0.04719909,-0.33817667,0.08497245,0.9360494
v;1551035604853;-0.030894877,-0.6963575,0.1922738
r;1551035604856;94.66975,126.57504,96.74181
q;1551035604883;-0.042085182,-0.38831484,0.09254093,0.9159021
v;1551035604883;-0.005221808,-0.802529,0.2036081
r;1551035604886;94.82279,132.70877,97.31168
q;1551035604911;-0.03279697,-0.42851195,0.097001605,0.8977152
v;1551035604911;0.02425038,-0.8882264,0.20373338
r;1551035604915;94.39534,137.64432,97.82114
q;1551035604940;-0.017912026,-0.45606896,0.1050351,0.8835428
v;1551035604940;0.064198494,-0.9464528,0.20376831
r;1551035604943;93.49074,140.92061,99.11755
q;1551035604970;0.005619094,-0.48452273,0.11067124,0.8677316
v;1551035604970;0.11726575,-1.0073768,0.18903504
r;1551035604973;91.69037,144.10942,100.66029
q;1551035605000;0.013232935,-0.5213199,0.11369217,0.8456504
v;1551035605000;0.1413915,-1.0920146,0.18128088
r;1551035605004;91.59118,148.62686,101.157005
q;1551035605030;0.007421275,-0.56020784,0.11590904,0.820169
v;1551035605030;0.14252171,-1.1852808,0.18472622
r;1551035605032;92.84968,153.76907,100.7841
q;1551035605058;0.0098733045,-0.59250796,0.11859595,0.7967257
v;1551035605058;0.15691385,-1.2646606,0.18045981
r;1551035605061;93.25346,157.82707,100.93908
q;1551035605084;0.022683982,-0.61695737,0.11960721,0.77752376
v;1551035605084;0.18389449,-1.326602,0.16141461
r;1551035605087;92.499306,160.40671,101.675224
q;1551035605114;0.029286264,-0.6387789,0.118348785,0.75966924
v;1551035605114;0.19696423,-1.3839103,0.14571963
r;1551035605116;92.168304,162.7619,101.84606
q;1551035605140;0.03186013,-0.65987474,0.11799036,0.7413695
v;1551035605140;0.20437782,-1.4406267,0.13614653
r;1551035605143;92.271034,164.9377,101.83865
q;1551035605167;0.036318786,-0.67980844,0.118235454,0.72288436
v;1551035605167;0.21491405,-1.4959227,0.12474719
r;1551035605170;92.249214,166.46973,102.033
q;1551035605196;0.035758812,-0.69977194,0.11702582,0.70380783
v;1551035605196;0.21578822,-1.552285,0.1176756
r;1551035605198;92.56274,167.89479,101.72538
q;1551035605224;0.036015153,-0.71352595,0.118945025,0.68951845
v;1551035605224;0.22120658,-1.592151,0.11570515
r;1551035605227;92.942535,168.19305,101.786476
q;1551035605252;0.037991215,-0.7202414,0.12140545,0.6819601
v;1551035605252;0.22868758,-1.61227,0.11407235
r;1551035605255;93.10226,167.90608,102.08373
q;1551035605281;0.036031283,-0.7174324,0.12392119,0.68457
v;1551035605281;0.229142,-1.6036764,0.12142983
r;1551035605283;93.41149,167.83533,102.164314
q;1551035605310;0.026797019,-0.70769393,0.12952271,0.69402814
v;1551035605310;0.22234823,-1.5739721,0.14595461
r;1551035605313;94.43949,167.91064,102.01119
q;1551035605340;0.016861914,-0.69208586,0.13353372,0.70915556
v;1551035605340;0.21029565,-1.5283837,0.17061988
r;1551035605342;95.307755,167.63069,101.77057
q;1551035605367;0.009892984,-0.67400414,0.13635853,0.7259662
v;1551035605367;0.19949704,-1.477574,0.18951629
r;1551035605370;95.805695,166.55447,101.7176
q;1551035605395;0.0069712866,-0.6504434,0.14317541,0.74590594
v;1551035605395;0.19794497,-1.4133346,0.21013834
r;1551035605397;96.148155,164.04128,102.40611
q;1551035605422;-3.8600687E-4,-0.6245479,0.14648438,0.76712596
v;1551035605422;0.18340728,-1.3452586,0.23112011
r;1551035605425;96.59189,161.3424,102.52759
q;1551035605450;-0.006287211,-0.5941179,0.15447526,0.78938067
v;1551035605450;0.17451143,-1.2676729,0.2580822
r;1551035605452;97.13789,157.62314,103.27864
q;1551035605478;-0.013036781,-0.5615806,0.16144677,0.8114137
v;1551035605478;0.16086723,-1.1877584,0.2840662
r;1551035605481;97.63563,153.62273,103.95812
q;1551035605506;-0.028972536,-0.5301196,0.16328675,0.8315475
v;1551035605506;0.12526628,-1.1155173,0.30958822
r;1551035605509;98.75167,150.11304,103.64024
q;1551035605535;-0.036189068,-0.4921918,0.16521278,0.8538983
v;1551035605535;0.101000816,-1.0292026,0.32509786
r;1551035605537;98.92086,145.45804,103.98777
q;1551035605563;-0.029315853,-0.4515614,0.16559868,0.87624764
v;1551035605563;0.09833848,-0.93560404,0.3238557
r;1551035605566;97.50502,140.1653,104.92455
q;1551035605592;-0.026256442,-0.40496486,0.16331275,0.8992458
v;1551035605592;0.08515274,-0.83244866,0.3216453
r;1551035605595;96.23675,134.35104,105.36672
q;1551035605621;-0.029717438,-0.35089615,0.15801252,0.9225079
v;1551035605621;0.05609226,-0.7179406,0.3182271
r;1551035605623;95.44201,127.8755,105.21203
q;1551035605649;-0.03580058,-0.2935672,0.15065256,0.94331354
v;1551035605649;0.02091248,-0.6001451,0.31026575
r;1551035605651;94.896774,121.142006,104.732704
q;1551035605676;-0.03664354,-0.24274333,0.14142106,0.9590271
v;1551035605676;-0.0016262538,-0.4960551,0.29322764
r;1551035605679;93.9349,115.1596,104.09446
q;1551035605705;-0.045163274,-0.19646761,0.13363437,0.97031057
v;1551035605705;-0.03514239,-0.40452594,0.2809319
r;1551035605708;94.0341,109.86659,103.396164
q;1551035605732;-0.057301186,-0.1590062,0.12968308,0.9770445
v;1551035605732;-0.070789896,-0.33248365,0.27579996
r;1551035605735;94.80458,105.6743,103.06436
q;1551035605761;-0.0691889,-0.12329846,0.12477505,0.9820599
v;1551035605761;-0.105320744,-0.26393843,0.26674765
r;1551035605764;95.60147,101.686264,102.688644
q;1551035605789;-0.0644918,-0.111036345,0.122411355,0.98413783
v;1551035605789;-0.09991961,-0.2377473,0.25944144
r;1551035605792;94.87881,100.20655,102.56254
q;1551035605818;-0.06894454,-0.11005292,0.12427932,0.9837122
v;1551035605818;-0.108501345,-0.23725943,0.2642873
r;1551035605820;95.38568,100.16041,102.75369
q;1551035605847;-0.06949589,-0.10886072,0.12517096,0.983693
v;1551035605847;-0.10969268,-0.23512955,0.26610017
r;1551035605850;95.43791,100.03659,102.862816
q;1551035605874;-0.06716987,-0.10309085,0.12107018,0.9849886
v;1551035605874;-0.107567966,-0.2224566,0.25662935
r;1551035605876;95.06684,99.319786,102.45825
q;1551035605901;-0.072161876,-0.10775499,0.11990078,0.9842791
v;1551035605901;-0.11647824,-0.23309681,0.25608957
r;1551035605904;95.69198,99.905975,102.24995
q;1551035605930;-0.07271755,-0.11620444,0.120153226,0.9832456
v;1551035605930;-0.11532923,-0.250238,0.25771698
r;1551035605932;95.8704,100.883354,102.19596
q;1551035605957;-0.07251969,-0.12021977,0.11941745,0.982867
v;1551035605957;-0.114089094,-0.25815803,0.25663763
r;1551035605960;95.89568,101.33671,102.075356
q;1551035605985;-0.08086561,-0.12141748,0.11905254,0.9821126
v;1551035605985;-0.13029653,-0.26296967,0.25852
r;1551035605987;96.860954,101.56963,101.9516
q;1551035606012;-0.08909272,-0.12604733,0.11608155,0.98117256
v;1551035606012;-0.14608617,-0.27434665,0.2557242
r;1551035606014;97.836395,102.17111,101.4889
q;1551035606039;-0.09650873,-0.13126618,0.10956935,0.9805355
v;1551035606039;-0.1611921,-0.28611752,0.24583341
r;1551035606042;98.69251,102.79067,100.61439
q;1551035606069;-0.098088056,-0.13373753,0.09434226,0.9816275
v;1551035606069;-0.16812864,-0.28909868,0.2161576
r;1551035606071;98.76338,102.93631,98.83466
q;1551035606096;-0.08522524,-0.13994576,0.06929789,0.9840476
v;1551035606096;-0.14888492,-0.2946988,0.1627487
r;1551035606098;97.106575,103.31455,96.04093
q;1551035606122;-0.07919863,-0.15071997,0.03745126,0.98468703
v;1551035606122;-0.145192,-0.310963,0.09882812
r;1551035606124;96.14394,104.24664,92.37351
q;1551035606149;-0.0915296,-0.15474951,0.0041247653,0.98369604
v;1551035606149;-0.17976463,-0.31541052,0.037048705
r;1551035606151;97.192345,104.377144,88.41095
q;1551035606177;-0.08865584,-0.15755938,-0.024589952,0.9832144
v;1551035606177;-0.18310562,-0.31589004,-0.02076588
r;1551035606180;96.53048,104.39145,85.15015
q;1551035606205;-0.09775862,-0.16663972,-0.05212175,0.97977436
v;1551035606205;-0.21048467,-0.32941273,-0.071184
r;1551035606207;97.18796,105.037094,81.81931
q;1551035606232;-0.09914319,-0.17117631,-0.08261594,0.97675174
v;1551035606232;-0.22382453,-0.33222523,-0.13108414
r;1551035606235;96.91294,105.13379,78.2791
q;1551035606260;-0.08825814,-0.16894765,-0.1175684,0.9745999
v;1551035606260;-0.21337397,-0.3212152,-0.20540929
r;1551035606262;95.257576,104.56666,74.43188
q;1551035606287;-0.084278956,-0.17017666,-0.15013398,0.97025603
v;1551035606287;-0.21632624,-0.31750807,-0.27227157
r;1551035606290;94.37531,104.34697,70.72232
q;1551035606314;-0.08375072,-0.17394765,-0.18464935,0.9636559
v;1551035606314;-0.22761263,-0.31769654,-0.34202003
r;1551035606316;93.79263,104.30777,66.704475
q;1551035606341;-0.0603652,-0.17879863,-0.22353582,0.9562525
v;1551035606341;-0.19664955,-0.3269493,-0.42673874
r;1551035606343;90.56336,104.958305,62.45185
q;1551035606368;-0.04784798,-0.18766014,-0.25994763,0.9460029
v;1551035606368;-0.18921937,-0.34285623,-0.5034789
r;1551035606371;88.44166,105.88151,58.338966
q;1551035606395;-0.055100046,-0.19622824,-0.29613695,0.933146
v;1551035606395;-0.22084443,-0.34892556,-0.5755216
r;1551035606397;88.4303,106.077995,53.920826
q;1551035606421;-0.052849248,-0.19514333,-0.32939067,0.9222949
v;1551035606421;-0.22801256,-0.34031323,-0.646705
r;1551035606424;87.73436,105.56411,49.98568
q;1551035606449;-0.044014018,-0.19634415,-0.36295918,0.90981996
v;1551035606449;-0.22450055,-0.34022486,-0.7204551
r;1551035606451;86.25281,105.57599,46.10164
q;1551035606475;-0.035877902,-0.19774248,-0.39437005,0.8967067
v;1551035606475;-0.22213364,-0.3411339,-0.79026186
r;1551035606478;84.87975,105.63783,42.45231
q;1551035606503;-0.027637452,-0.1929266,-0.42651957,0.88323075
v;1551035606503;-0.21504813,-0.33069527,-0.8637419
r;1551035606506;83.80864,105.08847,38.66326
q;1551035606532;-0.01095593,-0.1962919,-0.455169,0.86843
v;1551035606532;-0.1990324,-0.34439066,-0.9308008
r;1551035606535;81.547134,105.92522,35.595398
q;1551035606561;-0.006034617,-0.20172231,-0.48187232,0.8526845
v;1551035606561;-0.20615725,-0.3527837,-0.99188787
r;1551035606563;80.39833,106.36265,32.550537
q;1551035606587;-0.00662772,-0.2050601,-0.504074,0.83893734
v;1551035606587;-0.21961245,-0.35296988,-1.0427669
r;1551035606590;79.96071,106.30927,29.886066
q;1551035606614;-0.0068315794,-0.20713094,-0.520693,0.82820827
v;1551035606614;-0.22901589,-0.35222635,-1.0815803
r;1551035606616;79.622406,106.22157,27.909098
q;1551035606641;-0.0116566885,-0.20807002,-0.5340804,0.8193467
v;1551035606641;-0.24376084,-0.34534293,-1.1126117
r;1551035606643;79.839165,105.76492,26.128418
q;1551035606670;-0.013411919,-0.20637506,-0.5449376,0.8125715
v;1551035606670;-0.2492935,-0.33736736,-1.1388175
r;1551035606671;79.95677,105.29522,24.707485
q;1551035606695;-0.015712643,-0.20301528,-0.55759245,0.8047537
v;1551035606695;-0.25442526,-0.32522076,-1.1698927
r;1551035606698;80.21039,104.597946,23.000843
q;1551035606723;-0.021607665,-0.19967368,-0.5713882,0.7957255
v;1551035606723;-0.2656846,-0.30861074,-1.2039403
r;1551035606726;80.7872,103.62605,20.993477
q;1551035606750;-0.017018948,-0.19915508,-0.58107936,0.78891975
v;1551035606750;-0.26126513,-0.30972812,-1.2286606
r;1551035606753;80.254486,103.70915,20.034088
q;1551035606779;-0.015198947,-0.2037577,-0.59070885,0.78058624
v;1551035606779;-0.26763472,-0.3164812,-1.2526567
r;1551035606781;79.6268,104.049736,19.17142
q;1551035606806;-0.020861637,-0.20373197,-0.5990013,0.774116
v;1551035606806;-0.28001502,-0.30700228,-1.2735025
r;1551035606809;80.0226,103.46636,17.942554
q;1551035606833;-0.02151735,-0.19730201,-0.60671985,0.7697401
v;1551035606833;-0.27603164,-0.2927183,-1.2940805
r;1551035606836;80.425255,102.70184,16.797016
q;1551035606860;-0.016303498,-0.19755316,-0.6141822,0.7638634
v;1551035606860;-0.27087492,-0.29678148,-1.313671
r;1551035606863;79.8276,102.9498,16.28509
q;1551035606888;-0.017847953,-0.19904438,-0.6207748,0.7580906
v;1551035606888;-0.2777413,-0.29503295,-1.3307462
r;1551035606890;79.76101,102.82076,15.576393
q;1551035606914;-0.024066264,-0.19495675,-0.62180686,0.75813514
v;1551035606914;-0.2826921,-0.28031582,-1.3337046
r;1551035606916;80.60177,101.98975,14.915099
q;1551035606942;-0.029865315,-0.19396299,-0.62206906,0.75796866
v;1551035606942;-0.29066637,-0.2714475,-1.3345078
r;1551035606944;81.18761,101.46716,14.508638
q;1551035606970;-0.03573803,-0.19092712,-0.61858726,0.76132745
v;1551035606970;-0.2948819,-0.2605601,-1.3257333
r;1551035606973;81.987015,100.85273,14.446675
q;1551035606999;-0.038432684,-0.19304913,-0.6087628,0.7685459
v;1551035606999;-0.29853135,-0.26458436,-1.299789
r;1551035607002;82.22712,101.05613,15.525719
q;1551035607027;-0.03561591,-0.19419578,-0.5938272,0.7799929
v;1551035607027;-0.29025623,-0.27549335,-1.2609022
r;1551035607030;82.12259,101.69044,17.48994
q;1551035607056;-0.03055638,-0.19058535,-0.57104546,0.7979039
v;1551035607056;-0.26968506,-0.28310257,-1.2036858
r;1551035607058;82.24147,102.20252,20.42055
q;1551035607084;-0.028224217,-0.18993497,-0.5451937,0.81602216
v;1551035607084;-0.2559513,-0.2927736,-1.1400634
r;1551035607086;82.42637,102.79802,23.74044
q;1551035607111;-0.03630931,-0.19293617,-0.52023196,0.8311534
v;1551035607111;-0.2641619,-0.29747602,-1.0787053
r;1551035607113;83.36887,103.01978,26.685442
q;1551035607137;-0.03962518,-0.1969327,-0.48552626,0.85082996
v;1551035607137;-0.2616353,-0.31212848,-0.995721
r;1551035607139;83.96803,103.83973,31.03198
q;1551035607163;-0.037315205,-0.20497286,-0.44556394,0.87067014
v;1551035607163;-0.25023896,-0.34062937,-0.9027484
r;1551035607166;83.90279,105.47073,36.16241
q;1551035607190;-0.03759084,-0.20430201,-0.3984579,0.8933526
v;1551035607190;-0.23205227,-0.35149223,-0.7977
r;1551035607192;84.690704,106.16554,41.94694
q;1551035607219;-0.046552178,-0.20848665,-0.34439534,0.91419804
v;1551035607219;-0.23076208,-0.36680853,-0.67756486
r;1551035607222;86.29858,107.0229,48.314644
q;1551035607249;-0.04490741,-0.19703259,-0.28656507,0.9365052
v;1551035607249;-0.19833513,-0.3577537,-0.5579187
r;1551035607251;87.43945,106.67662,55.23674
q;1551035607277;-0.059088822,-0.17837848,-0.23217502,0.9543503
v;1551035607277;-0.1968824,-0.32488492,-0.4449212
r;1551035607280;90.32093,104.841644,61.459595
q;1551035607306;-0.08425388,-0.17378822,-0.17533724,0.9653786
v;1551035607306;-0.22552374,-0.3193476,-0.3228636
r;1551035607310;93.97471,104.409035,67.77967
q;1551035607336;-0.09455887,-0.17252603,-0.12904562,0.9719263
v;1551035607336;-0.23036814,-0.32509416,-0.22605959
r;1551035607338;95.76552,104.70669,73.00509
q;1551035607365;-0.08391343,-0.16743405,-0.07673371,0.979304
v;1551035607365;-0.19121227,-0.32668847,-0.12478323
r;1551035607367;95.29636,104.965996,79.17052
q;1551035607392;-0.08458056,-0.15546545,-0.04322132,0.98326427
v;1551035607392;-0.18075155,-0.30821463,-0.059704795
r;1551035607395;95.86401,103.96871,83.09386
q;1551035607421;-0.086962335,-0.14459498,-0.015556286,0.9855394
v;1551035607421;-0.17682843,-0.29085797,-0.0056014033
r;1551035607423;96.476524,103.00601,86.32444
q;1551035607450;-0.093228295,-0.13381225,0.01422298,0.98650926
v;1551035607450;-0.18112344,-0.27453634,0.0539201
r;1551035607452;97.48614,102.07285,89.767075
q;1551035607478;-0.10108874,-0.12740716,0.04043973,0.98585653
v;1551035607478;-0.1901573,-0.2673202,0.10763862
r;1551035607481;98.59753,101.63702,92.75461
q;1551035607506;-0.11271252,-0.11677638,0.06640599,0.9845047
v;1551035607506;-0.20791751,-0.25298384,0.16123345
r;1551035607508;100.07352,100.77338,95.75026
q;1551035607533;-0.122974426,-0.118095964,0.07897808,0.9821879
v;1551035607533;-0.22480267,-0.26084664,0.19008498
r;1551035607535;101.35311,101.153015,97.08081
q;1551035607560;-0.1295946,-0.12575126,0.08751087,0.97966003
v;1551035607560;-0.23403879,-0.2802645,0.21134387
r;1551035607562;102.246994,102.19833,97.87556
q;1551035607587;-0.13089052,-0.12891373,0.09174289,0.978689
v;1551035607587;-0.23469709,-0.28810847,0.22113363
r;1551035607589;102.460556,102.631645,98.29283
q;1551035607612;-0.12569734,-0.13883713,0.0911237,0.97806996
v;1551035607612;-0.22240792,-0.30671617,0.22031434
r;1551035607614;101.95252,103.71905,98.11795
q;1551035607638;-0.11378356,-0.1496379,0.08572643,0.97842366
v;1551035607638;-0.19829823,-0.32422045,0.207322
r;1551035607641;100.62754,104.79856,97.47794
q;1551035607667;-0.13350812,-0.15645722,0.07757945,0.9755399
v;1551035607667;-0.23846287,-0.3421025,0.20009753
r;1551035607670;102.858955,105.6122,96.21572
q;1551035607694;-0.13202067,-0.15604214,0.082976714,0.9753647
v;1551035607694;-0.23376408,-0.34205997,0.21029073
r;1551035607697;102.74677,105.63317,96.85001
q;1551035607722;-0.1336845,-0.15971744,0.088187486,0.9740851
v;1551035607722;-0.23441085,-0.35133046,0.2223672
r;1551035607724;103.03051,106.14464,97.35607
q;1551035607748;-0.14493234,-0.1662516,0.08877465,0.97132593
v;1551035607748;-0.2547828,-0.36862582,0.23003264
r;1551035607750;104.38925,106.99232,97.15788
q;1551035607780;-0.14671782,-0.17315671,0.09219908,0.9695308
v;1551035607780;-0.2553304,-0.3843673,0.2395678
r;1551035607782;104.70023,107.85737,97.391266
q;1551035607808;-0.15134384,-0.16307762,0.0974267,0.97005606
v;1551035607808;-0.2649363,-0.36653528,0.24958132
r;1551035607810;105.20693,106.81872,98.10034
q;1551035607837;-0.15441482,-0.15881705,0.102587044,0.96974695
v;1551035607837;-0.2701764,-0.36023456,0.26027885
r;1551035607839;105.58038,106.44187,98.71976
q;1551035607864;-0.15478905,-0.1611131,0.10162092,0.9694102
v;1551035607864;-0.27065563,-0.36486018,0.2591196
r;1551035607866;105.635666,106.69313,98.561806
q;1551035607890;-0.14126672,-0.15758282,0.10063145,0.9721547
v;1551035607890;-0.24540645,-0.3524125,0.25020182
r;1551035607892;104.02948,106.147736,98.69658
q;1551035607916;-0.13888673,-0.15485625,0.103960015,0.9725854
v;1551035607916;-0.2402657,-0.34676996,0.2552504
r;1551035607920;103.76527,105.86188,99.15049
q;1551035607946;-0.14846787,-0.15992953,0.10508719,0.970225
v;1551035607946;-0.25731137,-0.3609535,0.26298478
r;1551035607949;104.93581,106.554855,99.05968
q;1551035607973;-0.14596298,-0.16212186,0.10018238,0.9707599
v;1551035607973;-0.25361663,-0.36331698,0.25249973
r;1551035607975;104.61099,106.70592,98.501526
q;1551035608001;-0.14507543,-0.16540588,0.09970006,0.97038853
v;1551035608001;-0.25121096,-0.3696445,0.2519715
r;1551035608004;104.535675,107.06877,98.39952
q;1551035608030;-0.14706595,-0.17484827,0.101675816,0.9682261
v;1551035608030;-0.25188556,-0.3903351,0.25930622
r;1551035608032;104.88499,108.20711,98.41828
q;1551035608058;-0.14556824,-0.17864455,0.10177866,0.96774846
v;1551035608058;-0.2479142,-0.39763257,0.25976688
r;1551035608060;104.75202,108.63384,98.38235
q;1551035608085;-0.15394925,-0.1685766,0.10059958,0.9683808
v;1551035608085;-0.26742154,-0.37969947,0.25871176
r;1551035608088;105.601135,107.52766,98.31459
q;1551035608114;-0.15414838,-0.17414713,0.10133967,0.9672856
v;1551035608114;-0.26604223,-0.39149046,0.26182538
r;1551035608116;105.689156,108.18407,98.2866
q;1551035608142;-0.15083736,-0.17926878,0.10162743,0.9668416
v;1551035608142;-0.25809017,-0.40088385,0.26217353
r;1551035608144;105.36244,108.75061,98.27116
q;1551035608169;-0.14415553,-0.17578405,0.09725257,0.9689485
v;1551035608169;-0.24769266,-0.39011714,0.24924697
r;1551035608171;104.49845,108.21998,97.94873
q;1551035608197;-0.14765756,-0.17520055,0.09638746,0.9686132
v;1551035608197;-0.2550273,-0.38997322,0.24899931
r;1551035608200;104.88407,108.168274,97.809456
