q;1551035429011;-0.030620193,-0.050087754,0.013332473,0.9981863
v;1551035429011;-0.059829418,-0.10116346,0.029741568
m;1551035429016;md=0
bq;1551035429018;-0.030620193,-0.050087754,0.013332473,0.9981863
r;1551035429020;90.0,90.0,90.0
m;1551035429022;st
q;1551035429194;-0.029186279,-0.048965864,0.016089985,0.9982443
v;1551035429194;-0.056724768,-0.09901973,0.035045262
r;1551035429199;89.817924,89.88271,90.310844
q;1551035429240;-0.028914353,-0.04793393,0.014922733,0.9983204
v;1551035429240;-0.05633075,-0.09687468,0.032624822
r;1551035429246;89.79162,89.76073,90.17902
q;1551035429280;-0.029435474,-0.04705824,0.015057754,0.99834484
v;1551035429280;-0.057387814,-0.09514704,0.032896098
r;1551035429289;89.84881,89.660164,90.200485
q;1551035429330;-0.027220681,-0.047460895,0.015104893,0.9983879
v;1551035429330;-0.05294455,-0.09587203,0.032796748
r;1551035429337;89.59577,89.709114,90.19111
q;1551035429366;-0.028373744,-0.047578126,0.014659506,0.9983569
v;1551035429366;-0.05528747,-0.09612641,0.032025173
r;1551035429372;89.73064,89.7197,90.14678
q;1551035429399;-0.028922869,-0.04676643,0.014635213,0.99837977
v;1551035429399;-0.056413054,-0.094518706,0.031984564
r;1551035429403;89.79213,89.62588,90.14995
q;1551035429430;-0.02893149,-0.04726818,0.014053264,0.99836427
v;1551035429430;-0.056469794,-0.09549192,0.030849688
r;1551035429459;89.79754,89.68143,90.08181
q;1551035429486;-0.03662306,-0.0448674,0.011785278,0.99825186
v;1551035429486;-0.072123036,-0.09080162,0.026888853
r;1551035429491;90.687965,89.38716,89.87937
q;1551035429519;-0.031699907,-0.04730467,0.013524507,0.9982858
v;1551035429519;-0.0620514,-0.09563409,0.030064132
r;1551035429523;90.11769,89.68015,90.0381
q;1551035429550;-0.031279672,-0.050139412,0.013844438,0.99815625
v;1551035429550;-0.0610937,-0.10132202,0.030836921
r;1551035429555;90.072685,90.00691,90.0622
q;1551035429582;-0.0333818,-0.05072654,0.013513565,0.9980631
v;1551035429582;-0.0653097,-0.10255673,0.030431027
r;1551035429587;90.31628,90.07028,90.03432
q;1551035429615;-0.03102378,-0.051374875,0.014541865,0.9980915
v;1551035429615;-0.06047182,-0.103831865,0.032280512
r;1551035429619;90.0417,90.15144,90.13622
q;1551035429646;-0.03097574,-0.050360225,0.014342117,0.9981476
v;1551035429646;-0.060428947,-0.1017835,0.031814415
r;1551035429651;90.03546,90.034424,90.11662
q;1551035429678;-0.029725214,-0.04983443,0.014315952,0.9982124
v;1551035429678;-0.057949733,-0.1006805,0.031601697
r;1551035429691;89.89148,89.97559,90.108185
q;1551035429717;-0.02978315,-0.049529508,0.014468496,0.99822366
v;1551035429717;-0.058059867,-0.100080214,0.03189502
r;1551035429721;89.89668,89.94108,90.12698
q;1551035429747;-0.029303057,-0.0489565,0.0152558535,0.9982544
v;1551035429747;-0.057040993,-0.098958276,0.03338809
r;1551035429753;89.836105,89.87866,90.21613
q;1551035429781;-0.029454954,-0.05018557,0.014948259,0.99819356
v;1551035429781;-0.057334524,-0.10141049,0.032858834
r;1551035429786;89.8576,90.01838,90.1778
q;1551035429819;-0.029393937,-0.0515755,0.014677672,0.99812853
v;1551035429819;-0.05719502,-0.10417922,0.032391038
r;1551035429824;89.85471,90.17692,90.14192
q;1551035429854;-0.03018679,-0.05149047,0.014679042,0.9981092
v;1551035429854;-0.058781605,-0.10403941,0.03247302
r;1551035429859;89.94532,90.16621,90.14681
q;1551035429889;-0.03125549,-0.052270036,0.014270428,0.99804175
v;1551035429889;-0.06093444,-0.10561933,0.031816825
r;1551035429894;90.07135,90.25283,90.10334
q;1551035429921;-0.031115254,-0.052451458,0.014147413,0.99803835
v;1551035429921;-0.06066153,-0.1059703,0.031566694
r;1551035429925;90.05629,90.27336,90.08785
q;1551035429953;-0.032009747,-0.05272867,0.014443033,0.9979912
v;1551035429953;-0.062408272,-0.10657888,0.03227212
r;1551035429957;90.15762,90.305145,90.12562
q;1551035429986;-0.03326633,-0.053929668,0.0143671455,0.997887
v;1551035429986;-0.06488796,-0.10903221,0.032335334
r;1551035429990;90.304115,90.44108,90.11935
q;1551035430018;-0.03401601,-0.054721847,0.014294237,0.99781966
v;1551035430018;-0.066367984,-0.110646255,0.032325763
r;1551035430022;90.39179,90.53075,90.111984
q;1551035430049;-0.03431465,-0.055028196,0.013986838,0.997797
v;1551035430049;-0.066988856,-0.1112522,0.03176517
r;1551035430054;90.42813,90.564285,90.07721
q;1551035430080;-0.03594534,-0.05402327,0.013101086,0.9978065
v;1551035430080;-0.07037554,-0.109238364,0.030107528
r;1551035430162;90.617744,90.44334,89.98848
q;1551035430196;-0.036770612,-0.05798859,0.01172832,0.99757093
v;1551035430196;-0.072064735,-0.11712893,0.027739761
r;1551035430202;90.72556,90.89111,89.81938
q;1551035430227;-0.036707614,-0.05942295,0.011889309,0.9974869
v;1551035430227;-0.0718796,-0.12001717,0.028157827
r;1551035430232;90.71978,91.05642,89.831535
q;1551035430259;-0.03662785,-0.060261615,0.012043815,0.99743766
v;1551035430259;-0.0716778,-0.12170868,0.028517496
r;1551035430263;90.71123,91.1534,89.84536
q;1551035430291;-0.0364176,-0.05929013,0.011508374,0.9975099
v;1551035430291;-0.07134969,-0.119712785,0.02735083
r;1551035430295;90.688126,91.03998,89.78712
q;1551035430321;-0.037485126,-0.059517708,0.010906642,0.9974636
v;1551035430321;-0.07354811,-0.12016421,0.02629412
r;1551035430326;90.81357,91.061844,89.72238
q;1551035430355;-0.038192317,-0.060357675,0.010571943,0.9973899
v;1551035430355;-0.074979305,-0.12185062,0.025774358
r;1551035430359;90.897316,91.155594,89.68381
q;1551035430386;-0.038670227,-0.059501857,0.010499616,0.99742365
v;1551035430386;-0.07596474,-0.12014364,0.025623724
r;1551035430391;90.95122,91.05635,89.68151
q;1551035430417;-0.038297784,-0.05993372,0.010197746,0.9974153
v;1551035430417;-0.0752462,-0.12097506,0.02500679
r;1551035430421;90.91053,91.10512,89.643326
q;1551035430447;-0.03762197,-0.061384756,0.010212057,0.9973526
v;1551035430447;-0.07385814,-0.12386621,0.02505981
r;1551035430452;90.834984,91.27272,89.63559
q;1551035430480;-0.03765479,-0.06222931,0.010438871,0.9972967
v;1551035430480;-0.07387397,-0.12557973,0.025580317
r;1551035430484;90.83889,91.37055,89.65808
q;1551035430509;-0.03825086,-0.06315716,0.010218197,0.99721795
v;1551035430509;-0.07506867,-0.12744732,0.025285069
r;1551035430513;90.90939,91.47504,89.63145
q;1551035430543;-0.037522055,-0.06277127,0.009761443,0.9972746
v;1551035430543;-0.07368075,-0.12661354,0.024248453
r;1551035430547;90.82732,91.42994,89.57767
q;1551035430572;-0.038427092,-0.0631129,0.009161615,0.9972243
v;1551035430572;-0.07555629,-0.12728512,0.023191096
r;1551035430576;90.93401,91.46489,89.5115
q;1551035430602;-0.03739324,-0.06323217,0.0095543135,0.9972523
v;1551035430602;-0.0734387,-0.12751949,0.023851579
r;1551035430606;90.814026,91.482124,89.551445
q;1551035430632;-0.03744475,-0.06484343,0.009574246,0.9971467
v;1551035430632;-0.073500335,-0.13075817,0.024017096
r;1551035430637;90.82187,91.66698,89.54709
q;1551035430663;-0.037707005,-0.0647437,0.009853297,0.9971406
v;1551035430663;-0.073989995,-0.13058732,0.024602616
r;1551035430668;90.85066,91.65633,89.580536
q;1551035430695;-0.038353994,-0.064672224,0.008779562,0.9971306
v;1551035430695;-0.07542378,-0.13038552,0.022535587
r;1551035430699;90.929085,91.64218,89.460655
q;1551035430726;-0.03859125,-0.06538946,0.008777245,0.99707466
v;1551035430726;-0.07588164,-0.13183363,0.022617068
r;1551035430731;90.95712,91.72403,89.45823
q;1551035430759;-0.038021803,-0.06570489,0.008720765,0.99707633
v;1551035430759;-0.074744865,-0.13244434,0.022451542
r;1551035430762;90.89245,91.760994,89.448074
q;1551035430789;-0.038415063,-0.06628825,0.008501888,0.99702454
v;1551035430789;-0.07554621,-0.13361238,0.02211098
r;1551035430793;90.93904,91.82622,89.422066
q;1551035430820;-0.039991736,-0.065677986,0.0076851146,0.9970096
v;1551035430820;-0.07881638,-0.13237384,0.020642962
r;1551035430825;91.12229,91.749466,89.33767
q;1551035430853;-0.0389583,-0.0653621,0.0072397757,0.99707454
v;1551035430853;-0.076817766,-0.1316732,0.019589
r;1551035430858;91.00531,91.71315,89.28391
q;1551035430884;-0.038408704,-0.06616156,0.007291539,0.9970428
v;1551035430884;-0.07569767,-0.13326654,0.019679934
r;1551035430889;90.94291,91.80619,89.28409
q;1551035430916;-0.038953945,-0.06661306,0.007098449,0.99699295
v;1551035430916;-0.07680339,-0.1341751,0.0194023
r;1551035430926;91.00659,91.856026,89.26217
q;1551035430960;-0.039254844,-0.067304894,0.0068183523,0.9969366
v;1551035430960;-0.07742872,-0.13555236,0.018936886
r;1551035430970;91.04281,91.9335,89.2282
q;1551035431000;-0.039499715,-0.068350226,0.0067731976,0.99685615
v;1551035431000;-0.07790394,-0.1376563,0.01896208
r;1551035431008;91.072014,92.052734,89.21927
q;1551035431046;-0.039227284,-0.068144284,0.006823635,0.99688065
v;1551035431046;-0.07735699,-0.13723831,0.019008918
r;1551035431056;91.04041,92.02989,89.224945
q;1551035431100;-0.040054332,-0.06863165,0.00604624,0.9968193
v;1551035431100;-0.07910641,-0.13818114,0.01760798
r;1551035431110;91.1385,92.08045,89.13688
q;1551035431158;-0.04030185,-0.068592355,0.0058558797,0.99681324
v;1551035431158;-0.07962761,-0.1380942,0.017258773
r;1551035431164;91.167534,92.07451,89.116196
q;1551035431194;-0.039355572,-0.06807463,0.006528274,0.9968823
v;1551035431194;-0.07765495,-0.13707936,0.018430658
r;1551035431198;91.056145,92.02026,89.19194
q;1551035431224;-0.038491987,-0.06837696,0.0059686587,0.9968989
v;1551035431224;-0.07600214,-0.13761932,0.017214771
r;1551035431229;90.959496,92.05418,89.12329
q;1551035431254;-0.03801785,-0.06928173,0.0057217497,0.99685603
v;1551035431254;-0.07507432,-0.13940535,0.016723286
r;1551035431259;90.906784,92.15789,89.089325
q;1551035431285;-0.038059447,-0.06995614,0.0055666114,0.99680823
v;1551035431285;-0.07516787,-0.14074984,0.016469924
r;1551035431291;90.91263,92.23449,89.06879
q;1551035431325;-0.038435247,-0.07070378,0.005322977,0.99674237
v;1551035431325;-0.07594034,-0.14224388,0.016093383
r;1551035431329;90.957115,92.31835,89.038956
q;1551035431355;-0.0386049,-0.07032399,0.005184863,0.9967634
v;1551035431355;-0.07630468,-0.14147483,0.015812533
r;1551035431359;90.97675,92.27375,89.02542
q;1551035431383;-0.038516227,-0.07109369,0.0052375365,0.99671197
v;1551035431383;-0.07610792,-0.14302304,0.015964042
r;1551035431387;90.96697,92.362526,89.02775
q;1551035431412;-0.037910074,-0.072227724,0.005604243,0.9966517
v;1551035431412;-0.074826516,-0.14531273,0.016694762
r;1551035431416;90.89713,92.49569,89.06271
q;1551035431441;-0.038716614,-0.071519695,0.0051210164,0.99667436
v;1551035431441;-0.07651785,-0.14387561,0.015792836
r;1551035431445;90.99064,92.41043,89.013214
q;1551035431473;-0.03865511,-0.0707368,0.0048827142,0.99673384
v;1551035431473;-0.07644136,-0.1422827,0.0152473245
r;1551035431477;90.98384,92.319626,88.98919
q;1551035431502;-0.039947584,-0.07146315,0.004880262,0.996631
v;1551035431502;-0.079010665,-0.14377654,0.015486131
r;1551035431506;91.132515,92.40005,88.990105
q;1551035431531;-0.039912254,-0.07202861,0.004853776,0.99659187
v;1551035431531;-0.07893518,-0.14490996,0.015472909
r;1551035431535;91.12894,92.4649,88.984375
q;1551035431574;-0.039921585,-0.07356544,0.0046771145,0.99648005
v;1551035431574;-0.078955986,-0.14798534,0.015243077
r;1551035431580;91.131615,92.64041,88.95716
q;1551035431612;-0.040494964,-0.07412169,0.0050367424,0.99641395
v;1551035431612;-0.08003826,-0.14914776,0.016092682
r;1551035431619;91.196625,92.70469,88.99757
q;1551035431644;-0.040822122,-0.07344714,0.004874489,0.9964514
v;1551035431644;-0.08072613,-0.1477879,0.015762903
r;1551035431649;91.23416,92.62575,88.98316
q;1551035431674;-0.040820096,-0.07387384,0.0049803886,0.99641937
v;1551035431674;-0.0806996,-0.14865415,0.01600897
r;1551035431677;91.233894,92.67524,88.993286
q;1551035431702;-0.04010762,-0.07459812,0.0052772677,0.99639285
v;1551035431702;-0.07922138,-0.15011355,0.016553039
r;1551035431706;91.15183,92.76139,89.0217
q;1551035431746;-0.040854525,-0.07457086,0.0052853506,0.9963645
v;1551035431746;-0.080711335,-0.15008089,0.016680457
r;1551035431753;91.23742,92.75665,89.02503
q;1551035431781;-0.04096264,-0.0750004,0.0054836413,0.99632674
v;1551035431781;-0.080889985,-0.15096356,0.017128266
r;1551035431786;91.24955,92.80669,89.04605
q;1551035431812;-0.03992025,-0.0763042,0.0059450534,0.9962674
v;1551035431812;-0.07871649,-0.1535903,0.01799458
r;1551035431816;91.12973,92.96084,89.08977
q;1551035431840;-0.0405162,-0.07664312,0.006170284,0.99621594
v;1551035431840;-0.07986482,-0.15430771,0.018564682
r;1551035431845;91.197716,92.99956,89.11568
q;1551035431869;-0.040225312,-0.07552547,0.0058318377,0.9963151
v;1551035431869;-0.079356536,-0.15202501,0.01775357
r;1551035431873;91.16441,92.87025,89.08127
q;1551035431897;-0.040484887,-0.076358125,0.0056276186,0.99624234
v;1551035431897;-0.07989105,-0.15369068,0.017452193
r;1551035431901;91.19539,92.96429,89.054794
q;1551035431925;-0.040542394,-0.07761652,0.0057251556,0.99614215
v;1551035431925;-0.079968445,-0.15623042,0.017757336
r;1551035431929;91.20268,93.1091,89.06028
q;1551035431954;-0.040056888,-0.07801777,0.005919204,0.99612933
v;1551035431954;-0.07896211,-0.15703773,0.018100267
r;1551035431958;91.14682,93.15716,89.079346
q;1551035431983;-0.039895847,-0.07838332,0.0060459618,0.9961063
v;1551035431983;-0.07861416,-0.15777771,0.018356899
r;1551035431987;91.12833,93.20008,89.09175
q;1551035432012;-0.03980773,-0.07857146,0.0062399935,0.99609387
v;1551035432012;-0.0784042,-0.15816845,0.018745424
r;1551035432016;91.11788,93.22279,89.11288
q;1551035432041;-0.040031843,-0.07925556,0.0061816135,0.99603105
v;1551035432041;-0.07884773,-0.15954652,0.018718896
r;1551035432046;91.14428,93.30059,89.10364
q;1551035432072;-0.039981708,-0.07963936,0.006036182,0.9960033
v;1551035432072;-0.078763805,-0.16030538,0.018450595
r;1551035432077;91.13919,93.34408,89.085106
q;1551035432101;-0.039909568,-0.0801816,0.0057643214,0.99596435
v;1551035432101;-0.07865369,-0.16137233,0.01793856
r;1551035432105;91.13198,93.4052,89.05133
q;1551035432132;-0.039256133,-0.08046341,0.0060868566,0.99596566
v;1551035432132;-0.07729292,-0.16194378,0.018498244
r;1551035432136;91.05653,93.44051,89.08541
q;1551035432161;-0.039493605,-0.08097837,0.0059458488,0.99591535
v;1551035432161;-0.07778001,-0.16297592,0.018295713
r;1551035432165;91.08448,93.498474,89.067505
q;1551035432191;-0.03855191,-0.081888616,0.006004684,0.9958775
v;1551035432191;-0.07587532,-0.1647817,0.018327538
r;1551035432195;90.97708,93.60535,89.06804
q;1551035432219;-0.038407434,-0.082561,0.0061286986,0.9958268
v;1551035432219;-0.075554185,-0.16613872,0.018602297
r;1551035432223;90.960785,93.683464,89.07896
q;1551035432247;-0.03814383,-0.08249427,0.0062088254,0.995842
v;1551035432247;-0.0750164,-0.16600224,0.018713027
r;1551035432251;90.93034,93.67674,89.08787
q;1551035432278;-0.03838209,-0.0831592,0.005731694,0.99578035
v;1551035432278;-0.07555885,-0.16731124,0.01785054
r;1551035432289;90.95914,93.750404,89.03082
q;1551035432314;-0.038820226,-0.083390266,0.005452551,0.9957456
v;1551035432314;-0.07647528,-0.16776828,0.017384851
r;1551035432319;91.010086,93.77467,88.99873
q;1551035432345;-0.04039554,-0.08306992,0.005365058,0.9957102
v;1551035432345;-0.0796373,-0.16716537,0.017451586
r;1551035432350;91.19067,93.73392,88.993416
q;1551035432377;-0.041016378,-0.08321286,0.005510427,0.9956721
v;1551035432377;-0.0808487,-0.16748393,0.017858617
r;1551035432382;91.26167,93.749664,89.01068
q;1551035432407;-0.041614573,-0.08367013,0.0055176313,0.9956089
v;1551035432407;-0.08203234,-0.16842353,0.018012144
r;1551035432411;91.33058,93.800896,89.01056
q;1551035432446;-0.046332046,-0.08404945,0.00524593,0.99537003
v;1551035432446;-0.09148077,-0.1693192,0.018309224
r;1551035432452;91.8724,93.83268,88.98701
q;1551035432480;-0.050367683,-0.08358842,0.0048620603,0.99521476
v;1551035432480;-0.09960512,-0.16849397,0.01818905
r;1551035432485;92.335754,93.76877,88.953835
q;1551035432513;-0.059163697,-0.08324394,0.004733413,0.99476016
v;1551035432513;-0.11718735,-0.16811395,0.019401532
r;1551035432519;93.3451,93.70983,88.95984
q;1551035432545;-0.06869054,-0.08452932,0.004961403,0.99403816
v;1551035432545;-0.13614345,-0.17114247,0.021678656
r;1551035432550;94.43934,93.84013,88.996414
q;1551035432589;-0.084085464,-0.08684221,0.0044274074,0.9926573
v;1551035432589;-0.16694148,-0.17650998,0.023726173
r;1551035432593;96.21095,94.072105,88.94491
q;1551035432619;-0.092257366,-0.085780345,0.003147455,0.9920285
v;1551035432619;-0.18353252,-0.17457636,0.02245139
r;1551035432623;97.15245,93.92263,88.825226
q;1551035432650;-0.111444324,-0.08436929,7.36493E-5,0.9901829
v;1551035432650;-0.22251992,-0.17217186,0.019431086
r;1551035432657;99.36737,93.68941,88.532166
q;1551035432687;-0.13493018,-0.085333794,-0.0020500289,0.98717165
v;1551035432687;-0.2700176,-0.17513219,0.019695627
r;1551035432691;102.08299,93.72587,88.32976
q;1551035432720;-0.148677,-0.08581965,-0.0026322724,0.98515135
v;1551035432720;-0.2977715,-0.17697813,0.02127001
r;1551035432724;103.675156,93.74768,88.28641
q;1551035432749;-0.15954135,-0.0832217,-0.00459387,0.9836664
v;1551035432749;-0.32007268,-0.17178422,0.01845522
r;1551035432753;104.9389,93.399216,88.13644
q;1551035432779;-0.1856704,-0.08115129,-0.009336244,0.9792108
v;1551035432779;-0.37377915,-0.16777763,0.012729741
r;1551035432783;107.98875,93.02401,87.71453
q;1551035432813;-0.22273646,-0.08328203,-0.015176454,0.97119635
v;1551035432813;-0.45022655,-0.17302388,0.008464878
r;1551035432816;112.335396,93.05499,87.117485
q;1551035432842;-0.23697212,-0.08529824,-0.016735729,0.96761996
v;1551035432842;-0.47963226,-0.17806645,0.009061531
r;1551035432846;114.01007,93.210434,86.92993
q;1551035432872;-0.25527257,-0.085123666,-0.019838504,0.96291035
v;1551035432872;-0.51781946,-0.17794807,0.0060468446
r;1551035432875;116.17698,93.065094,86.64074
q;1551035432899;-0.2782073,-0.0839252,-0.023495367,0.95655906
v;1551035432899;-0.5659135,-0.17562701,0.0020706134
r;1551035432903;118.90936,92.77129,86.34119
q;1551035432927;-0.287346,-0.08014453,-0.024639698,0.9541499
v;1551035432927;-0.5851108,-0.1672507,-0.0011533755
r;1551035432931;120.01169,92.29899,86.368866
q;1551035432957;-0.29596886,-0.078570746,-0.025940968,0.95160717
v;1551035432957;-0.6033068,-0.1636775,-0.0034758567
r;1551035432961;121.050224,92.06547,86.31064
q;1551035432986;-0.31230134,-0.079486035,-0.028310334,0.9462285
v;1551035432986;-0.63790953,-0.16599742,-0.004890711
r;1551035432990;123.01409,92.05005,86.08103
q;1551035433014;-0.3312255,-0.08053656,-0.030575525,0.93961096
v;1551035433014;-0.6781727,-0.16914731,-0.0052736374
r;1551035433018;125.301125,92.04216,85.86623
q;1551035433043;-0.35067582,-0.08299093,-0.033381157,0.932215
v;1551035433043;-0.71995544,-0.17556491,-0.005361571
r;1551035433046;127.66104,92.156105,85.53679
q;1551035433072;-0.36818677,-0.08559297,-0.036030076,0.9251023
v;1551035433072;-0.7578874,-0.1825274,-0.0050043818
r;1551035433076;129.79533,92.28586,85.20428
q;1551035433100;-0.3882947,-0.08906971,-0.037863098,0.9164389
v;1551035433100;-0.8015594,-0.19363482,-3.2754877E-4
r;1551035433103;132.258,92.52798,84.9194
q;1551035433128;-0.4190245,-0.09327434,-0.03948762,0.9023077
v;1551035433128;-0.8687842,-0.21097803,0.010698525
r;1551035433133;136.0631,92.821,84.6334
q;1551035433159;-0.43979773,-0.092901446,-0.041471213,0.89231575
v;1551035433159;-0.9150324,-0.21369958,0.012636116
r;1551035433164;138.68195,92.6363,84.496254
q;1551035433191;-0.4635729,-0.09476453,-0.044063777,0.879874
v;1551035433191;-0.96865183,-0.22416371,0.01821991
r;1551035433195;141.68987,92.63647,84.18909
q;1551035433221;-0.4883737,-0.098098144,-0.045645684,0.8659009
v;1551035433221;-1.025015,-0.24379805,0.032308232
r;1551035433225;144.85017,92.82573,83.895935
q;1551035433251;-0.5150043,-0.102060184,-0.047882896,0.84974205
v;1551035433251;-1.0865271,-0.2698884,0.051028576
r;1551035433256;148.2663,93.02034,83.48496
q;1551035433281;-0.5312086,-0.10216193,-0.04887518,0.8396378
v;1551035433281;-1.1244538,-0.28081474,0.061343927
r;1551035433285;150.39278,92.927864,83.40222
q;1551035433312;-0.5555924,-0.100713715,-0.05236956,0.8236694
v;1551035433312;-1.18314,-0.2889561,0.06788232
r;1551035433316;153.62323,92.5058,83.18946
q;1551035433342;-0.5835493,-0.100526504,-0.057001356,0.80381304
v;1551035433342;-1.2519237,-0.30815193,0.08203067
r;1551035433346;157.31883,92.10651,82.807205
q;1551035433371;-0.6118678,-0.10673789,-0.05732843,0.78162545
v;1551035433371;-1.3201044,-0.40043154,0.16603577
r;1551035433375;160.96666,92.56602,82.37625
q;1551035433402;-0.6092955,-0.10900736,-0.05564224,0.7834413
v;1551035433402;-1.3124956,-0.415028,0.17968
r;1551035433406;160.59946,92.89817,82.36757
q;1551035433430;-0.6005281,-0.105230786,-0.05782436,0.79053706
v;1551035433430;-1.2929531,-0.36118767,0.12782048
r;1551035433435;159.47841,92.43085,82.42882
q;1551035433460;-0.5994718,-0.10359595,-0.05922761,0.79145026
v;1551035433460;-1.2912318,-0.3436546,0.11059214
r;1551035433463;159.34975,92.18774,82.41285
q;1551035433488;-0.5903732,-0.10745714,-0.055296358,0.7980318
v;1551035433488;-1.266831,-0.3627847,0.1294031
r;1551035433493;158.11244,92.84139,82.500534
q;1551035433519;-0.5742222,-0.10965084,-0.051989622,0.80965585
v;1551035433519;-1.2263014,-0.3564627,0.1239114
r;1551035433523;155.95923,93.318695,82.654884
q;1551035433555;-0.5547184,-0.113283835,-0.04750713,0.82292
v;1551035433555;-1.1777362,-0.35669324,0.12431476
r;1551035433558;153.35756,94.01436,82.84364
q;1551035433581;-0.5325789,-0.11768999,-0.043216437,0.83704317
v;1551035433581;-1.1238134,-0.3568411,0.12294852
r;1551035433586;150.414,94.77502,82.994644
q;1551035433610;-0.50733805,-0.120134026,-0.039705083,0.852408
v;1551035433610;-1.0643171,-0.34600547,0.11197808
r;1551035433614;147.11586,95.3027,83.22079
q;1551035433640;-0.48920444,-0.12100155,-0.034957405,0.86302704
v;1551035433640;-1.0214254,-0.34106046,0.11140618
r;1551035433643;144.80164,95.71587,83.66942
q;1551035433668;-0.46753573,-0.11921626,-0.03237847,0.87529963
v;1551035433668;-0.97230715,-0.32224193,0.09741081
r;1551035433674;142.05334,95.73575,84.059784
q;1551035433707;-0.40790224,-0.115175456,-0.02390159,0.90541655
v;1551035433707;-0.83925945,-0.2869463,0.07593792
r;1551035433711;134.59503,95.878334,85.2064
q;1551035433738;-0.39082938,-0.12231408,-0.019726923,0.9120869
v;1551035433738;-0.8005892,-0.30291244,0.085734606
r;1551035433742;132.45567,96.85567,85.33959
q;1551035433769;-0.31422532,-0.13085373,-0.002302393,0.94028425
v;1551035433769;-0.63294864,-0.3082654,0.09677329
r;1551035433773;123.1609,98.60162,87.055115
q;1551035433799;-0.21973012,-0.13526319,0.01587336,0.96600753
v;1551035433799;-0.43369627,-0.30016804,0.09946801
r;1551035433803;112.010185,99.69592,89.261185
q;1551035433829;-0.13661356,-0.14084977,0.024806455,0.98024625
v;1551035433829;-0.2638942,-0.29742363,0.09036377
r;1551035433833;102.38104,100.49265,90.504814
q;1551035433859;-0.035819475,-0.13602656,0.033857897,0.98947835
v;1551035433859;-0.061713208,-0.27561033,0.07697047
r;1551035433862;90.81757,99.96656,92.02611
q;1551035433888;0.0036102072,-0.11743867,0.038134273,0.99234116
v;1551035433888;0.016122688,-0.23499009,0.074916236
r;1551035433891;86.24133,97.79284,92.6768
q;1551035433917;-0.010420846,-0.120168835,0.037403967,0.99199384
v;1551035433917;-0.011685514,-0.2415515,0.076794215
r;1551035433920;87.857666,98.121315,92.56007
q;1551035433947;-0.02666009,-0.12463674,0.036441594,0.9911746
v;1551035433947;-0.04377967,-0.2519113,0.07904355
r;1551035433951;89.73324,98.65152,92.39688
q;1551035433977;-0.025795199,-0.12067544,0.03589066,0.9917076
v;1551035433977;-0.042513154,-0.24382806,0.07755952
r;1551035433981;89.616325,98.191765,92.34844
q;1551035434007;-0.03476166,-0.12014976,0.03385268,0.99156934
v;1551035434007;-0.060839932,-0.24347152,0.07569997
r;1551035434011;90.636154,98.13206,92.09549
q;1551035434037;-0.051219787,-0.1218714,0.032997757,0.9906741
v;1551035434037;-0.09357778,-0.24847482,0.0782866
r;1551035434040;92.52699,98.34016,91.94903
q;1551035434066;-0.056218415,-0.12231604,0.033017173,0.9903475
v;1551035434066;-0.10345894,-0.24989837,0.07965949
r;1551035434069;93.102005,98.39594,91.9358
q;1551035434096;-0.06066838,-0.12133222,0.032020643,0.99023867
v;1551035434096;-0.112619996,-0.24828066,0.078717634
r;1551035434105;93.606346,98.27972,91.81744
q;1551035434148;-0.05744881,-0.11938451,0.031338185,0.9906891
v;1551035434148;-0.10654671,-0.24392793,0.0763162
r;1551035434153;93.22837,98.04807,91.760254
q;1551035434193;-0.05896288,-0.115404814,0.029896192,0.9911162
v;1551035434193;-0.110200725,-0.23588371,0.07338098
r;1551035434197;93.3854,97.5809,91.61929
q;1551035434224;-0.04835185,-0.11461945,0.031759545,0.99172366
v;1551035434224;-0.08873925,-0.23343748,0.07443886
r;1551035434230;92.168945,97.49482,91.85548
q;1551035434258;-0.029686874,-0.11670709,0.035048906,0.9921037
v;1551035434258;-0.05074578,-0.23614176,0.07664724
r;1551035434262;90.044106,97.73492,92.2565
q;1551035434289;-0.003990821,-0.117811255,0.038824316,0.99226874
v;1551035434289;0.0012279492,-0.23630396,0.07806797
r;1551035434293;87.11486,97.84353,92.739685
q;1551035434318;0.034883384,-0.117399424,0.043757886,0.9915068
v;1551035434318;0.079532355,-0.23257133,0.07891297
r;1551035434322;82.67564,97.739746,93.388916
q;1551035434346;0.07845927,-0.11578689,0.052903082,0.9887562
v;1551035434346;0.16819707,-0.22573948,0.08779754
r;1551035434350;77.70066,97.42077,94.51964
q;1551035434373;0.13823295,-0.11459167,0.063756086,0.98168
v;1551035434373;0.29006332,-0.21812373,0.097726904
r;1551035434377;70.8614,97.00475,95.868065
q;1551035434402;0.20584433,-0.11073241,0.074370936,0.9694511
v;1551035434402;0.4285832,-0.2037941,0.10862988
r;1551035434405;63.050728,96.14749,97.12163
q;1551035434433;0.28065732,-0.11141248,0.08787032,0.9492616
v;1551035434433;0.58525765,-0.19582956,0.12543684
r;1551035434438;54.38826,95.545235,98.78206
q;1551035434462;0.31874886,-0.114473216,0.09654395,0.935935
v;1551035434462;0.667163,-0.19566604,0.13758235
r;1551035434466;50.0068,95.38536,99.91864
q;1551035434491;0.36732742,-0.11328748,0.101399444,0.9175809
v;1551035434491;0.7713165,-0.18715547,0.14395289
r;1551035434495;44.25671,94.79063,100.49933
q;1551035434520;0.40279922,-0.115142316,0.09867343,0.90263975
v;1551035434520;0.84789306,-0.19528328,0.12941052
r;1551035434524;39.993088,94.90925,100.37545
q;1551035434548;0.4320386,-0.11374674,0.09674632,0.8894068
v;1551035434548;0.9116662,-0.19511592,0.12080992
r;1551035434551;36.392536,94.70235,100.18595
q;1551035434576;0.45781404,-0.11052127,0.097242616,0.8767755
v;1551035434576;0.9689558,-0.18612023,0.12275299
r;1551035434580;33.18475,94.214554,100.142044
q;1551035434604;0.4794686,-0.11318496,0.09778648,0.8647178
v;1551035434604;1.0185456,-0.19562988,0.11573206
r;1551035434607;30.60927,94.33926,100.40758
q;1551035434631;0.49069002,-0.11329316,0.09536984,0.8586574
v;1551035434631;1.0437148,-0.20209517,0.10475413
r;1551035434634;29.187122,94.42802,100.20707
q;1551035434659;0.5009222,-0.11005524,0.09356361,0.8533526
v;1551035434659;1.0665127,-0.19599476,0.10247495
r;1551035434661;27.805767,94.16196,99.87382
q;1551035434687;0.50177115,-0.110489585,0.09290076,0.85287005
v;1551035434687;1.0683775,-0.19908479,0.09897547
r;1551035434690;27.698057,94.23948,99.83579
q;1551035434714;0.49919623,-0.11069063,0.09308425,0.8543337
v;1551035434714;1.0624846,-0.1989642,0.09989282
r;1551035434717;28.024424,94.260735,99.856926
q;1551035434742;0.49550626,-0.11006531,0.0947723,0.85637456
v;1551035434742;1.0542705,-0.19272967,0.10802359
r;1551035434745;28.498806,94.118744,99.97766
q;1551035434770;0.4830643,-0.11408989,0.093803495,0.8630373
v;1551035434770;1.0259541,-0.20656887,0.099892035
r;1551035434774;30.109182,94.63496,100.06675
q;1551035434799;0.46520755,-0.11987524,0.08982935,0.87243485
v;1551035434799;0.984984,-0.22915423,0.08185789
r;1551035434803;32.35634,95.52318,99.91036
q;1551035434837;0.43579262,-0.121776156,0.08491026,0.88771933
v;1551035434837;0.91802436,-0.23630865,0.073519155
r;1551035434842;35.90702,96.11079,99.37208
q;1551035434866;0.39979917,-0.121629804,0.0814904,0.90483487
v;1551035434866;0.8380314,-0.23376295,0.075139694
r;1551035434871;40.23634,96.410126,98.848434
q;1551035434904;0.34973216,-0.13078795,0.07634036,0.92452914
v;1551035434904;0.7296972,-0.25558153,0.06669532
r;1551035434908;46.345444,97.79853,98.46225
q;1551035434934;0.3038417,-0.13481234,0.07106577,0.94045496
v;1551035434934;0.63187647,-0.2637731,0.06417064
r;1551035434939;51.79959,98.5995,97.80202
q;1551035434966;0.25096053,-0.1285339,0.06759997,0.9570413
v;1551035434966;0.52098763,-0.2470432,0.07487214
r;1551035434972;57.923344,98.18224,96.965576
q;1551035435020;0.10325887,-0.1441797,0.05070503,0.9828422
v;1551035435020;0.21935038,-0.2834199,0.07167161
r;1551035435025;75.02987,100.660774,94.65591
q;1551035435057;-0.021032246,-0.15874693,0.03938066,0.9863094
v;1551035435057;-0.028989546,-0.32038924,0.08449661
r;1551035435060;89.249756,102.601036,92.660225
q;1551035435084;-0.06367616,-0.14367251,0.040638145,0.98673815
v;1551035435084;-0.11423452,-0.29485768,0.099304736
r;1551035435087;94.07385,100.92338,92.627625
q;1551035435111;-0.08531441,-0.13666847,0.036599148,0.98625743
v;1551035435111;-0.1589485,-0.28311378,0.09688279
r;1551035435114;96.50956,100.11453,92.127304
q;1551035435139;-0.08202315,-0.14029473,0.03595456,0.9860512
v;1551035435139;-0.15225719,-0.28992572,0.09516375
r;1551035435144;96.14238,100.52209,92.03267
q;1551035435168;-0.06901986,-0.12512128,0.027835138,0.9893463
v;1551035435168;-0.12996916,-0.25635612,0.073029175
r;1551035435171;94.56573,98.690315,91.28826
q;1551035435194;-0.064495,-0.11274999,0.022638617,0.9912696
v;1551035435194;-0.12306929,-0.23020507,0.059914287
r;1551035435198;94.00014,97.22465,90.79966
q;1551035435223;-0.064660825,-0.10862955,0.022556545,0.9917206
v;1551035435223;-0.12366531,-0.22187385,0.059274852
r;1551035435226;94.00864,96.74987,90.820885
q;1551035435257;-0.05471669,-0.104283765,0.024050761,0.99275
v;1551035435257;-0.10381013,-0.2124161,0.059520274
r;1551035435262;92.856964,96.26104,91.02827
q;1551035435288;-0.05296183,-0.10062821,0.023673773,0.99323136
v;1551035435288;-0.100611866,-0.20486051,0.058011718
r;1551035435292;92.64546,95.83824,91.00819
q;1551035435317;-0.055650078,-0.09813797,0.022649681,0.9933575
v;1551035435317;-0.10631542,-0.19994403,0.056268446
r;1551035435321;92.94725,95.545105,90.90697
q;1551035435349;-0.059491187,-0.09779387,0.022017263,0.99318296
v;1551035435349;-0.11411245,-0.19948328,0.055761453
r;1551035435353;93.38729,95.5007,90.83816
q;1551035435380;-0.056932863,-0.102028005,0.024090957,0.99285877
v;1551035435380;-0.10834854,-0.20805083,0.059841737
r;1551035435383;93.10508,96.00176,91.04676
q;1551035435408;-0.054733984,-0.10428655,0.023876159,0.9927529
v;1551035435408;-0.10388145,-0.21240522,0.059175633
r;1551035435412;92.85886,96.260254,91.008255
q;1551035435440;-0.05609823,-0.10997884,0.024160707,0.9920554
v;1551035435440;-0.10619023,-0.22404201,0.060655393
r;1551035435447;93.03118,96.91714,91.003334
q;1551035435494;-0.061425727,-0.11630057,0.025687793,0.9909799
v;1551035435494;-0.11602848,-0.23746604,0.06568845
r;1551035435499;93.66268,97.655754,91.12729
q;1551035435531;-0.061201453,-0.12121068,0.027493866,0.99035674
v;1551035435531;-0.1148095,-0.24758394,0.06980991
r;1551035435535;93.65546,98.23423,91.299286
q;1551035435560;-0.06472143,-0.122052126,0.028068762,0.9900134
v;1551035435560;-0.121597886,-0.2497116,0.071968734
r;1551035435566;94.06354,98.33667,91.3503
q;1551035435590;-0.06427834,-0.12088369,0.027123993,0.99021196
v;1551035435590;-0.12103596,-0.24718755,0.069824554
r;1551035435594;94.00671,98.194824,91.25212
q;1551035435619;-0.06152559,-0.122517265,0.027083833,0.99018717
v;1551035435619;-0.115463614,-0.25021416,0.06922788
r;1551035435622;93.6955,98.382,91.24225
q;1551035435647;-0.059111197,-0.122772485,0.026899602,0.9903076
v;1551035435647;-0.11069742,-0.25047305,0.06826272
r;1551035435652;93.41869,98.409546,91.225525
q;1551035435678;-0.05798637,-0.11958284,0.025574574,0.9907994
v;1551035435678;-0.1090049,-0.24377084,0.06497799
r;1551035435681;93.27703,98.03273,91.098404
q;1551035435708;-0.057759937,-0.1175033,0.0235525,0.9911115
v;1551035435708;-0.10917483,-0.23932798,0.060658377
r;1551035435712;93.240906,97.77951,90.88156
q;1551035435741;-0.0555539,-0.11849277,0.022040308,0.9911546
v;1551035435741;-0.10509512,-0.2409805,0.0572028
r;1551035435744;92.987,97.884056,90.70643
q;1551035435768;-0.05072158,-0.112937525,0.022408545,0.99205357
v;1551035435768;-0.09572163,-0.22940104,0.056204434
r;1551035435771;92.41956,97.247925,90.79118
q;1551035435794;-0.04809097,-0.103058636,0.020380443,0.993303
v;1551035435794;-0.09146452,-0.20908484,0.050633483
r;1551035435797;92.091835,96.09996,90.61772
q;1551035435821;-0.04684433,-0.08352146,0.0165378,0.995267
v;1551035435821;-0.09060663,-0.16930047,0.040923305
r;1551035435825;91.90932,93.83342,90.28324
q;1551035435850;-0.04723947,-0.055854775,0.011994111,0.99724865
v;1551035435850;-0.09301319,-0.11326596,0.029330289
r;1551035435854;91.920395,90.63358,89.912865
q;1551035435881;-0.042435955,-0.018224087,0.0071076974,0.9989077
v;1551035435881;-0.084621094,-0.03715306,0.015803786
r;1551035435884;91.35255,86.3047,89.50983
q;1551035435909;-0.03407501,0.011538682,0.007772274,0.9993225
v;1551035435909;-0.06833639,0.02258668,0.014782694
r;1551035435912;90.35314,82.91403,89.61943
q;1551035435937;-0.027653418,0.05289965,0.0052628727,0.99820304
v;1551035435937;-0.055793203,0.105678834,0.007593006
r;1551035435940;89.61158,78.177635,89.37796
q;1551035435966;-0.03883302,0.09718712,-0.0026582393,0.9945047
v;1551035435966;-0.076798014,0.19532421,-0.0128737
r;1551035435969;90.99583,73.03695,88.875
q;1551035435994;-0.04510703,0.12816028,-0.0037435556,0.9907201
v;1551035435994;-0.08853293,0.2581367,-0.019055268
r;1551035435998;91.70464,69.44822,89.055664
q;1551035436024;-0.047113165,0.15975964,-0.0035562294,0.9860246
v;1551035436024;-0.09190251,0.3222753,-0.022161953
r;1551035436028;91.894554,65.78932,89.29943
q;1551035436053;-0.046908345,0.18867543,-0.003444078,0.9809125
v;1551035436053;-0.09085127,0.38116866,-0.024561336
r;1551035436057;91.83664,62.4286,89.460754
q;1551035436083;-0.042524476,0.22116128,-0.006509825,0.9742879
v;1551035436083;-0.080068246,0.44769633,-0.031600904
r;1551035436086;91.4303,58.622425,89.14175
q;1551035436110;-0.041449074,0.24846807,-0.006704295,0.9677297
v;1551035436110;-0.07696736,0.50394654,-0.03367949
r;1551035436113;91.29657,55.40708,89.21434
q;1551035436138;-0.038493272,0.2730046,-0.008792915,0.9612021
v;1551035436138;-0.06925396,0.5547901,-0.0380215
r;1551035436141;91.044876,52.494877,88.98672
q;1551035436167;-0.047243614,0.29708236,-0.011535449,0.9536126
v;1551035436167;-0.08334672,0.60610485,-0.050266773
r;1551035436169;92.07267,49.58328,89.20412
q;1551035436194;-0.041253805,0.32070413,-0.010902318,0.94621783
v;1551035436194;-0.07113732,0.6552439,-0.04722943
r;1551035436198;91.39317,46.75698,89.12092
q;1551035436223;-0.03840962,0.33745185,-0.007982166,0.940525
v;1551035436223;-0.066913135,0.69034344,-0.04104098
r;1551035436227;90.9393,44.74514,89.36725
q;1551035436252;-0.03375372,0.3505679,-0.007618644,0.9358979
v;1551035436252;-0.057870656,0.71790344,-0.037999224
r;1551035436255;90.4269,43.158176,89.228645
q;1551035436280;-0.034123953,0.35865164,-0.006914828,0.9328219
v;1551035436280;-0.05873688,0.73521256,-0.037451148
r;1551035436283;90.420235,42.169273,89.35302
q;1551035436307;-0.036003433,0.36588463,-0.005447754,0.92994756
v;1551035436307;-0.063017815,0.75084066,-0.036559157
r;1551035436312;90.52658,41.28157,89.630905
q;1551035436338;-0.0421989,0.36683705,-0.005282426,0.9293126
v;1551035436338;-0.074625604,0.7534549,-0.040903505
r;1551035436341;91.14779,41.154533,89.97794
q;1551035436367;-0.049530216,0.35951433,-0.005620071,0.9318072
v;1551035436367;-0.08837924,0.73850095,-0.046284396
r;1551035436370;91.92844,42.04465,90.28784
q;1551035436396;-0.051063497,0.3430807,-0.006425376,0.93789494
v;1551035436396;-0.09150318,0.70352507,-0.047305927
r;1551035436398;92.16105,44.047188,90.18746
q;1551035436422;-0.047116462,0.32471228,-0.0033925262,0.9446325
v;1551035436422;-0.0869217,0.66379845,-0.03715676
r;1551035436426;91.64029,46.299473,90.20366
q;1551035436453;-0.041148525,0.30109873,0.002615845,0.95270115
v;1551035436453;-0.080065265,0.61302227,-0.019860225
r;1551035436456;90.78548,49.18262,90.437775
q;1551035436497;-0.038620934,0.25829113,0.008794774,0.9652548
v;1551035436497;-0.079184026,0.5230439,-0.0029818425
r;1551035436500;90.35542,54.31878,90.80698
q;1551035436525;-0.037787627,0.21993214,0.010469123,0.97472686
v;1551035436525;-0.078350365,0.44368795,0.0037993086
r;1551035436529;90.30031,58.850033,90.80721
q;1551035436559;-0.03852306,0.16647261,0.014517098,0.9851864
v;1551035436559;-0.08082616,0.3341489,0.015830362
r;1551035436563;90.39041,65.10727,91.06994
q;1551035436594;-0.024196021,0.09506486,0.023899075,0.99489
v;1551035436594;-0.05271309,0.18939336,0.04302654
r;1551035436597;88.76158,73.391884,91.52327
q;1551035436626;-0.013703427,0.01075226,0.031492334,0.9993522
v;1551035436626;-0.028070014,0.020637078,0.062714964
r;1551035436631;87.73623,83.08095,92.05931
q;1551035436660;-0.020251907,-0.07397555,0.041910615,0.9961732
v;1551035436660;-0.034154728,-0.14972825,0.08665563
r;1551035436664;88.77254,92.82337,93.160484
q;1551035436693;-0.023455882,-0.14569172,0.04830266,0.98787177
v;1551035436693;-0.032273814,-0.29450542,0.102501005
r;1551035436698;89.519875,101.11278,93.70401
q;1551035436733;-0.047239136,-0.21673419,0.05612605,0.9734704
v;1551035436733;-0.067694634,-0.44255775,0.13041803
r;1551035436737;92.716675,109.48441,94.042145
q;1551035436767;-0.047026254,-0.22430617,0.06260687,0.97136796
v;1551035436767;-0.063315675,-0.45843214,0.14350374
r;1551035436771;92.83313,110.40451,94.73333
q;1551035436797;-0.05317719,-0.219815,0.061659656,0.9721377
v;1551035436797;-0.07635784,-0.45026794,0.1441793
r;1551035436801;93.489716,109.89579,94.567795
q;1551035436830;-0.05136562,-0.21340661,0.060779363,0.97371715
v;1551035436830;-0.074157685,-0.43675557,0.14114211
r;1551035436834;93.23008,109.13245,94.53728
q;1551035436859;-0.048026975,-0.19765651,0.05791769,0.9773796
v;1551035436859;-0.07104531,-0.40381062,0.13292627
r;1551035436863;92.7143,107.26254,94.3562
q;1551035436893;-0.04888517,-0.18216814,0.05493522,0.9805137
v;1551035436893;-0.07592318,-0.3721889,0.12623782
r;1551035436898;92.68641,105.44344,94.103905
q;1551035436923;-0.04802442,-0.18116452,0.054645993,0.9807583
v;1551035436923;-0.07446968,-0.36999217,0.12526326
r;1551035436926;92.579315,105.322395,94.08535
q;1551035436951;-0.043643773,-0.18581337,0.054733317,0.98008823
v;1551035436951;-0.06525544,-0.3787847,0.12408778
r;1551035436955;92.10734,105.850914,94.1109
q;1551035436979;-0.040081166,-0.19005959,0.054814696,0.9794214
v;1551035436979;-0.05770861,-0.38689962,0.12312428
r;1551035436984;91.726776,106.335495,94.13379
q;1551035437011;-0.039585024,-0.19310316,0.054544497,0.97886115
v;1551035437011;-0.056461047,-0.39301026,0.12257248
r;1551035437015;91.68522,106.688065,94.09235
q;1551035437043;-0.041086532,-0.19299799,0.053441,0.9788809
v;1551035437043;-0.059845347,-0.3929562,0.12099507
r;1551035437047;91.84354,106.675575,93.95068
q;1551035437073;-0.04069034,-0.19363378,0.0518386,0.978858
v;1551035437073;-0.059620038,-0.39410377,0.1177237
r;1551035437076;91.784,106.74177,93.76888
q;1551035437105;-0.04121957,-0.19427134,0.050190046,0.97879547
v;1551035437105;-0.061228327,-0.39538467,0.11473321
r;1551035437109;91.8293,106.81039,93.571686
q;1551035437135;-0.04301099,-0.19853713,0.04906533,0.97791904
v;1551035437135;-0.064685054,-0.4042723,0.11352298
r;1551035437139;92.04325,107.30796,93.39995
q;1551035437165;-0.045881066,-0.20500347,0.04900106,0.9764566
v;1551035437165;-0.06956706,-0.41788906,0.115037575
r;1551035437171;92.40317,108.070564,93.32116
q;1551035437198;-0.046938244,-0.22050765,0.05119602,0.97290915
v;1551035437198;-0.06880935,-0.44993064,0.120898336
r;1551035437201;92.63389,109.90162,93.4624
q;1551035437232;-0.045165367,-0.24663374,0.055226568,0.9664791
v;1551035437232;-0.060097475,-0.50361246,0.12962532
r;1551035437238;92.63963,112.994514,93.78407
q;1551035437266;-0.034262788,-0.27802268,0.057842877,0.95821905
v;1551035437266;-0.033505518,-0.5669697,0.13034569
r;1551035437271;91.641396,116.69788,94.10554
q;1551035437297;-0.025673276,-0.31796733,0.060828473,0.94579995
v;1551035437297;-0.009880793,-0.6492885,0.13177714
r;1551035437301;90.998085,121.470276,94.44108
q;1551035437325;-0.0060040187,-0.35718045,0.064199455,0.9318071
v;1551035437325;0.034679357,-0.7299313,0.12432666
r;1551035437329;89.18248,126.15711,95.21856
q;1551035437355;0.014616981,-0.3979885,0.07159496,0.9144756
v;1551035437355;0.08381979,-0.81593364,0.12001717
r;1551035437357;87.50783,131.04695,96.62935
q;1551035437381;0.02680245,-0.43638363,0.07930559,0.89585805
v;1551035437381;0.11750794,-0.8995131,0.11981149
r;1551035437385;86.87058,135.69766,97.89917
q;1551035437410;0.031671096,-0.4730486,0.08564831,0.8762913
v;1551035437410;0.13696566,-0.9816545,0.12157685
r;1551035437412;87.04223,140.23438,98.76863
q;1551035437436;0.03771745,-0.50261927,0.092997536,0.8586633
v;1551035437436;0.15892605,-1.049297,0.12366148
r;1551035437439;87.134125,143.84833,99.80653
q;1551035437463;0.045994192,-0.5321067,0.094832204,0.8400916
v;1551035437463;0.17915726,-1.1191134,0.11242007
r;1551035437466;86.79077,147.48492,100.39797
q;1551035437492;0.05805603,-0.5634397,0.09852635,0.818204
v;1551035437492;0.20751685,-1.1958885,0.09806482
r;1551035437496;86.26367,151.1947,101.426765
q;1551035437530;0.05988558,-0.6021712,0.10153395,0.78961664
v;1551035437530;0.21859157,-1.293111,0.09049707
r;1551035437533;86.90166,156.01617,101.835846
q;1551035437560;0.07180784,-0.62985957,0.10418487,0.76633286
v;1551035437560;0.24370633,-1.3671756,0.07139129
r;1551035437564;86.44221,158.90662,102.83605
q;1551035437592;0.07448967,-0.65772116,0.10459309,0.7422361
v;1551035437592;0.25078452,-1.4427435,0.05916282
r;1551035437595;86.75933,161.93802,103.05376
q;1551035437622;0.073210426,-0.6856881,0.098718755,0.71744466
v;1551035437622;0.2428082,-1.5203514,0.042510886
r;1551035437625;87.00403,165.12892,102.413765
q;1551035437650;0.08081411,-0.7070413,0.09574726,0.6959843
v;1551035437650;0.25049675,-1.5840881,0.01961271
r;1551035437653;86.552925,166.44226,102.69402
q;1551035437679;0.08327747,-0.7292148,0.091850795,0.6729593
v;1551035437679;0.2485952,-1.6507138,0.0022381912
r;1551035437682;86.50626,167.40923,102.54223
q;1551035437709;0.08754769,-0.74775374,0.0898069,0.6520233
v;1551035437709;0.25110367,-1.7091635,-0.014263645
r;1551035437712;86.3928,167.12334,102.706406
q;1551035437737;0.09227081,-0.76464844,0.08620514,0.6319553
v;1551035437737;0.25108525,-1.7644408,-0.033200853
r;1551035437740;86.10147,166.23831,102.79672
q;1551035437764;0.09098922,-0.77729505,0.085065305,0.61668247
v;1551035437764;0.24696748,-1.8049005,-0.03768651
r;1551035437767;86.394066,165.39915,102.60722
q;1551035437792;0.08852187,-0.78986174,0.080863126,0.6014511
v;1551035437792;0.23642084,-1.8452004,-0.043801736
r;1551035437794;86.51047,164.54962,102.07045
q;1551035437819;0.08747789,-0.7950981,0.08190905,0.5945229
v;1551035437819;0.2364642,-1.8625916,-0.04292057
r;1551035437822;86.797646,163.89717,102.06379
q;1551035437847;0.08237123,-0.79681,0.078958765,0.59335864
v;1551035437847;0.22548759,-1.8657988,-0.038551927
r;1551035437850;86.96014,164.21964,101.3987
q;1551035437875;0.076950185,-0.7885072,0.08150725,0.60472447
v;1551035437875;0.22346054,-1.8357246,-0.02335547
r;1551035437878;87.40728,165.45702,101.1471
q;1551035437904;0.07035864,-0.7746754,0.082613885,0.6229788
v;1551035437904;0.21736953,-1.7877022,-0.0062232977
r;1551035437906;87.725006,167.34506,100.708954
q;1551035437930;0.061443627,-0.75747424,0.08356505,0.644573
v;1551035437930;0.20728783,-1.7299451,0.014964505
r;1551035437932;88.18395,169.27272,100.10117
q;1551035437956;0.05185616,-0.73473656,0.083225094,0.67122775
v;1551035437956;0.19310962,-1.6575699,0.036205508
r;1551035437960;88.55201,170.60922,99.38277
q;1551035437986;0.0420753,-0.7046236,0.081352465,0.7036456
v;1551035437986;0.17474592,-1.5672721,0.05607503
r;1551035437989;88.78191,169.83058,98.5782
q;1551035438016;0.030934844,-0.67233074,0.08248223,0.73499054
v;1551035438016;0.15702887,-1.4754518,0.0807303
r;1551035438019;89.41007,166.71623,98.00363
q;1551035438046;0.011761436,-0.635473,0.08494772,0.76734585
v;1551035438046;0.12635006,-1.3759509,0.116611995
r;1551035438049;90.90132,162.31084,97.1349
q;1551035438078;-0.00633405,-0.59047794,0.07834494,0.8032172
v;1551035438078;0.082440026,-1.2623038,0.134193
r;1551035438080;91.776505,156.47537,95.659004
q;1551035438104;-0.016999312,-0.54989386,0.07262398,0.83189756
v;1551035438104;0.0516105,-1.1645306,0.14017166
r;1551035438106;92.17685,151.02617,94.75871
q;1551035438130;-0.02707558,-0.5073926,0.07066171,0.8583861
v;1551035438130;0.025226526,-1.0658125,0.14938831
r;1551035438132;92.797485,145.38478,94.34188
q;1551035438156;-0.036980115,-0.46423635,0.07187414,0.88201547
v;1551035438156;0.0014991021,-0.96886563,0.1618288
r;1551035438158;93.59624,139.79158,94.34423
q;1551035438183;-0.055107042,-0.4231562,0.07652402,0.90113604
v;1551035438183;-0.03456154,-0.8812541,0.18573114
r;1551035438185;95.452354,134.65614,94.46821
q;1551035438210;-0.07618717,-0.3895525,0.08223423,0.9141564
v;1551035438210;-0.075296015,-0.8136712,0.21188548
r;1551035438212;97.72957,130.59453,94.68826
q;1551035438237;-0.07833592,-0.34428918,0.077330016,0.9323886
v;1551035438237;-0.0929651,-0.71679926,0.20034045
r;1551035438240;97.49899,124.98903,94.62202
q;1551035438265;-0.0781006,-0.30377862,0.07152416,0.9468385
v;1551035438265;-0.10463311,-0.63063234,0.18495265
r;1551035438268;97.048546,120.03418,94.443726
q;1551035438293;-0.07615286,-0.28010172,0.07328472,0.95413476
v;1551035438293;-0.10445568,-0.58076274,0.18455419
r;1551035438296;96.70946,117.20526,94.940834
q;1551035438320;-0.07830819,-0.26669258,0.07925714,0.9573198
v;1551035438320;-0.107866436,-0.5539972,0.19589917
r;1551035438322;96.97784,115.66917,95.71067
q;1551035438373;-0.06706857,-0.23385882,0.07829052,0.9667898
v;1551035438373;-0.093199424,-0.48329923,0.18459322
r;1551035438375;95.42443,111.71565,96.131294
q;1551035438403;-0.07251815,-0.2262685,0.07911676,0.9681344
v;1551035438403;-0.10480311,-0.46908677,0.1881427
r;1551035438406;95.9956,110.86036,96.2118
q;1551035438431;-0.088022545,-0.22180519,0.08336665,0.96752495
v;1551035438431;-0.13374408,-0.46439296,0.20357503
r;1551035438433;97.78864,110.466225,96.50922
q;1551035438457;-0.10134856,-0.21789591,0.08703687,0.9667856
v;1551035438457;-0.15870002,-0.46066707,0.2168584
r;1551035438460;99.329384,110.1322,96.778465
q;1551035438484;-0.10192755,-0.21087947,0.08702276,0.9682808
v;1551035438484;-0.161386,-0.44641125,0.21597356
r;1551035438486;99.33328,109.31528,96.86097
q;1551035438511;-0.09170775,-0.20307635,0.08699291,0.9709696
v;1551035438511;-0.14324787,-0.42746353,0.20985281
r;1551035438513;98.09378,108.333435,97.08903
q;1551035438538;-0.096707314,-0.17695008,0.063553,0.97739315
v;1551035438538;-0.16733049,-0.3717704,0.16140166
r;1551035438541;98.21045,105.08263,94.68137
q;1551035438564;-0.102662735,-0.17743763,0.071783625,0.97612673
v;1551035438564;-0.17585443,-0.3755661,0.18031365
r;1551035438567;98.973,105.25806,95.55503
q;1551035438590;-0.1034172,-0.17515652,0.07004485,0.97658527
v;1551035438590;-0.1783986,-0.370787,0.1767473
r;1551035438592;99.02701,104.97777,95.37935
q;1551035438616;-0.09281261,-0.17902052,0.071345456,0.9768558
v;1551035438616;-0.15642159,-0.37630293,0.17565462
r;1551035438618;97.85064,105.38547,95.57992
q;1551035438643;-0.09039523,-0.1842183,0.075570434,0.97579783
v;1551035438643;-0.14912412,-0.38695496,0.1838508
r;1551035438646;97.6549,106.018135,96.025
q;1551035438670;-0.086889625,-0.18812928,0.07481054,0.9754286
v;1551035438670;-0.14183624,-0.3939823,0.18144365
r;1551035438672;97.27642,106.44629,95.9317
q;1551035438696;-0.08774166,-0.18731514,0.07248629,0.9756845
v;1551035438696;-0.14456381,-0.39220637,0.17707969
r;1551035438698;97.3433,106.334335,95.667336
q;1551035438723;-0.08434273,-0.18448593,0.067460686,0.97688293
v;1551035438723;-0.14035523,-0.38495195,0.16529216
r;1551035438725;96.881775,105.94153,95.16139
q;1551035438748;-0.073319435,-0.18182567,0.060460117,0.9787279
v;1551035438748;-0.12183434,-0.37632558,0.14661838
r;1551035438751;95.5324,105.52511,94.50001
q;1551035438775;-0.07093345,-0.18183272,0.059049677,0.97898847
v;1551035438775;-0.11768319,-0.37571687,0.14288458
r;1551035438777;95.2456,105.505875,94.36243
q;1551035438801;-0.07362878,-0.18284121,0.062137686,0.97841036
v;1551035438801;-0.12165553,-0.37865373,0.15018688
r;1551035438803;95.59086,105.6579,94.67875
q;1551035438827;-0.08069572,-0.18754198,0.06314017,0.9768979
v;1551035438827;-0.1343842,-0.3898346,0.15565622
r;1551035438831;96.440575,106.242256,94.67593
q;1551035438858;-0.08446169,-0.19218242,0.0628229,0.9756974
v;1551035438858;-0.1411393,-0.40009862,0.1572611
r;1551035438861;96.89834,106.79523,94.55171
q;1551035438884;-0.07894992,-0.19702284,0.05680157,0.9755627
v;1551035438884;-0.13204215,-0.40807116,0.14367706
r;1551035438886;96.22936,107.284836,93.87981
q;1551035438909;-0.070946485,-0.20207562,0.047726773,0.97563016
v;1551035438909;-0.11942994,-0.41583258,0.122984104
r;1551035438911;95.23378,107.77641,92.89471
q;1551035438934;-0.06727733,-0.21010716,0.03666847,0.9746713
v;1551035438934;-0.11599791,-0.43048233,0.10059476
r;1551035438937;94.70914,108.621735,91.61457
q;1551035438961;-0.06583429,-0.22113457,0.018914191,0.9728349
v;1551035438961;-0.12001452,-0.4510164,0.0664437
r;1551035438964;94.330475,109.77017,89.52851
q;1551035438989;-0.043063942,-0.22848944,0.0020439236,0.97259134
v;1551035438989;-0.082928225,-0.46247336,0.023738917
r;1551035438995;91.49725,110.568565,87.89148
q;1551035439020;-0.036753938,-0.23175116,-0.02316671,0.97180444
v;1551035439020;-0.08226586,-0.4670491,-0.02809017
r;1551035439026;90.399216,110.83171,85.1078
q;1551035439051;-0.02750979,-0.24548751,-0.05772053,0.96728873
v;1551035439051;-0.08164985,-0.49305096,-0.09864622
r;1551035439053;88.74069,112.3157,81.28773
q;1551035439077;-0.009454914,-0.24500944,-0.08951716,0.9653329
v;1551035439077;-0.0621594,-0.49184236,-0.1693281
r;1551035439080;86.19453,112.3157,77.98017
q;1551035439105;-2.6094075E-4,-0.24528418,-0.12484561,0.9613788
v;1551035439105;-0.06178634,-0.49207804,-0.24275576
r;1551035439108;84.60379,112.33039,74.117325
q;1551035439133;-0.0070191175,-0.25609255,-0.1619432,0.9529647
v;1551035439133;-0.096472405,-0.50990057,-0.31149527
r;1551035439135;84.591194,113.21562,69.78199
q;1551035439160;-0.016757732,-0.2613827,-0.19547534,0.94508606
v;1551035439160;-0.13426577,-0.51431,-0.37255642
r;1551035439162;85.003975,113.28743,65.75733
q;1551035439187;-0.005543364,-0.2520926,-0.22745562,0.94057566
v;1551035439187;-0.12543635,-0.49546182,-0.4427764
r;1551035439189;83.4702,112.26486,62.269753
q;1551035439214;0.0046513453,-0.25308964,-0.2593191,0.9320288
v;1551035439214;-0.12290072,-0.49813706,-0.5114381
r;1551035439216;81.823425,112.42859,58.800793
q;1551035439239;0.011251466,-0.25414908,-0.28878078,0.92297745
v;1551035439239;-0.12635297,-0.5000489,-0.5741546
r;1551035439242;80.61636,112.52023,55.537483
q;1551035439267;0.030606514,-0.25412276,-0.31979534,0.9122587
v;1551035439267;-0.106895894,-0.5075082,-0.64658785
r;1551035439269;78.049225,113.034256,52.40472
q;1551035439292;0.043977298,-0.25326458,-0.3463856,0.9021863
v;1551035439292;-0.09625153,-0.51176465,-0.70797193
r;1551035439294;76.26086,113.32258,49.668324
q;1551035439328;0.032766145,-0.2560296,-0.38386437,0.88657963
v;1551035439328;-0.13890798,-0.50498784,-0.78131545
r;1551035439331;76.81923,112.73628,45.05431
q;1551035439356;0.03961346,-0.25587747,-0.4183508,0.8705976
v;1551035439356;-0.14563254,-0.50498986,-0.85827047
r;1551035439359;75.61695,112.70077,41.268467
q;1551035439384;0.06896796,-0.26202565,-0.44905156,0.8514333
v;1551035439384;-0.11815758,-0.53716576,-0.93810767
r;1551035439387;71.81992,114.66363,39.010136
q;1551035439413;0.08429979,-0.2655064,-0.47658345,0.83382744
v;1551035439413;-0.11272749,-0.55443877,-1.0063847
r;1551035439416;69.68909,115.670166,36.793255
q;1551035439441;0.077727556,-0.2605453,-0.49903435,0.822824
v;1551035439441;-0.13251743,-0.5361407,-1.053906
r;1551035439444;70.3749,114.531075,33.947083
q;1551035439469;0.092437565,-0.2619598,-0.52114403,0.8069952
v;1551035439469;-0.12416299,-0.5505719,-1.1116982
r;1551035439471;68.5492,115.39211,32.503242
q;1551035439495;0.0956636,-0.26234064,-0.538442,0.795051
v;1551035439495;-0.13076794,-0.5522997,-1.1534697
r;1551035439497;68.01236,115.45427,31.053291
q;1551035439521;0.10441661,-0.25771335,-0.5567027,0.7827919
v;1551035439521;-0.12378232,-0.5512319,-1.2013259
r;1551035439523;67.27564,115.43149,29.69671
q;1551035439547;0.111531265,-0.24868421,-0.57337457,0.77263093
v;1551035439547;-0.11307418,-0.5415589,-1.2454404
r;1551035439549;67.068306,114.93794,28.250952
q;1551035439574;0.124897376,-0.2455406,-0.59529763,0.7548054
v;1551035439574;-0.103980325,-0.54942083,-1.3062671
r;1551035439577;65.876274,115.42803,27.346338
q;1551035439617;0.1363804,-0.24602348,-0.6238223,0.72919035
v;1551035439617;-0.1082667,-0.56103814,-1.3841354
r;1551035439620;64.6314,116.06679,26.647606
q;1551035439645;0.13965532,-0.24687403,-0.63886154,0.7151262
v;1551035439645;-0.11595398,-0.56465745,-1.4245931
r;1551035439648;64.20719,116.23304,26.410639
q;1551035439675;0.13882579,-0.24095228,-0.65435964,0.7031948
v;1551035439675;-0.12038628,-0.55195373,-1.4647497
r;1551035439678;64.70265,115.49018,25.503916
q;1551035439703;0.14445923,-0.24172318,-0.66813743,0.6886898
v;1551035439703;-0.1243537,-0.5586891,-1.5047915
r;1551035439706;64.115005,115.850586,25.896696
q;1551035439731;0.14937744,-0.25092858,-0.6762715,0.6762973
v;1551035439731;-0.13778007,-0.5783276,-1.5297091
r;1551035439734;62.903942,116.88467,27.107998
q;1551035439760;0.15158315,-0.25454664,-0.68326944,0.66736156
v;1551035439760;-0.14604497,-0.58569443,-1.5502453
r;1551035439763;62.390957,117.2496,27.688377
q;1551035439797;0.13469365,-0.24295104,-0.6889836,0.6694281
v;1551035439797;-0.15506381,-0.5434407,-1.5563035
r;1551035439799;64.78445,114.81437,25.323124
q;1551035439824;0.13641323,-0.23938388,-0.690314,0.6689944
v;1551035439824;-0.14852618,-0.54018074,-1.5609719
r;1551035439827;64.94193,114.66952,25.193075
q;1551035439852;0.13854834,-0.24028929,-0.68888426,0.6697043
v;1551035439852;-0.14600842,-0.5448004,-1.558176
r;1551035439854;64.689964,114.94464,25.42829
q;1551035439880;0.13818598,-0.2409248,-0.6873184,0.6711582
v;1551035439880;-0.14621523,-0.5455515,-1.553616
r;1551035439883;64.66986,114.985794,25.423239
q;1551035439911;0.13499792,-0.2418501,-0.6807061,0.67817646
v;1551035439911;-0.14667825,-0.5437835,-1.5335584
r;1551035439913;64.878456,114.88341,25.139359
q;1551035439940;0.13452542,-0.2412303,-0.66683894,0.6921247
v;1551035439940;-0.13592497,-0.544646,-1.495575
r;1551035439942;65.01512,114.99321,25.022247
q;1551035439968;0.13389644,-0.23988463,-0.64905435,0.7094051
v;1551035439968;-0.121723056,-0.544506,-1.447981
r;1551035439972;65.23949,115.061386,25.12592
q;1551035440001;0.12965576,-0.24189621,-0.62572706,0.73016524
v;1551035440001;-0.113626085,-0.545508,-1.3852334
r;1551035440003;65.55386,115.159195,25.748201
q;1551035440028;0.10615085,-0.24633935,-0.6034346,0.7509431
v;1551035440028;-0.13831346,-0.52693504,-1.3164631
r;1551035440031;67.51838,113.979485,25.56486
q;1551035440061;0.08416248,-0.24657229,-0.5724347,0.7774556
v;1551035440061;-0.15201266,-0.5067634,-1.2299067
r;1551035440065;69.847206,112.765945,26.516342
q;1551035440090;0.0607937,-0.23978196,-0.5409974,0.8038225
v;1551035440090;-0.16242133,-0.4749356,-1.1453983
r;1551035440093;72.88277,110.915955,27.923513
q;1551035440117;0.036178958,-0.24845946,-0.507471,0.8242768
v;1551035440117;-0.19373873,-0.47217843,-1.0569571
r;1551035440119;75.16828,110.58106,30.744106
q;1551035440143;0.01706101,-0.25699255,-0.47356942,0.84225637
v;1551035440143;-0.21635203,-0.47775343,-0.97153693
r;1551035440148;77.075035,110.74822,34.099155
q;1551035440195;-0.010379796,-0.24631597,-0.40758654,0.8792576
v;1551035440195;-0.22083372,-0.45032623,-0.8173651
r;1551035440198;81.4645,109.19496,40.89589
q;1551035440231;-0.018304525,-0.25322443,-0.3650946,0.8956831
v;1551035440231;-0.21944898,-0.46796352,-0.72160494
r;1551035440233;82.64537,110.183784,45.84824
q;1551035440262;-0.027559092,-0.26087236,-0.32741013,0.90773827
v;1551035440262;-0.22269349,-0.4860034,-0.6369078
r;1551035440265;83.94571,111.16346,50.15091
q;1551035440294;-0.03098953,-0.25280172,-0.28646648,0.92361677
v;1551035440294;-0.20348468,-0.47652316,-0.55191594
r;1551035440297;85.300514,110.76318,54.87559
q;1551035440321;-0.033782903,-0.24989386,-0.24940051,0.9349926
v;1551035440321;-0.18894304,-0.47642878,-0.47533396
r;1551035440324;86.298904,110.84782,59.157276
q;1551035440354;-0.062026445,-0.23121144,-0.21170127,0.9475635
v;1551035440354;-0.21714596,-0.4354503,-0.39139342
r;1551035440357;90.50877,108.39064,63.100998
q;1551035440385;-0.06759828,-0.20486821,-0.17409164,0.9608078
v;1551035440385;-0.20261304,-0.38749576,-0.3186107
r;1551035440388;92.23836,105.79721,67.53659
q;1551035440415;-0.0902471,-0.18503776,-0.1383926,0.96874356
v;1551035440415;-0.22803959,-0.3494629,-0.24336939
r;1551035440418;95.54646,103.547775,71.596115
q;1551035440451;-0.09047645,-0.18707027,-0.09860544,0.9731884
v;1551035440451;-0.21463783,-0.3622707,-0.16249904
r;1551035440453;95.932556,104.32792,76.150314
q;1551035440478;-0.09348006,-0.17902257,-0.07796002,0.9762862
v;1551035440478;-0.21202478,-0.34973848,-0.12177338
r;1551035440480;96.56011,103.64147,78.57032
q;1551035440503;-0.09032383,-0.17222068,-0.056719333,0.97926736
v;1551035440503;-0.19772466,-0.34006977,-0.08165543
r;1551035440505;96.44116,103.16698,81.09274
q;1551035440529;-0.09791591,-0.1691355,-0.035612427,0.9800701
v;1551035440529;-0.20541716,-0.33791977,-0.0374798
r;1551035440533;97.49982,103.01201,83.47864
q;1551035440567;-0.10179345,-0.1652413,-0.0072683035,0.980959
v;1551035440567;-0.20351441,-0.33578503,0.01979085
r;1551035440570;98.17685,102.901215,86.724304
q;1551035440596;-0.1087699,-0.15783411,0.01087293,0.9813966
v;1551035440596;-0.21163693,-0.32497463,0.056977917
r;1551035440599;99.11259,102.260635,88.83197
q;1551035440626;-0.12610513,-0.16139683,0.025544949,0.97846615
v;1551035440626;-0.24085543,-0.33827984,0.09352779
r;1551035440629;101.21652,102.86279,90.33378
q;1551035440654;-0.09994249,-0.17000058,0.02821032,0.97995687
v;1551035440654;-0.18738176,-0.35209173,0.09098633
r;1551035440658;98.244736,103.887215,90.71788
q;1551035440683;-0.09974595,-0.17278668,0.033807006,0.9793123
v;1551035440683;-0.18473096,-0.3587915,0.10260747
r;1551035440685;98.27666,104.2752,91.32274
q;1551035440711;-0.10504918,-0.1735479,0.039977867,0.97839034
v;1551035440711;-0.19287568,-0.36245325,0.117124505
r;1551035440714;98.94165,104.44322,91.969666
q;1551035440740;-0.11719401,-0.1805552,0.045229714,0.97550994
v;1551035440740;-0.21394327,-0.3804454,0.13401096
r;1551035440743;100.413795,105.34493,92.362785
q;1551035440769;-0.12535259,-0.17337826,0.049266815,0.97560215
v;1551035440769;-0.22951464,-0.3683649,0.14385128
r;1551035440771;101.35779,104.59071,92.8502
q;1551035440794;-0.1204351,-0.17488877,0.05242871,0.97578716
v;1551035440794;-0.21843253,-0.37100452,0.14850503
r;1551035440796;100.826256,104.79547,93.229706
q;1551035440829;-0.12404505,-0.17621645,0.05741614,0.97481483
v;1551035440829;-0.2234617,-0.3757006,0.16031249
r;1551035440832;101.29344,105.03059,93.74255
q;1551035440856;-0.13449112,-0.18034239,0.061025165,0.97245294
v;1551035440856;-0.2419144,-0.38782483,0.1730745
r;1551035440860;102.55453,105.60128,93.987465
q;1551035440890;-0.12531485,-0.18372189,0.065560505,0.9727509
v;1551035440890;-0.22151768,-0.39328724,0.1788949
r;1551035440892;101.561844,106.019516,94.53891
q;1551035440918;-0.12332256,-0.18688737,0.06632404,0.97235066
v;1551035440918;-0.21672799,-0.39943328,0.18024343
r;1551035440922;101.36083,106.38809,94.59801
q;1551035440946;-0.13385019,-0.19290668,0.06628943,0.9697819
v;1551035440946;-0.23622651,-0.41489652,0.18643983
r;1551035440948;102.61152,107.13388,94.38412
q;1551035440972;-0.12717365,-0.19616368,0.06427773,0.9701624
v;1551035440972;-0.22339371,-0.41926116,0.18003383
r;1551035440975;101.840775,107.453064,94.18168
q;1551035441001;-0.11609505,-0.20038593,0.06295735,0.9707748
v;1551035441001;-0.20153427,-0.42466575,0.17311199
r;1551035441004;100.577675,107.88017,94.10068
q;1551035441028;-0.1208848,-0.2018225,0.06004885,0.9700767
v;1551035441028;-0.21187834,-0.42835313,0.16989568
r;1551035441031;101.10158,108.02674,93.69285
q;1551035441055;-0.122636065,-0.19963786,0.05780528,0.97044516
v;1551035441055;-0.21663335,-0.42384228,0.16577451
r;1551035441058;101.26424,107.747696,93.45078
q;1551035441084;-0.12256011,-0.19978245,0.059555173,0.97031915
v;1551035441084;-0.21571785,-0.4244823,0.16925691
r;1551035441087;101.27685,107.78869,93.647255
q;1551035441113;-0.13490538,-0.20006244,0.060947955,0.9685354
v;1551035441113;-0.23920926,-0.42884395,0.17802058
r;1551035441119;102.71524,107.88741,93.65164
q;1551035441149;-0.13615517,-0.20083842,0.061160203,0.96818656
v;1551035441149;-0.24141884,-0.43087393,0.1792481
r;1551035441151;102.866035,107.985565,93.64757
q;1551035441183;-0.13374119,-0.20900843,0.06347315,0.96664363
v;1551035441183;-0.23416132,-0.44766796,0.18467724
r;1551035441186;102.66324,108.96176,93.80372
q;1551035441213;-0.13871466,-0.21476741,0.06381863,0.9646556
v;1551035441213;-0.24258362,-0.4612751,0.18934916
r;1551035441216;103.272995,109.65738,93.67879
q;1551035441246;-0.13209948,-0.21213497,0.06269452,0.96623904
v;1551035441246;-0.23072146,-0.45350558,0.18304543
r;1551035441248;102.48214,109.30765,93.686745
q;1551035441281;-0.13188674,-0.21397248,0.06158401,0.96593434
v;1551035441281;-0.2304681,-0.4570229,0.18116578
r;1551035441287;102.45312,109.50421,93.53468
